10-03-03 08:50:05>发送:68 AA AA AA AA AA AA 68 13 00 DF 16
10-03-03 08:50:06>接收：68 11 11 11 11 11 11 68 93 06 44 44 44 44 44 44 67 16
10-03-03 08:50:06>解析：地址:11 11 11 11 11 11 控制码:93 长度:06 数据标识: 数据:11 11 11 11 11 11
10-03-03 08:51:06>发送:68 11 11 11 11 11 11 68 11 04 34 37 33 37 20 16
10-03-03 08:51:06>接收：68 11 11 11 11 11 11 68 91 0A 34 37 33 37 44 44 44 44 44 44 3E 16
10-03-03 08:51:06>解析：地址:11 11 11 11 11 11 控制码:91 长度:0A 数据标识:04 00 04 01 数据:11 11 11 11 11 11
10-03-03 08:51:11>发送:68 11 11 11 11 11 11 68 11 04 35 37 33 37 21 16
10-03-03 08:51:11>接收：68 11 11 11 11 11 11 68 91 0A 35 37 33 37 34 33 33 33 33 33 DA 16
10-03-03 08:51:11>解析：地址:11 11 11 11 11 11 控制码:91 长度:0A 数据标识:04 00 04 02 数据:00 00 00 00 00 01
10-03-03 08:52:54>发送:68 11 11 11 11 11 11 68 11 04 33 33 33 33 17 16
10-03-03 08:52:54>接收：68 11 11 11 11 11 11 68 91 08 33 33 33 33 33 33 33 33 67 16
10-03-03 08:52:54>解析：地址:11 11 11 11 11 11 控制码:91 长度:08 数据标识:00 00 00 00 数据:00 00 00 00
10-03-03 08:54:12>发送:68 11 11 11 11 11 11 68 11 04 33 34 33 33 18 16
10-03-03 08:54:13>接收：68 11 11 11 11 11 11 68 91 08 33 34 33 33 33 33 33 33 68 16
10-03-03 08:54:13>解析：地址:11 11 11 11 11 11 控制码:91 长度:08 数据标识:00 00 01 00 数据:00 00 00 00
10-03-03 08:54:16>发送:68 11 11 11 11 11 11 68 11 04 33 35 33 33 19 16
10-03-03 08:54:16>接收：68 11 11 11 11 11 11 68 91 08 33 35 33 33 33 33 33 33 69 16
10-03-03 08:54:16>解析：地址:11 11 11 11 11 11 控制码:91 长度:08 数据标识:00 00 02 00 数据:00 00 00 00
10-03-03 17:31:24>发送:68 11 11 11 11 11 11 68 14 0E 34 3E 33 37 37 33 33 33 33 33 33 33 33 37 3A 16
10-03-03 17:31:24>接收：68 11 11 11 11 11 11 68 D4 01 37 42 16
10-03-03 17:31:24>解析：地址:11 11 11 11 11 11 控制码:D4 长度:01 数据标识: 数据:04
10-03-03 17:31:37>发送:68 11 11 11 11 11 11 68 14 0E 34 3E 33 37 37 44 44 44 33 33 33 33 33 37 6D 16
10-03-03 17:31:53>发送:68 11 11 11 11 11 11 68 14 0E 34 3E 33 37 37 44 44 44 33 33 33 33 33 37 6D 16
10-03-03 17:31:53>接收：68 11 11 11 11 11 11 68 94 00 CA 16
10-03-03 17:31:53>解析：地址:11 11 11 11 11 11 控制码:94 长度:00 数据标识: 数据:
10-03-03 17:33:04>发送:68 11 11 11 11 11 11 68 14 0D 36 36 33 37 37 44 44 44 33 33 33 33 36 32 16
10-03-03 17:33:05>接收：68 11 11 11 11 11 11 68 94 00 CA 16
10-03-03 17:33:05>解析：地址:11 11 11 11 11 11 控制码:94 长度:00 数据标识: 数据:
