10-02-26 10:14:26>发送:68 AA AA AA AA AA AA 68 13 00 DF 16
10-02-26 10:14:32>发送:68 AA AA AA AA AA AA 68 13 00 DF 16
10-02-26 10:14:52>发送:68 AA AA AA AA AA AA 68 13 00 DF 16
10-02-26 10:29:15>发送:68 AA AA AA AA AA AA 68 13 00 DF 16
10-02-26 10:29:15>接收：68 11 11 11 11 11 11 68 93 06 44 44 44 44 44 44 67 16
10-02-26 10:29:15>解析：地址:11 11 11 11 11 11 控制码:93 长度:06 数据标识: 数据:11 11 11 11 11 11
10-02-26 10:30:15>发送:68 11 11 11 11 11 11 68 11 04 33 33 33 33 17 16
10-02-26 10:30:16>接收：68 11 11 11 11 11 11 68 91 08 33 33 33 33 A7 33 33 33 DB 16
10-02-26 10:30:16>解析：地址:11 11 11 11 11 11 控制码:91 长度:08 数据标识:00 00 00 00 数据:00 00 00 74
10-02-26 10:40:38>发送:68 11 11 11 11 11 11 68 11 04 34 33 37 38 21 16
10-02-26 10:40:38>接收：68 11 11 11 11 11 11 68 91 09 34 33 37 38 33 47 56 35 43 EE 16
10-02-26 10:40:38>解析：地址:11 11 11 11 11 11 控制码:91 长度:09 数据标识:05 04 00 01 数据:10 02 23 14 00
10-02-26 10:41:25>发送:68 11 11 11 11 11 11 68 11 04 35 33 37 38 22 16
10-02-26 10:41:25>接收：68 11 11 11 11 11 11 68 91 09 35 33 37 38 33 46 56 35 43 EE 16
10-02-26 10:41:25>解析：地址:11 11 11 11 11 11 控制码:91 长度:09 数据标识:05 04 00 02 数据:10 02 23 13 00
10-02-26 10:41:40>发送:68 11 11 11 11 11 11 68 11 04 36 33 37 38 23 16
10-02-26 10:41:40>接收：68 11 11 11 11 11 11 68 91 09 36 33 37 38 33 45 56 35 43 EE 16
10-02-26 10:41:40>解析：地址:11 11 11 11 11 11 控制码:91 长度:09 数据标识:05 04 00 03 数据:10 02 23 12 00
10-02-26 10:41:49>发送:68 11 11 11 11 11 11 68 11 04 37 33 37 38 24 16
10-02-26 10:41:49>接收：68 11 11 11 11 11 11 68 91 09 37 33 37 38 33 44 55 35 43 ED 16
10-02-26 10:41:49>解析：地址:11 11 11 11 11 11 控制码:91 长度:09 数据标识:05 04 00 04 数据:10 02 22 11 00
10-02-26 15:52:33>发送:68 11 11 11 11 11 11 68 11 04 34 33 33 38 1D 16
10-02-26 15:52:44>发送:68 11 11 11 11 11 11 68 11 04 34 33 33 38 1D 16
10-02-26 15:53:03>发送:68 AA AA AA AA AA AA 68 13 00 DF 16
10-02-26 15:53:03>接收：68 11 11 11 11 11 11 68 93 06 44 44 44 44 44 44 67 16
10-02-26 15:53:03>解析：地址:11 11 11 11 11 11 控制码:93 长度:06 数据标识: 数据:11 11 11 11 11 11
10-02-26 15:53:46>发送:68 11 11 11 11 11 11 68 11 04 34 33 33 38 1D 16
10-02-26 15:53:46>接收：68 11 11 11 11 11 11 68 91 09 34 33 33 38 89 3C 35 34 33 03 16
10-02-26 15:53:46>解析：地址:11 11 11 11 11 11 控制码:91 长度:09 数据标识:05 00 00 01 数据:00 01 02 09 56
10-02-26 15:54:02>发送:68 11 11 11 11 11 11 68 11 04 34 34 33 38 1E 16
10-02-26 15:54:02>接收：68 11 11 11 11 11 11 68 91 18 34 34 33 38 35 33 33 33 35 33 33 33 33 33 33 33 33 33 33 33 33 33 33 33 B2 16
10-02-26 15:54:02>解析：地址:11 11 11 11 11 11 控制码:91 长度:18 数据标识:05 00 01 01 数据:00 00 00 00 00 00 00 00 00 00 00 00 00 00 00 02 00 00 00 02
10-02-26 16:39:35>发送:68 11 11 11 11 11 11 68 11 04 34 33 33 50 35 16
10-02-26 16:39:53>发送:68 11 11 11 11 11 11 68 11 04 34 33 33 50 35 16
10-02-26 16:39:58>发送:68 AA AA AA AA AA AA 68 13 00 DF 16
10-02-26 16:44:20>发送:68 AA AA AA AA AA AA 68 13 00 DF 16
10-02-26 16:44:20>接收：68 11 11 11 11 11 11 68 93 06 44 44 44 44 44 44 67 16
10-02-26 16:44:20>解析：地址:11 11 11 11 11 11 控制码:93 长度:06 数据标识: 数据:11 11 11 11 11 11
10-02-26 16:49:32>发送:68 11 11 11 11 11 11 68 11 04 34 33 33 50 35 16
10-02-26 16:49:32>接收：68 11 11 11 11 11 11 68 91 07 34 33 33 50 33 33 35 53 16
10-02-26 16:49:32>解析：地址:11 11 11 11 11 11 控制码:91 长度:07 数据标识:1D 00 00 01 数据:02 00 00
10-02-26 16:50:38>发送:68 11 11 11 11 11 11 68 1C 10 35 33 33 33 33 33 33 33 4D 33 65 85 49 59 35 43 80 16
10-02-26 16:50:39>接收：68 11 11 11 11 11 11 68 DC 01 34 47 16
10-02-26 16:50:39>解析：地址:11 11 11 11 11 11 控制码:DC 长度:01 数据标识: 数据:01
10-02-26 16:51:15>发送:68 11 11 11 11 11 11 68 1C 10 35 33 33 33 33 33 33 33 4D 33 36 86 49 59 35 43 52 16
10-02-26 16:51:15>接收：68 11 11 11 11 11 11 68 DC 01 34 47 16
10-02-26 16:51:15>解析：地址:11 11 11 11 11 11 控制码:DC 长度:01 数据标识: 数据:01
10-02-26 16:53:17>发送:68 11 11 11 11 11 11 68 1C 10 35 33 33 33 33 33 33 33 4D 33 36 86 49 34 35 43 2D 16
10-02-26 16:53:18>接收：68 11 11 11 11 11 11 68 DC 01 34 47 16
10-02-26 16:53:18>解析：地址:11 11 11 11 11 11 控制码:DC 长度:01 数据标识: 数据:01
10-02-26 16:53:21>发送:68 11 11 11 11 11 11 68 1C 10 35 33 33 33 33 33 33 33 4D 33 36 86 49 34 35 43 2D 16
10-02-26 16:53:21>接收：68 11 11 11 11 11 11 68 DC 01 34 47 16
10-02-26 16:53:21>解析：地址:11 11 11 11 11 11 控制码:DC 长度:01 数据标识: 数据:01
10-02-26 16:53:27>发送:68 11 11 11 11 11 11 68 1C 10 35 33 33 33 33 33 33 33 4D 33 36 86 49 34 35 43 2D 16
10-02-26 16:53:27>接收：68 11 11 11 11 11 11 68 DC 01 34 47 16
10-02-26 16:53:27>解析：地址:11 11 11 11 11 11 控制码:DC 长度:01 数据标识: 数据:01
10-02-26 16:54:32>发送:68 11 11 11 11 11 11 68 1C 10 35 33 33 33 33 33 33 33 4D 33 36 86 49 36 35 43 2F 16
10-02-26 16:55:02>发送:68 11 11 11 11 11 11 68 1C 10 35 33 33 33 33 33 33 33 4D 33 36 86 49 36 35 43 2F 16
10-02-26 16:55:37>发送:68 AA AA AA AA AA AA 68 13 00 DF 16
10-02-26 16:55:37>接收：68 11 11 11 11 11 11 68 93 06 44 44 44 44 44 44 67 16
10-02-26 16:55:37>解析：地址:11 11 11 11 11 11 控制码:93 长度:06 数据标识: 数据:11 11 11 11 11 11
10-02-26 16:56:11>发送:68 11 11 11 11 11 11 68 1C 10 35 33 33 33 33 33 33 33 4D 33 33 8B 49 59 35 43 54 16
10-02-26 16:56:12>接收：68 11 11 11 11 11 11 68 DC 01 34 47 16
10-02-26 16:56:12>解析：地址:11 11 11 11 11 11 控制码:DC 长度:01 数据标识: 数据:01
10-02-26 16:56:32>发送:68 11 11 11 11 11 11 68 1C 10 35 33 33 33 33 33 33 33 6E 33 33 8B 49 59 35 43 75 16
10-02-26 16:56:32>接收：68 11 11 11 11 11 11 68 9C 00 D2 16
10-02-26 16:56:32>解析：地址:11 11 11 11 11 11 控制码:9C 长度:00 数据标识: 数据:
10-02-26 16:56:39>发送:68 11 11 11 11 11 11 68 1C 10 35 33 33 33 33 33 33 33 4D 33 33 8B 49 59 35 43 54 16
10-02-26 16:56:39>接收：68 11 11 11 11 11 11 68 9C 00 D2 16
10-02-26 16:56:39>解析：地址:11 11 11 11 11 11 控制码:9C 长度:00 数据标识: 数据:
10-02-26 16:57:31>发送:68 11 11 11 11 11 11 68 1C 10 35 33 33 33 33 33 33 33 4E 33 33 8B 49 59 35 43 55 16
10-02-26 16:57:31>接收：68 11 11 11 11 11 11 68 9C 00 D2 16
10-02-26 16:57:31>解析：地址:11 11 11 11 11 11 控制码:9C 长度:00 数据标识: 数据:
10-02-26 16:57:54>发送:68 11 11 11 11 11 11 68 11 04 34 33 33 50 35 16
10-02-26 16:57:54>接收：68 11 11 11 11 11 11 68 91 07 34 33 33 50 34 33 35 54 16
10-02-26 16:57:54>解析：地址:11 11 11 11 11 11 控制码:91 长度:07 数据标识:1D 00 00 01 数据:02 00 01
10-02-26 16:58:08>发送:68 11 11 11 11 11 11 68 11 04 34 33 33 51 36 16
10-02-26 16:58:08>接收：68 11 11 11 11 11 11 68 91 07 34 33 33 51 34 36 37 5A 16
10-02-26 16:58:08>解析：地址:11 11 11 11 11 11 控制码:91 长度:07 数据标识:1E 00 00 01 数据:04 03 01
10-02-26 16:59:12>发送:68 11 11 11 11 11 11 68 1C 10 35 33 33 33 33 33 33 33 4D 33 43 34 49 59 35 43 0D 16
10-02-26 16:59:12>接收：68 11 11 11 11 11 11 68 9C 00 D2 16
10-02-26 16:59:12>解析：地址:11 11 11 11 11 11 控制码:9C 长度:00 数据标识: 数据:
10-02-26 16:59:29>发送:68 11 11 11 11 11 11 68 1C 10 35 33 33 33 33 33 33 33 4E 33 43 34 49 59 35 43 0E 16
10-02-26 16:59:30>接收：68 11 11 11 11 11 11 68 9C 00 D2 16
10-02-26 16:59:30>解析：地址:11 11 11 11 11 11 控制码:9C 长度:00 数据标识: 数据:
10-02-26 16:59:51>发送:68 11 11 11 11 11 11 68 11 04 34 33 33 51 36 16
10-02-26 16:59:51>接收：68 11 11 11 11 11 11 68 91 07 34 33 33 51 34 36 37 5A 16
10-02-26 16:59:51>解析：地址:11 11 11 11 11 11 控制码:91 长度:07 数据标识:1E 00 00 01 数据:04 03 01
10-02-26 17:00:00>发送:68 11 11 11 11 11 11 68 11 04 34 33 33 50 35 16
10-02-26 17:00:00>接收：68 11 11 11 11 11 11 68 91 07 34 33 33 50 35 33 35 55 16
10-02-26 17:00:00>解析：地址:11 11 11 11 11 11 控制码:91 长度:07 数据标识:1D 00 00 01 数据:02 00 02
10-02-26 17:02:16>发送:68 11 11 11 11 11 11 68 1C 10 35 33 33 33 33 33 33 33 4D 33 47 37 4A 59 35 43 15 16
10-02-26 17:02:16>接收：68 11 11 11 11 11 11 68 9C 00 D2 16
10-02-26 17:02:16>解析：地址:11 11 11 11 11 11 控制码:9C 长度:00 数据标识: 数据:
10-02-26 17:02:34>发送:68 11 11 11 11 11 11 68 1C 10 35 33 33 33 33 33 33 33 6D 33 47 37 4A 59 35 43 35 16
10-02-26 17:02:35>接收：68 11 11 11 11 11 11 68 9C 00 D2 16
10-02-26 17:02:35>解析：地址:11 11 11 11 11 11 控制码:9C 长度:00 数据标识: 数据:
10-02-26 17:02:46>发送:68 11 11 11 11 11 11 68 11 04 34 33 33 50 35 16
10-02-26 17:02:47>接收：68 11 11 11 11 11 11 68 91 07 34 33 33 50 36 33 35 56 16
10-02-26 17:02:47>解析：地址:11 11 11 11 11 11 控制码:91 长度:07 数据标识:1D 00 00 01 数据:02 00 03
10-02-26 17:02:53>发送:68 11 11 11 11 11 11 68 11 04 34 33 33 51 36 16
10-02-26 17:02:53>接收：68 11 11 11 11 11 11 68 91 07 34 33 33 51 35 36 37 5B 16
10-02-26 17:02:53>解析：地址:11 11 11 11 11 11 控制码:91 长度:07 数据标识:1E 00 00 01 数据:04 03 02
10-02-26 17:08:41>发送:68 11 11 11 11 11 11 68 11 04 32 34 33 51 35 16
10-02-26 17:11:42>发送:68 11 11 11 11 11 11 68 11 04 32 34 33 51 35 16
10-02-26 17:11:42>接收：68 11 11 11 11 11 11 68 91 40 32 34 33 51 33 33 33 33 33 33 33 33 33 33 33 33 48 84 33 35 35 43 79 64 47 54 35 43 33 33 33 33 33 33 33 33 33 33 33 33 33 33 33 33 33 33 33 33 33 33 33 33 33 33 33 33 33 33 33 33 33 33 33 33 1D 16
10-02-26 17:11:42>解析：地址:11 11 11 11 11 11 控制码:91 长度:40 数据标识:1E 00 01 FF 数据:00 00 00 00 00 00 00 00 00 00 00 00 00 00 00 00 00 00 00 00 00 00 00 00 00 00 00 00 00 00 00 00 00 00 00 00 10 02 21 14 31 46 10 02 02 00 51 15 00 00 00 00 00 00 00 00 00 00 00 00
10-02-26 17:12:02>发送:68 11 11 11 11 11 11 68 11 04 34 34 33 50 36 16
10-02-26 17:12:02>接收：68 11 11 11 11 11 11 68 91 0A 34 34 33 50 8A 83 33 35 35 43 A9 16
10-02-26 17:12:02>解析：地址:11 11 11 11 11 11 控制码:91 长度:0A 数据标识:1D 00 01 01 数据:10 02 02 00 50 57
10-02-26 17:12:13>发送:68 11 11 11 11 11 11 68 11 04 32 34 33 50 34 16
10-02-26 17:12:14>接收：68 11 11 11 11 11 11 68 91 40 32 34 33 50 33 33 33 33 33 33 33 33 33 33 33 33 8A 83 33 35 35 43 86 7A 33 35 35 43 53 78 33 35 35 43 46 64 47 54 35 43 35 44 37 44 34 43 33 33 33 33 33 33 33 33 33 33 33 33 33 33 33 33 33 33 8A 16
10-02-26 17:12:14>解析：地址:11 11 11 11 11 11 控制码:91 长度:40 数据标识:1D 00 01 FF 数据:00 00 00 00 00 00 00 00 00 00 00 00 00 00 00 00 00 00 10 01 11 04 11 02 10 02 21 14 31 13 10 02 02 00 45 20 10 02 02 00 47 53 10 02 02 00 50 57 00 00 00 00 00 00 00 00 00 00 00 00
10-02-26 17:12:32>发送:68 11 11 11 11 11 11 68 11 04 34 34 33 50 36 16
10-02-26 17:12:32>接收：68 11 11 11 11 11 11 68 91 0A 34 34 33 50 8A 83 33 35 35 43 A9 16
10-02-26 17:12:32>解析：地址:11 11 11 11 11 11 控制码:91 长度:0A 数据标识:1D 00 01 01 数据:10 02 02 00 50 57
10-02-26 17:12:44>发送:68 11 11 11 11 11 11 68 11 04 32 34 33 50 34 16
10-02-26 17:12:45>接收：68 11 11 11 11 11 11 68 91 40 32 34 33 50 33 33 33 33 33 33 33 33 33 33 33 33 8A 83 33 35 35 43 86 7A 33 35 35 43 53 78 33 35 35 43 46 64 47 54 35 43 35 44 37 44 34 43 33 33 33 33 33 33 33 33 33 33 33 33 33 33 33 33 33 33 8A 16
10-02-26 17:12:45>解析：地址:11 11 11 11 11 11 控制码:91 长度:40 数据标识:1D 00 01 FF 数据:00 00 00 00 00 00 00 00 00 00 00 00 00 00 00 00 00 00 10 01 11 04 11 02 10 02 21 14 31 13 10 02 02 00 45 20 10 02 02 00 47 53 10 02 02 00 50 57 00 00 00 00 00 00 00 00 00 00 00 00
10-02-26 17:13:10>发送:68 11 11 11 11 11 11 68 11 04 34 34 33 50 36 16
10-02-26 17:13:10>接收：68 11 11 11 11 11 11 68 91 0A 34 34 33 50 8A 83 33 35 35 43 A9 16
10-02-26 17:13:10>解析：地址:11 11 11 11 11 11 控制码:91 长度:0A 数据标识:1D 00 01 01 数据:10 02 02 00 50 57
10-02-26 17:13:31>发送:68 11 11 11 11 11 11 68 11 04 32 34 33 50 34 16
10-02-26 17:13:31>接收：68 11 11 11 11 11 11 68 91 40 32 34 33 50 33 33 33 33 33 33 33 33 33 33 33 33 8A 83 33 35 35 43 86 7A 33 35 35 43 53 78 33 35 35 43 46 64 47 54 35 43 35 44 37 44 34 43 33 33 33 33 33 33 33 33 33 33 33 33 33 33 33 33 33 33 8A 16
10-02-26 17:13:31>解析：地址:11 11 11 11 11 11 控制码:91 长度:40 数据标识:1D 00 01 FF 数据:00 00 00 00 00 00 00 00 00 00 00 00 00 00 00 00 00 00 10 01 11 04 11 02 10 02 21 14 31 13 10 02 02 00 45 20 10 02 02 00 47 53 10 02 02 00 50 57 00 00 00 00 00 00 00 00 00 00 00 00
10-02-26 17:15:30>发送:68 11 11 11 11 11 11 68 11 04 32 34 33 51 35 16
10-02-26 17:15:31>接收：68 11 11 11 11 11 11 68 91 40 32 34 33 51 33 33 33 33 33 33 33 33 33 33 33 33 48 84 33 35 35 43 79 64 47 54 35 43 33 33 33 33 33 33 33 33 33 33 33 33 33 33 33 33 33 33 33 33 33 33 33 33 33 33 33 33 33 33 33 33 33 33 33 33 1D 16
10-02-26 17:15:31>解析：地址:11 11 11 11 11 11 控制码:91 长度:40 数据标识:1E 00 01 FF 数据:00 00 00 00 00 00 00 00 00 00 00 00 00 00 00 00 00 00 00 00 00 00 00 00 00 00 00 00 00 00 00 00 00 00 00 00 10 02 21 14 31 46 10 02 02 00 51 15 00 00 00 00 00 00 00 00 00 00 00 00
10-02-26 17:15:59>发送:68 11 11 11 11 11 11 68 11 04 34 34 33 51 37 16
10-02-26 17:15:59>接收：68 11 11 11 11 11 11 68 91 0A 34 34 33 51 48 84 33 35 35 43 69 16
10-02-26 17:15:59>解析：地址:11 11 11 11 11 11 控制码:91 长度:0A 数据标识:1E 00 01 01 数据:10 02 02 00 51 15
10-02-26 17:16:18>发送:68 11 11 11 11 11 11 68 11 04 32 34 33 51 35 16
10-02-26 17:16:19>接收：68 11 11 11 11 11 11 68 91 40 32 34 33 51 33 33 33 33 33 33 33 33 33 33 33 33 48 84 33 35 35 43 79 64 47 54 35 43 33 33 33 33 33 33 33 33 33 33 33 33 33 33 33 33 33 33 33 33 33 33 33 33 33 33 33 33 33 33 33 33 33 33 33 33 1D 16
10-02-26 17:16:19>解析：地址:11 11 11 11 11 11 控制码:91 长度:40 数据标识:1E 00 01 FF 数据:00 00 00 00 00 00 00 00 00 00 00 00 00 00 00 00 00 00 00 00 00 00 00 00 00 00 00 00 00 00 00 00 00 00 00 00 10 02 21 14 31 46 10 02 02 00 51 15 00 00 00 00 00 00 00 00 00 00 00 00
10-02-26 17:30:42>发送:68 11 11 11 11 11 11 68 11 04 32 34 33 51 35 16
10-02-26 17:30:43>接收：68 11 11 11 11 11 11 68 91 40 32 34 33 51 79 64 47 54 35 43 48 84 33 35 35 43 33 33 33 33 33 33 33 33 33 33 33 33 33 33 33 33 33 33 33 33 33 33 33 33 33 33 33 33 33 33 33 33 33 33 33 33 33 33 33 33 33 33 33 33 33 33 33 33 1D 16
10-02-26 17:30:43>解析：地址:11 11 11 11 11 11 控制码:91 长度:40 数据标识:1E 00 01 FF 数据:00 00 00 00 00 00 00 00 00 00 00 00 00 00 00 00 00 00 00 00 00 00 00 00 00 00 00 00 00 00 00 00 00 00 00 00 00 00 00 00 00 00 00 00 00 00 00 00 10 02 02 00 51 15 10 02 21 14 31 46
10-02-26 17:31:19>发送:68 11 11 11 11 11 11 68 11 04 34 34 33 51 37 16
10-02-26 17:31:19>接收：68 11 11 11 11 11 11 68 91 0A 34 34 33 51 79 64 47 54 35 43 AD 16
10-02-26 17:31:19>解析：地址:11 11 11 11 11 11 控制码:91 长度:0A 数据标识:1E 00 01 01 数据:10 02 21 14 31 46
10-02-26 17:31:28>发送:68 11 11 11 11 11 11 68 11 04 35 34 33 51 38 16
10-02-26 17:31:28>接收：68 11 11 11 11 11 11 68 91 0A 35 34 33 51 33 33 33 33 33 33 F0 16
10-02-26 17:31:28>解析：地址:11 11 11 11 11 11 控制码:91 长度:0A 数据标识:1E 00 01 02 数据:00 00 00 00 00 00
10-02-26 17:31:35>发送:68 11 11 11 11 11 11 68 11 04 36 34 33 51 39 16
10-02-26 17:31:35>接收：68 11 11 11 11 11 11 68 91 0A 36 34 33 51 33 33 33 33 33 33 F1 16
10-02-26 17:31:35>解析：地址:11 11 11 11 11 11 控制码:91 长度:0A 数据标识:1E 00 01 03 数据:00 00 00 00 00 00
10-02-26 17:31:42>发送:68 11 11 11 11 11 11 68 11 04 3D 34 33 51 40 16
10-02-26 17:31:43>接收：68 11 11 11 11 11 11 68 91 0A 3D 34 33 51 48 84 33 35 35 43 72 16
10-02-26 17:31:43>解析：地址:11 11 11 11 11 11 控制码:91 长度:0A 数据标识:1E 00 01 0A 数据:10 02 02 00 51 15
10-02-26 17:32:18>发送:68 11 11 11 11 11 11 68 11 04 32 34 33 51 35 16
10-02-26 17:32:19>接收：68 11 11 11 11 11 11 68 91 40 32 34 33 51 79 64 47 54 35 43 48 84 33 35 35 43 33 33 33 33 33 33 33 33 33 33 33 33 33 33 33 33 33 33 33 33 33 33 33 33 33 33 33 33 33 33 33 33 33 33 33 33 33 33 33 33 33 33 33 33 33 33 33 33 1D 16
10-02-26 17:32:19>解析：地址:11 11 11 11 11 11 控制码:91 长度:40 数据标识:1E 00 01 FF 数据:00 00 00 00 00 00 00 00 00 00 00 00 00 00 00 00 00 00 00 00 00 00 00 00 00 00 00 00 00 00 00 00 00 00 00 00 00 00 00 00 00 00 00 00 00 00 00 00 10 02 02 00 51 15 10 02 21 14 31 46
10-02-26 17:32:44>发送:68 11 11 11 11 11 11 68 11 04 34 34 33 51 37 16
10-02-26 17:32:44>接收：68 11 11 11 11 11 11 68 91 0A 34 34 33 51 79 64 47 54 35 43 AD 16
10-02-26 17:32:44>解析：地址:11 11 11 11 11 11 控制码:91 长度:0A 数据标识:1E 00 01 01 数据:10 02 21 14 31 46
10-02-26 17:32:50>发送:68 11 11 11 11 11 11 68 11 04 35 34 33 51 38 16
10-02-26 17:32:51>接收：68 11 11 11 11 11 11 68 91 0A 35 34 33 51 33 33 33 33 33 33 F0 16
10-02-26 17:32:51>解析：地址:11 11 11 11 11 11 控制码:91 长度:0A 数据标识:1E 00 01 02 数据:00 00 00 00 00 00
10-02-26 17:32:56>发送:68 11 11 11 11 11 11 68 11 04 3D 34 33 51 40 16
10-02-26 17:32:56>接收：68 11 11 11 11 11 11 68 91 0A 3D 34 33 51 48 84 33 35 35 43 72 16
10-02-26 17:32:56>解析：地址:11 11 11 11 11 11 控制码:91 长度:0A 数据标识:1E 00 01 0A 数据:10 02 02 00 51 15
10-02-26 17:37:03>发送:68 11 11 11 11 11 11 68 11 04 32 34 33 51 35 16
10-02-26 17:37:04>接收：68 11 11 11 11 11 11 68 91 40 32 34 33 51 79 64 47 54 35 43 48 84 33 35 35 43 33 33 33 33 33 33 33 33 33 33 33 33 33 33 33 33 33 33 33 33 33 33 33 33 33 33 33 33 33 33 33 33 33 33 33 33 33 33 33 33 33 33 33 33 33 33 33 33 1D 16
10-02-26 17:37:04>解析：地址:11 11 11 11 11 11 控制码:91 长度:40 数据标识:1E 00 01 FF 数据:00 00 00 00 00 00 00 00 00 00 00 00 00 00 00 00 00 00 00 00 00 00 00 00 00 00 00 00 00 00 00 00 00 00 00 00 00 00 00 00 00 00 00 00 00 00 00 00 10 02 02 00 51 15 10 02 21 14 31 46
10-02-26 17:38:35>发送:68 11 11 11 11 11 11 68 1C 10 35 33 33 33 33 33 33 33 4D 33 66 73 4A 59 35 43 70 16
10-02-26 17:38:36>接收：68 11 11 11 11 11 11 68 DC 01 34 47 16
10-02-26 17:38:36>解析：地址:11 11 11 11 11 11 控制码:DC 长度:01 数据标识: 数据:01
10-02-26 17:38:52>发送:68 11 11 11 11 11 11 68 1C 10 35 33 33 33 33 33 33 33 6E 33 66 73 4A 59 35 43 91 16
10-02-26 17:38:52>接收：68 11 11 11 11 11 11 68 9C 00 D2 16
10-02-26 17:38:52>解析：地址:11 11 11 11 11 11 控制码:9C 长度:00 数据标识: 数据:
10-02-26 17:38:59>发送:68 11 11 11 11 11 11 68 1C 10 35 33 33 33 33 33 33 33 4D 33 66 73 4A 59 35 43 70 16
10-02-26 17:38:59>接收：68 11 11 11 11 11 11 68 9C 00 D2 16
10-02-26 17:38:59>解析：地址:11 11 11 11 11 11 控制码:9C 长度:00 数据标识: 数据:
10-02-26 17:39:10>发送:68 11 11 11 11 11 11 68 1C 10 35 33 33 33 33 33 33 33 6D 33 66 73 4A 59 35 43 90 16
10-02-26 17:39:10>接收：68 11 11 11 11 11 11 68 9C 00 D2 16
10-02-26 17:39:10>解析：地址:11 11 11 11 11 11 控制码:9C 长度:00 数据标识: 数据:
10-02-26 17:39:17>发送:68 11 11 11 11 11 11 68 11 04 32 34 33 51 35 16
10-02-26 17:39:18>接收：68 11 11 11 11 11 11 68 91 40 32 34 33 51 79 64 47 54 35 43 84 5A 34 35 35 43 33 33 33 33 33 33 33 33 33 33 33 33 33 33 33 33 33 33 33 33 33 33 33 33 33 33 33 33 33 33 33 33 33 33 33 33 33 33 33 33 33 33 33 33 33 33 33 33 30 16
10-02-26 17:39:18>解析：地址:11 11 11 11 11 11 控制码:91 长度:40 数据标识:1E 00 01 FF 数据:00 00 00 00 00 00 00 00 00 00 00 00 00 00 00 00 00 00 00 00 00 00 00 00 00 00 00 00 00 00 00 00 00 00 00 00 00 00 00 00 00 00 00 00 00 00 00 00 10 02 02 01 27 51 10 02 21 14 31 46
10-02-26 17:39:37>发送:68 11 11 11 11 11 11 68 11 04 32 34 33 51 35 16
10-02-26 17:39:38>接收：68 11 11 11 11 11 11 68 91 40 32 34 33 51 79 64 47 54 35 43 84 5A 34 35 35 43 33 33 33 33 33 33 33 33 33 33 33 33 33 33 33 33 33 33 33 33 33 33 33 33 33 33 33 33 33 33 33 33 33 33 33 33 33 33 33 33 33 33 33 33 33 33 33 33 30 16
10-02-26 17:39:38>解析：地址:11 11 11 11 11 11 控制码:91 长度:40 数据标识:1E 00 01 FF 数据:00 00 00 00 00 00 00 00 00 00 00 00 00 00 00 00 00 00 00 00 00 00 00 00 00 00 00 00 00 00 00 00 00 00 00 00 00 00 00 00 00 00 00 00 00 00 00 00 10 02 02 01 27 51 10 02 21 14 31 46
10-02-26 17:39:57>发送:68 11 11 11 11 11 11 68 11 04 34 33 33 50 35 16
10-02-26 17:39:57>接收：68 11 11 11 11 11 11 68 91 07 34 33 33 50 34 35 36 57 16
10-02-26 17:39:57>解析：地址:11 11 11 11 11 11 控制码:91 长度:07 数据标识:1D 00 00 01 数据:03 02 01
10-02-26 17:41:08>发送:68 11 11 11 11 11 11 68 11 04 34 34 33 50 36 16
10-02-26 17:41:08>接收：68 11 11 11 11 11 11 68 91 0A 34 34 33 50 73 5A 34 35 35 43 6A 16
10-02-26 17:41:08>解析：地址:11 11 11 11 11 11 控制码:91 长度:0A 数据标识:1D 00 01 01 数据:10 02 02 01 27 40
10-02-26 17:41:15>发送:68 11 11 11 11 11 11 68 11 04 35 34 33 50 37 16
10-02-26 17:41:16>接收：68 11 11 11 11 11 11 68 91 0A 35 34 33 50 86 7A 33 35 35 43 9D 16
10-02-26 17:41:16>解析：地址:11 11 11 11 11 11 控制码:91 长度:0A 数据标识:1D 00 01 02 数据:10 02 02 00 47 53
10-02-26 17:41:30>发送:68 11 11 11 11 11 11 68 11 04 3D 34 33 50 3F 16
10-02-26 17:41:30>接收：68 11 11 11 11 11 11 68 91 0A 3D 34 33 50 33 33 33 33 33 33 F7 16
10-02-26 17:41:30>解析：地址:11 11 11 11 11 11 控制码:91 长度:0A 数据标识:1D 00 01 0A 数据:00 00 00 00 00 00
