10-03-08 08:54:22>发送:68 11 11 11 11 11 11 68 14 0D 34 35 33 37 37 44 44 44 33 33 33 33 43 3C 16
10-03-08 08:54:22>接收：68 11 11 11 11 11 11 68 94 00 CA 16
10-03-08 08:54:22>解析：地址:11 11 11 11 11 11 控制码:94 长度:00 数据标识: 数据:
10-03-08 08:54:31>发送:68 11 11 11 11 11 11 68 11 04 34 35 33 37 1E 16
10-03-08 08:54:31>接收：68 11 11 11 11 11 11 68 91 05 34 35 33 37 43 E2 16
10-03-08 08:54:31>解析：地址:11 11 11 11 11 11 控制码:91 长度:05 数据标识:04 00 02 01 数据:10
10-03-08 08:54:50>发送:68 11 11 11 11 11 11 68 14 0D 34 35 33 37 37 44 44 44 33 33 33 33 35 2E 16
10-03-08 08:54:51>接收：68 11 11 11 11 11 11 68 94 00 CA 16
10-03-08 08:54:51>解析：地址:11 11 11 11 11 11 控制码:94 长度:00 数据标识: 数据:
10-03-08 08:55:02>发送:68 11 11 11 11 11 11 68 11 04 34 35 33 37 1E 16
10-03-08 08:55:02>接收：68 11 11 11 11 11 11 68 91 05 34 35 33 37 35 D4 16
10-03-08 08:55:02>解析：地址:11 11 11 11 11 11 控制码:91 长度:05 数据标识:04 00 02 01 数据:02
10-03-08 08:55:17>发送:68 11 11 11 11 11 11 68 14 0D 38 35 33 37 37 44 44 44 33 33 33 33 43 40 16
10-03-08 08:55:18>接收：68 11 11 11 11 11 11 68 94 00 CA 16
10-03-08 08:55:18>解析：地址:11 11 11 11 11 11 控制码:94 长度:00 数据标识: 数据:
10-03-08 08:55:24>发送:68 11 11 11 11 11 11 68 11 04 38 35 33 37 22 16
10-03-08 08:55:24>接收：68 11 11 11 11 11 11 68 91 06 38 35 33 37 43 33 1A 16
10-03-08 08:55:24>解析：地址:11 11 11 11 11 11 控制码:91 长度:06 数据标识:04 00 02 05 数据:00 10
10-03-08 08:55:39>发送:68 11 11 11 11 11 11 68 14 0D 38 35 33 37 37 44 44 44 33 33 33 33 33 30 16
10-03-08 08:55:40>接收：68 11 11 11 11 11 11 68 94 00 CA 16
10-03-08 08:55:40>解析：地址:11 11 11 11 11 11 控制码:94 长度:00 数据标识: 数据:
10-03-08 08:55:46>发送:68 11 11 11 11 11 11 68 11 04 38 35 33 37 22 16
10-03-08 08:55:46>接收：68 11 11 11 11 11 11 68 91 06 38 35 33 37 33 33 0A 16
10-03-08 08:55:46>解析：地址:11 11 11 11 11 11 控制码:91 长度:06 数据标识:04 00 02 05 数据:00 00
10-03-08 08:56:23>发送:68 11 11 11 11 11 11 68 14 0D 35 35 33 37 37 44 44 44 33 33 33 33 43 3D 16
10-03-08 08:56:23>接收：68 11 11 11 11 11 11 68 94 00 CA 16
10-03-08 08:56:23>解析：地址:11 11 11 11 11 11 控制码:94 长度:00 数据标识: 数据:
10-03-08 08:56:30>发送:68 11 11 11 11 11 11 68 11 04 35 35 33 37 1F 16
10-03-08 08:56:30>接收：68 11 11 11 11 11 11 68 91 05 35 35 33 37 43 E3 16
10-03-08 08:56:30>解析：地址:11 11 11 11 11 11 控制码:91 长度:05 数据标识:04 00 02 02 数据:10
10-03-08 08:56:42>发送:68 11 11 11 11 11 11 68 14 0D 35 35 33 37 37 44 44 44 33 33 33 33 35 2F 16
10-03-08 08:56:42>接收：68 11 11 11 11 11 11 68 94 00 CA 16
10-03-08 08:56:42>解析：地址:11 11 11 11 11 11 控制码:94 长度:00 数据标识: 数据:
10-03-08 08:56:51>发送:68 11 11 11 11 11 11 68 11 04 35 35 33 37 1F 16
10-03-08 08:56:51>接收：68 11 11 11 11 11 11 68 91 05 35 35 33 37 35 D5 16
10-03-08 08:56:51>解析：地址:11 11 11 11 11 11 控制码:91 长度:05 数据标识:04 00 02 02 数据:02
10-03-08 08:57:03>发送:68 11 11 11 11 11 11 68 14 0D 36 35 33 37 37 44 44 44 33 33 33 33 43 3E 16
10-03-08 08:57:04>接收：68 11 11 11 11 11 11 68 94 00 CA 16
10-03-08 08:57:04>解析：地址:11 11 11 11 11 11 控制码:94 长度:00 数据标识: 数据:
10-03-08 08:57:14>发送:68 11 11 11 11 11 11 68 11 04 36 35 33 37 20 16
10-03-08 08:57:14>接收：68 11 11 11 11 11 11 68 91 05 36 35 33 37 43 E4 16
10-03-08 08:57:14>解析：地址:11 11 11 11 11 11 控制码:91 长度:05 数据标识:04 00 02 03 数据:10
10-03-08 08:57:28>发送:68 11 11 11 11 11 11 68 14 0D 36 35 33 37 37 44 44 44 33 33 33 33 3B 36 16
10-03-08 08:57:29>接收：68 11 11 11 11 11 11 68 94 00 CA 16
10-03-08 08:57:29>解析：地址:11 11 11 11 11 11 控制码:94 长度:00 数据标识: 数据:
10-03-08 08:57:38>发送:68 11 11 11 11 11 11 68 11 04 36 35 33 37 20 16
10-03-08 08:57:38>接收：68 11 11 11 11 11 11 68 91 05 36 35 33 37 3B DC 16
10-03-08 08:57:38>解析：地址:11 11 11 11 11 11 控制码:91 长度:05 数据标识:04 00 02 03 数据:08
10-03-08 08:57:51>发送:68 11 11 11 11 11 11 68 14 0D 37 35 33 37 37 44 44 44 33 33 33 33 43 3F 16
10-03-08 08:57:52>接收：68 11 11 11 11 11 11 68 94 00 CA 16
10-03-08 08:57:52>解析：地址:11 11 11 11 11 11 控制码:94 长度:00 数据标识: 数据:
10-03-08 08:57:58>发送:68 11 11 11 11 11 11 68 11 04 37 35 33 37 21 16
10-03-08 08:57:58>接收：68 11 11 11 11 11 11 68 91 05 37 35 33 37 37 D9 16
10-03-08 08:57:58>解析：地址:11 11 11 11 11 11 控制码:91 长度:05 数据标识:04 00 02 04 数据:04
10-03-08 08:58:23>发送:68 11 11 11 11 11 11 68 14 0D 37 35 33 37 37 44 44 44 33 33 33 33 43 3F 16
10-03-08 08:58:24>接收：68 11 11 11 11 11 11 68 94 00 CA 16
10-03-08 08:58:24>解析：地址:11 11 11 11 11 11 控制码:94 长度:00 数据标识: 数据:
10-03-08 08:58:29>发送:68 11 11 11 11 11 11 68 11 04 37 35 33 37 21 16
10-03-08 08:58:29>接收：68 11 11 11 11 11 11 68 91 05 37 35 33 37 37 D9 16
10-03-08 08:58:29>解析：地址:11 11 11 11 11 11 控制码:91 长度:05 数据标识:04 00 02 04 数据:04
10-03-08 09:00:18>发送:68 11 11 11 11 11 11 68 11 04 38 34 33 37 21 16
10-03-08 09:00:19>接收：68 11 11 11 11 11 11 68 91 06 38 34 33 37 33 B3 89 16
10-03-08 09:00:19>解析：地址:11 11 11 11 11 11 控制码:91 长度:06 数据标识:04 00 01 05 数据:80 00
10-03-08 09:10:47>发送:68 11 11 11 11 11 11 68 11 04 39 34 33 37 22 16
10-03-08 09:10:47>接收：68 11 11 11 11 11 11 68 91 09 39 34 33 37 33 33 33 33 33 A6 16
10-03-08 09:10:47>解析：地址:11 11 11 11 11 11 控制码:91 长度:09 数据标识:04 00 01 06 数据:00 00 00 00 00
10-03-08 09:11:11>发送:68 11 11 11 11 11 11 68 11 04 34 36 33 37 1F 16
10-03-08 09:11:11>接收：68 11 11 11 11 11 11 68 91 05 34 36 33 37 49 E9 16
10-03-08 09:11:11>解析：地址:11 11 11 11 11 11 控制码:91 长度:05 数据标识:04 00 03 01 数据:16
10-03-08 09:11:30>发送:68 11 11 11 11 11 11 68 14 0D 34 36 33 37 37 44 44 44 33 33 33 33 43 3D 16
10-03-08 09:11:31>接收：68 11 11 11 11 11 11 68 94 00 CA 16
10-03-08 09:11:31>解析：地址:11 11 11 11 11 11 控制码:94 长度:00 数据标识: 数据:
10-03-08 09:11:37>发送:68 11 11 11 11 11 11 68 11 04 34 36 33 37 1F 16
10-03-08 09:11:37>接收：68 11 11 11 11 11 11 68 91 05 34 36 33 37 43 E3 16
10-03-08 09:11:37>解析：地址:11 11 11 11 11 11 控制码:91 长度:05 数据标识:04 00 03 01 数据:10
10-03-08 09:12:57>发送:68 11 11 11 11 11 11 68 14 0D 34 36 33 37 37 44 44 44 33 33 33 33 38 32 16
10-03-08 09:12:57>接收：68 11 11 11 11 11 11 68 94 00 CA 16
10-03-08 09:12:57>解析：地址:11 11 11 11 11 11 控制码:94 长度:00 数据标识: 数据:
10-03-08 09:13:05>发送:68 11 11 11 11 11 11 68 11 04 34 36 33 37 1F 16
10-03-08 09:13:05>接收：68 11 11 11 11 11 11 68 91 05 34 36 33 37 38 D8 16
10-03-08 09:13:05>解析：地址:11 11 11 11 11 11 控制码:91 长度:05 数据标识:04 00 03 01 数据:05
10-03-08 09:14:19>发送:68 11 11 11 11 11 11 68 11 04 35 36 33 37 20 16
10-03-08 09:14:20>接收：68 11 11 11 11 11 11 68 91 05 35 36 33 37 49 EA 16
10-03-08 09:14:20>解析：地址:11 11 11 11 11 11 控制码:91 长度:05 数据标识:04 00 03 02 数据:16
10-03-08 09:14:30>发送:68 11 11 11 11 11 11 68 14 0D 35 36 33 37 37 44 44 44 33 33 33 33 43 3E 16
10-03-08 09:14:31>接收：68 11 11 11 11 11 11 68 94 00 CA 16
10-03-08 09:14:31>解析：地址:11 11 11 11 11 11 控制码:94 长度:00 数据标识: 数据:
10-03-08 09:14:37>发送:68 11 11 11 11 11 11 68 11 04 35 36 33 37 20 16
10-03-08 09:14:37>接收：68 11 11 11 11 11 11 68 91 05 35 36 33 37 43 E4 16
10-03-08 09:14:37>解析：地址:11 11 11 11 11 11 控制码:91 长度:05 数据标识:04 00 03 02 数据:10
10-03-08 09:14:52>发送:68 11 11 11 11 11 11 68 14 0D 35 36 33 37 37 44 44 44 33 33 33 33 38 33 16
10-03-08 09:14:52>接收：68 11 11 11 11 11 11 68 94 00 CA 16
10-03-08 09:14:52>解析：地址:11 11 11 11 11 11 控制码:94 长度:00 数据标识: 数据:
10-03-08 09:15:16>发送:68 11 11 11 11 11 11 68 11 04 36 36 33 37 21 16
10-03-08 09:15:17>接收：68 11 11 11 11 11 11 68 91 05 36 36 33 37 36 D8 16
10-03-08 09:15:17>解析：地址:11 11 11 11 11 11 控制码:91 长度:05 数据标识:04 00 03 03 数据:03
10-03-08 09:15:31>发送:68 11 11 11 11 11 11 68 14 0D 36 36 33 37 37 44 44 44 33 33 33 33 35 31 16
10-03-08 09:15:31>接收：68 11 11 11 11 11 11 68 94 00 CA 16
10-03-08 09:15:31>解析：地址:11 11 11 11 11 11 控制码:94 长度:00 数据标识: 数据:
10-03-08 09:15:37>发送:68 11 11 11 11 11 11 68 11 04 36 36 33 37 21 16
10-03-08 09:15:37>接收：68 11 11 11 11 11 11 68 91 05 36 36 33 37 35 D7 16
10-03-08 09:15:37>解析：地址:11 11 11 11 11 11 控制码:91 长度:05 数据标识:04 00 03 03 数据:02
10-03-08 09:20:12>发送:68 11 11 11 11 11 11 68 14 12 34 37 33 37 37 44 44 44 33 33 33 33 33 33 33 33 33 33 32 16
10-03-08 09:20:13>接收：68 00 00 00 00 00 00 68 94 00 64 16
10-03-08 09:20:13>解析：地址:00 00 00 00 00 00 控制码:94 长度:00 数据标识: 数据:
10-03-08 09:20:18>发送:68 AA AA AA AA AA AA 68 13 00 DF 16
10-03-08 09:20:18>接收：68 00 00 00 00 00 00 68 93 06 33 33 33 33 33 33 9B 16
10-03-08 09:20:18>解析：地址:00 00 00 00 00 00 控制码:93 长度:06 数据标识: 数据:00 00 00 00 00 00
10-03-08 09:20:31>发送:68 11 11 11 11 11 11 68 14 12 34 37 33 37 37 44 44 44 33 33 33 33 44 44 44 44 44 44 98 16
10-03-08 09:20:49>发送:68 00 00 00 00 00 00 68 14 12 34 37 33 37 37 44 44 44 33 33 33 33 44 44 44 44 44 44 32 16
10-03-08 09:20:50>接收：68 11 11 11 11 11 11 68 94 00 CA 16
10-03-08 09:20:50>解析：地址:11 11 11 11 11 11 控制码:94 长度:00 数据标识: 数据:
10-03-08 09:21:02>发送:68 11 11 11 11 11 11 68 11 04 33 33 34 33 18 16
10-03-08 09:21:03>接收：68 11 11 11 11 11 11 68 91 08 33 33 34 33 33 33 33 33 68 16
10-03-08 09:21:03>解析：地址:11 11 11 11 11 11 控制码:91 长度:08 数据标识:00 01 00 00 数据:00 00 00 00
10-03-08 09:21:07>发送:68 11 11 11 11 11 11 68 11 04 34 37 33 37 20 16
10-03-08 09:21:07>接收：68 11 11 11 11 11 11 68 91 0A 34 37 33 37 44 44 44 44 44 44 3E 16
10-03-08 09:21:07>解析：地址:11 11 11 11 11 11 控制码:91 长度:0A 数据标识:04 00 04 01 数据:11 11 11 11 11 11
10-03-08 09:21:15>发送:68 11 11 11 11 11 11 68 11 04 33 33 34 33 18 16
10-03-08 09:21:16>接收：68 11 11 11 11 11 11 68 91 08 33 33 34 33 33 33 33 33 68 16
10-03-08 09:21:16>解析：地址:11 11 11 11 11 11 控制码:91 长度:08 数据标识:00 01 00 00 数据:00 00 00 00
10-03-08 09:21:19>发送:68 11 11 11 11 11 11 68 11 04 35 37 33 37 21 16
10-03-08 09:21:19>接收：68 11 11 11 11 11 11 68 91 0A 35 37 33 37 34 33 33 33 33 33 DA 16
10-03-08 09:21:19>解析：地址:11 11 11 11 11 11 控制码:91 长度:0A 数据标识:04 00 04 02 数据:00 00 00 00 00 01
10-03-08 09:21:33>发送:68 11 11 11 11 11 11 68 14 12 35 37 33 37 37 44 44 44 33 33 33 33 35 33 33 33 33 33 35 16
10-03-08 09:21:33>接收：68 11 11 11 11 11 11 68 94 00 CA 16
10-03-08 09:21:33>解析：地址:11 11 11 11 11 11 控制码:94 长度:00 数据标识: 数据:
10-03-08 09:21:39>发送:68 11 11 11 11 11 11 68 11 04 35 37 33 37 21 16
10-03-08 09:21:39>接收：68 11 11 11 11 11 11 68 91 0A 35 37 33 37 35 33 33 33 33 33 DB 16
10-03-08 09:21:39>解析：地址:11 11 11 11 11 11 控制码:91 长度:0A 数据标识:04 00 04 02 数据:00 00 00 00 00 02
10-03-08 09:22:00>发送:68 11 11 11 11 11 11 68 14 12 35 37 33 37 37 44 44 44 33 33 33 33 34 33 33 33 33 33 34 16
10-03-08 09:22:01>接收：68 11 11 11 11 11 11 68 94 00 CA 16
10-03-08 09:22:01>解析：地址:11 11 11 11 11 11 控制码:94 长度:00 数据标识: 数据:
10-03-08 09:22:11>发送:68 11 11 11 11 11 11 68 11 04 33 33 34 33 18 16
10-03-08 09:22:12>接收：68 11 11 11 11 11 11 68 91 08 33 33 34 33 33 33 33 33 68 16
10-03-08 09:22:12>解析：地址:11 11 11 11 11 11 控制码:91 长度:08 数据标识:00 01 00 00 数据:00 00 00 00
10-03-08 09:22:15>发送:68 11 11 11 11 11 11 68 11 04 36 37 33 37 22 16
10-03-08 09:22:15>接收：68 11 11 11 11 11 11 68 91 24 36 37 33 37 33 33 33 33 33 33 3A 57 33 34 34 43 33 33 33 33 33 33 5A 3A 33 33 33 33 32 33 33 32 32 32 32 32 87 16
10-03-08 09:22:15>解析：地址:11 11 11 11 11 11 控制码:91 长度:24 数据标识:04 00 04 03 数据:FF FF FF FF FF 00 00 FF 00 00 00 00 07 27 00 00 00 00 00 00 10 01 01 00 24 07 00 00 00 00 00 00
10-03-08 09:22:52>发送:68 11 11 11 11 11 11 68 14 1D 36 37 33 37 37 44 44 44 33 33 33 33 33 33 33 33 33 33 33 33 33 33 33 33 33 33 33 33 33 70 16
10-03-08 09:23:06>发送:68 11 11 11 11 11 11 68 11 04 36 37 33 37 22 16
10-03-08 09:23:06>接收：68 11 11 11 11 11 11 68 91 24 36 37 33 37 33 33 33 33 33 33 33 33 33 33 33 33 33 33 33 33 33 33 33 33 33 33 33 33 32 33 33 32 32 32 32 32 1C 16
10-03-08 09:23:06>解析：地址:11 11 11 11 11 11 控制码:91 长度:24 数据标识:04 00 04 03 数据:FF FF FF FF FF 00 00 FF 00 00 00 00 00 00 00 00 00 00 00 00 00 00 00 00 00 00 00 00 00 00 00 00
10-03-08 09:23:52>发送:68 11 11 11 11 11 11 68 14 2C 36 37 33 37 37 44 44 44 33 33 33 33 33 33 33 33 33 33 33 33 33 33 33 33 33 33 33 33 33 33 33 33 33 33 33 33 33 33 33 33 33 33 33 33 7C 16
10-03-08 09:29:05>发送:68 11 11 11 11 11 11 68 14 2C 34 38 33 37 37 44 44 44 33 33 33 33 33 33 33 33 33 33 33 33 33 33 33 33 33 33 33 33 33 33 33 33 33 33 33 33 33 33 33 33 33 33 33 33 7B 16
10-03-08 09:29:06>接收：68 11 11 11 11 11 11 68 D4 01 35 40 16
10-03-08 09:29:06>解析：地址:11 11 11 11 11 11 控制码:D4 长度:01 数据标识: 数据:02
10-03-08 09:30:47>发送:68 11 11 11 11 11 11 68 11 04 34 39 33 37 22 16
10-03-08 09:30:48>接收：68 11 11 11 11 11 11 68 91 05 34 39 33 37 34 D7 16
10-03-08 09:30:48>解析：地址:11 11 11 11 11 11 控制码:91 长度:05 数据标识:04 00 06 01 数据:01
10-03-08 09:31:42>发送:68 11 11 11 11 11 11 68 14 0D 34 39 33 37 37 44 44 44 33 33 33 33 38 35 16
10-03-08 09:31:43>接收：68 11 11 11 11 11 11 68 D4 01 35 40 16
10-03-08 09:31:43>解析：地址:11 11 11 11 11 11 控制码:D4 长度:01 数据标识: 数据:02
10-03-08 09:31:54>发送:68 11 11 11 11 11 11 68 14 0D 34 39 33 37 37 44 44 44 33 33 33 33 38 35 16
10-03-08 09:31:54>接收：68 11 11 11 11 11 11 68 D4 01 35 40 16
10-03-08 09:31:54>解析：地址:11 11 11 11 11 11 控制码:D4 长度:01 数据标识: 数据:02
10-03-08 09:34:36>发送:68 11 11 11 11 11 11 68 11 04 36 3A 33 37 25 16
10-03-08 09:34:36>接收：68 11 11 11 11 11 11 68 91 05 36 3A 33 37 3B E1 16
10-03-08 09:34:36>解析：地址:11 11 11 11 11 11 控制码:91 长度:05 数据标识:04 00 07 03 数据:08
10-03-08 09:35:30>发送:68 11 11 11 11 11 11 68 11 04 34 3A 33 37 23 16
10-03-08 09:35:30>接收：68 11 11 11 11 11 11 68 91 05 34 3A 33 37 37 DB 16
10-03-08 09:35:30>解析：地址:11 11 11 11 11 11 控制码:91 长度:05 数据标识:04 00 07 01 数据:04
10-03-08 09:36:02>发送:68 11 11 11 11 11 11 68 14 0D 34 3A 33 37 37 44 44 44 33 33 33 33 43 41 16
10-03-08 09:36:02>接收：68 11 11 11 11 11 11 68 94 00 CA 16
10-03-08 09:36:02>解析：地址:11 11 11 11 11 11 控制码:94 长度:00 数据标识: 数据:
10-03-08 09:36:13>发送:68 11 11 11 11 11 11 68 14 0D 36 3A 33 37 37 44 44 44 33 33 33 33 43 43 16
10-03-08 09:36:13>接收：68 11 11 11 11 11 11 68 94 00 CA 16
10-03-08 09:36:13>解析：地址:11 11 11 11 11 11 控制码:94 长度:00 数据标识: 数据:
10-03-08 09:36:18>发送:68 11 11 11 11 11 11 68 11 04 34 3A 33 37 23 16
10-03-08 09:36:18>接收：68 11 11 11 11 11 11 68 91 05 34 3A 33 37 43 E7 16
10-03-08 09:36:18>解析：地址:11 11 11 11 11 11 控制码:91 长度:05 数据标识:04 00 07 01 数据:10
10-03-08 09:36:23>发送:68 11 11 11 11 11 11 68 11 04 36 3A 33 37 25 16
10-03-08 09:36:24>接收：68 11 11 11 11 11 11 68 91 05 36 3A 33 37 43 E9 16
10-03-08 09:36:24>解析：地址:11 11 11 11 11 11 控制码:91 长度:05 数据标识:04 00 07 03 数据:10
10-03-08 09:37:03>发送:68 11 11 11 11 11 11 68 14 0D 34 3A 33 37 37 44 44 44 33 33 33 33 37 35 16
10-03-08 09:37:04>接收：68 11 11 11 11 11 11 68 94 00 CA 16
10-03-08 09:37:04>解析：地址:11 11 11 11 11 11 控制码:94 长度:00 数据标识: 数据:
10-03-08 09:37:14>发送:68 11 11 11 11 11 11 68 14 0D 36 3A 33 37 37 44 44 44 33 33 33 33 3B 3B 16
10-03-08 09:37:15>接收：68 11 11 11 11 11 11 68 94 00 CA 16
10-03-08 09:37:15>解析：地址:11 11 11 11 11 11 控制码:94 长度:00 数据标识: 数据:
10-03-08 09:37:20>发送:68 11 11 11 11 11 11 68 11 04 34 3A 33 37 23 16
10-03-08 09:37:20>接收：68 11 11 11 11 11 11 68 91 05 34 3A 33 37 37 DB 16
10-03-08 09:37:20>解析：地址:11 11 11 11 11 11 控制码:91 长度:05 数据标识:04 00 07 01 数据:04
10-03-08 09:37:23>发送:68 11 11 11 11 11 11 68 11 04 36 3A 33 37 25 16
10-03-08 09:37:24>接收：68 11 11 11 11 11 11 68 91 05 36 3A 33 37 3B E1 16
10-03-08 09:37:24>解析：地址:11 11 11 11 11 11 控制码:91 长度:05 数据标识:04 00 07 03 数据:08
10-03-08 09:37:55>发送:68 11 11 11 11 11 11 68 11 04 34 3B 33 37 24 16
10-03-08 09:37:56>接收：68 11 11 11 11 11 11 68 91 05 34 3B 33 37 71 16 16
10-03-08 09:37:56>解析：地址:11 11 11 11 11 11 控制码:91 长度:05 数据标识:04 00 08 01 数据:3E
10-03-08 09:38:34>发送:68 11 11 11 11 11 11 68 14 0D 34 3B 33 37 37 44 44 44 33 33 33 33 B2 B1 16
10-03-08 09:38:34>接收：68 11 11 11 11 11 11 68 94 00 CA 16
10-03-08 09:38:34>解析：地址:11 11 11 11 11 11 控制码:94 长度:00 数据标识: 数据:
10-03-08 09:38:38>发送:68 11 11 11 11 11 11 68 11 04 34 3B 33 37 24 16
10-03-08 09:38:39>接收：68 11 11 11 11 11 11 68 91 05 34 3B 33 37 B2 57 16
10-03-08 09:38:39>解析：地址:11 11 11 11 11 11 控制码:91 长度:05 数据标识:04 00 08 01 数据:7F
10-03-08 09:38:48>发送:68 11 11 11 11 11 11 68 14 0D 34 3B 33 37 37 44 44 44 33 33 33 33 71 70 16
10-03-08 09:38:49>接收：68 11 11 11 11 11 11 68 94 00 CA 16
10-03-08 09:38:49>解析：地址:11 11 11 11 11 11 控制码:94 长度:00 数据标识: 数据:
10-03-08 09:38:53>发送:68 11 11 11 11 11 11 68 11 04 34 3B 33 37 24 16
10-03-08 09:38:53>接收：68 11 11 11 11 11 11 68 91 05 34 3B 33 37 71 16 16
10-03-08 09:38:53>解析：地址:11 11 11 11 11 11 控制码:91 长度:05 数据标识:04 00 08 01 数据:3E
10-03-08 09:39:07>发送:68 11 11 11 11 11 11 68 11 04 35 3B 33 37 25 16
10-03-08 09:39:07>接收：68 11 11 11 11 11 11 68 91 05 35 3B 33 37 34 DA 16
10-03-08 09:39:07>解析：地址:11 11 11 11 11 11 控制码:91 长度:05 数据标识:04 00 08 02 数据:01
10-03-08 09:39:17>发送:68 11 11 11 11 11 11 68 14 0D 35 3B 33 37 37 44 44 44 33 33 33 33 49 49 16
10-03-08 09:39:17>接收：68 11 11 11 11 11 11 68 94 00 CA 16
10-03-08 09:39:17>解析：地址:11 11 11 11 11 11 控制码:94 长度:00 数据标识: 数据:
10-03-08 09:39:22>发送:68 11 11 11 11 11 11 68 11 04 35 3B 33 37 25 16
10-03-08 09:39:22>接收：68 11 11 11 11 11 11 68 91 05 35 3B 33 37 49 EF 16
10-03-08 09:39:22>解析：地址:11 11 11 11 11 11 控制码:91 长度:05 数据标识:04 00 08 02 数据:16
10-03-08 09:39:32>发送:68 11 11 11 11 11 11 68 14 0D 35 3B 33 37 37 44 44 44 33 33 33 33 34 34 16
10-03-08 09:39:33>接收：68 11 11 11 11 11 11 68 94 00 CA 16
10-03-08 09:39:33>解析：地址:11 11 11 11 11 11 控制码:94 长度:00 数据标识: 数据:
10-03-08 09:39:36>发送:68 11 11 11 11 11 11 68 11 04 35 3B 33 37 25 16
10-03-08 09:39:36>接收：68 11 11 11 11 11 11 68 91 05 35 3B 33 37 34 DA 16
10-03-08 09:39:36>解析：地址:11 11 11 11 11 11 控制码:91 长度:05 数据标识:04 00 08 02 数据:01
10-03-08 09:39:50>发送:68 11 11 11 11 11 11 68 11 04 35 3C 33 37 26 16
10-03-08 09:39:51>接收：68 11 11 11 11 11 11 68 91 05 35 3C 33 37 B6 5D 16
10-03-08 09:39:51>解析：地址:11 11 11 11 11 11 控制码:91 长度:05 数据标识:04 00 09 02 数据:83
10-03-08 09:40:00>发送:68 11 11 11 11 11 11 68 14 0D 35 3C 33 37 37 44 44 44 33 33 33 33 32 33 16
10-03-08 09:40:00>接收：68 11 11 11 11 11 11 68 D4 01 35 40 16
10-03-08 09:40:00>解析：地址:11 11 11 11 11 11 控制码:D4 长度:01 数据标识: 数据:02
10-03-08 09:40:04>发送:68 11 11 11 11 11 11 68 11 04 35 3C 33 37 26 16
10-03-08 09:40:05>接收：68 11 11 11 11 11 11 68 91 05 35 3C 33 37 B6 5D 16
10-03-08 09:40:05>解析：地址:11 11 11 11 11 11 控制码:91 长度:05 数据标识:04 00 09 02 数据:83
10-03-08 09:41:10>发送:68 11 11 11 11 11 11 68 14 0D 35 3C 33 37 37 44 44 44 33 33 33 33 33 34 16
10-03-08 09:41:10>接收：68 11 11 11 11 11 11 68 D4 01 35 40 16
10-03-08 09:41:10>解析：地址:11 11 11 11 11 11 控制码:D4 长度:01 数据标识: 数据:02
10-03-08 09:41:22>发送:68 11 11 11 11 11 11 68 14 0D 35 3C 33 37 37 44 44 44 33 33 33 33 BB BC 16
10-03-08 09:41:22>接收：68 11 11 11 11 11 11 68 D4 01 35 40 16
10-03-08 09:41:22>解析：地址:11 11 11 11 11 11 控制码:D4 长度:01 数据标识: 数据:02
10-03-08 09:42:29>发送:68 11 11 11 11 11 11 68 11 04 34 3E 33 37 27 16
10-03-08 09:42:29>接收：68 11 11 11 11 11 11 68 91 06 34 3E 33 37 45 4A 38 16
10-03-08 09:42:29>解析：地址:11 11 11 11 11 11 控制码:91 长度:06 数据标识:04 00 0B 01 数据:17 12
10-03-08 09:42:44>发送:68 11 11 11 11 11 11 68 14 0E 34 3E 33 37 37 44 44 44 33 33 33 33 33 34 6A 16
10-03-08 09:42:45>接收：68 11 11 11 11 11 11 68 94 00 CA 16
10-03-08 09:42:45>解析：地址:11 11 11 11 11 11 控制码:94 长度:00 数据标识: 数据:
10-03-08 09:42:49>发送:68 11 11 11 11 11 11 68 11 04 34 3E 33 37 27 16
10-03-08 09:42:49>接收：68 11 11 11 11 11 11 68 91 06 34 3E 33 37 33 34 10 16
10-03-08 09:42:49>解析：地址:11 11 11 11 11 11 控制码:91 长度:06 数据标识:04 00 0B 01 数据:01 00
10-03-08 09:47:15>发送:68 11 11 11 11 11 11 68 11 04 33 34 34 37 1D 16
10-03-08 09:47:16>接收：68 11 11 11 11 11 11 68 D1 01 35 3D 16
10-03-08 09:47:16>解析：地址:11 11 11 11 11 11 控制码:D1 长度:01 数据标识: 数据:02
10-03-08 09:47:23>发送:68 11 11 11 11 11 11 68 11 04 34 34 34 37 1E 16
10-03-08 09:47:24>接收：68 11 11 11 11 11 11 68 D1 01 35 3D 16
10-03-08 09:47:24>解析：地址:11 11 11 11 11 11 控制码:D1 长度:01 数据标识: 数据:02
10-03-08 09:59:31>发送:68 11 11 11 11 11 11 68 11 04 33 33 34 37 1C 16
10-03-08 09:59:31>接收：68 11 11 11 11 11 11 68 91 2E 33 33 34 37 34 34 34 35 34 37 36 34 3A 37 34 43 33 33 33 33 33 33 33 33 33 33 33 33 33 33 33 33 33 33 33 33 33 33 33 33 33 33 33 33 33 33 4E 16
10-03-08 09:59:31>解析：地址:11 11 11 11 11 11 控制码:91 长度:2E 数据标识:04 01 00 00 数据:00 00 00 00 00 00 00 00 00 00 00 00 00 00 00 00 00 00 00 00 00 00 00 00 00 00 00 00 00 00 10 01 04 07 01 03 04 01 02 01 01 01
10-03-08 10:02:47>发送:68 11 11 11 11 11 11 68 11 04 34 33 34 37 1D 16
10-03-08 10:02:48>接收：68 11 11 11 11 11 11 68 91 2E 34 33 34 37 34 33 33 35 33 36 36 33 39 37 33 3C 34 33 45 35 33 48 36 33 4B 37 33 54 33 33 33 33 33 33 33 33 33 33 33 33 33 33 33 33 33 33 AB 16
10-03-08 10:02:48>解析：地址:11 11 11 11 11 11 控制码:91 长度:2E 数据标识:04 01 00 01 数据:00 00 00 00 00 00 00 00 00 00 00 00 00 00 00 00 00 00 21 00 04 18 00 03 15 00 02 12 00 01 09 00 04 06 00 03 03 00 02 00 00 01
10-03-08 10:03:18>发送:68 11 11 11 11 11 11 68 11 04 33 33 35 37 1D 16
10-03-08 10:03:19>接收：68 11 11 11 11 11 11 68 91 2E 33 33 35 37 35 34 34 36 34 37 37 34 3A 34 34 43 33 33 33 33 33 33 33 33 33 33 33 33 33 33 33 33 33 33 33 33 33 33 33 33 33 33 33 33 33 33 4F 16
10-03-08 10:03:19>解析：地址:11 11 11 11 11 11 控制码:91 长度:2E 数据标识:04 02 00 00 数据:00 00 00 00 00 00 00 00 00 00 00 00 00 00 00 00 00 00 00 00 00 00 00 00 00 00 00 00 00 00 10 01 01 07 01 04 04 01 03 01 01 02
10-03-08 10:03:37>发送:68 11 11 11 11 11 11 68 11 04 34 33 36 37 1F 16
10-03-08 10:03:37>接收：68 11 11 11 11 11 11 68 D1 01 35 3D 16
10-03-08 10:03:37>解析：地址:11 11 11 11 11 11 控制码:D1 长度:01 数据标识: 数据:02
10-03-08 10:04:34>发送:68 11 11 11 11 11 11 68 11 04 34 33 36 37 1F 16
10-03-08 10:04:34>接收：68 11 11 11 11 11 11 68 D1 01 35 3D 16
10-03-08 10:04:34>解析：地址:11 11 11 11 11 11 控制码:D1 长度:01 数据标识: 数据:02
10-03-08 10:06:18>发送:68 11 11 11 11 11 11 68 11 04 34 33 36 37 1F 16
10-03-08 10:06:19>接收：68 11 11 11 11 11 11 68 D1 01 35 3D 16
10-03-08 10:06:19>解析：地址:11 11 11 11 11 11 控制码:D1 长度:01 数据标识: 数据:02
10-03-08 10:08:48>发送:68 11 11 11 11 11 11 68 11 04 34 33 33 38 1D 16
10-03-08 10:08:48>接收：68 11 11 11 11 11 11 68 91 09 34 33 33 38 33 33 33 33 33 A1 16
10-03-08 10:08:48>解析：地址:11 11 11 11 11 11 控制码:91 长度:09 数据标识:05 00 00 01 数据:00 00 00 00 00
10-03-08 10:12:42>发送:68 11 11 11 11 11 11 68 1A 08 35 44 44 44 33 33 33 33 25 16
10-03-08 10:12:43>接收：68 11 11 11 11 11 11 68 DA 01 37 48 16
10-03-08 10:12:43>解析：地址:11 11 11 11 11 11 控制码:DA 长度:01 数据标识: 数据:04
10-03-08 10:12:52>发送:68 11 11 11 11 11 11 68 1A 08 35 33 33 33 33 33 33 33 F2 16
10-03-08 10:12:58>接收：68 11 11 11 11 11 11 68 9A 00 D0 16
10-03-08 10:12:58>解析：地址:11 11 11 11 11 11 控制码:9A 长度:00 数据标识: 数据:
10-03-08 10:13:28>发送:68 11 11 11 11 11 11 68 1B 0C 35 44 44 44 33 33 33 33 32 32 32 32 F2 16
10-03-08 10:13:29>接收：68 11 11 11 11 11 11 68 DB 01 37 49 16
10-03-08 10:13:29>解析：地址:11 11 11 11 11 11 控制码:DB 长度:01 数据标识: 数据:04
10-03-08 10:13:38>发送:68 11 11 11 11 11 11 68 1B 0C 35 33 33 33 33 33 33 33 32 32 32 32 BF 16
10-03-08 10:13:41>接收：68 11 11 11 11 11 11 68 9B 00 D1 16
10-03-08 10:13:41>解析：地址:11 11 11 11 11 11 控制码:9B 长度:00 数据标识: 数据:
10-03-08 10:15:20>发送:68 11 11 11 11 11 11 68 1A 08 35 44 44 44 33 33 33 33 25 16
10-03-08 10:15:20>接收：68 11 11 11 11 11 11 68 DA 01 37 48 16
10-03-08 10:15:20>解析：地址:11 11 11 11 11 11 控制码:DA 长度:01 数据标识: 数据:04
10-03-08 10:15:26>发送:68 11 11 11 11 11 11 68 1A 08 35 33 33 33 33 33 33 33 F2 16
10-03-08 10:15:32>接收：68 11 11 11 11 11 11 68 9A 00 D0 16
10-03-08 10:15:32>解析：地址:11 11 11 11 11 11 控制码:9A 长度:00 数据标识: 数据:
10-03-08 15:07:38>发送:68 11 11 11 11 11 11 68 11 04 33 33 63 36 4A 16
10-03-08 15:07:38>接收：68 11 11 11 11 11 11 68 91 07 33 33 63 36 33 33 33 66 16
10-03-08 15:07:38>解析：地址:11 11 11 11 11 11 控制码:91 长度:07 数据标识:03 30 00 00 数据:00 00 00
10-03-08 15:09:09>发送:68 11 11 11 11 11 11 68 1A 08 35 44 44 44 33 33 33 33 25 16
10-03-08 15:09:09>接收：68 11 11 11 11 11 11 68 DA 01 37 48 16
10-03-08 15:09:09>解析：地址:11 11 11 11 11 11 控制码:DA 长度:01 数据标识: 数据:04
10-03-08 15:09:21>发送:68 11 11 11 11 11 11 68 1A 08 35 44 44 44 33 33 33 33 25 16
10-03-08 15:09:21>接收：68 11 11 11 11 11 11 68 DA 01 37 48 16
10-03-08 15:09:21>解析：地址:11 11 11 11 11 11 控制码:DA 长度:01 数据标识: 数据:04
10-03-08 15:09:28>发送:68 11 11 11 11 11 11 68 1A 08 35 33 33 33 33 33 33 33 F2 16
10-03-08 15:09:34>接收：68 11 11 11 11 11 11 68 9A 00 D0 16
10-03-08 15:09:34>解析：地址:11 11 11 11 11 11 控制码:9A 长度:00 数据标识: 数据:
10-03-08 15:09:42>发送:68 11 11 11 11 11 11 68 11 04 33 33 63 36 4A 16
10-03-08 15:09:43>接收：68 11 11 11 11 11 11 68 91 07 33 33 63 36 33 33 33 66 16
10-03-08 15:09:43>解析：地址:11 11 11 11 11 11 控制码:91 长度:07 数据标识:03 30 00 00 数据:00 00 00
10-03-08 15:10:10>发送:68 11 11 11 11 11 11 68 11 04 33 36 63 36 4D 16
10-03-08 15:10:10>接收：68 11 11 11 11 11 11 68 91 07 33 36 63 36 33 33 33 69 16
10-03-08 15:10:10>解析：地址:11 11 11 11 11 11 控制码:91 长度:07 数据标识:03 30 03 00 数据:00 00 00
10-03-08 15:11:11>发送:68 11 11 11 11 11 11 68 1B 0C 35 33 33 33 33 33 33 33 32 32 32 32 BF 16
10-03-08 15:11:14>接收：68 11 11 11 11 11 11 68 9B 00 D1 16
10-03-08 15:11:14>解析：地址:11 11 11 11 11 11 控制码:9B 长度:00 数据标识: 数据:
10-03-08 15:11:27>发送:68 11 11 11 11 11 11 68 11 04 33 36 63 36 4D 16
10-03-08 15:11:28>接收：68 11 11 11 11 11 11 68 91 07 33 36 63 36 34 33 33 6A 16
10-03-08 15:11:28>解析：地址:11 11 11 11 11 11 控制码:91 长度:07 数据标识:03 30 03 00 数据:00 00 01
10-03-08 15:12:00>发送:68 11 11 11 11 11 11 68 11 04 33 36 63 36 4D 16
10-03-08 15:12:00>接收：68 11 11 11 11 11 11 68 91 07 33 36 63 36 36 34 33 6D 16
10-03-08 15:12:00>解析：地址:11 11 11 11 11 11 控制码:91 长度:07 数据标识:03 30 03 00 数据:00 01 03
10-03-08 15:19:11>发送:68 11 11 11 11 11 11 68 11 04 33 36 63 36 4D 16
10-03-08 15:19:11>接收：68 11 11 11 11 11 11 68 91 07 33 36 63 36 36 34 33 6D 16
10-03-08 15:19:11>解析：地址:11 11 11 11 11 11 控制码:91 长度:07 数据标识:03 30 03 00 数据:00 01 03
10-03-08 15:19:26>发送:68 11 11 11 11 11 11 68 1B 0C 35 33 33 33 33 33 33 33 32 32 32 32 BF 16
10-03-08 15:19:29>接收：68 11 11 11 11 11 11 68 9B 00 D1 16
10-03-08 15:19:29>解析：地址:11 11 11 11 11 11 控制码:9B 长度:00 数据标识: 数据:
10-03-08 15:19:36>发送:68 11 11 11 11 11 11 68 11 04 33 36 63 36 4D 16
10-03-08 15:19:36>接收：68 11 11 11 11 11 11 68 91 07 33 36 63 36 36 37 34 71 16
10-03-08 15:19:36>解析：地址:11 11 11 11 11 11 控制码:91 长度:07 数据标识:03 30 03 00 数据:01 04 03
10-03-08 15:19:56>发送:68 11 11 11 11 11 11 68 11 04 33 36 63 36 4D 16
10-03-08 15:19:56>接收：68 11 11 11 11 11 11 68 91 07 33 36 63 36 36 37 34 71 16
10-03-08 15:19:56>解析：地址:11 11 11 11 11 11 控制码:91 长度:07 数据标识:03 30 03 00 数据:01 04 03
10-03-08 15:20:16>发送:68 11 11 11 11 11 11 68 1B 0C 35 33 33 33 33 33 33 33 32 32 32 32 BF 16
10-03-08 15:20:20>接收：68 11 11 11 11 11 11 68 9B 00 D1 16
10-03-08 15:20:20>解析：地址:11 11 11 11 11 11 控制码:9B 长度:00 数据标识: 数据:
10-03-08 15:20:28>发送:68 11 11 11 11 11 11 68 11 04 33 36 63 36 4D 16
10-03-08 15:20:28>接收：68 11 11 11 11 11 11 68 91 07 33 36 63 36 36 37 37 74 16
10-03-08 15:20:28>解析：地址:11 11 11 11 11 11 控制码:91 长度:07 数据标识:03 30 03 00 数据:04 04 03
10-03-08 15:25:49>发送:68 11 11 11 11 11 11 68 11 04 33 36 63 36 4D 16
10-03-08 15:25:49>接收：68 11 11 11 11 11 11 68 91 07 33 36 63 36 36 37 37 74 16
10-03-08 15:25:49>解析：地址:11 11 11 11 11 11 控制码:91 长度:07 数据标识:03 30 03 00 数据:04 04 03
10-03-08 15:26:02>发送:68 11 11 11 11 11 11 68 1B 0C 35 33 33 33 33 33 33 33 32 32 32 32 BF 16
10-03-08 15:26:05>接收：68 11 11 11 11 11 11 68 9B 00 D1 16
10-03-08 15:26:05>解析：地址:11 11 11 11 11 11 控制码:9B 长度:00 数据标识: 数据:
10-03-08 15:26:12>发送:68 11 11 11 11 11 11 68 11 04 33 36 63 36 4D 16
10-03-08 15:26:12>接收：68 11 11 11 11 11 11 68 91 07 33 36 63 36 37 37 37 75 16
10-03-08 15:26:12>解析：地址:11 11 11 11 11 11 控制码:91 长度:07 数据标识:03 30 03 00 数据:04 04 04
10-03-08 15:28:13>发送:68 11 11 11 11 11 11 68 1B 0C 35 33 33 33 33 33 33 33 32 32 32 32 BF 16
10-03-08 15:28:17>接收：68 11 11 11 11 11 11 68 9B 00 D1 16
10-03-08 15:28:17>解析：地址:11 11 11 11 11 11 控制码:9B 长度:00 数据标识: 数据:
10-03-08 15:28:25>发送:68 11 11 11 11 11 11 68 11 04 33 36 63 36 4D 16
10-03-08 15:28:26>接收：68 11 11 11 11 11 11 68 91 07 33 36 63 36 38 37 37 76 16
10-03-08 15:28:26>解析：地址:11 11 11 11 11 11 控制码:91 长度:07 数据标识:03 30 03 00 数据:04 04 05
10-03-08 15:28:37>发送:68 11 11 11 11 11 11 68 1A 08 35 33 33 33 33 33 33 33 F2 16
10-03-08 15:28:43>接收：68 11 11 11 11 11 11 68 9A 00 D0 16
10-03-08 15:28:43>解析：地址:11 11 11 11 11 11 控制码:9A 长度:00 数据标识: 数据:
10-03-08 15:28:55>发送:68 11 11 11 11 11 11 68 11 04 33 36 63 36 4D 16
10-03-08 15:28:56>接收：68 11 11 11 11 11 11 68 91 07 33 36 63 36 33 33 33 69 16
10-03-08 15:28:56>解析：地址:11 11 11 11 11 11 控制码:91 长度:07 数据标识:03 30 03 00 数据:00 00 00
10-03-08 15:29:08>发送:68 11 11 11 11 11 11 68 1B 0C 35 33 33 33 33 33 33 33 32 32 32 32 BF 16
10-03-08 15:29:11>接收：68 11 11 11 11 11 11 68 9B 00 D1 16
10-03-08 15:29:11>解析：地址:11 11 11 11 11 11 控制码:9B 长度:00 数据标识: 数据:
10-03-08 15:29:27>发送:68 11 11 11 11 11 11 68 11 04 33 36 63 36 4D 16
10-03-08 15:29:28>接收：68 11 11 11 11 11 11 68 91 07 33 36 63 36 34 33 33 6A 16
10-03-08 15:29:28>解析：地址:11 11 11 11 11 11 控制码:91 长度:07 数据标识:03 30 03 00 数据:00 00 01
10-03-08 15:30:46>发送:68 11 11 11 11 11 11 68 11 04 33 36 63 36 4D 16
10-03-08 15:30:46>接收：68 11 11 11 11 11 11 68 91 07 33 36 63 36 34 33 33 6A 16
10-03-08 15:30:46>解析：地址:11 11 11 11 11 11 控制码:91 长度:07 数据标识:03 30 03 00 数据:00 00 01
10-03-08 15:31:29>发送:68 11 11 11 11 11 11 68 11 04 33 36 63 36 4D 16
10-03-08 15:31:29>接收：68 11 11 11 11 11 11 68 91 07 33 36 63 36 34 33 33 6A 16
10-03-08 15:31:29>解析：地址:11 11 11 11 11 11 控制码:91 长度:07 数据标识:03 30 03 00 数据:00 00 01
10-03-08 15:31:46>发送:68 11 11 11 11 11 11 68 1B 0C 35 33 33 33 33 33 33 33 32 32 32 32 BF 16
10-03-08 15:31:50>接收：68 11 11 11 11 11 11 68 9B 00 D1 16
10-03-08 15:31:50>解析：地址:11 11 11 11 11 11 控制码:9B 长度:00 数据标识: 数据:
10-03-08 15:31:55>发送:68 11 11 11 11 11 11 68 11 04 33 36 63 36 4D 16
10-03-08 15:31:56>接收：68 11 11 11 11 11 11 68 91 07 33 36 63 36 35 33 33 6B 16
10-03-08 15:31:56>解析：地址:11 11 11 11 11 11 控制码:91 长度:07 数据标识:03 30 03 00 数据:00 00 02
10-03-08 15:32:15>发送:68 11 11 11 11 11 11 68 11 04 33 36 63 36 4D 16
10-03-08 15:32:15>接收：68 11 11 11 11 11 11 68 91 07 33 36 63 36 34 35 33 6C 16
10-03-08 15:32:15>解析：地址:11 11 11 11 11 11 控制码:91 长度:07 数据标识:03 30 03 00 数据:00 02 01
10-03-08 15:39:27>发送:68 11 11 11 11 11 11 68 1A 08 35 33 33 33 33 33 33 33 F2 16
10-03-08 15:39:34>接收：68 11 11 11 11 11 11 68 9A 00 D0 16
10-03-08 15:39:34>解析：地址:11 11 11 11 11 11 控制码:9A 长度:00 数据标识: 数据:
10-03-08 15:39:43>发送:68 11 11 11 11 11 11 68 11 04 33 36 63 36 4D 16
10-03-08 15:39:43>接收：68 11 11 11 11 11 11 68 91 07 33 36 63 36 33 33 33 69 16
10-03-08 15:39:43>解析：地址:11 11 11 11 11 11 控制码:91 长度:07 数据标识:03 30 03 00 数据:00 00 00
10-03-08 15:39:50>发送:68 11 11 11 11 11 11 68 1B 0C 35 33 33 33 33 33 33 33 32 32 32 32 BF 16
10-03-08 15:39:53>接收：68 11 11 11 11 11 11 68 9B 00 D1 16
10-03-08 15:39:53>解析：地址:11 11 11 11 11 11 控制码:9B 长度:00 数据标识: 数据:
10-03-08 15:39:58>发送:68 11 11 11 11 11 11 68 11 04 33 36 63 36 4D 16
10-03-08 15:39:59>接收：68 11 11 11 11 11 11 68 91 07 33 36 63 36 34 33 33 6A 16
10-03-08 15:39:59>解析：地址:11 11 11 11 11 11 控制码:91 长度:07 数据标识:03 30 03 00 数据:00 00 01
10-03-08 15:40:25>发送:68 11 11 11 11 11 11 68 11 04 33 36 63 36 4D 16
10-03-08 15:40:25>接收：68 11 11 11 11 11 11 68 91 07 33 36 63 36 34 33 33 6A 16
10-03-08 15:40:25>解析：地址:11 11 11 11 11 11 控制码:91 长度:07 数据标识:03 30 03 00 数据:00 00 01
10-03-08 15:43:29>发送:68 11 11 11 11 11 11 68 11 04 34 36 33 37 1F 16
10-03-08 15:43:29>接收：68 11 11 11 11 11 11 68 91 05 34 36 33 37 38 D8 16
10-03-08 15:43:29>解析：地址:11 11 11 11 11 11 控制码:91 长度:05 数据标识:04 00 03 01 数据:05
10-03-08 15:44:00>发送:68 11 11 11 11 11 11 68 14 0D 34 36 33 37 37 33 33 33 33 33 33 33 35 FC 16
10-03-08 15:44:01>接收：68 11 11 11 11 11 11 68 D4 01 37 42 16
10-03-08 15:44:01>解析：地址:11 11 11 11 11 11 控制码:D4 长度:01 数据标识: 数据:04
10-03-08 15:44:09>发送:68 11 11 11 11 11 11 68 14 0D 34 36 33 37 35 33 33 33 33 33 33 33 35 FA 16
10-03-08 15:44:10>接收：68 11 11 11 11 11 11 68 94 00 CA 16
10-03-08 15:44:10>解析：地址:11 11 11 11 11 11 控制码:94 长度:00 数据标识: 数据:
10-03-08 15:44:16>发送:68 11 11 11 11 11 11 68 11 04 34 36 33 37 1F 16
10-03-08 15:44:16>接收：68 11 11 11 11 11 11 68 91 05 34 36 33 37 35 D5 16
10-03-08 15:44:16>解析：地址:11 11 11 11 11 11 控制码:91 长度:05 数据标识:04 00 03 01 数据:02
10-03-08 15:49:07>发送:68 11 11 11 11 11 11 68 14 0D 34 36 33 37 37 33 33 33 33 33 33 33 37 FE 16
10-03-08 15:49:07>接收：68 11 11 11 11 11 11 68 D4 01 37 42 16
10-03-08 15:49:07>解析：地址:11 11 11 11 11 11 控制码:D4 长度:01 数据标识: 数据:04
10-03-08 15:49:46>发送:68 11 11 11 11 11 11 68 14 0D 34 36 33 37 37 44 44 44 33 33 33 33 37 31 16
10-03-08 15:49:46>接收：68 11 11 11 11 11 11 68 94 00 CA 16
10-03-08 15:49:46>解析：地址:11 11 11 11 11 11 控制码:94 长度:00 数据标识: 数据:
10-03-08 15:50:24>发送:68 11 11 11 11 11 11 68 14 0D 34 36 33 37 37 44 44 44 33 33 33 33 38 32 16
10-03-08 15:50:24>接收：68 11 11 11 11 11 11 68 94 00 CA 16
10-03-08 15:50:24>解析：地址:11 11 11 11 11 11 控制码:94 长度:00 数据标识: 数据:
