10-02-24 09:56:24>发送:68 00 00 00 00 00 00 68 11 04 33 33 34 33 B2 16
10-02-24 09:56:24>接收：68 00 00 00 00 00 00 68 91 08 33 33 34 33 35 33 33 33 04 16
10-02-24 09:56:24>解析：地址:00 00 00 00 00 00 控制码:91 长度:08 数据标识:00 01 00 00 数据:00 00 00 02
10-02-24 09:57:39>发送:68 00 00 00 00 00 00 68 11 04 35 33 B3 35 35 16
10-02-24 09:57:40>接收：68 00 00 00 00 00 00 68 D1 01 35 D7 16
10-02-24 09:57:40>解析：地址:00 00 00 00 00 00 控制码:D1 长度:01 数据标识: 数据:02
10-02-24 10:26:17>发送:68 00 00 00 00 00 00 68 11 04 35 33 B3 35 35 16
10-02-24 10:26:17>接收：68 00 00 00 00 00 00 68 91 06 35 33 B3 35 7C 33 66 16
10-02-24 10:26:17>解析：地址:00 00 00 00 00 00 控制码:91 长度:06 数据标识:02 80 00 02 数据:00 49
10-02-24 10:26:25>发送:68 00 00 00 00 00 00 68 11 04 34 33 35 38 B9 16
10-02-24 10:26:25>接收：68 00 00 00 00 00 00 68 91 09 34 33 35 38 69 4A 56 35 43 BF 16
10-02-24 10:26:25>解析：地址:00 00 00 00 00 00 控制码:91 长度:09 数据标识:05 02 00 01 数据:10 02 23 17 36
10-02-24 10:26:34>发送:68 00 00 00 00 00 00 68 11 04 35 33 35 38 BA 16
10-02-24 10:26:34>接收：68 00 00 00 00 00 00 68 91 09 35 33 35 38 68 4A 56 35 43 BF 16
10-02-24 10:26:34>解析：地址:00 00 00 00 00 00 控制码:91 长度:09 数据标识:05 02 00 02 数据:10 02 23 17 35
10-02-24 10:26:46>发送:68 00 00 00 00 00 00 68 11 04 34 33 36 38 BA 16
10-02-24 10:26:46>接收：68 00 00 00 00 00 00 68 91 09 34 33 36 38 58 48 56 35 43 AD 16
10-02-24 10:26:46>解析：地址:00 00 00 00 00 00 控制码:91 长度:09 数据标识:05 03 00 01 数据:10 02 23 15 25
10-02-24 10:30:16>发送:68 00 00 00 00 00 00 68 11 04 35 33 B3 35 35 16
10-02-24 10:30:17>接收：68 00 00 00 00 00 00 68 91 06 35 33 B3 35 7C 33 66 16
10-02-24 10:30:17>解析：地址:00 00 00 00 00 00 控制码:91 长度:06 数据标识:02 80 00 02 数据:00 49
10-02-24 10:31:23>发送:68 00 00 00 00 00 00 68 11 04 35 33 B3 35 35 16
10-02-24 10:31:39>发送:68 00 00 00 00 00 00 68 11 04 35 33 B3 35 35 16
10-02-24 10:32:00>发送:68 11 11 11 11 11 11 68 11 04 35 33 B3 35 9B 16
10-02-24 10:33:24>发送:68 11 11 11 11 11 11 68 11 04 35 33 B3 35 9B 16
10-02-24 10:33:24>接收：68 11 11 11 11 11 11 68 91 06 35 33 B3 35 CC 7C 65 16
10-02-24 10:33:24>解析：地址:11 11 11 11 11 11 控制码:91 长度:06 数据标识:02 80 00 02 数据:49 99
10-02-24 10:41:59>发送:68 00 00 00 00 00 00 68 11 04 35 33 B3 35 35 16
10-02-24 10:41:59>接收：68 00 00 00 00 00 00 68 91 06 35 33 B3 35 CC 7C FF 16
10-02-24 10:41:59>解析：地址:00 00 00 00 00 00 控制码:91 长度:06 数据标识:02 80 00 02 数据:49 99
10-02-24 10:42:08>发送:68 00 00 00 00 00 00 68 11 04 35 33 B3 35 35 16
10-02-24 10:42:09>接收：68 00 00 00 00 00 00 68 91 06 35 33 B3 35 CC 7C FF 16
10-02-24 10:42:09>解析：地址:00 00 00 00 00 00 控制码:91 长度:06 数据标识:02 80 00 02 数据:49 99
10-02-24 10:42:10>发送:68 00 00 00 00 00 00 68 11 04 35 33 B3 35 35 16
10-02-24 10:42:10>接收：68 00 00 00 00 00 00 68 91 06 35 33 B3 35 CC 7C FF 16
10-02-24 10:42:10>解析：地址:00 00 00 00 00 00 控制码:91 长度:06 数据标识:02 80 00 02 数据:49 99
10-02-24 10:42:11>发送:68 00 00 00 00 00 00 68 11 04 35 33 B3 35 35 16
10-02-24 10:42:11>接收：68 00 00 00 00 00 00 68 91 06 35 33 B3 35 CC 7C FF 16
10-02-24 10:42:11>解析：地址:00 00 00 00 00 00 控制码:91 长度:06 数据标识:02 80 00 02 数据:49 99
10-02-24 10:42:17>发送:68 00 00 00 00 00 00 68 11 04 34 33 B3 35 34 16
10-02-24 10:42:17>接收：68 00 00 00 00 00 00 68 91 07 34 33 B3 35 4A 33 33 67 16
10-02-24 10:42:17>解析：地址:00 00 00 00 00 00 控制码:91 长度:07 数据标识:02 80 00 01 数据:00 00 17
10-02-24 10:43:18>发送:68 00 00 00 00 00 00 68 11 04 35 33 B3 35 35 16
10-02-24 10:43:19>接收：68 00 00 00 00 00 00 68 91 06 35 33 B3 35 CC 7C FF 16
10-02-24 10:43:19>解析：地址:00 00 00 00 00 00 控制码:91 长度:06 数据标识:02 80 00 02 数据:49 99
10-02-24 10:43:29>发送:68 00 00 00 00 00 00 68 11 04 3D 33 B3 35 3D 16
10-02-24 10:43:30>接收：68 00 00 00 00 00 00 68 91 08 3D 33 B3 35 76 46 97 44 58 16
10-02-24 10:43:30>解析：地址:00 00 00 00 00 00 控制码:91 长度:08 数据标识:02 80 00 0A 数据:11 64 13 43
10-02-24 10:49:40>发送:68 00 00 00 00 00 00 68 11 04 37 36 33 37 BC 16
10-02-24 10:49:40>接收：68 00 00 00 00 00 00 68 D1 01 35 D7 16
10-02-24 10:49:40>解析：地址:00 00 00 00 00 00 控制码:D1 长度:01 数据标识: 数据:02
10-02-24 10:49:52>发送:68 00 00 00 00 00 00 68 11 04 34 37 33 37 BA 16
10-02-24 10:49:52>接收：68 00 00 00 00 00 00 68 91 0A 34 37 33 37 33 33 33 33 33 33 72 16
10-02-24 10:49:52>解析：地址:00 00 00 00 00 00 控制码:91 长度:0A 数据标识:04 00 04 01 数据:00 00 00 00 00 00
10-02-24 10:49:55>发送:68 00 00 00 00 00 00 68 11 04 35 37 33 37 BB 16
10-02-24 10:49:56>接收：68 00 00 00 00 00 00 68 91 0A 35 37 33 37 33 33 33 33 33 33 73 16
10-02-24 10:49:56>解析：地址:00 00 00 00 00 00 控制码:91 长度:0A 数据标识:04 00 04 02 数据:00 00 00 00 00 00
10-02-24 10:50:21>发送:68 00 00 00 00 00 00 68 11 04 37 37 33 37 BD 16
10-02-24 10:50:21>接收：68 00 00 00 00 00 00 68 91 0A 37 37 33 37 89 63 65 65 33 33 5F 16
10-02-24 10:50:21>解析：地址:00 00 00 00 00 00 控制码:91 长度:0A 数据标识:04 00 04 04 数据:00 00 32 32 30 56
10-02-24 10:50:29>发送:68 00 00 00 00 00 00 68 11 04 38 37 33 37 BE 16
10-02-24 10:50:29>接收：68 00 00 00 00 00 00 68 91 0A 38 37 33 37 74 63 64 33 33 33 18 16
10-02-24 10:50:29>解析：地址:00 00 00 00 00 00 控制码:91 长度:0A 数据标识:04 00 04 05 数据:00 00 00 31 30 41
10-02-24 10:50:34>发送:68 00 00 00 00 00 00 68 11 04 39 37 33 37 BF 16
10-02-24 10:50:34>接收：68 00 00 00 00 00 00 68 91 0A 39 37 33 37 74 63 69 33 33 33 1E 16
10-02-24 10:50:34>解析：地址:00 00 00 00 00 00 控制码:91 长度:0A 数据标识:04 00 04 06 数据:00 00 00 36 30 41
10-02-24 10:50:38>发送:68 00 00 00 00 00 00 68 11 04 3A 37 33 37 C0 16
10-02-24 10:50:39>接收：68 00 00 00 00 00 00 68 91 08 3A 37 33 37 63 61 65 33 A0 16
10-02-24 10:50:39>解析：地址:00 00 00 00 00 00 控制码:91 长度:08 数据标识:04 00 04 07 数据:00 32 2E 30
10-02-24 10:50:46>发送:68 00 00 00 00 00 00 68 11 04 3B 37 33 37 C1 16
10-02-24 10:50:47>接收：68 00 00 00 00 00 00 68 D1 01 35 D7 16
10-02-24 10:50:47>解析：地址:00 00 00 00 00 00 控制码:D1 长度:01 数据标识: 数据:02
10-02-24 10:50:52>发送:68 00 00 00 00 00 00 68 11 04 3C 37 33 37 C2 16
10-02-24 10:50:52>接收：68 00 00 00 00 00 00 68 91 07 3C 37 33 37 33 45 33 F0 16
10-02-24 10:50:52>解析：地址:00 00 00 00 00 00 控制码:91 长度:07 数据标识:04 00 04 09 数据:00 12 00
10-02-24 10:50:57>发送:68 00 00 00 00 00 00 68 11 04 3D 37 33 37 C3 16
10-02-24 10:50:58>接收：68 00 00 00 00 00 00 68 D1 01 35 D7 16
10-02-24 10:50:58>解析：地址:00 00 00 00 00 00 控制码:D1 长度:01 数据标识: 数据:02
10-02-24 10:51:15>发送:68 00 00 00 00 00 00 68 11 04 3E 37 33 37 C4 16
10-02-24 10:51:15>接收：68 04 9F 00 BC 0D FF 68 B5 0E 32 32 32 32 33 33 33 33 33 33 33 33 33 33 C4 16
10-02-24 10:51:15>解析：地址:FF 0D BC 00 9F 04 控制码:B5 长度:0E 数据标识:FF FF FF FF 数据:00 00 00 00 00 00 00 00 00 00
10-02-24 10:51:18>发送:68 00 00 00 00 00 00 68 11 04 3F 37 33 37 C5 16
10-02-24 10:51:19>接收：68 17 8E 8E FB 31 0E 68 94 0E 2E B8 90 30 68 65 61 65 63 61 63 64 63 65 6B 16
10-02-24 10:51:19>解析：地址:0E 31 FB 8E 8E 17 控制码:94 长度:0E 数据标识: 数据:FB 85 5D FD 35 32 2E 32 30 2E 30 31 30 32
10-02-24 10:51:45>发送:68 00 00 00 00 00 00 68 11 04 40 37 33 37 C6 16
10-02-24 10:51:57>发送:68 00 00 00 00 00 00 68 11 04 34 39 33 37 BC 16
10-02-24 10:51:57>接收：68 00 00 00 00 00 00 68 91 05 34 39 33 37 34 71 16
10-02-24 10:51:57>解析：地址:00 00 00 00 00 00 控制码:91 长度:05 数据标识:04 00 06 01 数据:01
10-02-24 10:52:13>发送:68 00 00 00 00 00 00 68 11 04 34 3A 33 37 BD 16
10-02-24 10:52:13>接收：68 00 00 00 00 00 00 68 91 05 34 3A 33 37 37 75 16
10-02-24 10:52:13>解析：地址:00 00 00 00 00 00 控制码:91 长度:05 数据标识:04 00 07 01 数据:04
10-02-24 10:52:17>发送:68 00 00 00 00 00 00 68 11 04 36 3A 33 37 BF 16
10-02-24 10:52:17>接收：68 00 00 00 00 00 00 68 91 05 36 3A 33 37 3B 7B 16
10-02-24 10:52:17>解析：地址:00 00 00 00 00 00 控制码:91 长度:05 数据标识:04 00 07 03 数据:08
10-02-24 10:52:22>发送:68 00 00 00 00 00 00 68 11 04 34 3B 33 37 BE 16
10-02-24 10:52:23>接收：68 00 00 00 00 00 00 68 91 05 34 3B 33 37 71 B0 16
10-02-24 10:52:23>解析：地址:00 00 00 00 00 00 控制码:91 长度:05 数据标识:04 00 08 01 数据:3E
10-02-24 10:52:29>发送:68 00 00 00 00 00 00 68 11 04 35 3B 33 37 BF 16
10-02-24 10:52:30>接收：68 00 00 00 00 00 00 68 91 05 35 3B 33 37 34 74 16
10-02-24 10:52:30>解析：地址:00 00 00 00 00 00 控制码:91 长度:05 数据标识:04 00 08 02 数据:01
10-02-24 10:52:44>发送:68 00 00 00 00 00 00 68 11 04 35 3C 33 37 C0 16
10-02-24 10:52:44>接收：68 00 00 00 00 00 00 68 91 05 35 3C 33 37 B6 F7 16
10-02-24 10:52:44>解析：地址:00 00 00 00 00 00 控制码:91 长度:05 数据标识:04 00 09 02 数据:83
10-02-24 10:55:16>发送:68 00 00 00 00 00 00 68 11 04 34 3E 33 37 C1 16
10-02-24 10:55:16>接收：68 00 00 00 00 00 00 68 91 05 34 3E 33 37 33 75 16
10-02-24 10:55:16>解析：地址:00 00 00 00 00 00 控制码:91 长度:05 数据标识:04 00 0B 01 数据:00
10-02-24 10:56:22>发送:68 00 00 00 00 00 00 68 11 04 33 34 34 37 B7 16
10-02-24 10:56:32>发送:68 00 00 00 00 00 00 68 11 04 34 34 34 37 B8 16
10-02-24 10:56:46>发送:68 00 00 00 00 00 00 68 11 04 33 34 34 37 B7 16
10-02-24 10:57:01>发送:68 00 00 00 00 00 00 68 11 04 33 34 34 37 B7 16
10-02-24 10:57:17>发送:68 00 00 00 00 00 00 68 11 04 33 34 34 37 B7 16
10-02-24 10:59:19>发送:68 00 00 00 00 00 00 68 11 04 34 34 36 37 BA 16
10-02-24 10:59:19>接收：68 00 00 00 00 00 00 68 D1 01 35 D7 16
10-02-24 10:59:19>解析：地址:00 00 00 00 00 00 控制码:D1 长度:01 数据标识: 数据:02
10-02-24 11:01:20>发送:68 00 00 00 00 00 00 68 11 04 41 37 33 37 C7 16
10-02-24 11:01:20>接收：68 00 00 00 00 00 00 68 91 0A 41 37 33 37 44 44 44 44 44 44 E5 16
10-02-24 11:01:20>解析：地址:00 00 00 00 00 00 控制码:91 长度:0A 数据标识:04 00 04 0E 数据:11 11 11 11 11 11
10-02-24 11:02:38>发送:68 00 00 00 00 00 00 68 11 04 36 37 33 37 BC 16
10-02-24 11:02:42>发送:68 00 00 00 00 00 00 68 11 04 36 37 33 37 BC 16
10-02-24 11:02:47>发送:68 00 00 00 00 00 00 68 11 04 37 37 33 37 BD 16
10-02-24 11:02:48>接收：68 00 00 00 00 00 00 68 91 0A 37 37 33 37 89 63 65 65 33 33 5F 16
10-02-24 11:02:48>解析：地址:00 00 00 00 00 00 控制码:91 长度:0A 数据标识:04 00 04 04 数据:00 00 32 32 30 56
10-02-24 11:02:53>发送:68 00 00 00 00 00 00 68 11 04 36 37 33 37 BC 16
10-02-24 11:03:02>发送:68 00 00 00 00 00 00 68 11 04 36 37 33 37 BC 16
10-02-24 11:09:40>发送:68 00 00 00 00 00 00 68 11 04 36 37 33 37 BC 16
10-02-24 11:09:40>接收：68 00 00 00 00 00 00 68 91 24 36 37 33 37 33 33 33 33 33 33 3A 57 33 34 34 43 33 33 33 33 33 33 5A 3A 33 33 33 33 32 33 33 32 32 32 32 32 21 16
10-02-24 11:09:40>解析：地址:00 00 00 00 00 00 控制码:91 长度:24 数据标识:04 00 04 03 数据:FF FF FF FF FF 00 00 FF 00 00 00 00 07 27 00 00 00 00 00 00 10 01 01 00 24 07 00 00 00 00 00 00
10-02-24 11:10:45>发送:68 00 00 00 00 00 00 68 11 04 34 3E 33 37 C1 16
10-02-24 11:10:45>接收：68 00 00 00 00 00 00 68 91 06 34 3E 33 37 33 34 AA 16
10-02-24 11:10:45>解析：地址:00 00 00 00 00 00 控制码:91 长度:06 数据标识:04 00 0B 01 数据:01 00
10-02-24 11:10:56>发送:68 00 00 00 00 00 00 68 11 04 35 3E 33 37 C2 16
10-02-24 11:10:56>接收：68 00 00 00 00 00 00 68 91 06 35 3E 33 37 CC CC DC 16
10-02-24 11:10:56>解析：地址:00 00 00 00 00 00 控制码:91 长度:06 数据标识:04 00 0B 02 数据:99 99
10-02-24 11:11:35>发送:68 00 00 00 00 00 00 68 11 04 33 34 34 37 B7 16
10-02-24 11:11:35>接收：68 00 00 00 00 00 00 68 91 2E 33 34 34 37 34 34 34 35 34 37 36 34 3A 37 34 43 33 33 33 33 33 33 33 33 33 33 33 33 33 33 33 33 33 33 33 33 33 33 33 33 33 33 33 33 33 33 E9 16
10-02-24 11:11:35>解析：地址:00 00 00 00 00 00 控制码:91 长度:2E 数据标识:04 01 01 00 数据:00 00 00 00 00 00 00 00 00 00 00 00 00 00 00 00 00 00 00 00 00 00 00 00 00 00 00 00 00 00 10 01 04 07 01 03 04 01 02 01 01 01
10-02-24 11:13:06>发送:68 00 00 00 00 00 00 68 11 04 34 34 34 37 B8 16
10-02-24 11:13:06>接收：68 00 00 00 00 00 00 68 91 2E 34 34 34 37 34 33 34 35 33 37 36 33 3A 37 33 43 34 33 46 35 33 49 36 33 4C 37 33 55 33 33 33 33 33 33 33 33 33 33 33 33 33 33 33 33 33 33 54 16
10-02-24 11:13:06>解析：地址:00 00 00 00 00 00 控制码:91 长度:2E 数据标识:04 01 01 01 数据:00 00 00 00 00 00 00 00 00 00 00 00 00 00 00 00 00 00 22 00 04 19 00 03 16 00 02 13 00 01 10 00 04 07 00 03 04 00 02 01 00 01
10-02-24 11:13:38>发送:68 00 00 00 00 00 00 68 11 04 41 34 34 37 C5 16
10-02-24 11:13:38>接收：68 00 00 00 00 00 00 68 D1 01 35 D7 16
10-02-24 11:13:38>解析：地址:00 00 00 00 00 00 控制码:D1 长度:01 数据标识: 数据:02
10-02-24 11:13:44>发送:68 00 00 00 00 00 00 68 11 04 40 34 34 37 C4 16
10-02-24 11:13:44>接收：68 00 00 00 00 00 00 68 D1 01 35 D7 16
10-02-24 11:13:44>解析：地址:00 00 00 00 00 00 控制码:D1 长度:01 数据标识: 数据:02
10-02-24 11:13:49>发送:68 00 00 00 00 00 00 68 11 04 3F 34 34 37 C3 16
10-02-24 11:13:49>接收：68 00 00 00 00 00 00 68 D1 01 35 D7 16
10-02-24 11:13:49>解析：地址:00 00 00 00 00 00 控制码:D1 长度:01 数据标识: 数据:02
10-02-24 11:13:52>发送:68 00 00 00 00 00 00 68 11 04 3E 34 34 37 C2 16
10-02-24 11:13:52>接收：68 00 00 00 00 00 00 68 D1 01 35 D7 16
10-02-24 11:13:52>解析：地址:00 00 00 00 00 00 控制码:D1 长度:01 数据标识: 数据:02
10-02-24 11:13:55>发送:68 00 00 00 00 00 00 68 11 04 3D 34 34 37 C1 16
10-02-24 11:13:55>接收：68 00 00 00 00 00 00 68 D1 01 35 D7 16
10-02-24 11:13:55>解析：地址:00 00 00 00 00 00 控制码:D1 长度:01 数据标识: 数据:02
10-02-24 11:13:58>发送:68 00 00 00 00 00 00 68 11 04 3C 34 34 37 C0 16
10-02-24 11:13:58>接收：68 00 00 00 00 00 00 68 D1 01 35 D7 16
10-02-24 11:13:58>解析：地址:00 00 00 00 00 00 控制码:D1 长度:01 数据标识: 数据:02
10-02-24 11:14:01>发送:68 00 00 00 00 00 00 68 11 04 3A 34 34 37 BE 16
10-02-24 11:14:02>接收：68 00 00 00 00 00 00 68 91 2E 3A 34 34 37 33 33 33 33 33 33 33 33 33 33 33 33 33 33 33 33 33 33 33 33 33 33 33 33 33 33 33 33 33 33 33 33 33 33 33 33 33 33 33 33 33 33 C6 16
10-02-24 11:14:02>解析：地址:00 00 00 00 00 00 控制码:91 长度:2E 数据标识:04 01 01 07 数据:00 00 00 00 00 00 00 00 00 00 00 00 00 00 00 00 00 00 00 00 00 00 00 00 00 00 00 00 00 00 00 00 00 00 00 00 00 00 00 00 00 00
10-02-24 11:14:05>发送:68 00 00 00 00 00 00 68 11 04 3B 34 34 37 BF 16
10-02-24 11:14:05>接收：68 00 00 00 00 00 00 68 91 2E 3B 34 34 37 33 33 33 33 33 33 33 33 33 33 33 33 33 33 33 33 33 33 33 33 33 33 33 33 33 33 33 33 33 33 33 33 33 33 33 33 33 33 33 33 33 33 C7 16
10-02-24 11:14:05>解析：地址:00 00 00 00 00 00 控制码:91 长度:2E 数据标识:04 01 01 08 数据:00 00 00 00 00 00 00 00 00 00 00 00 00 00 00 00 00 00 00 00 00 00 00 00 00 00 00 00 00 00 00 00 00 00 00 00 00 00 00 00 00 00
10-02-24 11:14:15>发送:68 00 00 00 00 00 00 68 11 04 33 34 35 37 B8 16
10-02-24 11:14:15>接收：68 00 00 00 00 00 00 68 91 2E 33 34 35 37 35 34 34 36 34 37 37 34 3A 34 34 43 33 33 33 33 33 33 33 33 33 33 33 33 33 33 33 33 33 33 33 33 33 33 33 33 33 33 33 33 33 33 EA 16
10-02-24 11:14:15>解析：地址:00 00 00 00 00 00 控制码:91 长度:2E 数据标识:04 02 01 00 数据:00 00 00 00 00 00 00 00 00 00 00 00 00 00 00 00 00 00 00 00 00 00 00 00 00 00 00 00 00 00 10 01 01 07 01 04 04 01 03 01 01 02
10-02-24 11:14:19>发送:68 00 00 00 00 00 00 68 11 04 34 34 35 37 B9 16
10-02-24 11:14:19>接收：68 00 00 00 00 00 00 68 91 2E 34 34 35 37 34 33 35 35 33 38 36 33 3B 37 33 44 34 33 47 35 33 4A 36 33 53 37 33 56 33 33 33 33 33 33 33 33 33 33 33 33 33 33 33 33 33 33 63 16
10-02-24 11:14:19>解析：地址:00 00 00 00 00 00 控制码:91 长度:2E 数据标识:04 02 01 01 数据:00 00 00 00 00 00 00 00 00 00 00 00 00 00 00 00 00 00 23 00 04 20 00 03 17 00 02 14 00 01 11 00 04 08 00 03 05 00 02 02 00 01
10-02-24 11:14:46>发送:68 00 00 00 00 00 00 68 11 04 34 34 36 37 BA 16
10-02-24 11:14:46>接收：68 00 00 00 00 00 00 68 91 08 34 34 36 37 34 34 34 3C 16 16
10-02-24 11:14:46>解析：地址:00 00 00 00 00 00 控制码:91 长度:08 数据标识:04 03 01 01 数据:09 01 01 01
10-02-24 11:14:57>发送:68 00 00 00 00 00 00 68 11 04 34 34 36 37 BA 16
10-02-24 11:14:57>接收：68 00 00 00 00 00 00 68 91 08 34 34 36 37 34 34 34 3C 16 16
10-02-24 11:14:57>解析：地址:00 00 00 00 00 00 控制码:91 长度:08 数据标识:04 03 01 01 数据:09 01 01 01
10-02-24 11:15:34>发送:68 00 00 00 00 00 00 68 11 04 38 35 33 37 BC 16
10-02-24 11:15:34>接收：68 00 00 00 00 00 00 68 91 06 38 35 33 37 49 33 BA 16
10-02-24 11:15:34>解析：地址:00 00 00 00 00 00 控制码:91 长度:06 数据标识:04 00 02 05 数据:00 16
10-02-24 11:15:54>发送:68 00 00 00 00 00 00 68 11 04 38 35 33 37 BC 16
10-02-24 11:15:54>接收：68 00 00 00 00 00 00 68 91 06 38 35 33 37 49 33 BA 16
10-02-24 11:15:54>解析：地址:00 00 00 00 00 00 控制码:91 长度:06 数据标识:04 00 02 05 数据:00 16
10-02-24 11:16:03>发送:68 00 00 00 00 00 00 68 11 04 34 34 36 37 BA 16
10-02-24 11:16:04>接收：68 00 00 00 00 00 00 68 91 08 34 34 36 37 34 34 34 3C 16 16
10-02-24 11:16:04>解析：地址:00 00 00 00 00 00 控制码:91 长度:08 数据标识:04 03 01 01 数据:09 01 01 01
10-02-24 11:17:38>发送:68 00 00 00 00 00 00 68 11 04 34 34 B3 37 37 16
10-02-24 11:17:38>接收：68 00 00 00 00 00 00 68 D1 01 35 D7 16
10-02-24 11:17:38>解析：地址:00 00 00 00 00 00 控制码:D1 长度:01 数据标识: 数据:02
10-02-24 14:37:10>发送:68 00 00 00 00 00 00 68 11 04 34 35 33 37 B8 16
10-02-24 14:37:10>接收：68 00 00 00 00 00 00 68 91 05 34 35 33 37 37 70 16
10-02-24 14:37:10>解析：地址:00 00 00 00 00 00 控制码:91 长度:05 数据标识:04 00 02 01 数据:04
10-02-24 15:12:05>发送:68 00 00 00 00 00 00 68 14 0D 34 35 33 37 37 44 44 44 33 33 33 33 35 C8 16
10-02-24 15:12:05>接收：68 00 00 00 00 00 00 68 94 00 64 16
10-02-24 15:12:05>解析：地址:00 00 00 00 00 00 控制码:94 长度:00 数据标识: 数据:
10-02-24 15:12:13>发送:68 00 00 00 00 00 00 68 11 04 34 35 33 37 B8 16
10-02-24 15:12:13>接收：68 00 00 00 00 00 00 68 91 05 34 35 33 37 35 6E 16
10-02-24 15:12:13>解析：地址:00 00 00 00 00 00 控制码:91 长度:05 数据标识:04 00 02 01 数据:02
10-02-24 15:12:29>发送:68 00 00 00 00 00 00 68 14 0D 34 35 33 37 37 44 44 44 33 33 33 33 37 CA 16
10-02-24 15:12:30>接收：68 00 00 00 00 00 00 68 94 00 64 16
10-02-24 15:12:30>解析：地址:00 00 00 00 00 00 控制码:94 长度:00 数据标识: 数据:
10-02-24 15:12:45>发送:68 00 00 00 00 00 00 68 11 04 34 35 33 37 B8 16
10-02-24 15:12:45>接收：68 00 00 00 00 00 00 68 91 05 34 35 33 37 37 70 16
10-02-24 15:12:45>解析：地址:00 00 00 00 00 00 控制码:91 长度:05 数据标识:04 00 02 01 数据:04
10-02-24 15:12:58>发送:68 00 00 00 00 00 00 68 11 04 38 35 33 37 BC 16
10-02-24 15:12:59>接收：68 00 00 00 00 00 00 68 91 06 38 35 33 37 49 33 BA 16
10-02-24 15:12:59>解析：地址:00 00 00 00 00 00 控制码:91 长度:06 数据标识:04 00 02 05 数据:00 16
10-02-24 15:13:14>发送:68 00 00 00 00 00 00 68 14 0D 38 35 33 37 37 44 44 44 33 33 33 33 33 CA 16
10-02-24 15:13:14>接收：68 00 00 00 00 00 00 68 94 00 64 16
10-02-24 15:13:14>解析：地址:00 00 00 00 00 00 控制码:94 长度:00 数据标识: 数据:
10-02-24 15:13:20>发送:68 00 00 00 00 00 00 68 11 04 38 35 33 37 BC 16
10-02-24 15:13:20>接收：68 00 00 00 00 00 00 68 91 06 38 35 33 37 33 33 A4 16
10-02-24 15:13:20>解析：地址:00 00 00 00 00 00 控制码:91 长度:06 数据标识:04 00 02 05 数据:00 00
10-02-24 15:14:01>发送:68 00 00 00 00 00 00 68 14 11 39 34 33 37 37 44 44 44 33 33 33 33 33 45 34 34 43 BE 16
10-02-24 15:14:02>接收：68 00 00 00 00 00 00 68 94 00 64 16
10-02-24 15:14:02>解析：地址:00 00 00 00 00 00 控制码:94 长度:00 数据标识: 数据:
10-02-24 15:15:08>发送:68 00 00 00 00 00 00 68 11 04 34 33 35 38 B9 16
10-02-24 15:15:08>接收：68 00 00 00 00 00 00 68 91 09 34 33 35 38 46 48 57 35 43 9B 16
10-02-24 15:15:08>解析：地址:00 00 00 00 00 00 控制码:91 长度:09 数据标识:05 02 00 01 数据:10 02 24 15 13
10-02-24 15:15:26>发送:68 00 00 00 00 00 00 68 11 04 34 34 35 38 BA 16
10-02-24 15:15:27>接收：68 00 00 00 00 00 00 68 91 18 34 34 35 38 35 33 33 33 35 33 33 33 33 33 33 33 33 33 33 33 33 33 33 33 4E 16
10-02-24 15:15:27>解析：地址:00 00 00 00 00 00 控制码:91 长度:18 数据标识:05 02 01 01 数据:00 00 00 00 00 00 00 00 00 00 00 00 00 00 00 02 00 00 00 02
10-02-24 15:15:32>发送:68 00 00 00 00 00 00 68 11 04 35 33 35 38 BA 16
10-02-24 15:15:32>接收：68 00 00 00 00 00 00 68 91 09 35 33 35 38 69 4A 56 35 43 C0 16
10-02-24 15:15:32>解析：地址:00 00 00 00 00 00 控制码:91 长度:09 数据标识:05 02 00 02 数据:10 02 23 17 36
10-02-24 15:15:58>发送:68 00 00 00 00 00 00 68 14 11 39 34 33 37 37 44 44 44 33 33 33 33 33 45 34 34 43 BE 16
10-02-24 15:15:58>接收：68 00 00 00 00 00 00 68 94 00 64 16
10-02-24 15:15:58>解析：地址:00 00 00 00 00 00 控制码:94 长度:00 数据标识: 数据:
10-02-24 15:16:23>发送:68 00 00 00 00 00 00 68 11 04 35 33 35 38 BA 16
10-02-24 15:16:24>接收：68 00 00 00 00 00 00 68 91 09 35 33 35 38 46 48 57 35 43 9C 16
10-02-24 15:16:24>解析：地址:00 00 00 00 00 00 控制码:91 长度:09 数据标识:05 02 00 02 数据:10 02 24 15 13
10-02-24 15:16:32>发送:68 00 00 00 00 00 00 68 11 04 34 33 35 38 B9 16
10-02-24 15:16:32>接收：68 00 00 00 00 00 00 68 91 09 34 33 35 38 48 48 57 35 43 9D 16
10-02-24 15:16:32>解析：地址:00 00 00 00 00 00 控制码:91 长度:09 数据标识:05 02 00 01 数据:10 02 24 15 15
10-02-24 15:17:08>发送:68 00 00 00 00 00 00 68 14 11 3A 34 33 37 37 44 44 44 33 33 33 33 33 45 34 34 43 BF 16
10-02-24 15:17:09>接收：68 00 00 00 00 00 00 68 94 00 64 16
10-02-24 15:17:09>解析：地址:00 00 00 00 00 00 控制码:94 长度:00 数据标识: 数据:
10-02-24 15:17:35>发送:68 00 00 00 00 00 00 68 11 04 34 33 36 38 BA 16
10-02-24 15:17:35>接收：68 00 00 00 00 00 00 68 91 09 34 33 36 38 58 48 56 35 43 AD 16
10-02-24 15:17:35>解析：地址:00 00 00 00 00 00 控制码:91 长度:09 数据标识:05 03 00 01 数据:10 02 23 15 25
10-02-24 15:18:07>发送:68 00 00 00 00 00 00 68 11 04 35 33 36 38 BB 16
10-02-24 15:18:07>接收：68 00 00 00 00 00 00 68 91 09 35 33 36 38 57 48 56 35 43 AD 16
10-02-24 15:18:07>解析：地址:00 00 00 00 00 00 控制码:91 长度:09 数据标识:05 03 00 02 数据:10 02 23 15 24
10-02-24 15:22:16>发送:68 00 00 00 00 00 00 68 14 11 3A 34 33 37 37 44 44 44 33 33 33 33 33 45 34 34 43 BF 16
10-02-24 15:22:16>接收：68 00 00 00 00 00 00 68 94 00 64 16
10-02-24 15:22:16>解析：地址:00 00 00 00 00 00 控制码:94 长度:00 数据标识: 数据:
10-02-24 15:22:27>发送:68 00 00 00 00 00 00 68 11 04 34 33 36 38 BA 16
10-02-24 15:22:27>接收：68 00 00 00 00 00 00 68 91 09 34 33 36 38 54 48 57 35 43 AA 16
10-02-24 15:22:27>解析：地址:00 00 00 00 00 00 控制码:91 长度:09 数据标识:05 03 00 01 数据:10 02 24 15 21
10-02-24 15:22:47>发送:68 00 00 00 00 00 00 68 14 11 3A 34 33 37 37 44 44 44 33 33 33 33 33 45 34 34 43 BF 16
10-02-24 15:22:48>接收：68 00 00 00 00 00 00 68 94 00 64 16
10-02-24 15:22:48>解析：地址:00 00 00 00 00 00 控制码:94 长度:00 数据标识: 数据:
10-02-24 15:22:57>发送:68 00 00 00 00 00 00 68 11 04 34 33 36 38 BA 16
10-02-24 15:22:58>接收：68 00 00 00 00 00 00 68 91 09 34 33 36 38 55 48 57 35 43 AB 16
10-02-24 15:22:58>解析：地址:00 00 00 00 00 00 控制码:91 长度:09 数据标识:05 03 00 01 数据:10 02 24 15 22
10-02-24 15:23:02>发送:68 00 00 00 00 00 00 68 11 04 35 33 36 38 BB 16
10-02-24 15:23:03>接收：68 00 00 00 00 00 00 68 91 09 35 33 36 38 54 48 57 35 43 AB 16
10-02-24 15:23:03>解析：地址:00 00 00 00 00 00 控制码:91 长度:09 数据标识:05 03 00 02 数据:10 02 24 15 21
10-02-24 16:14:31>发送:68 00 00 00 00 00 00 68 11 04 33 33 33 33 B1 16
10-02-24 16:14:53>发送:68 00 00 00 00 00 00 68 11 04 33 33 34 33 B2 16
10-02-24 16:15:29>发送:68 00 00 00 00 00 00 68 11 04 33 33 34 33 B2 16
10-02-24 16:15:29>接收：68 00 00 00 00 00 00 68 91 08 33 33 34 33 35 33 33 33 04 16
10-02-24 16:15:29>解析：地址:00 00 00 00 00 00 控制码:91 长度:08 数据标识:00 01 00 00 数据:00 00 00 02
10-02-24 16:16:11>发送:68 00 00 00 00 00 00 68 11 04 33 33 33 33 B1 16
10-02-24 16:16:11>接收：68 00 00 00 00 00 00 68 91 08 33 33 33 33 A7 33 33 33 75 16
10-02-24 16:16:11>解析：地址:00 00 00 00 00 00 控制码:91 长度:08 数据标识:00 00 00 00 数据:00 00 00 74
10-02-24 16:16:16>发送:68 00 00 00 00 00 00 68 11 04 33 34 33 33 B2 16
10-02-24 16:16:16>接收：68 00 00 00 00 00 00 68 91 08 33 34 33 33 5C 33 33 33 2B 16
10-02-24 16:16:16>解析：地址:00 00 00 00 00 00 控制码:91 长度:08 数据标识:00 00 01 00 数据:00 00 00 29
10-02-24 16:16:18>发送:68 00 00 00 00 00 00 68 11 04 33 35 33 33 B3 16
10-02-24 16:16:19>接收：68 00 00 00 00 00 00 68 91 08 33 35 33 33 4B 33 33 33 1B 16
10-02-24 16:16:19>解析：地址:00 00 00 00 00 00 控制码:91 长度:08 数据标识:00 00 02 00 数据:00 00 00 18
10-02-24 16:16:22>发送:68 00 00 00 00 00 00 68 11 04 33 36 33 33 B4 16
10-02-24 16:16:22>接收：68 00 00 00 00 00 00 68 91 08 33 36 33 33 4B 33 33 33 1C 16
10-02-24 16:16:22>解析：地址:00 00 00 00 00 00 控制码:91 长度:08 数据标识:00 00 03 00 数据:00 00 00 18
10-02-24 16:16:24>发送:68 00 00 00 00 00 00 68 11 04 33 37 33 33 B5 16
10-02-24 16:16:25>接收：68 00 00 00 00 00 00 68 91 08 33 37 33 33 3C 33 33 33 0E 16
10-02-24 16:16:25>解析：地址:00 00 00 00 00 00 控制码:91 长度:08 数据标识:00 00 04 00 数据:00 00 00 09
10-02-24 16:16:32>发送:68 00 00 00 00 00 00 68 11 04 33 32 33 33 B0 16
10-02-24 16:16:33>接收：68 00 00 00 00 00 00 68 91 18 33 32 33 33 A7 33 33 33 5C 33 33 33 4B 33 33 33 4B 33 33 33 3C 33 33 33 16 16
10-02-24 16:16:33>解析：地址:00 00 00 00 00 00 控制码:91 长度:18 数据标识:00 00 FF 00 数据:00 00 00 09 00 00 00 18 00 00 00 18 00 00 00 29 00 00 00 74
10-02-24 16:16:40>发送:68 00 00 00 00 00 00 68 11 04 33 33 34 33 B2 16
10-02-24 16:16:41>接收：68 00 00 00 00 00 00 68 91 08 33 33 34 33 35 33 33 33 04 16
10-02-24 16:16:41>解析：地址:00 00 00 00 00 00 控制码:91 长度:08 数据标识:00 01 00 00 数据:00 00 00 02
10-02-24 16:16:43>发送:68 00 00 00 00 00 00 68 11 04 33 34 34 33 B3 16
10-02-24 16:16:44>接收：68 00 00 00 00 00 00 68 91 08 33 34 34 33 35 33 33 33 05 16
10-02-24 16:16:44>解析：地址:00 00 00 00 00 00 控制码:91 长度:08 数据标识:00 01 01 00 数据:00 00 00 02
10-02-24 16:16:46>发送:68 00 00 00 00 00 00 68 11 04 33 35 34 33 B4 16
10-02-24 16:16:47>接收：68 00 00 00 00 00 00 68 91 08 33 35 34 33 33 33 33 33 04 16
10-02-24 16:16:47>解析：地址:00 00 00 00 00 00 控制码:91 长度:08 数据标识:00 01 02 00 数据:00 00 00 00
10-02-24 16:16:49>发送:68 00 00 00 00 00 00 68 11 04 33 36 34 33 B5 16
10-02-24 16:16:49>接收：68 00 00 00 00 00 00 68 91 08 33 36 34 33 33 33 33 33 05 16
10-02-24 16:16:49>解析：地址:00 00 00 00 00 00 控制码:91 长度:08 数据标识:00 01 03 00 数据:00 00 00 00
10-02-24 16:16:53>发送:68 00 00 00 00 00 00 68 11 04 33 32 34 33 B1 16
10-02-24 16:16:54>接收：68 00 00 00 00 00 00 68 91 18 33 32 34 33 35 33 33 33 35 33 33 33 33 33 33 33 33 33 33 33 33 33 33 33 45 16
10-02-24 16:16:54>解析：地址:00 00 00 00 00 00 控制码:91 长度:18 数据标识:00 01 FF 00 数据:00 00 00 00 00 00 00 00 00 00 00 00 00 00 00 02 00 00 00 02
10-02-24 16:17:08>发送:68 00 00 00 00 00 00 68 11 04 33 33 35 33 B3 16
10-02-24 16:17:08>接收：68 00 00 00 00 00 00 68 91 08 33 33 35 33 A5 33 33 33 75 16
10-02-24 16:17:08>解析：地址:00 00 00 00 00 00 控制码:91 长度:08 数据标识:00 02 00 00 数据:00 00 00 72
10-02-24 16:17:12>发送:68 00 00 00 00 00 00 68 11 04 33 34 35 33 B4 16
10-02-24 16:17:12>接收：68 00 00 00 00 00 00 68 91 08 33 34 35 33 5A 33 33 33 2B 16
10-02-24 16:17:12>解析：地址:00 00 00 00 00 00 控制码:91 长度:08 数据标识:00 02 01 00 数据:00 00 00 27
10-02-24 16:17:28>发送:68 00 00 00 00 00 00 68 11 04 34 33 33 33 B2 16
10-02-24 16:17:29>接收：68 00 00 00 00 00 00 68 91 08 34 33 33 33 33 33 33 33 02 16
10-02-24 16:17:29>解析：地址:00 00 00 00 00 00 控制码:91 长度:08 数据标识:00 00 00 01 数据:00 00 00 00
10-02-24 16:19:10>发送:68 00 00 00 00 00 00 68 11 04 34 3E 33 37 C1 16
10-02-24 16:19:10>接收：68 00 00 00 00 00 00 68 91 06 34 3E 33 37 33 34 AA 16
10-02-24 16:19:10>解析：地址:00 00 00 00 00 00 控制码:91 长度:06 数据标识:04 00 0B 01 数据:01 00
10-02-24 16:19:58>发送:68 00 00 00 00 00 00 68 14 0E 34 3E 33 37 37 44 44 44 33 33 33 33 4A 57 3E 16
10-02-24 16:19:59>接收：68 00 00 00 00 00 00 68 94 00 64 16
10-02-24 16:19:59>解析：地址:00 00 00 00 00 00 控制码:94 长度:00 数据标识: 数据:
10-02-24 16:20:08>发送:68 00 00 00 00 00 00 68 11 04 34 3E 33 37 C1 16
10-02-24 16:20:08>接收：68 00 00 00 00 00 00 68 91 06 34 3E 33 37 4A 57 E4 16
10-02-24 16:20:08>解析：地址:00 00 00 00 00 00 控制码:91 长度:06 数据标识:04 00 0B 01 数据:24 17
10-02-24 16:20:44>发送:68 00 00 00 00 00 00 68 14 0F 35 34 33 37 37 44 44 44 33 33 33 33 33 33 38 33 16
10-02-24 16:20:44>接收：68 00 00 00 00 00 00 68 94 00 64 16
10-02-24 16:20:44>解析：地址:00 00 00 00 00 00 控制码:94 长度:00 数据标识: 数据:
10-02-24 16:21:15>发送:68 00 00 00 00 00 00 68 11 04 35 34 33 37 B8 16
10-02-24 16:21:15>接收：68 00 00 00 00 00 00 68 91 07 35 34 33 37 63 33 38 09 16
10-02-24 16:21:15>解析：地址:00 00 00 00 00 00 控制码:91 长度:07 数据标识:04 00 01 02 数据:05 00 30
10-02-24 16:21:31>发送:68 00 00 00 00 00 00 68 11 04 34 33 33 33 B2 16
10-02-24 16:21:31>接收：68 00 00 00 00 00 00 68 91 08 34 33 33 33 A7 33 33 33 76 16
10-02-24 16:21:31>解析：地址:00 00 00 00 00 00 控制码:91 长度:08 数据标识:00 00 00 01 数据:00 00 00 74
10-02-24 16:21:36>发送:68 00 00 00 00 00 00 68 11 04 34 34 33 33 B3 16
10-02-24 16:21:36>接收：68 00 00 00 00 00 00 68 91 08 34 34 33 33 5C 33 33 33 2C 16
10-02-24 16:21:36>解析：地址:00 00 00 00 00 00 控制码:91 长度:08 数据标识:00 00 01 01 数据:00 00 00 29
10-02-24 16:21:39>发送:68 00 00 00 00 00 00 68 11 04 34 35 33 33 B4 16
10-02-24 16:21:39>接收：68 00 00 00 00 00 00 68 91 08 34 35 33 33 4B 33 33 33 1C 16
10-02-24 16:21:39>解析：地址:00 00 00 00 00 00 控制码:91 长度:08 数据标识:00 00 02 01 数据:00 00 00 18
10-02-24 16:21:42>发送:68 00 00 00 00 00 00 68 11 04 34 36 33 33 B5 16
10-02-24 16:21:43>接收：68 00 00 00 00 00 00 68 91 08 34 36 33 33 4B 33 33 33 1D 16
10-02-24 16:21:43>解析：地址:00 00 00 00 00 00 控制码:91 长度:08 数据标识:00 00 03 01 数据:00 00 00 18
10-02-24 16:40:37>发送:68 00 00 00 00 00 00 68 11 04 34 33 33 33 B2 16
10-02-24 16:40:45>发送:68 00 00 00 00 00 00 68 11 04 34 33 33 33 B2 16
10-02-24 16:40:53>发送:68 11 11 11 11 11 11 68 11 04 34 33 33 33 18 16
10-02-24 16:41:01>发送:68 AA AA AA AA AA AA 68 13 00 DF 16
10-02-24 16:41:32>发送:68 AA AA AA AA AA AA 68 13 00 DF 16
10-02-24 16:41:32>接收：68 11 11 11 11 11 11 68 93 06 44 44 44 44 44 44 67 16
10-02-24 16:41:32>解析：地址:11 11 11 11 11 11 控制码:93 长度:06 数据标识: 数据:11 11 11 11 11 11
10-02-24 16:43:46>发送:68 11 11 11 11 11 11 68 11 04 33 33 33 33 17 16
10-02-24 16:43:47>接收：68 11 11 11 11 11 11 68 91 08 33 33 33 33 A7 33 33 33 DB 16
10-02-24 16:43:47>解析：地址:11 11 11 11 11 11 控制码:91 长度:08 数据标识:00 00 00 00 数据:00 00 00 74
10-02-24 16:43:58>发送:68 11 11 11 11 11 11 68 11 04 34 33 33 33 18 16
10-02-24 16:43:59>接收：68 11 11 11 11 11 11 68 91 08 34 33 33 33 A7 33 33 33 DC 16
10-02-24 16:43:59>解析：地址:11 11 11 11 11 11 控制码:91 长度:08 数据标识:00 00 00 01 数据:00 00 00 74
10-02-24 16:46:36>发送:68 11 11 11 11 11 11 68 14 0F 35 34 33 37 37 33 33 33 33 33 33 33 33 33 4A 78 16
10-02-24 16:46:37>接收：68 11 11 11 11 11 11 68 94 00 CA 16
10-02-24 16:46:37>解析：地址:11 11 11 11 11 11 控制码:94 长度:00 数据标识: 数据:
10-02-24 16:47:27>发送:68 11 11 11 11 11 11 68 11 04 34 33 33 33 18 16
10-02-24 16:47:28>接收：68 11 11 11 11 11 11 68 91 08 34 33 33 33 33 4A 34 34 81 16
10-02-24 16:47:28>解析：地址:11 11 11 11 11 11 控制码:91 长度:08 数据标识:00 00 00 01 数据:01 01 17 00
10-02-24 16:47:39>发送:68 11 11 11 11 11 11 68 11 04 34 34 33 33 19 16
10-02-24 16:47:39>接收：68 11 11 11 11 11 11 68 91 08 34 34 33 33 43 35 33 33 7B 16
10-02-24 16:47:39>解析：地址:11 11 11 11 11 11 控制码:91 长度:08 数据标识:00 00 01 01 数据:00 00 02 10
10-02-24 16:47:55>发送:68 11 11 11 11 11 11 68 11 04 35 33 33 33 19 16
10-02-24 16:47:55>接收：68 11 11 11 11 11 11 68 91 08 35 33 33 33 33 33 33 33 69 16
10-02-24 16:47:55>解析：地址:11 11 11 11 11 11 控制码:91 长度:08 数据标识:00 00 00 02 数据:00 00 00 00
10-02-24 16:48:08>发送:68 11 11 11 11 11 11 68 11 04 36 33 33 33 1A 16
10-02-24 16:48:08>接收：68 11 11 11 11 11 11 68 91 08 36 33 33 33 33 33 33 33 6A 16
10-02-24 16:48:08>解析：地址:11 11 11 11 11 11 控制码:91 长度:08 数据标识:00 00 00 03 数据:00 00 00 00
10-02-24 16:48:23>发送:68 11 11 11 11 11 11 68 11 04 34 33 33 33 18 16
10-02-24 16:48:23>接收：68 11 11 11 11 11 11 68 91 08 34 33 33 33 33 4A 34 34 81 16
10-02-24 16:48:23>解析：地址:11 11 11 11 11 11 控制码:91 长度:08 数据标识:00 00 00 01 数据:01 01 17 00
10-02-24 17:13:35>发送:68 11 11 11 11 11 11 68 14 10 34 34 33 37 37 33 33 33 33 33 33 33 36 57 35 43 CD 16
10-02-24 17:13:36>接收：68 11 11 11 11 11 11 68 94 00 CA 16
10-02-24 17:13:36>解析：地址:11 11 11 11 11 11 控制码:94 长度:00 数据标识: 数据:
10-02-24 17:13:51>发送:68 11 11 11 11 11 11 68 11 04 34 34 33 37 1D 16
10-02-24 17:13:52>接收：68 11 11 11 11 11 11 68 91 08 34 34 33 37 36 57 35 43 A6 16
10-02-24 17:13:52>解析：地址:11 11 11 11 11 11 控制码:91 长度:08 数据标识:04 00 01 01 数据:10 02 24 03
10-02-24 17:14:13>发送:68 11 11 11 11 11 11 68 14 0F 35 34 33 37 37 33 33 33 33 33 33 33 33 33 4A 78 16
10-02-24 17:14:14>接收：68 11 11 11 11 11 11 68 94 00 CA 16
10-02-24 17:14:14>解析：地址:11 11 11 11 11 11 控制码:94 长度:00 数据标识: 数据:
10-02-24 17:14:29>发送:68 11 11 11 11 11 11 68 11 04 35 34 33 37 1E 16
10-02-24 17:14:29>接收：68 11 11 11 11 11 11 68 91 07 35 34 33 37 48 33 4A 66 16
10-02-24 17:14:29>解析：地址:11 11 11 11 11 11 控制码:91 长度:07 数据标识:04 00 01 02 数据:17 00 15
10-02-24 17:16:15>发送:68 11 11 11 11 11 11 68 11 04 34 3E 33 37 27 16
10-02-24 17:16:15>接收：68 11 11 11 11 11 11 68 91 06 34 3E 33 37 33 34 10 16
10-02-24 17:16:15>解析：地址:11 11 11 11 11 11 控制码:91 长度:06 数据标识:04 00 0B 01 数据:01 00
10-02-24 17:16:22>发送:68 11 11 11 11 11 11 68 11 04 35 3E 33 37 28 16
10-02-24 17:16:22>接收：68 11 11 11 11 11 11 68 91 06 35 3E 33 37 CC CC 42 16
10-02-24 17:16:22>解析：地址:11 11 11 11 11 11 控制码:91 长度:06 数据标识:04 00 0B 02 数据:99 99
10-02-24 17:16:57>发送:68 11 11 11 11 11 11 68 14 0E 34 3E 33 37 37 33 33 33 33 33 33 33 33 57 5A 16
10-02-24 17:16:57>接收：68 11 11 11 11 11 11 68 94 00 CA 16
10-02-24 17:16:57>解析：地址:11 11 11 11 11 11 控制码:94 长度:00 数据标识: 数据:
10-02-24 17:17:39>发送:68 11 11 11 11 11 11 68 14 0F 35 34 33 37 37 33 33 33 33 33 33 33 83 8C 56 2D 16
10-02-24 17:17:40>接收：68 11 11 11 11 11 11 68 94 00 CA 16
10-02-24 17:17:40>解析：地址:11 11 11 11 11 11 控制码:94 长度:00 数据标识: 数据:
10-02-24 17:17:48>发送:68 11 11 11 11 11 11 68 11 04 35 34 33 37 1E 16
10-02-24 17:17:48>接收：68 11 11 11 11 11 11 68 91 07 35 34 33 37 8B 8C 56 0E 16
10-02-24 17:17:48>解析：地址:11 11 11 11 11 11 控制码:91 长度:07 数据标识:04 00 01 02 数据:23 59 58
10-02-24 17:17:50>发送:68 11 11 11 11 11 11 68 11 04 35 34 33 37 1E 16
10-02-24 17:17:50>接收：68 11 11 11 11 11 11 68 91 07 35 34 33 37 8C 8C 56 0F 16
10-02-24 17:17:50>解析：地址:11 11 11 11 11 11 控制码:91 长度:07 数据标识:04 00 01 02 数据:23 59 59
10-02-24 17:17:52>发送:68 11 11 11 11 11 11 68 11 04 35 34 33 37 1E 16
10-02-24 17:17:52>接收：68 11 11 11 11 11 11 68 91 07 35 34 33 37 35 33 33 3C 16
10-02-24 17:17:52>解析：地址:11 11 11 11 11 11 控制码:91 长度:07 数据标识:04 00 01 02 数据:00 00 02
10-02-24 17:17:54>发送:68 11 11 11 11 11 11 68 11 04 35 34 33 37 1E 16
10-02-24 17:17:54>接收：68 11 11 11 11 11 11 68 91 07 35 34 33 37 36 33 33 3D 16
10-02-24 17:17:54>解析：地址:11 11 11 11 11 11 控制码:91 长度:07 数据标识:04 00 01 02 数据:00 00 03
10-02-24 17:18:14>发送:68 11 11 11 11 11 11 68 11 04 34 33 33 33 18 16
10-02-24 17:18:14>接收：68 11 11 11 11 11 11 68 91 08 34 33 33 33 A7 33 33 33 DC 16
10-02-24 17:18:14>解析：地址:11 11 11 11 11 11 控制码:91 长度:08 数据标识:00 00 00 01 数据:00 00 00 74
10-02-24 17:30:03>发送:68 11 11 11 11 11 11 68 11 04 34 34 33 33 19 16
10-02-24 17:30:03>接收：68 11 11 11 11 11 11 68 91 08 34 34 33 33 5C 33 33 33 92 16
10-02-24 17:30:03>解析：地址:11 11 11 11 11 11 控制码:91 长度:08 数据标识:00 00 01 01 数据:00 00 00 29
10-02-24 17:30:12>发送:68 11 11 11 11 11 11 68 11 04 35 33 33 33 19 16
10-02-24 17:30:12>接收：68 11 11 11 11 11 11 68 91 08 35 33 33 33 33 33 33 33 69 16
10-02-24 17:30:12>解析：地址:11 11 11 11 11 11 控制码:91 长度:08 数据标识:00 00 00 02 数据:00 00 00 00
10-02-24 17:30:56>发送:68 11 11 11 11 11 11 68 14 0F 35 34 33 37 37 33 33 33 33 33 33 33 8B 8C 56 35 16
10-02-24 17:30:57>接收：68 11 11 11 11 11 11 68 94 00 CA 16
10-02-24 17:30:57>解析：地址:11 11 11 11 11 11 控制码:94 长度:00 数据标识: 数据:
10-02-24 17:31:04>发送:68 11 11 11 11 11 11 68 11 04 35 34 33 37 1E 16
10-02-24 17:31:04>接收：68 11 11 11 11 11 11 68 91 07 35 34 33 37 38 33 33 3F 16
10-02-24 17:31:04>解析：地址:11 11 11 11 11 11 控制码:91 长度:07 数据标识:04 00 01 02 数据:00 00 05
10-02-24 17:31:48>发送:68 11 11 11 11 11 11 68 14 0F 35 34 33 37 37 33 33 33 33 33 33 33 33 33 43 71 16
10-02-24 17:31:49>接收：68 11 11 11 11 11 11 68 94 00 CA 16
10-02-24 17:31:49>解析：地址:11 11 11 11 11 11 控制码:94 长度:00 数据标识: 数据:
10-02-24 17:31:57>发送:68 11 11 11 11 11 11 68 11 04 35 34 33 37 1E 16
10-02-24 17:31:57>接收：68 11 11 11 11 11 11 68 91 07 35 34 33 37 3A 33 43 51 16
10-02-24 17:31:57>解析：地址:11 11 11 11 11 11 控制码:91 长度:07 数据标识:04 00 01 02 数据:10 00 07
10-02-24 17:32:23>发送:68 11 11 11 11 11 11 68 14 0F 35 34 33 37 37 33 33 33 33 33 33 33 8B 8C 56 35 16
10-02-24 17:32:24>接收：68 11 11 11 11 11 11 68 94 00 CA 16
10-02-24 17:32:24>解析：地址:11 11 11 11 11 11 控制码:94 长度:00 数据标识: 数据:
10-02-24 17:35:23>发送:68 11 11 11 11 11 11 68 14 0F 34 34 33 37 37 33 33 33 33 33 33 33 56 35 43 95 16
10-02-24 17:35:24>接收：68 11 11 11 11 11 11 68 94 00 CA 16
10-02-24 17:35:24>解析：地址:11 11 11 11 11 11 控制码:94 长度:00 数据标识: 数据:
