10-02-21 08:41:33>接收：FE
10-02-21 08:41:33>接收：FF FF FF
10-02-21 08:41:38>接收：FF 7D 95 33 87 AB EA 59 AB 6B 3A EF 1A 41 02 A0 04 02 94 00 21 20 00 00 00 00 00 40 04 00 00 83 10 54 5C C0 02 00 00 00 00 00 00 00 00 F8
10-02-21 08:42:21>接收：1E FD
10-02-21 08:42:35>接收：21 00 06 02 01 00 00 09 00 00 04 07 00 02 00 04 00 00 06 03 0F 02 00 00 00 01 00 05 05 00 00 02 00 00 84 50 F8 00 00 40 01 00 00 03 01 01 00 03 02 00 00 03 01 00 00 04 00 03 01 00 02 02 00 01 04 00 00 02 02 00 08 FD
10-02-21 08:42:38>接收：10 06 00 00 00 04 00 00 02 01 00 02 03 00 06 00 00 00 02 02 00 00 01 01 01 00 BC 02 00 00 00 05 00 00 00 01 06 00 00 06
10-02-21 08:42:45>接收：00 02 0B 00 01 06 04 00 00 04 00 00 00 00 FE 00 00 00 03 01 00 04 0B 02 00 04 01 02 00 03 01 00 03 00 00 00 00 02 00 02 00 00 03 00
10-02-21 08:42:48>接收：38 00 00 00 1F 00 01 00 00 0C FF 03 F0 FE 00 00 30 86 20 02 FE 00 00 00 00 05 60 00 F0
10-02-21 08:42:50>接收：0D 00 05 00 04 01 02 00 04 04 00 00 03 01 00 0C 00 00 00 00 00 01 01 03 00 00 02 01 00 00 00 04 02 00 03 04 00 00 00 04 00 09 03 00 00 00 02 04 00 02 00 00 03 02 00 08 00 00 04 00 01 01 03 02 00 00 00 00 00 03 03 00 00 00 0C 04 00 02 04 01 00 04 05 00 00 04 00 00 00 04 04 00 00 01 00 00 FF FE
10-02-21 08:42:58>接收：00 00 07 0C 00 00 02 00 00 00 03 03 02 04 04 00 03 00 78 FE F0 08 00 01 04 00 00 00 05 00 04 04 01 02 00 04 00 01 02 01 02 00 02 04 00 00 60 FF 7F 02 C0 06 00 00 00 0C 00 00 00 03 00 00 00 00 04 1C 06 00 04 01 00 04 02 01 02 00 04 00 00 50 00 00 06 F0 C0 00 3A 00 00 00 01 03 01 00 01 06 00 00 00 00 02 02 00 00 08 00 00 00 04 02 01 00 00 06 08 00 00 04 03 00 00 04 01 04 00 01 04 00 00 00 05 04 00 00 00 00 02 09 00 01 00 04 00 00 01 00 00 02 01 00 00 00 00 05 00 00 00 08 00
10-02-21 08:43:45>发送:68 00 00 00 00 00 00 68 11 04 33 33 34 33 B2 16
10-02-21 08:44:54>发送:68 AA AA AA AA AA AA 68 13 00 DF 16
10-02-21 08:45:17>接收：00 01
10-02-21 08:45:17>接收：FC FE A9 FE
10-02-21 08:45:59>发送:68 AA AA AA AA AA AA 68 13 00 DF 16
10-02-21 08:46:21>发送:68 AA AA AA AA AA AA 68 13 00 DF 16
10-02-21 08:47:30>发送:68 AA AA AA AA AA AA 68 13 00 DF 16
10-02-21 08:47:31>接收：68 00 00 00 00 00 00 68 93 06 33 33 33 33 33 33 9B 16
10-02-21 08:47:31>解析：地址:00 00 00 00 00 00 控制码:93 长度:06 数据标识: 数据:00 00 00 00 00 00
10-02-21 08:47:32>发送:68 AA AA AA AA AA AA 68 13 00 DF 16
10-02-21 08:47:32>接收：68 00 00 00 00 00 00 68 93 06 33 33 33 33 33 33 9B 16
10-02-21 08:47:32>解析：地址:00 00 00 00 00 00 控制码:93 长度:06 数据标识: 数据:00 00 00 00 00 00
10-02-21 08:47:32>发送:68 AA AA AA AA AA AA 68 13 00 DF 16
10-02-21 08:47:33>接收：68 00 00 00 00 00 00 68 93 06 33 33 33 33 33 33 9B 16
10-02-21 08:47:33>解析：地址:00 00 00 00 00 00 控制码:93 长度:06 数据标识: 数据:00 00 00 00 00 00
10-02-21 08:47:58>发送:68 00 00 00 00 00 00 68 11 04 33 33 34 33 B2 16
10-02-21 08:47:58>接收：68 00 00 00 00 00 00 68 91 08 33 33 34 33 33 33 33 33 02 16
10-02-21 08:47:58>解析：地址:00 00 00 00 00 00 控制码:91 长度:08 数据标识:00 01 00 00 数据:00 00 00 00
10-02-21 08:48:19>发送:68 00 00 00 00 00 00 68 11 04 33 33 34 33 B2 16
10-02-21 08:48:19>接收：68 00 00 00 00 00 00 68 91 08 33 33 34 33 33 33 33 33 02 16
10-02-21 08:48:19>解析：地址:00 00 00 00 00 00 控制码:91 长度:08 数据标识:00 01 00 00 数据:00 00 00 00
10-02-21 08:49:38>发送:68 00 00 00 00 00 00 68 11 04 33 33 33 33 B1 16
10-02-21 08:49:38>接收：68 00 00 00 00 00 00 68 91 08 33 33 33 33 33 33 33 33 01 16
10-02-21 08:49:38>解析：地址:00 00 00 00 00 00 控制码:91 长度:08 数据标识:00 00 00 00 数据:00 00 00 00
10-02-21 09:06:17>发送:68 00 00 00 00 00 00 68 11 04 33 33 33 33 B1 16
10-02-21 09:06:18>接收：68 00 00 00 00 00 00 68 91 08 33 33 33 33 A7 33 33 33 75 16
10-02-21 09:06:18>解析：地址:00 00 00 00 00 00 控制码:91 长度:08 数据标识:00 00 00 00 数据:00 00 00 74
10-02-21 09:06:37>发送:68 00 00 00 00 00 00 68 11 04 33 34 33 33 B2 16
10-02-21 09:06:37>接收：68 00 00 00 00 00 00 68 91 08 33 34 33 33 5C 33 33 33 2B 16
10-02-21 09:06:37>解析：地址:00 00 00 00 00 00 控制码:91 长度:08 数据标识:00 00 01 00 数据:00 00 00 29
10-02-21 09:10:46>发送:68 00 00 00 00 00 00 68 11 04 33 35 33 33 B3 16
10-02-21 09:10:46>接收：68 00 00 00 00 00 00 68 91 08 33 35 33 33 4B 33 33 33 1B 16
10-02-21 09:10:46>解析：地址:00 00 00 00 00 00 控制码:91 长度:08 数据标识:00 00 02 00 数据:00 00 00 18
10-02-21 09:10:53>发送:68 00 00 00 00 00 00 68 11 04 33 36 33 33 B4 16
10-02-21 09:10:53>接收：68 00 00 00 00 00 00 68 91 08 33 36 33 33 4B 33 33 33 1C 16
10-02-21 09:10:53>解析：地址:00 00 00 00 00 00 控制码:91 长度:08 数据标识:00 00 03 00 数据:00 00 00 18
10-02-21 09:11:01>发送:68 00 00 00 00 00 00 68 11 04 33 37 33 33 B5 16
10-02-21 09:11:01>接收：68 00 00 00 00 00 00 68 91 08 33 37 33 33 3C 33 33 33 0E 16
10-02-21 09:11:01>解析：地址:00 00 00 00 00 00 控制码:91 长度:08 数据标识:00 00 04 00 数据:00 00 00 09
10-02-21 09:14:35>发送:68 00 00 00 00 00 00 68 11 04 33 33 34 33 B2 16
10-02-21 09:14:35>接收：68 00 00 00 00 00 00 68 91 08 33 33 34 33 35 33 33 33 04 16
10-02-21 09:14:35>解析：地址:00 00 00 00 00 00 控制码:91 长度:08 数据标识:00 01 00 00 数据:00 00 00 02
10-02-21 09:14:37>发送:68 00 00 00 00 00 00 68 11 04 33 33 33 33 B1 16
10-02-21 09:14:38>接收：68 00 00 00 00 00 00 68 91 08 33 33 33 33 A7 33 33 33 75 16
10-02-21 09:14:38>解析：地址:00 00 00 00 00 00 控制码:91 长度:08 数据标识:00 00 00 00 数据:00 00 00 74
10-02-21 09:15:33>发送:68 00 00 00 00 00 00 68 11 04 33 34 33 33 B2 16
10-02-21 09:15:33>接收：68 00 00 00 00 00 00 68 91 08 33 34 33 33 5C 33 33 33 2B 16
10-02-21 09:15:33>解析：地址:00 00 00 00 00 00 控制码:91 长度:08 数据标识:00 00 01 00 数据:00 00 00 29
10-02-21 09:22:23>发送:68 00 00 00 00 00 00 68 11 04 33 34 33 33 B2 16
10-02-21 09:22:24>接收：68 00 00 00 00 00 00 68 91 08 33 34 33 33 5C 33 33 33 2B 16
10-02-21 09:22:24>解析：地址:00 00 00 00 00 00 控制码:91 长度:08 数据标识:00 00 01 00 数据:00 00 00 29
10-02-21 09:22:46>发送:68 00 00 00 00 00 00 68 11 04 33 35 33 33 B3 16
10-02-21 09:22:46>接收：68 00 00 00 00 00 00 68 91 08 33 35 33 33 4B 33 33 33 1B 16
10-02-21 09:22:46>解析：地址:00 00 00 00 00 00 控制码:91 长度:08 数据标识:00 00 02 00 数据:00 00 00 18
10-02-21 09:22:57>发送:68 00 00 00 00 00 00 68 11 04 33 36 33 33 B4 16
10-02-21 09:22:58>接收：68 00 00 00 00 00 00 68 91 08 33 36 33 33 4B 33 33 33 1C 16
10-02-21 09:22:58>解析：地址:00 00 00 00 00 00 控制码:91 长度:08 数据标识:00 00 03 00 数据:00 00 00 18
10-02-21 09:23:06>发送:68 00 00 00 00 00 00 68 11 04 33 37 33 33 B5 16
10-02-21 09:23:07>接收：68 00 00 00 00 00 00 68 91 08 33 37 33 33 3C 33 33 33 0E 16
10-02-21 09:23:07>解析：地址:00 00 00 00 00 00 控制码:91 长度:08 数据标识:00 00 04 00 数据:00 00 00 09
10-02-21 09:23:48>发送:68 00 00 00 00 00 00 68 11 04 33 33 34 33 B2 16
10-02-21 09:23:48>接收：68 00 00 00 00 00 00 68 91 08 33 33 34 33 35 33 33 33 04 16
10-02-21 09:23:48>解析：地址:00 00 00 00 00 00 控制码:91 长度:08 数据标识:00 01 00 00 数据:00 00 00 02
10-02-21 09:24:32>发送:68 00 00 00 00 00 00 68 11 04 33 34 34 33 B3 16
10-02-21 09:24:33>接收：68 00 00 00 00 00 00 68 91 08 33 34 34 33 35 33 33 33 05 16
10-02-21 09:24:33>解析：地址:00 00 00 00 00 00 控制码:91 长度:08 数据标识:00 01 01 00 数据:00 00 00 02
10-02-21 09:24:38>发送:68 00 00 00 00 00 00 68 11 04 33 35 34 33 B4 16
10-02-21 09:24:38>接收：68 00 00 00 00 00 00 68 91 08 33 35 34 33 33 33 33 33 04 16
10-02-21 09:24:38>解析：地址:00 00 00 00 00 00 控制码:91 长度:08 数据标识:00 01 02 00 数据:00 00 00 00
10-02-21 09:24:42>发送:68 00 00 00 00 00 00 68 11 04 33 36 34 33 B5 16
10-02-21 09:24:42>接收：68 00 00 00 00 00 00 68 91 08 33 36 34 33 33 33 33 33 05 16
10-02-21 09:24:42>解析：地址:00 00 00 00 00 00 控制码:91 长度:08 数据标识:00 01 03 00 数据:00 00 00 00
10-02-21 09:24:45>发送:68 00 00 00 00 00 00 68 11 04 33 37 34 33 B6 16
10-02-21 09:24:45>接收：68 00 00 00 00 00 00 68 91 08 33 37 34 33 33 33 33 33 06 16
10-02-21 09:24:45>解析：地址:00 00 00 00 00 00 控制码:91 长度:08 数据标识:00 01 04 00 数据:00 00 00 00
10-02-21 09:24:55>发送:68 00 00 00 00 00 00 68 11 04 33 33 35 33 B3 16
10-02-21 09:24:56>接收：68 00 00 00 00 00 00 68 91 08 33 33 35 33 A5 33 33 33 75 16
10-02-21 09:24:56>解析：地址:00 00 00 00 00 00 控制码:91 长度:08 数据标识:00 02 00 00 数据:00 00 00 72
10-02-21 09:25:00>发送:68 00 00 00 00 00 00 68 11 04 33 34 35 33 B4 16
10-02-21 09:25:00>接收：68 00 00 00 00 00 00 68 91 08 33 34 35 33 5A 33 33 33 2B 16
10-02-21 09:25:00>解析：地址:00 00 00 00 00 00 控制码:91 长度:08 数据标识:00 02 01 00 数据:00 00 00 27
10-02-21 09:25:05>发送:68 00 00 00 00 00 00 68 11 04 33 35 35 33 B5 16
10-02-21 09:25:05>接收：68 00 00 00 00 00 00 68 91 08 33 35 35 33 4B 33 33 33 1D 16
10-02-21 09:25:05>解析：地址:00 00 00 00 00 00 控制码:91 长度:08 数据标识:00 02 02 00 数据:00 00 00 18
10-02-21 09:25:13>发送:68 00 00 00 00 00 00 68 11 04 33 36 35 33 B6 16
10-02-21 09:25:14>接收：68 00 00 00 00 00 00 68 91 08 33 36 35 33 4B 33 33 33 1E 16
10-02-21 09:25:14>解析：地址:00 00 00 00 00 00 控制码:91 长度:08 数据标识:00 02 03 00 数据:00 00 00 18
10-02-21 09:25:16>发送:68 00 00 00 00 00 00 68 11 04 33 37 35 33 B7 16
10-02-21 09:25:17>接收：68 00 00 00 00 00 00 68 91 08 33 37 35 33 3C 33 33 33 10 16
10-02-21 09:25:17>解析：地址:00 00 00 00 00 00 控制码:91 长度:08 数据标识:00 02 04 00 数据:00 00 00 09
10-02-21 09:26:01>发送:68 00 00 00 00 00 00 68 11 04 33 33 35 33 B3 16
10-02-21 09:26:02>接收：68 00 00 00 00 00 00 68 91 08 33 33 35 33 A5 33 33 33 75 16
10-02-21 09:26:02>解析：地址:00 00 00 00 00 00 控制码:91 长度:08 数据标识:00 02 00 00 数据:00 00 00 72
10-02-21 09:26:10>发送:68 00 00 00 00 00 00 68 11 04 33 33 33 33 B1 16
10-02-21 09:26:10>接收：68 00 00 00 00 00 00 68 91 08 33 33 33 33 A7 33 33 33 75 16
10-02-21 09:26:10>解析：地址:00 00 00 00 00 00 控制码:91 长度:08 数据标识:00 00 00 00 数据:00 00 00 74
10-02-21 09:26:20>发送:68 00 00 00 00 00 00 68 11 04 33 33 34 33 B2 16
10-02-21 09:28:13>发送:68 00 00 00 00 00 00 68 11 04 33 33 33 33 B1 16
10-02-21 09:28:14>接收：68 00 00 00 00 00 00 68 91 08 33 33 33 33 A7 33 33 33 75 16
10-02-21 09:28:14>解析：地址:00 00 00 00 00 00 控制码:91 长度:08 数据标识:00 00 00 00 数据:00 00 00 74
10-02-21 09:29:08>发送:68 00 00 00 00 00 00 68 11 04 33 33 34 33 B2 16
10-02-21 09:29:08>接收：68 00 00 00 00 00 00 68 91 08 33 33 34 33 35 33 33 33 04 16
10-02-21 09:29:08>解析：地址:00 00 00 00 00 00 控制码:91 长度:08 数据标识:00 01 00 00 数据:00 00 00 02
10-02-21 09:36:04>发送:68 00 00 00 00 00 00 68 11 04 33 33 35 33 B3 16
10-02-21 09:36:04>接收：68 00 00 00 00 00 00 68 91 08 33 33 35 33 A5 33 33 33 75 16
10-02-21 09:36:04>解析：地址:00 00 00 00 00 00 控制码:91 长度:08 数据标识:00 02 00 00 数据:00 00 00 72
10-02-21 09:36:09>发送:68 00 00 00 00 00 00 68 11 04 33 34 35 33 B4 16
10-02-21 09:36:09>接收：68 00 00 00 00 00 00 68 91 08 33 34 35 33 5A 33 33 33 2B 16
10-02-21 09:36:09>解析：地址:00 00 00 00 00 00 控制码:91 长度:08 数据标识:00 02 01 00 数据:00 00 00 27
10-02-21 09:36:15>发送:68 00 00 00 00 00 00 68 11 04 33 35 35 33 B5 16
10-02-21 09:36:16>接收：68 00 00 00 00 00 00 68 91 08 33 35 35 33 4B 33 33 33 1D 16
10-02-21 09:36:16>解析：地址:00 00 00 00 00 00 控制码:91 长度:08 数据标识:00 02 02 00 数据:00 00 00 18
10-02-21 09:36:19>发送:68 00 00 00 00 00 00 68 11 04 33 36 35 33 B6 16
10-02-21 09:36:19>接收：68 00 00 00 00 00 00 68 91 08 33 36 35 33 4B 33 33 33 1E 16
10-02-21 09:36:19>解析：地址:00 00 00 00 00 00 控制码:91 长度:08 数据标识:00 02 03 00 数据:00 00 00 18
10-02-21 09:36:23>发送:68 00 00 00 00 00 00 68 11 04 33 37 35 33 B7 16
10-02-21 09:36:24>接收：68 00 00 00 00 00 00 68 91 08 33 37 35 33 3C 33 33 33 10 16
10-02-21 09:36:24>解析：地址:00 00 00 00 00 00 控制码:91 长度:08 数据标识:00 02 04 00 数据:00 00 00 09
10-02-21 09:37:25>发送:68 00 00 00 00 00 00 68 11 04 33 35 34 33 B4 16
10-02-21 09:37:25>接收：68 00 00 00 00 00 00 68 91 08 33 35 34 33 33 33 33 33 04 16
10-02-21 09:37:25>解析：地址:00 00 00 00 00 00 控制码:91 长度:08 数据标识:00 01 02 00 数据:00 00 00 00
10-02-21 09:37:32>发送:68 00 00 00 00 00 00 68 11 04 33 34 34 33 B3 16
10-02-21 09:37:32>接收：68 00 00 00 00 00 00 68 91 08 33 34 34 33 35 33 33 33 05 16
10-02-21 09:37:32>解析：地址:00 00 00 00 00 00 控制码:91 长度:08 数据标识:00 01 01 00 数据:00 00 00 02
10-02-21 09:37:39>发送:68 00 00 00 00 00 00 68 11 04 33 34 35 33 B4 16
10-02-21 09:37:40>接收：68 00 00 00 00 00 00 68 91 08 33 34 35 33 5A 33 33 33 2B 16
10-02-21 09:37:40>解析：地址:00 00 00 00 00 00 控制码:91 长度:08 数据标识:00 02 01 00 数据:00 00 00 27
10-02-21 09:38:40>发送:68 00 00 00 00 00 00 68 11 04 34 33 33 33 B2 16
10-02-21 09:38:41>接收：68 00 00 00 00 00 00 68 91 08 34 33 33 33 33 33 33 33 02 16
10-02-21 09:38:41>解析：地址:00 00 00 00 00 00 控制码:91 长度:08 数据标识:00 00 00 01 数据:00 00 00 00
10-02-21 09:38:53>发送:68 00 00 00 00 00 00 68 11 04 34 34 33 33 B3 16
10-02-21 09:38:54>接收：68 00 00 00 00 00 00 68 91 08 34 34 33 33 33 33 33 33 03 16
10-02-21 09:38:54>解析：地址:00 00 00 00 00 00 控制码:91 长度:08 数据标识:00 00 01 01 数据:00 00 00 00
10-02-21 09:48:24>发送:68 00 00 00 00 00 00 68 11 04 34 34 33 33 B3 16
10-02-21 09:48:24>接收：68 00 00 00 00 00 00 68 91 08 34 34 33 33 33 33 33 33 03 16
10-02-21 09:48:24>解析：地址:00 00 00 00 00 00 控制码:91 长度:08 数据标识:00 00 01 01 数据:00 00 00 00
10-02-21 09:48:58>发送:68 00 00 00 00 00 00 68 11 04 33 34 34 35 B5 16
10-02-21 09:48:58>接收：04 00 10 01 00 02 00 16 03 00 19 04 00 FC
10-02-21 09:50:05>发送:68 00 00 00 00 00 00 68 11 04 33 34 34 35 B5 16
10-02-21 09:50:55>发送:68 00 00 00 00 00 00 68 11 04 33 34 34 35 B5 16
10-02-21 09:50:58>发送:68 00 00 00 00 00 00 68 11 04 33 34 34 35 B5 16
10-02-21 09:51:01>发送:68 00 00 00 00 00 00 68 11 04 33 34 34 35 B5 16
10-02-21 09:51:12>发送:68 00 00 00 00 00 00 68 11 04 33 34 34 35 B5 16
10-02-21 09:51:14>发送:68 00 00 00 00 00 00 68 11 04 33 34 34 35 B5 16
10-02-21 09:51:22>发送:68 00 00 00 00 00 00 68 11 04 33 34 34 35 B5 16
10-02-21 09:51:28>发送:68 00 00 00 00 00 00 68 11 04 33 34 34 35 B5 16
10-02-21 09:51:55>发送:68 00 00 00 00 00 00 68 11 04 33 33 33 33 B1 16
10-02-21 10:11:05>发送:68 00 00 00 00 00 00 68 11 04 33 34 34 35 B5 16
10-02-21 10:21:22>发送:68 00 00 00 00 00 00 68 11 04 33 34 34 35 B5 16
10-02-21 10:21:38>发送:68 AA AA AA AA AA AA 68 13 00 DF 16
10-02-21 10:23:05>发送:68 AA AA AA AA AA AA 68 13 00 DF 16
10-02-21 10:23:12>发送:68 00 00 00 00 00 00 68 11 04 33 33 34 33 B2 16
10-02-21 10:23:30>发送:68 AA AA AA AA AA AA 68 13 00 DF 16
10-02-21 10:37:56>发送:68 AA AA AA AA AA AA 68 13 00 DF 16
10-02-21 10:38:01>发送:68 AA AA AA AA AA AA 68 13 00 DF 16
10-02-21 10:40:06>发送:68 AA AA AA AA AA AA 68 13 00 DF 16
10-02-21 10:40:08>发送:68 AA AA AA AA AA AA 68 13 00 DF 16
10-02-21 10:40:15>发送:68 AA AA AA AA AA AA 68 13 00 DF 16
10-02-21 10:41:42>发送:68 AA AA AA AA AA AA 68 13 00 DF 16
10-02-21 10:41:47>发送:68 AA AA AA AA AA AA 68 13 00 DF 16
10-02-21 10:42:45>发送:68 AA AA AA AA AA AA 68 13 00 DF 16
10-02-21 10:42:59>发送:68 AA AA AA AA AA AA 68 13 00 DF 16
10-02-21 10:43:00>发送:68 AA AA AA AA AA AA 68 13 00 DF 16
10-02-21 10:43:01>发送:68 AA AA AA AA AA AA 68 13 00 DF 16
10-02-21 10:43:01>发送:68 AA AA AA AA AA AA 68 13 00 DF 16
10-02-21 10:44:23>发送:68 AA AA AA AA AA AA 68 13 00 DF 16
10-02-21 10:44:40>发送:68 AA AA AA AA AA AA 68 13 00 DF 16
10-02-21 10:46:36>发送:68 AA AA AA AA AA AA 68 13 00 DF 16
10-02-21 10:46:36>接收：68 00 00 00 00 00 00 68 93 06 33 33 33 33 33 33 9B 16
10-02-21 10:46:36>解析：地址:00 00 00 00 00 00 控制码:93 长度:06 数据标识: 数据:00 00 00 00 00 00
10-02-21 10:48:17>发送:68 AA AA AA AA AA AA 68 13 00 DF 16
10-02-21 10:48:17>接收：68 00 00 00 00 00 00 68 93 06 33 33 33 33 33 33 9B 16
10-02-21 10:48:17>解析：地址:00 00 00 00 00 00 控制码:93 长度:06 数据标识: 数据:00 00 00 00 00 00
10-02-21 10:58:36>发送:68 00 00 00 00 00 00 68 11 04 33 33 34 33 B2 16
10-02-21 10:58:36>接收：68 00 00 00 00 00 00 68 91 08 33 33 34 33 35 33 33 33 04 16
10-02-21 10:58:36>解析：地址:00 00 00 00 00 00 控制码:91 长度:08 数据标识:00 01 00 00 数据:00 00 00 02
10-02-21 10:59:09>发送:68 00 00 00 00 00 00 68 11 04 33 34 34 35 B5 16
10-02-21 10:59:21>发送:68 00 00 00 00 00 00 68 11 04 33 34 34 35 B5 16
10-02-21 10:59:22>接收：68 00 00 00 00 00 00 68 91 06 33 34 34 35 43 56 D0 16
10-02-21 10:59:22>解析：地址:00 00 00 00 00 00 控制码:91 长度:06 数据标识:02 01 01 00 数据:23 10
10-02-21 10:59:38>发送:68 00 00 00 00 00 00 68 11 04 33 35 34 35 B6 16
10-02-21 10:59:39>接收：68 00 00 00 00 00 00 68 D1 01 35 D7 16
10-02-21 10:59:39>解析：地址:00 00 00 00 00 00 控制码:D1 长度:01 数据标识: 数据:02
10-02-21 10:59:54>发送:68 00 00 00 00 00 00 68 11 04 33 34 35 35 B6 16
10-02-21 11:00:02>发送:68 00 00 00 00 00 00 68 11 04 33 34 35 35 B6 16
10-02-21 11:00:02>接收：68 00 00 00 00 00 00 68 91 07 33 34 35 35 46 33 33 E5 16
10-02-21 11:00:02>解析：地址:00 00 00 00 00 00 控制码:91 长度:07 数据标识:02 02 01 00 数据:00 00 13
10-02-21 11:00:42>接收：67 FF FF A7 3E 7F FF
10-02-21 11:01:38>发送:68 00 00 00 00 00 00 68 11 04 34 33 B3 35 34 16
10-02-21 11:01:38>接收：68 00 00 00 00 00 00 68 91 07 34 33 B3 35 49 33 33 66 16
10-02-21 11:01:38>解析：地址:00 00 00 00 00 00 控制码:91 长度:07 数据标识:02 80 00 01 数据:00 00 16
10-02-21 11:07:08>发送:68 00 00 00 00 00 00 68 11 04 33 34 34 35 B5 16
10-02-21 11:07:08>接收：68 00 00 00 00 00 00 68 91 06 33 34 34 35 3C 56 C9 16
10-02-21 11:07:08>解析：地址:00 00 00 00 00 00 控制码:91 长度:06 数据标识:02 01 01 00 数据:23 09
10-02-21 11:07:53>发送:68 00 00 00 00 00 00 68 11 04 33 34 35 35 B6 16
10-02-21 11:07:59>发送:68 00 00 00 00 00 00 68 11 04 33 34 35 35 B6 16
10-02-21 11:07:59>接收：68 00 00 00 00 00 00 68 91 07 33 34 35 35 45 33 33 E4 16
10-02-21 11:07:59>解析：地址:00 00 00 00 00 00 控制码:91 长度:07 数据标识:02 02 01 00 数据:00 00 12
10-02-21 11:12:40>发送:68 00 00 00 00 00 00 68 11 04 33 34 34 35 B5 16
10-02-21 11:12:40>接收：68 00 00 00 00 00 00 68 91 06 33 34 34 35 3A 56 C7 16
10-02-21 11:12:40>解析：地址:00 00 00 00 00 00 控制码:91 长度:06 数据标识:02 01 01 00 数据:23 07
10-02-21 11:12:43>发送:68 00 00 00 00 00 00 68 11 04 33 34 34 35 B5 16
10-02-21 11:12:44>接收：68 00 00 00 00 00 00 68 91 06 33 34 34 35 3B 56 C8 16
10-02-21 11:12:44>解析：地址:00 00 00 00 00 00 控制码:91 长度:06 数据标识:02 01 01 00 数据:23 08
10-02-21 11:12:47>发送:68 00 00 00 00 00 00 68 11 04 33 34 35 35 B6 16
10-02-21 11:12:48>接收：68 00 00 00 00 00 00 68 91 07 33 34 35 35 46 33 33 E5 16
10-02-21 11:12:48>解析：地址:00 00 00 00 00 00 控制码:91 长度:07 数据标识:02 02 01 00 数据:00 00 13
10-02-21 11:14:11>发送:68 00 00 00 00 00 00 68 11 04 33 34 35 35 B6 16
10-02-21 11:14:11>接收：68 00 00 00 00 00 00 68 91 07 33 34 35 35 46 33 33 E5 16
10-02-21 11:14:11>解析：地址:00 00 00 00 00 00 控制码:91 长度:07 数据标识:02 02 01 00 数据:00 00 13
10-02-21 11:14:14>发送:68 00 00 00 00 00 00 68 11 04 33 34 35 35 B6 16
10-02-21 11:14:14>接收：68 00 00 00 00 00 00 68 91 07 33 34 35 35 46 33 33 E5 16
10-02-21 11:14:14>解析：地址:00 00 00 00 00 00 控制码:91 长度:07 数据标识:02 02 01 00 数据:00 00 13
10-02-21 11:14:53>发送:68 00 00 00 00 00 00 68 11 04 33 34 35 35 B6 16
10-02-21 11:14:54>接收：68 00 00 00 00 00 00 68 91 07 33 34 35 35 46 33 33 E5 16
10-02-21 11:14:54>解析：地址:00 00 00 00 00 00 控制码:91 长度:07 数据标识:02 02 01 00 数据:00 00 13
10-02-21 11:15:13>发送:68 00 00 00 00 00 00 68 11 04 33 34 34 35 B5 16
10-02-21 11:15:13>接收：68 00 00 00 00 00 00 68 91 06 33 34 34 35 3B 56 C8 16
10-02-21 11:15:13>解析：地址:00 00 00 00 00 00 控制码:91 长度:06 数据标识:02 01 01 00 数据:23 08
10-02-21 11:15:21>发送:68 00 00 00 00 00 00 68 11 04 33 33 36 35 B6 16
10-02-21 11:15:22>接收：68 00 00 00 00 00 00 68 D1 01 35 D7 16
10-02-21 11:15:22>解析：地址:00 00 00 00 00 00 控制码:D1 长度:01 数据标识: 数据:02
10-02-21 11:15:35>发送:68 00 00 00 00 00 00 68 11 04 33 34 36 35 B7 16
10-02-21 11:15:35>接收：68 00 00 00 00 00 00 68 D1 01 35 D7 16
10-02-21 11:15:35>解析：地址:00 00 00 00 00 00 控制码:D1 长度:01 数据标识: 数据:02
10-02-21 11:15:40>发送:68 00 00 00 00 00 00 68 11 04 33 33 36 35 B6 16
10-02-21 11:15:40>接收：68 00 00 00 00 00 00 68 D1 01 35 D7 16
10-02-21 11:15:40>解析：地址:00 00 00 00 00 00 控制码:D1 长度:01 数据标识: 数据:02
10-02-21 11:15:44>发送:68 00 00 00 00 00 00 68 11 04 33 34 36 35 B7 16
10-02-21 11:15:45>接收：68 00 00 00 00 00 00 68 D1 01 35 D7 16
10-02-21 11:15:45>解析：地址:00 00 00 00 00 00 控制码:D1 长度:01 数据标识: 数据:02
10-02-21 11:19:51>发送:68 00 00 00 00 00 00 68 11 04 33 34 39 35 BA 16
10-02-21 11:19:52>接收：68 00 00 00 00 00 00 68 91 06 33 34 39 35 B7 34 27 16
10-02-21 11:19:52>解析：地址:00 00 00 00 00 00 控制码:91 长度:06 数据标识:02 06 01 00 数据:01 84
10-02-21 11:22:39>发送:68 00 00 00 00 00 00 68 11 04 33 34 3A 35 BB 16
10-02-21 11:22:39>接收：68 00 00 00 00 00 00 68 D1 01 35 D7 16
10-02-21 11:22:39>解析：地址:00 00 00 00 00 00 控制码:D1 长度:01 数据标识: 数据:02
10-02-21 11:23:04>发送:68 00 00 00 00 00 00 68 11 04 35 33 B3 35 35 16
10-02-21 11:23:04>接收：68 00 00 00 00 00 00 68 D1 01 35 D7 16
10-02-21 11:23:04>解析：地址:00 00 00 00 00 00 控制码:D1 长度:01 数据标识: 数据:02
10-02-21 11:23:10>发送:68 00 00 00 00 00 00 68 11 04 3B 33 B3 35 3B 16
10-02-21 11:23:11>接收：68 00 00 00 00 00 00 68 91 06 3B 33 B3 35 9C 36 8F 16
10-02-21 11:23:11>解析：地址:00 00 00 00 00 00 控制码:91 长度:06 数据标识:02 80 00 08 数据:03 69
10-02-21 11:24:19>发送:68 00 00 00 00 00 00 68 11 04 3C 33 B3 35 3C 16
10-02-21 11:24:19>接收：68 00 00 00 00 00 00 68 D1 01 35 D7 16
10-02-21 11:24:19>解析：地址:00 00 00 00 00 00 控制码:D1 长度:01 数据标识: 数据:02
10-02-21 11:24:41>发送:68 00 00 00 00 00 00 68 11 04 3D 33 B3 35 3D 16
10-02-21 11:24:41>接收：68 00 00 00 00 00 00 68 D1 01 35 D7 16
10-02-21 11:24:41>解析：地址:00 00 00 00 00 00 控制码:D1 长度:01 数据标识: 数据:02
10-02-21 11:24:51>发送:68 00 00 00 00 00 00 68 11 04 3D 33 B3 35 3D 16
10-02-21 11:24:51>接收：68 00 00 00 00 00 00 68 D1 01 35 D7 16
10-02-21 11:24:51>解析：地址:00 00 00 00 00 00 控制码:D1 长度:01 数据标识: 数据:02
10-02-21 11:26:45>发送:68 00 00 00 00 00 00 68 11 04 3B 33 B3 35 3B 16
10-02-21 11:26:45>接收：68 00 00 00 00 00 00 68 91 06 3B 33 B3 35 9C 36 8F 16
10-02-21 11:26:45>解析：地址:00 00 00 00 00 00 控制码:91 长度:06 数据标识:02 80 00 08 数据:03 69
10-02-21 11:46:36>发送:68 00 00 00 00 00 00 68 11 04 34 33 33 50 CF 16
10-02-21 11:46:36>接收：68 00 00 00 00 00 00 68 91 07 34 33 33 50 34 33 33 EC 16
10-02-21 11:46:36>解析：地址:00 00 00 00 00 00 控制码:91 长度:07 数据标识:1D 00 00 01 数据:00 00 01
10-02-21 11:54:37>发送:68 00 00 00 00 00 00 68 11 04 34 32 33 50 CE 16
10-02-21 11:54:38>接收：68 00 00 00 00 00 00 68 D1 01 35 D7 16
10-02-21 11:54:38>解析：地址:00 00 00 00 00 00 控制码:D1 长度:01 数据标识: 数据:02
10-02-21 11:54:54>发送:68 00 00 00 00 00 00 68 11 04 34 34 33 50 D0 16
10-02-21 11:54:54>接收：68 00 00 00 00 00 00 68 91 0A 34 34 33 50 33 33 33 33 33 33 88 16
10-02-21 11:54:54>解析：地址:00 00 00 00 00 00 控制码:91 长度:0A 数据标识:1D 00 01 01 数据:00 00 00 00 00 00
10-02-21 11:55:27>发送:68 00 00 00 00 00 00 68 11 04 34 35 33 50 D1 16
10-02-21 11:55:28>接收：68 00 00 00 00 00 00 68 91 08 34 35 33 50 33 33 33 33 21 16
10-02-21 11:55:28>解析：地址:00 00 00 00 00 00 控制码:91 长度:08 数据标识:1D 00 02 01 数据:00 00 00 00
10-02-21 14:05:05>发送:68 00 00 00 00 00 00 68 11 04 34 36 33 50 D2 16
10-02-21 14:05:05>接收：68 00 00 00 00 00 00 68 91 08 34 36 33 50 33 33 33 33 22 16
10-02-21 14:05:05>解析：地址:00 00 00 00 00 00 控制码:91 长度:08 数据标识:1D 00 03 01 数据:00 00 00 00
10-02-21 14:05:16>发送:68 00 00 00 00 00 00 68 11 04 34 37 33 50 D3 16
10-02-21 14:05:17>接收：68 00 00 00 00 00 00 68 91 08 34 37 33 50 33 33 33 33 23 16
10-02-21 14:05:17>解析：地址:00 00 00 00 00 00 控制码:91 长度:08 数据标识:1D 00 04 01 数据:00 00 00 00
10-02-21 14:05:23>发送:68 00 00 00 00 00 00 68 11 04 34 38 33 50 D4 16
10-02-21 14:05:23>接收：68 00 00 00 00 00 00 68 D1 01 35 D7 16
10-02-21 14:05:23>解析：地址:00 00 00 00 00 00 控制码:D1 长度:01 数据标识: 数据:02
10-02-21 14:07:34>发送:68 00 00 00 00 00 00 68 11 04 34 38 33 50 D4 16
10-02-21 14:07:34>接收：68 00 00 00 00 00 00 68 D1 01 35 D7 16
10-02-21 14:07:34>解析：地址:00 00 00 00 00 00 控制码:D1 长度:01 数据标识: 数据:02
10-02-21 14:07:39>发送:68 00 00 00 00 00 00 68 11 04 34 33 33 51 D0 16
10-02-21 14:07:39>接收：68 00 00 00 00 00 00 68 91 07 34 33 33 51 33 33 34 ED 16
10-02-21 14:07:39>解析：地址:00 00 00 00 00 00 控制码:91 长度:07 数据标识:1E 00 00 01 数据:01 00 00
10-02-21 14:08:22>发送:68 00 00 00 00 00 00 68 11 04 34 33 33 50 CF 16
10-02-21 14:08:23>接收：68 00 00 00 00 00 00 68 91 07 34 33 33 50 34 33 33 EC 16
10-02-21 14:08:23>解析：地址:00 00 00 00 00 00 控制码:91 长度:07 数据标识:1D 00 00 01 数据:00 00 01
10-02-21 14:08:33>发送:68 00 00 00 00 00 00 68 11 04 34 33 33 50 CF 16
10-02-21 14:08:34>接收：68 00 00 00 00 00 00 68 91 07 34 33 33 50 34 33 33 EC 16
10-02-21 14:08:34>解析：地址:00 00 00 00 00 00 控制码:91 长度:07 数据标识:1D 00 00 01 数据:00 00 01
10-02-21 14:08:41>发送:68 00 00 00 00 00 00 68 11 04 34 33 33 51 D0 16
10-02-21 14:08:42>接收：68 00 00 00 00 00 00 68 91 07 34 33 33 51 33 33 34 ED 16
10-02-21 14:08:42>解析：地址:00 00 00 00 00 00 控制码:91 长度:07 数据标识:1E 00 00 01 数据:01 00 00
10-02-21 14:16:47>发送:68 00 00 00 00 00 00 68 1C 10 35 33 33 33 33 33 33 33 4D 33 69 4B 47 54 35 43 DD 16
10-02-21 14:16:47>接收：68 00 00 00 00 00 00 68 DC 01 34 E1 16
10-02-21 14:16:47>解析：地址:00 00 00 00 00 00 控制码:DC 长度:01 数据标识: 数据:01
10-02-21 14:19:12>发送:68 00 00 00 00 00 00 68 1C 10 35 33 33 33 33 33 33 33 4D 33 69 4B 47 54 35 43 DD 16
10-02-21 14:19:12>接收：68 00 00 00 00 00 00 68 DC 01 34 E1 16
10-02-21 14:19:12>解析：地址:00 00 00 00 00 00 控制码:DC 长度:01 数据标识: 数据:01
10-02-21 14:19:20>发送:68 00 00 00 00 00 00 68 1C 10 35 44 44 44 33 33 33 33 4D 33 4A 54 47 54 35 43 FA 16
10-02-21 14:19:20>接收：68 00 00 00 00 00 00 68 DC 01 37 E4 16
10-02-21 14:19:20>解析：地址:00 00 00 00 00 00 控制码:DC 长度:01 数据标识: 数据:04
10-02-21 14:21:33>发送:68 00 00 00 00 00 00 68 1C 10 35 33 33 33 33 33 33 33 6E 33 68 55 47 54 35 43 07 16
10-02-21 14:21:33>接收：68 00 00 00 00 00 00 68 DC 01 34 E1 16
10-02-21 14:21:33>解析：地址:00 00 00 00 00 00 控制码:DC 长度:01 数据标识: 数据:01
10-02-21 14:21:35>发送:68 00 00 00 00 00 00 68 1C 10 35 33 33 33 33 33 33 33 6E 33 68 55 47 54 35 43 07 16
10-02-21 14:21:36>接收：68 00 00 00 00 00 00 68 DC 01 34 E1 16
10-02-21 14:21:36>解析：地址:00 00 00 00 00 00 控制码:DC 长度:01 数据标识: 数据:01
10-02-21 14:21:58>发送:68 00 00 00 00 00 00 68 1C 10 35 33 33 33 33 33 33 33 6E 33 68 55 47 44 34 43 F6 16
10-02-21 14:21:58>接收：68 00 00 00 00 00 00 68 DC 01 34 E1 16
10-02-21 14:21:58>解析：地址:00 00 00 00 00 00 控制码:DC 长度:01 数据标识: 数据:01
10-02-21 14:22:10>发送:68 00 00 00 00 00 00 68 1C 10 35 33 33 33 33 33 33 33 6E 33 68 55 37 44 34 43 E6 16
10-02-21 14:22:10>接收：68 00 00 00 00 00 00 68 9C 00 6C 16
10-02-21 14:22:10>解析：地址:00 00 00 00 00 00 控制码:9C 长度:00 数据标识: 数据:
10-02-21 14:22:22>发送:68 00 00 00 00 00 00 68 1C 10 35 33 33 33 33 33 33 33 4D 33 68 55 37 44 34 43 C5 16
10-02-21 14:22:23>接收：68 00 00 00 00 00 00 68 9C 00 6C 16
10-02-21 14:22:23>解析：地址:00 00 00 00 00 00 控制码:9C 长度:00 数据标识: 数据:
10-02-21 14:25:24>发送:68 00 00 00 00 00 00 68 1C 10 35 33 33 33 33 33 33 33 4E 33 6A 59 47 54 35 43 ED 16
10-02-21 14:25:24>接收：68 00 00 00 00 00 00 68 DC 01 34 E1 16
10-02-21 14:25:24>解析：地址:00 00 00 00 00 00 控制码:DC 长度:01 数据标识: 数据:01
10-02-21 14:26:50>发送:68 00 00 00 00 00 00 68 14 10 34 34 33 37 37 33 33 33 33 33 33 33 33 54 35 43 61 16
10-02-21 14:26:50>接收：68 00 00 00 00 00 00 68 D4 01 37 DC 16
10-02-21 14:26:50>解析：地址:00 00 00 00 00 00 控制码:D4 长度:01 数据标识: 数据:04
10-02-21 14:27:01>发送:68 00 00 00 00 00 00 68 14 10 34 34 33 37 37 44 44 44 33 33 33 33 33 54 35 43 94 16
10-02-21 14:27:02>接收：68 00 00 00 00 00 00 68 94 00 64 16
10-02-21 14:27:02>解析：地址:00 00 00 00 00 00 控制码:94 长度:00 数据标识: 数据:
10-02-21 14:27:21>发送:68 00 00 00 00 00 00 68 14 0F 35 34 33 37 37 44 44 44 33 33 33 33 77 5A 47 AD 16
10-02-21 14:27:22>接收：68 00 00 00 00 00 00 68 94 00 64 16
10-02-21 14:27:22>解析：地址:00 00 00 00 00 00 控制码:94 长度:00 数据标识: 数据:
10-02-21 14:27:39>发送:68 00 00 00 00 00 00 68 1C 10 35 33 33 33 33 33 33 33 4E 33 63 5C 47 54 35 43 E9 16
10-02-21 14:27:39>接收：68 00 00 00 00 00 00 68 9C 00 6C 16
10-02-21 14:27:39>解析：地址:00 00 00 00 00 00 控制码:9C 长度:00 数据标识: 数据:
10-02-21 14:29:00>发送:68 00 00 00 00 00 00 68 11 04 33 33 34 33 B2 16
10-02-21 14:29:00>接收：68 00 00 00 00 00 00 68 91 08 33 33 34 33 35 33 33 33 04 16
10-02-21 14:29:00>解析：地址:00 00 00 00 00 00 控制码:91 长度:08 数据标识:00 01 00 00 数据:00 00 00 02
10-02-21 14:29:08>发送:68 00 00 00 00 00 00 68 11 04 34 33 33 50 CF 16
10-02-21 14:29:08>接收：68 00 00 00 00 00 00 68 91 07 34 33 33 50 34 33 34 ED 16
10-02-21 14:29:08>解析：地址:00 00 00 00 00 00 控制码:91 长度:07 数据标识:1D 00 00 01 数据:01 00 01
10-02-21 14:30:10>发送:68 00 00 00 00 00 00 68 11 04 34 33 33 51 D0 16
10-02-21 14:30:10>接收：68 00 00 00 00 00 00 68 91 07 34 33 33 51 33 33 34 ED 16
10-02-21 14:30:10>解析：地址:00 00 00 00 00 00 控制码:91 长度:07 数据标识:1E 00 00 01 数据:01 00 00
10-02-21 14:30:28>发送:68 00 00 00 00 00 00 68 11 04 34 33 33 51 D0 16
10-02-21 14:30:29>接收：68 00 00 00 00 00 00 68 91 07 34 33 33 51 33 33 34 ED 16
10-02-21 14:30:29>解析：地址:00 00 00 00 00 00 控制码:91 长度:07 数据标识:1E 00 00 01 数据:01 00 00
10-02-21 14:30:52>发送:68 00 00 00 00 00 00 68 1C 10 35 33 33 33 33 33 33 33 4D 33 76 65 47 54 35 43 04 16
10-02-21 14:30:52>接收：68 00 00 00 00 00 00 68 9C 00 6C 16
10-02-21 14:30:52>解析：地址:00 00 00 00 00 00 控制码:9C 长度:00 数据标识: 数据:
10-02-21 14:31:24>发送:68 00 00 00 00 00 00 68 1C 10 35 33 33 33 33 33 33 33 6D 33 76 65 47 54 35 43 24 16
10-02-21 14:31:25>接收：68 00 00 00 00 00 00 68 9C 00 6C 16
10-02-21 14:31:25>解析：地址:00 00 00 00 00 00 控制码:9C 长度:00 数据标识: 数据:
10-02-21 14:31:33>发送:68 00 00 00 00 00 00 68 11 04 34 33 33 51 D0 16
10-02-21 14:31:34>接收：68 00 00 00 00 00 00 68 91 07 34 33 33 51 33 33 35 EE 16
10-02-21 14:31:34>解析：地址:00 00 00 00 00 00 控制码:91 长度:07 数据标识:1E 00 00 01 数据:02 00 00
10-02-21 14:31:49>发送:68 00 00 00 00 00 00 68 11 04 34 33 33 50 CF 16
10-02-21 14:31:49>接收：68 00 00 00 00 00 00 68 91 07 34 33 33 50 34 33 35 EE 16
10-02-21 14:31:49>解析：地址:00 00 00 00 00 00 控制码:91 长度:07 数据标识:1D 00 00 01 数据:02 00 01
10-02-21 14:39:31>发送:68 00 00 00 00 00 00 68 11 04 34 34 33 50 D0 16
10-02-21 14:39:32>接收：68 00 00 00 00 00 00 68 91 0A 34 34 33 50 46 64 47 54 35 43 16
10-02-21 14:40:20>发送:68 00 00 00 00 00 00 68 11 04 34 34 33 50 D0 16
10-02-21 14:40:30>发送:68 00 00 00 00 00 00 68 11 04 34 34 33 50 D0 16
10-02-21 14:41:20>发送:68 00 00 00 00 00 00 68 11 04 34 34 33 50 D0 16
10-02-21 14:41:20>接收：68 00 00 00 00 00 00 68 91 0A 34 34 33 50 46 64 47 54 35 43 16
10-02-21 14:42:05>发送:68 00 00 00 00 00 00 68 11 04 34 34 33 50 D0 16
10-02-21 14:46:12>发送:68 00 00 00 00 00 00 68 11 04 34 34 33 50 D0 16
10-02-21 14:47:11>发送:68 00 00 00 00 00 00 68 11 04 33 33 33 33 B1 16
10-02-21 14:47:11>接收：68 00 00 00 00 00 00 68 91 08 33 33 33 33 A7 33 33 33 75 16
10-02-21 14:47:11>解析：地址:00 00 00 00 00 00 控制码:91 长度:08 数据标识:00 00 00 00 数据:00 00 00 74
10-02-21 14:48:23>发送:68 00 00 00 00 00 00 68 11 04 33 33 33 33 B1 16
10-02-21 14:48:23>接收：68 00 00 00 00 00 00 68 91 08 33 33 33 33 A7 33 33 33 75 16
10-02-21 14:48:23>解析：地址:00 00 00 00 00 00 控制码:91 长度:08 数据标识:00 00 00 00 数据:00 00 00 74
10-02-21 14:48:37>发送:68 00 00 00 00 00 00 68 11 04 34 33 33 50 CF 16
10-02-21 14:48:37>接收：68 00 00 00 00 00 00 68 91 07 34 33 33 50 34 33 35 EE 16
10-02-21 14:48:37>解析：地址:00 00 00 00 00 00 控制码:91 长度:07 数据标识:1D 00 00 01 数据:02 00 01
10-02-21 14:48:44>发送:68 00 00 00 00 00 00 68 11 04 34 34 33 50 D0 16
10-02-21 14:48:44>接收：68 00 00 00 00 00 00 68 91 0A 34 34 33 50 46 64 47 54 35 43 16
10-02-21 14:48:50>发送:68 00 00 00 00 00 00 68 11 04 34 34 33 50 D0 16
10-02-21 14:48:54>发送:68 00 00 00 00 00 00 68 11 04 34 34 33 50 D0 16
10-02-21 14:48:55>发送:68 00 00 00 00 00 00 68 11 04 34 34 33 50 D0 16
10-02-21 14:49:00>发送:68 00 00 00 00 00 00 68 11 04 34 33 33 50 CF 16
10-02-21 14:49:13>发送:68 00 00 00 00 00 00 68 11 04 33 33 33 33 B1 16
10-02-21 15:25:22>发送:68 00 00 00 00 00 00 68 11 04 3B 33 B3 35 3B 16
10-02-21 15:25:22>接收：68 00 00 00 00 00 00 68 91 06 3B 33 B3 35 A4 36 97 16
10-02-21 15:25:22>解析：地址:00 00 00 00 00 00 控制码:91 长度:06 数据标识:02 80 00 08 数据:03 71
10-02-21 15:25:31>发送:68 00 00 00 00 00 00 68 11 04 3C 33 B3 35 3C 16
10-02-21 15:25:31>接收：68 00 00 00 00 00 00 68 91 06 3C 33 B3 35 A4 36 98 16
10-02-21 15:25:31>解析：地址:00 00 00 00 00 00 控制码:91 长度:06 数据标识:02 80 00 09 数据:03 71
10-02-21 15:26:20>发送:68 00 00 00 00 00 00 68 11 04 3D 33 B3 35 3D 16
10-02-21 15:26:21>接收：68 00 00 00 00 00 00 68 91 08 3D 33 B3 35 C6 33 33 33 20 16
10-02-21 15:26:21>解析：地址:00 00 00 00 00 00 控制码:91 长度:08 数据标识:02 80 00 0A 数据:00 00 00 93
10-02-21 15:26:37>发送:68 00 00 00 00 00 00 68 11 04 3D 33 B3 35 3D 16
10-02-21 15:26:37>接收：68 00 00 00 00 00 00 68 91 08 3D 33 B3 35 C6 33 33 33 20 16
10-02-21 15:26:37>解析：地址:00 00 00 00 00 00 控制码:91 长度:08 数据标识:02 80 00 0A 数据:00 00 00 93
10-02-21 15:26:39>发送:68 00 00 00 00 00 00 68 11 04 3D 33 B3 35 3D 16
10-02-21 15:26:39>接收：68 00 00 00 00 00 00 68 91 08 3D 33 B3 35 C6 33 33 33 20 16
10-02-21 15:26:39>解析：地址:00 00 00 00 00 00 控制码:91 长度:08 数据标识:02 80 00 0A 数据:00 00 00 93
10-02-21 15:32:24>发送:68 00 00 00 00 00 00 68 11 04 33 34 36 35 B7 16
10-02-21 15:32:24>接收：68 00 00 00 00 00 00 68 91 07 33 34 36 35 39 33 33 D9 16
10-02-21 15:32:24>解析：地址:00 00 00 00 00 00 控制码:91 长度:07 数据标识:02 03 01 00 数据:00 00 06
10-02-21 15:34:42>发送:68 00 00 00 00 00 00 68 11 04 34 33 33 50 CF 16
10-02-21 15:34:42>接收：68 00 00 00 00 00 00 68 91 07 34 33 33 50 34 33 35 EE 16
10-02-21 15:34:42>解析：地址:00 00 00 00 00 00 控制码:91 长度:07 数据标识:1D 00 00 01 数据:02 00 01
10-02-21 15:34:58>发送:68 00 00 00 00 00 00 68 11 04 34 34 33 50 D0 16
10-02-21 15:34:58>接收：68 00 00 00 00 00 00 68 91 0A 34 34 33 50 46 64 47 54 35 43 13 16
10-02-21 15:34:58>解析：地址:00 00 00 00 00 00 控制码:91 长度:0A 数据标识:1D 00 01 01 数据:10 02 21 14 31 13
10-02-21 15:47:06>发送:68 00 00 00 00 00 00 68 11 04 34 35 33 50 D1 16
10-02-21 15:47:06>接收：68 00 00 00 00 00 00 68 91 08 34 35 33 50 33 33 33 33 21 16
10-02-21 15:47:06>解析：地址:00 00 00 00 00 00 控制码:91 长度:08 数据标识:1D 00 02 01 数据:00 00 00 00
10-02-21 15:48:04>发送:68 00 00 00 00 00 00 68 11 04 34 36 33 50 D2 16
10-02-21 15:48:05>接收：68 00 00 00 00 00 00 68 91 08 34 36 33 50 35 33 33 33 24 16
10-02-21 15:48:05>解析：地址:00 00 00 00 00 00 控制码:91 长度:08 数据标识:1D 00 03 01 数据:00 00 00 02
10-02-21 15:48:13>发送:68 00 00 00 00 00 00 68 11 04 34 37 33 50 D3 16
10-02-21 15:48:14>接收：68 00 00 00 00 00 00 68 91 08 34 37 33 50 A5 33 33 33 95 16
10-02-21 15:48:14>解析：地址:00 00 00 00 00 00 控制码:91 长度:08 数据标识:1D 00 04 01 数据:00 00 00 72
10-02-21 15:49:13>发送:68 00 00 00 00 00 00 68 11 04 34 32 33 50 CE 16
10-02-21 15:49:14>接收：68 00 00 00 00 00 00 68 D1 01 35 D7 16
10-02-21 15:49:14>解析：地址:00 00 00 00 00 00 控制码:D1 长度:01 数据标识: 数据:02
10-02-21 15:50:31>发送:68 00 00 00 00 00 00 68 11 04 35 34 33 50 D1 16
10-02-21 15:50:31>接收：68 00 00 00 00 00 00 68 91 0A 35 34 33 50 35 44 37 44 34 43 C2 16
10-02-21 15:50:31>解析：地址:00 00 00 00 00 00 控制码:91 长度:0A 数据标识:1D 00 01 02 数据:10 01 11 04 11 02
10-02-21 15:50:45>发送:68 00 00 00 00 00 00 68 11 04 35 35 33 50 D2 16
10-02-21 15:50:45>接收：68 00 00 00 00 00 00 68 91 08 35 35 33 50 33 33 33 33 22 16
10-02-21 15:50:45>解析：地址:00 00 00 00 00 00 控制码:91 长度:08 数据标识:1D 00 02 02 数据:00 00 00 00
10-02-21 15:50:48>发送:68 00 00 00 00 00 00 68 11 04 35 36 33 50 D3 16
10-02-21 15:50:48>接收：68 00 00 00 00 00 00 68 91 08 35 36 33 50 35 33 33 33 25 16
10-02-21 15:50:48>解析：地址:00 00 00 00 00 00 控制码:91 长度:08 数据标识:1D 00 03 02 数据:00 00 00 02
10-02-21 15:50:52>发送:68 00 00 00 00 00 00 68 11 04 35 37 33 50 D4 16
10-02-21 15:50:52>接收：68 00 00 00 00 00 00 68 91 08 35 37 33 50 A5 33 33 33 96 16
10-02-21 15:50:52>解析：地址:00 00 00 00 00 00 控制码:91 长度:08 数据标识:1D 00 04 02 数据:00 00 00 72
10-02-21 15:51:42>发送:68 00 00 00 00 00 00 68 11 04 34 33 33 51 D0 16
10-02-21 15:51:43>接收：68 00 00 00 00 00 00 68 91 07 34 33 33 51 33 33 34 ED 16
10-02-21 15:51:43>解析：地址:00 00 00 00 00 00 控制码:91 长度:07 数据标识:1E 00 00 01 数据:01 00 00
10-02-21 15:52:37>发送:68 00 00 00 00 00 00 68 11 04 34 34 33 51 D1 16
10-02-21 15:52:37>接收：68 00 00 00 00 00 00 68 91 0A 34 34 33 51 79 64 47 54 35 43 47 16
10-02-21 15:52:37>解析：地址:00 00 00 00 00 00 控制码:91 长度:0A 数据标识:1E 00 01 01 数据:10 02 21 14 31 46
10-02-21 15:52:47>发送:68 00 00 00 00 00 00 68 11 04 34 35 33 51 D2 16
10-02-21 15:52:47>接收：68 00 00 00 00 00 00 68 91 08 34 35 33 51 33 33 33 33 22 16
10-02-21 15:52:47>解析：地址:00 00 00 00 00 00 控制码:91 长度:08 数据标识:1E 00 02 01 数据:00 00 00 00
10-02-21 15:52:51>发送:68 00 00 00 00 00 00 68 11 04 34 36 33 51 D3 16
10-02-21 15:52:51>接收：68 00 00 00 00 00 00 68 91 08 34 36 33 51 35 33 33 33 25 16
10-02-21 15:52:51>解析：地址:00 00 00 00 00 00 控制码:91 长度:08 数据标识:1E 00 03 01 数据:00 00 00 02
10-02-21 15:52:54>发送:68 00 00 00 00 00 00 68 11 04 34 37 33 51 D4 16
10-02-21 15:52:55>接收：68 00 00 00 00 00 00 68 91 08 34 37 33 51 A5 33 33 33 96 16
10-02-21 15:52:55>解析：地址:00 00 00 00 00 00 控制码:91 长度:08 数据标识:1E 00 04 01 数据:00 00 00 72
10-02-21 15:52:59>发送:68 00 00 00 00 00 00 68 11 04 34 38 33 51 D5 16
10-02-21 15:52:59>接收：68 00 00 00 00 00 00 68 D1 01 35 D7 16
10-02-21 15:52:59>解析：地址:00 00 00 00 00 00 控制码:D1 长度:01 数据标识: 数据:02
10-02-21 15:53:06>发送:68 00 00 00 00 00 00 68 11 04 35 34 33 51 D2 16
10-02-21 15:53:06>接收：68 00 00 00 00 00 00 68 91 0A 35 34 33 51 33 33 33 33 33 33 8A 16
10-02-21 15:53:06>解析：地址:00 00 00 00 00 00 控制码:91 长度:0A 数据标识:1E 00 01 02 数据:00 00 00 00 00 00
10-02-21 15:53:28>发送:68 00 00 00 00 00 00 68 11 04 35 32 33 51 D0 16
10-02-21 15:53:28>接收：68 00 00 00 00 00 00 68 D1 01 35 D7 16
10-02-21 15:53:28>解析：地址:00 00 00 00 00 00 控制码:D1 长度:01 数据标识: 数据:02
10-02-21 16:02:35>发送:68 00 00 00 00 00 00 68 11 04 34 33 33 38 B7 16
10-02-21 16:02:36>接收：68 00 00 00 00 00 00 68 91 09 34 33 33 38 33 33 34 34 43 4D 16
10-02-21 16:02:36>解析：地址:00 00 00 00 00 00 控制码:91 长度:09 数据标识:05 00 00 01 数据:10 01 01 00 00
10-02-21 16:04:50>发送:68 00 00 00 00 00 00 68 11 04 34 34 33 38 B8 16
10-02-21 16:05:05>发送:68 00 00 00 00 00 00 68 11 04 34 35 33 38 B9 16
10-02-21 16:05:12>发送:68 00 00 00 00 00 00 68 11 04 34 33 33 38 B7 16
10-02-21 16:05:12>接收：68 00 00 00 00 00 00 68 91 09 34 33 33 38 33 33 34 34 43 4D 16
10-02-21 16:05:12>解析：地址:00 00 00 00 00 00 控制码:91 长度:09 数据标识:05 00 00 01 数据:10 01 01 00 00
10-02-21 16:05:18>发送:68 00 00 00 00 00 00 68 11 04 34 34 33 38 B8 16
10-02-21 16:05:50>发送:68 00 00 00 00 00 00 68 11 04 34 33 33 38 B7 16
10-02-21 16:05:50>接收：68 00 00 00 00 00 00 68 91 09 34 33 33 38 33 33 34 34 43 4D 16
10-02-21 16:05:50>解析：地址:00 00 00 00 00 00 控制码:91 长度:09 数据标识:05 00 00 01 数据:10 01 01 00 00
10-02-21 16:05:54>发送:68 00 00 00 00 00 00 68 11 04 34 34 33 38 B8 16
10-02-21 16:08:56>发送:68 00 00 00 00 00 00 68 11 04 34 35 33 38 B9 16
10-02-21 16:09:12>发送:68 00 00 00 00 00 00 68 11 04 34 43 33 38 C7 16
10-02-21 16:09:13>接收：68 00 00 00 00 00 00 68 91 07 34 43 33 38 36 33 33 E6 16
10-02-21 16:09:13>解析：地址:00 00 00 00 00 00 控制码:91 长度:07 数据标识:05 00 10 01 数据:00 00 03
10-02-21 16:10:18>发送:68 00 00 00 00 00 00 68 11 04 34 43 33 38 C7 16
10-02-21 16:10:19>接收：68 00 00 00 00 00 00 68 91 07 34 43 33 38 36 33 33 E6 16
10-02-21 16:10:19>解析：地址:00 00 00 00 00 00 控制码:91 长度:07 数据标识:05 00 10 01 数据:00 00 03
10-02-21 16:10:28>发送:68 00 00 00 00 00 00 68 11 04 34 35 33 38 B9 16
10-02-21 16:13:25>发送:68 00 00 00 00 00 00 68 11 04 35 33 33 38 B8 16
10-02-21 16:13:26>接收：68 00 00 00 00 00 00 68 91 09 35 33 33 38 33 33 33 33 33 3C 16
10-02-21 16:13:26>解析：地址:00 00 00 00 00 00 控制码:91 长度:09 数据标识:05 00 00 02 数据:00 00 00 00 00
10-02-21 16:14:06>发送:68 00 00 00 00 00 00 68 11 04 35 34 33 38 B9 16
10-02-21 16:14:51>发送:68 00 00 00 00 00 00 68 11 04 34 33 34 38 B8 16
10-02-21 16:14:51>接收：68 00 00 00 00 00 00 68 91 09 34 33 34 38 33 33 33 33 33 3C 16
10-02-21 16:14:51>解析：地址:00 00 00 00 00 00 控制码:91 长度:09 数据标识:05 01 00 01 数据:00 00 00 00 00
10-02-21 16:15:54>发送:68 00 00 00 00 00 00 68 11 04 34 34 34 38 B9 16
10-02-21 16:16:00>发送:68 00 00 00 00 00 00 68 11 04 34 35 34 38 BA 16
10-02-21 16:16:06>发送:68 00 00 00 00 00 00 68 11 04 34 43 34 38 C8 16
10-02-21 16:16:07>接收：68 00 00 00 00 00 00 68 91 07 34 43 34 38 34 33 33 E5 16
10-02-21 16:16:07>解析：地址:00 00 00 00 00 00 控制码:91 长度:07 数据标识:05 01 10 01 数据:00 00 01
10-02-21 16:16:36>发送:68 00 00 00 00 00 00 68 11 04 34 33 35 38 B9 16
10-02-21 16:16:37>接收：68 00 00 00 00 00 00 68 D1 01 35 D7 16
10-02-21 16:16:37>解析：地址:00 00 00 00 00 00 控制码:D1 长度:01 数据标识: 数据:02
10-02-21 16:16:58>发送:68 00 00 00 00 00 00 68 11 04 34 33 39 38 BD 16
10-02-21 16:16:59>接收：68 00 00 00 00 00 00 68 91 09 34 33 39 38 3C 33 44 34 43 6C 16
10-02-21 16:16:59>解析：地址:00 00 00 00 00 00 控制码:91 长度:09 数据标识:05 06 00 01 数据:10 01 11 00 09
10-02-21 16:18:57>接收：07
10-02-21 16:19:38>发送:68 00 00 00 00 00 00 68 11 04 34 34 39 38 BE 16
10-02-21 16:19:39>接收：68 00 00 00 00 00 00 68 91 18 34 34 39 38 35 33 33 33 35 33 33 33 33 33 33 33 33 33 33 33 33 33 33 33 52 16
10-02-21 16:19:39>解析：地址:00 00 00 00 00 00 控制码:91 长度:18 数据标识:05 06 01 01 数据:00 00 00 00 00 00 00 00 00 00 00 00 00 00 00 02 00 00 00 02
10-02-21 16:20:02>发送:68 00 00 00 00 00 00 68 11 04 34 34 39 38 BE 16
10-02-21 16:20:03>接收：68 00 00 00 00 00 00 68 91 18 34 34 39 38 35 33 33 33 35 33 33 33 33 33 33 33 33 33 33 33 33 33 33 33 52 16
10-02-21 16:20:03>解析：地址:00 00 00 00 00 00 控制码:91 长度:18 数据标识:05 06 01 01 数据:00 00 00 00 00 00 00 00 00 00 00 00 00 00 00 02 00 00 00 02
10-02-21 16:21:25>发送:68 00 00 00 00 00 00 68 11 04 34 35 39 38 BF 16
10-02-21 16:21:26>接收：68 00 00 00 00 00 00 68 91 18 34 35 39 38 A5 33 33 33 5A 33 33 33 4B 33 33 33 4B 33 33 33 3C 33 33 33 21 16
10-02-21 16:21:26>解析：地址:00 00 00 00 00 00 控制码:91 长度:18 数据标识:05 06 02 01 数据:00 00 00 09 00 00 00 18 00 00 00 18 00 00 00 27 00 00 00 72
10-02-21 16:21:53>发送:68 00 00 00 00 00 00 68 11 04 34 34 34 38 B9 16
10-02-21 16:21:53>接收：68 00 00 00 00 00 00 68 91 18 34 34 34 38 34 33 33 33 35 33 33 33 36 33 33 33 37 33 33 34 33 33 33 34 55 16
10-02-21 16:21:53>解析：地址:00 00 00 00 00 00 控制码:91 长度:18 数据标识:05 01 01 01 数据:01 00 00 00 01 00 00 04 00 00 00 03 00 00 00 02 00 00 00 01
10-02-21 16:24:55>发送:68 00 00 00 00 00 00 68 11 04 34 33 39 38 BD 16
10-02-21 16:24:55>接收：68 00 00 00 00 00 00 68 91 09 34 33 39 38 3C 33 44 34 43 6C 16
10-02-21 16:24:55>解析：地址:00 00 00 00 00 00 控制码:91 长度:09 数据标识:05 06 00 01 数据:10 01 11 00 09
10-02-21 16:25:14>发送:68 00 00 00 00 00 00 68 11 04 34 34 39 38 BE 16
10-02-21 16:25:14>接收：68 00 00 00 00 00 00 68 91 18 34 34 39 38 35 33 33 33 35 33 33 33 33 33 33 33 33 33 33 33 33 33 33 33 52 16
10-02-21 16:25:14>解析：地址:00 00 00 00 00 00 控制码:91 长度:18 数据标识:05 06 01 01 数据:00 00 00 00 00 00 00 00 00 00 00 00 00 00 00 02 00 00 00 02
10-02-21 16:25:19>发送:68 00 00 00 00 00 00 68 11 04 34 35 39 38 BF 16
10-02-21 16:25:19>接收：68 00 00 00 00 00 00 68 91 18 34 35 39 38 A5 33 33 33 5A 33 33 33 4B 33 33 33 4B 33 33 33 3C 33 33 33 21 16
10-02-21 16:25:19>解析：地址:00 00 00 00 00 00 控制码:91 长度:18 数据标识:05 06 02 01 数据:00 00 00 09 00 00 00 18 00 00 00 18 00 00 00 27 00 00 00 72
10-02-21 16:25:53>发送:68 00 00 00 00 00 00 68 11 04 34 43 39 38 CD 16
10-02-21 16:25:53>接收：68 00 00 00 00 00 00 68 D1 01 35 D7 16
10-02-21 16:25:53>解析：地址:00 00 00 00 00 00 控制码:D1 长度:01 数据标识: 数据:02
10-02-21 16:25:58>发送:68 00 00 00 00 00 00 68 11 04 34 43 39 38 CD 16
10-02-21 16:25:58>接收：68 00 00 00 00 00 00 68 D1 01 35 D7 16
10-02-21 16:25:58>解析：地址:00 00 00 00 00 00 控制码:D1 长度:01 数据标识: 数据:02
10-02-21 16:26:02>发送:68 00 00 00 00 00 00 68 11 04 34 43 39 38 CD 16
10-02-21 16:26:02>接收：68 00 00 00 00 00 00 68 D1 01 35 D7 16
10-02-21 16:26:02>解析：地址:00 00 00 00 00 00 控制码:D1 长度:01 数据标识: 数据:02
10-02-21 16:26:32>发送:68 00 00 00 00 00 00 68 11 04 34 34 39 38 BE 16
10-02-21 16:26:32>接收：68 00 00 00 00 00 00 68 91 18 34 34 39 38 35 33 33 33 35 33 33 33 33 33 33 33 33 33 33 33 33 33 33 33 52 16
10-02-21 16:26:32>解析：地址:00 00 00 00 00 00 控制码:91 长度:18 数据标识:05 06 01 01 数据:00 00 00 00 00 00 00 00 00 00 00 00 00 00 00 02 00 00 00 02
10-02-21 16:26:40>发送:68 00 00 00 00 00 00 68 11 04 34 43 39 38 CD 16
10-02-21 16:26:40>接收：68 00 00 00 00 00 00 68 D1 01 35 D7 16
10-02-21 16:26:40>解析：地址:00 00 00 00 00 00 控制码:D1 长度:01 数据标识: 数据:02
10-02-21 16:27:45>发送:68 00 00 00 00 00 00 68 11 04 34 43 34 38 C8 16
10-02-21 16:27:46>接收：68 00 00 00 00 00 00 68 91 07 34 43 34 38 34 33 33 E5 16
10-02-21 16:27:46>解析：地址:00 00 00 00 00 00 控制码:91 长度:07 数据标识:05 01 10 01 数据:00 00 01
10-02-21 16:31:15>发送:68 00 00 00 00 00 00 68 11 04 35 33 39 38 BE 16
10-02-21 16:31:16>接收：68 00 00 00 00 00 00 68 91 09 35 33 39 38 33 33 43 34 43 63 16
10-02-21 16:31:16>解析：地址:00 00 00 00 00 00 控制码:91 长度:09 数据标识:05 06 00 02 数据:10 01 10 00 00
10-02-21 16:31:42>发送:68 00 00 00 00 00 00 68 11 04 35 34 39 38 BF 16
10-02-21 16:31:43>接收：68 00 00 00 00 00 00 68 91 18 35 34 39 38 35 33 33 33 35 33 33 33 33 33 33 33 33 33 33 33 33 33 33 33 53 16
10-02-21 16:31:43>解析：地址:00 00 00 00 00 00 控制码:91 长度:18 数据标识:05 06 01 02 数据:00 00 00 00 00 00 00 00 00 00 00 00 00 00 00 02 00 00 00 02
10-02-21 16:31:48>发送:68 00 00 00 00 00 00 68 11 04 35 35 39 38 C0 16
10-02-21 16:31:49>接收：68 00 00 00 00 00 00 68 91 18 35 35 39 38 A3 33 33 33 58 33 33 33 4B 33 33 33 4B 33 33 33 3C 33 33 33 1E 16
10-02-21 16:31:49>解析：地址:00 00 00 00 00 00 控制码:91 长度:18 数据标识:05 06 02 02 数据:00 00 00 09 00 00 00 18 00 00 00 18 00 00 00 25 00 00 00 70
10-02-21 16:31:56>发送:68 00 00 00 00 00 00 68 11 04 35 36 39 38 C1 16
10-02-21 16:31:57>接收：68 00 00 00 00 00 00 68 D1 01 35 D7 16
10-02-21 16:31:57>解析：地址:00 00 00 00 00 00 控制码:D1 长度:01 数据标识: 数据:02
10-02-21 16:32:02>发送:68 00 00 00 00 00 00 68 11 04 35 43 39 38 CE 16
10-02-21 16:32:02>接收：68 00 00 00 00 00 00 68 D1 01 35 D7 16
10-02-21 16:32:02>解析：地址:00 00 00 00 00 00 控制码:D1 长度:01 数据标识: 数据:02
10-02-21 16:32:08>发送:68 00 00 00 00 00 00 68 11 04 36 33 39 38 BF 16
10-02-21 16:32:08>接收：68 00 00 00 00 00 00 68 91 09 36 33 39 38 33 33 3C 34 43 5D 16
10-02-21 16:32:08>解析：地址:00 00 00 00 00 00 控制码:91 长度:09 数据标识:05 06 00 03 数据:10 01 09 00 00
10-02-21 16:32:22>发送:68 00 00 00 00 00 00 68 11 04 36 34 39 38 C0 16
10-02-21 16:32:23>接收：68 00 00 00 00 00 00 68 91 18 36 34 39 38 35 33 33 33 35 33 33 33 33 33 33 33 33 33 33 33 33 33 33 33 54 16
10-02-21 16:32:23>解析：地址:00 00 00 00 00 00 控制码:91 长度:18 数据标识:05 06 01 03 数据:00 00 00 00 00 00 00 00 00 00 00 00 00 00 00 02 00 00 00 02
10-02-21 16:32:26>发送:68 00 00 00 00 00 00 68 11 04 36 35 39 38 C1 16
10-02-21 16:32:26>接收：68 00 00 00 00 00 00 68 91 18 36 35 39 38 95 33 33 33 55 33 33 33 49 33 33 33 49 33 33 33 3B 33 33 33 09 16
10-02-21 16:32:26>解析：地址:00 00 00 00 00 00 控制码:91 长度:18 数据标识:05 06 02 03 数据:00 00 00 08 00 00 00 16 00 00 00 16 00 00 00 22 00 00 00 62
10-02-21 16:34:11>发送:68 00 00 00 00 00 00 68 11 04 37 33 39 38 C0 16
10-02-21 16:34:11>接收：68 00 00 00 00 00 00 68 91 09 37 33 39 38 33 33 3B 34 43 5D 16
10-02-21 16:34:11>解析：地址:00 00 00 00 00 00 控制码:91 长度:09 数据标识:05 06 00 04 数据:10 01 08 00 00
10-02-21 16:34:13>发送:68 00 00 00 00 00 00 68 11 04 37 33 39 38 C0 16
10-02-21 16:34:14>接收：68 00 00 00 00 00 00 68 91 09 37 33 39 38 33 33 3B 34 43 5D 16
10-02-21 16:34:14>解析：地址:00 00 00 00 00 00 控制码:91 长度:09 数据标识:05 06 00 04 数据:10 01 08 00 00
10-02-21 16:34:19>发送:68 00 00 00 00 00 00 68 11 04 38 33 39 38 C1 16
10-02-21 16:34:19>接收：68 00 00 00 00 00 00 68 91 09 38 33 39 38 33 33 3A 34 43 5D 16
10-02-21 16:34:19>解析：地址:00 00 00 00 00 00 控制码:91 长度:09 数据标识:05 06 00 05 数据:10 01 07 00 00
10-02-21 16:34:27>发送:68 00 00 00 00 00 00 68 11 04 39 33 39 38 C2 16
10-02-21 16:34:28>接收：68 00 00 00 00 00 00 68 91 09 39 33 39 38 33 33 39 34 43 5D 16
10-02-21 16:34:28>解析：地址:00 00 00 00 00 00 控制码:91 长度:09 数据标识:05 06 00 06 数据:10 01 06 00 00
10-02-21 16:34:39>发送:68 00 00 00 00 00 00 68 11 04 38 33 39 38 C1 16
10-02-21 16:34:39>接收：68 00 00 00 00 00 00 68 91 09 38 33 39 38 33 33 3A 34 43 5D 16
10-02-21 16:34:39>解析：地址:00 00 00 00 00 00 控制码:91 长度:09 数据标识:05 06 00 05 数据:10 01 07 00 00
10-02-21 16:34:50>发送:68 00 00 00 00 00 00 68 11 04 3A 33 39 38 C3 16
10-02-21 16:34:51>接收：68 00 00 00 00 00 00 68 91 09 3A 33 39 38 33 33 38 34 43 5D 16
10-02-21 16:34:51>解析：地址:00 00 00 00 00 00 控制码:91 长度:09 数据标识:05 06 00 07 数据:10 01 05 00 00
10-02-21 16:34:57>发送:68 00 00 00 00 00 00 68 11 04 3B 33 39 38 C4 16
10-02-21 16:34:57>接收：68 00 00 00 00 00 00 68 91 09 3B 33 39 38 33 33 37 34 43 5D 16
10-02-21 16:34:57>解析：地址:00 00 00 00 00 00 控制码:91 长度:09 数据标识:05 06 00 08 数据:10 01 04 00 00
10-02-21 16:35:06>发送:68 00 00 00 00 00 00 68 11 04 3C 33 39 38 C5 16
10-02-21 16:35:06>接收：68 00 00 00 00 00 00 68 91 09 3C 33 39 38 33 33 36 34 43 5D 16
10-02-21 16:35:06>解析：地址:00 00 00 00 00 00 控制码:91 长度:09 数据标识:05 06 00 09 数据:10 01 03 00 00
10-02-21 16:35:08>发送:68 00 00 00 00 00 00 68 11 04 3C 33 39 38 C5 16
10-02-21 16:35:08>接收：68 00 00 00 00 00 00 68 91 09 3C 33 39 38 33 33 36 34 43 5D 16
10-02-21 16:35:08>解析：地址:00 00 00 00 00 00 控制码:91 长度:09 数据标识:05 06 00 09 数据:10 01 03 00 00
10-02-21 16:35:16>发送:68 00 00 00 00 00 00 68 11 04 3D 33 39 38 C6 16
10-02-21 16:35:16>接收：68 00 00 00 00 00 00 68 91 09 3D 33 39 38 33 33 35 34 43 5D 16
10-02-21 16:35:16>解析：地址:00 00 00 00 00 00 控制码:91 长度:09 数据标识:05 06 00 0A 数据:10 01 02 00 00
10-02-21 16:35:29>发送:68 00 00 00 00 00 00 68 11 04 3E 33 39 38 C7 16
10-02-21 16:35:29>接收：68 00 00 00 00 00 00 68 91 09 3E 33 39 38 33 33 34 34 43 5D 16
10-02-21 16:35:29>解析：地址:00 00 00 00 00 00 控制码:91 长度:09 数据标识:05 06 00 0B 数据:10 01 01 00 00
10-02-21 16:36:17>发送:68 00 00 00 00 00 00 68 11 04 3F 33 39 38 C8 16
10-02-21 16:36:17>接收：68 00 00 00 00 00 00 68 91 09 3F 33 39 38 33 33 33 33 33 4C 16
10-02-21 16:36:17>解析：地址:00 00 00 00 00 00 控制码:91 长度:09 数据标识:05 06 00 0C 数据:00 00 00 00 00
10-02-21 16:40:58>发送:68 00 00 00 00 00 00 68 11 04 34 33 35 38 B9 16
10-02-21 16:40:58>接收：68 00 00 00 00 00 00 68 D1 01 35 D7 16
10-02-21 16:40:58>解析：地址:00 00 00 00 00 00 控制码:D1 长度:01 数据标识: 数据:02
10-02-21 16:42:37>发送:68 00 00 00 00 00 00 68 11 04 34 33 33 38 B7 16
10-02-21 16:42:37>接收：68 00 00 00 00 00 00 68 91 09 34 33 33 38 33 33 34 34 43 4D 16
10-02-21 16:42:37>解析：地址:00 00 00 00 00 00 控制码:91 长度:09 数据标识:05 00 00 01 数据:10 01 01 00 00
10-02-21 16:42:50>发送:68 00 00 00 00 00 00 68 11 04 35 33 33 38 B8 16
10-02-21 16:42:51>接收：68 00 00 00 00 00 00 68 91 09 35 33 33 38 33 33 33 33 33 3C 16
10-02-21 16:42:51>解析：地址:00 00 00 00 00 00 控制码:91 长度:09 数据标识:05 00 00 02 数据:00 00 00 00 00
10-02-21 17:07:27>发送:68 00 00 00 00 00 00 68 11 04 34 33 33 38 B7 16
10-02-21 17:07:27>接收：68 00 00 00 00 00 00 68 91 09 34 33 33 38 33 33 34 34 43 4D 16
10-02-21 17:07:27>解析：地址:00 00 00 00 00 00 控制码:91 长度:09 数据标识:05 00 00 01 数据:10 01 01 00 00
10-02-21 17:07:35>发送:68 00 00 00 00 00 00 68 11 04 34 34 33 38 B8 16
10-02-21 17:07:35>接收：68 00 00 00 00 00 00 68 91 18 34 34 33 38 33 33 33 33 33 33 33 33 33 33 33 33 33 33 33 33 33 33 33 33 48 16
10-02-21 17:07:35>解析：地址:00 00 00 00 00 00 控制码:91 长度:18 数据标识:05 00 01 01 数据:00 00 00 00 00 00 00 00 00 00 00 00 00 00 00 00 00 00 00 00
10-02-21 17:07:39>发送:68 00 00 00 00 00 00 68 11 04 34 35 33 38 B9 16
10-02-21 17:07:40>接收：68 00 00 00 00 00 00 68 91 18 34 35 33 38 33 33 33 33 33 33 33 33 33 33 33 33 33 33 33 33 33 33 33 33 49 16
10-02-21 17:07:40>解析：地址:00 00 00 00 00 00 控制码:91 长度:18 数据标识:05 00 02 01 数据:00 00 00 00 00 00 00 00 00 00 00 00 00 00 00 00 00 00 00 00
10-02-21 17:07:51>发送:68 00 00 00 00 00 00 68 11 04 34 43 33 38 C7 16
10-02-21 17:07:52>接收：68 00 00 00 00 00 00 68 91 07 34 43 33 38 36 33 33 E6 16
10-02-21 17:07:52>解析：地址:00 00 00 00 00 00 控制码:91 长度:07 数据标识:05 00 10 01 数据:00 00 03
10-02-21 17:07:57>发送:68 00 00 00 00 00 00 68 11 04 35 33 33 38 B8 16
10-02-21 17:07:57>接收：68 00 00 00 00 00 00 68 91 09 35 33 33 38 33 33 33 33 33 3C 16
10-02-21 17:07:57>解析：地址:00 00 00 00 00 00 控制码:91 长度:09 数据标识:05 00 00 02 数据:00 00 00 00 00
10-02-21 17:08:01>发送:68 00 00 00 00 00 00 68 11 04 35 34 33 38 B9 16
10-02-21 17:08:01>接收：68 00 00 00 00 00 00 68 91 18 35 34 33 38 33 33 33 33 33 33 33 33 33 33 33 33 33 33 33 33 33 33 33 33 49 16
10-02-21 17:08:01>解析：地址:00 00 00 00 00 00 控制码:91 长度:18 数据标识:05 00 01 02 数据:00 00 00 00 00 00 00 00 00 00 00 00 00 00 00 00 00 00 00 00
10-02-21 17:08:09>发送:68 00 00 00 00 00 00 68 11 04 36 33 33 38 B9 16
10-02-21 17:08:09>接收：68 00 00 00 00 00 00 68 91 09 36 33 33 38 33 33 33 33 33 3D 16
10-02-21 17:08:09>解析：地址:00 00 00 00 00 00 控制码:91 长度:09 数据标识:05 00 00 03 数据:00 00 00 00 00
10-02-21 17:08:12>发送:68 00 00 00 00 00 00 68 11 04 36 34 33 38 BA 16
10-02-21 17:08:13>接收：68 00 00 00 00 00 00 68 91 18 36 34 33 38 33 33 33 33 33 33 33 33 33 33 33 33 33 33 33 33 33 33 33 33 4A 16
10-02-21 17:08:13>解析：地址:00 00 00 00 00 00 控制码:91 长度:18 数据标识:05 00 01 03 数据:00 00 00 00 00 00 00 00 00 00 00 00 00 00 00 00 00 00 00 00
10-02-21 17:18:38>发送:68 AA AA AA AA AA AA 68 13 00 DF 16
10-02-21 17:18:48>发送:68 AA AA AA AA AA AA 68 13 00 DF 16
10-02-21 17:21:14>发送:68 AA AA AA AA AA AA 68 13 00 DF 16
10-02-21 17:21:22>发送:68 AA AA AA AA AA AA 68 13 00 DF 16
10-02-21 17:21:59>发送:68 AA AA AA AA AA AA 68 13 00 DF 16
10-02-21 17:22:06>发送:68 AA AA AA AA AA AA 68 13 00 DF 16
10-02-21 17:22:08>发送:68 AA AA AA AA AA AA 68 13 00 DF 16
10-02-21 17:24:36>发送:68 AA AA AA AA AA AA 68 13 00 DF 16
10-02-21 17:24:37>接收：68 11 11 11 11 11 11 68 93 06 44 44 44 44 44 44 67 16
10-02-21 17:24:37>解析：地址:11 11 11 11 11 11 控制码:93 长度:06 数据标识: 数据:11 11 11 11 11 11
10-02-21 17:28:31>发送:68 00 00 00 00 00 00 68 11 04 34 33 33 38 B7 16
10-02-21 17:28:31>接收：68 00 00 00 00 00 00 68 91 09 34 33 33 38 33 33 34 34 43 4D 16
10-02-21 17:28:31>解析：地址:00 00 00 00 00 00 控制码:91 长度:09 数据标识:05 00 00 01 数据:10 01 01 00 00
