10-04-20 16:37:20>发送:68 11 11 11 11 11 11 68 11 04 33 33 33 33 17 16
10-04-20 16:37:32>发送:68 11 11 11 11 11 11 68 11 04 33 33 33 33 17 16
10-04-20 16:38:01>发送:68 AA AA AA AA AA AA 68 13 00 DF 16
10-04-20 16:38:28>发送:68 AA AA AA AA AA AA 68 13 00 DF 16
10-04-20 16:40:05>发送:68 AA AA AA AA AA AA 68 13 00 DF 16
10-04-20 16:40:11>发送:68 AA AA AA AA AA AA 68 13 00 DF 16
10-04-20 16:40:20>发送:68 AA AA AA AA AA AA 68 13 00 DF 16
10-04-20 16:53:54>发送:68 11 11 11 11 11 11 68 11 04 33 33 33 33 17 16
10-04-20 17:11:12>发送:68 11 11 11 11 11 11 68 11 04 33 33 33 33 17 16
10-04-20 17:11:25>发送:68 11 11 11 11 11 11 68 11 04 33 33 33 33 17 16
10-04-20 17:11:31>发送:68 11 11 11 11 11 11 68 11 04 33 33 33 33 17 16
10-04-20 17:11:33>发送:68 11 11 11 11 11 11 68 11 04 33 33 33 33 17 16
10-04-20 17:11:37>发送:68 11 11 11 11 11 11 68 11 04 33 33 33 33 17 16
10-04-20 17:23:34>发送:68 11 11 11 11 11 11 68 11 04 33 33 33 33 17 16
10-04-20 17:23:34>发送:68 11 11 11 11 11 11 68 11 04 33 33 33 33 17 16
10-04-20 17:23:34>发送:68 11 11 11 11 11 11 68 11 04 33 33 33 33 17 16
10-04-20 17:23:35>发送:68 11 11 11 11 11 11 68 11 04 33 33 33 33 17 16
10-04-20 17:23:36>发送:68 11 11 11 11 11 11 68 11 04 33 33 33 33 17 16
10-04-20 17:23:36>发送:68 11 11 11 11 11 11 68 11 04 33 33 33 33 17 16
10-04-20 17:23:37>发送:68 11 11 11 11 11 11 68 11 04 33 33 33 33 17 16
10-04-20 17:23:38>发送:68 11 11 11 11 11 11 68 11 04 33 33 33 33 17 16
10-04-20 17:23:38>发送:68 11 11 11 11 11 11 68 11 04 33 33 33 33 17 16
10-04-20 17:23:38>发送:68 11 11 11 11 11 11 68 11 04 33 33 33 33 17 16
10-04-20 17:23:39>发送:68 11 11 11 11 11 11 68 11 04 33 33 33 33 17 16
10-04-20 17:23:39>发送:68 11 11 11 11 11 11 68 11 04 33 33 33 33 17 16
10-04-20 17:23:41>发送:68 11 11 11 11 11 11 68 11 04 33 33 33 33 17 16
10-04-20 17:23:41>发送:68 11 11 11 11 11 11 68 11 04 33 33 33 33 17 16
10-04-20 17:23:42>发送:68 11 11 11 11 11 11 68 11 04 33 33 33 33 17 16
10-04-20 17:23:43>发送:68 11 11 11 11 11 11 68 11 04 33 33 33 33 17 16
10-04-20 17:23:43>发送:68 11 11 11 11 11 11 68 11 04 33 33 33 33 17 16
10-04-20 17:24:06>发送:68 11 11 11 11 11 11 68 11 04 33 33 33 33 17 16
10-04-20 17:24:06>发送:68 11 11 11 11 11 11 68 11 04 33 33 33 33 17 16
10-04-20 17:24:07>发送:68 11 11 11 11 11 11 68 11 04 33 33 33 33 17 16
10-04-20 17:24:11>发送:68 11 11 11 11 11 11 68 11 04 33 33 33 33 17 16
10-04-20 17:24:11>发送:68 11 11 11 11 11 11 68 11 04 33 33 33 33 17 16
10-04-20 17:24:12>发送:68 11 11 11 11 11 11 68 11 04 33 33 33 33 17 16
10-04-20 17:31:46>发送:68 AA AA AA AA AA AA 68 13 00 DF 16
10-04-20 17:31:57>发送:68 AA AA AA AA AA AA 68 13 00 DF 16
10-04-20 17:32:08>发送:68 AA AA AA AA AA AA 68 13 00 DF 16
10-04-20 17:32:35>发送:68 AA AA AA AA AA AA 68 13 00 DF 16
10-04-20 17:32:35>接收：68 11 11 11 11 11 11 68 93 06 44 44 44 44 44 44 67 16
10-04-20 17:32:35>解析：地址:11 11 11 11 11 11 控制码:93 长度:06 数据标识: 数据:11 11 11 11 11 11
10-04-20 17:33:39>发送:68 11 11 11 11 11 11 68 14 10 34 34 33 37 37 44 44 44 33 33 33 33 35 53 37 43 FD 16
10-04-20 17:33:39>接收：68 11 11 11 11 11 11 68 D4 01 37 42 16
10-04-20 17:33:39>解析：地址:11 11 11 11 11 11 控制码:D4 长度:01 数据标识: 数据:04
