10-03-18 13:56:49>发送:68 11 11 11 11 11 11 68 14 10 34 34 33 37 37 33 33 33 33 33 33 33 37 4B 36 43 C3 16
10-03-18 13:56:50>接收：68 11 11 11 11 11 11 68 D4 01 37 42 16
10-03-18 13:56:50>解析：地址:11 11 11 11 11 11 控制码:D4 长度:01 数据标识: 数据:04
10-03-18 13:56:56>发送:68 11 11 11 11 11 11 68 14 10 34 34 33 37 37 44 44 44 33 33 33 33 37 4B 36 43 F6 16
10-03-18 13:56:56>接收：68 11 11 11 11 11 11 68 94 00 CA 16
10-03-18 13:56:56>解析：地址:11 11 11 11 11 11 控制码:94 长度:00 数据标识: 数据:
10-03-18 13:57:12>发送:68 11 11 11 11 11 11 68 14 0F 35 34 33 37 37 44 44 44 33 33 33 33 33 8A 46 FE 16
10-03-18 13:57:13>接收：68 11 11 11 11 11 11 68 94 00 CA 16
10-03-18 13:57:13>解析：地址:11 11 11 11 11 11 控制码:94 长度:00 数据标识: 数据:
10-03-18 14:06:44>发送:68 11 11 11 11 11 11 68 14 0D 38 34 33 37 37 33 33 33 33 33 33 33 83 4C 16
10-03-18 14:06:44>接收：68 11 11 11 11 11 11 68 D4 01 37 42 16
10-03-18 14:06:44>解析：地址:11 11 11 11 11 11 控制码:D4 长度:01 数据标识: 数据:04
10-03-18 14:06:51>发送:68 11 11 11 11 11 11 68 14 0D 38 34 33 37 35 33 33 33 33 33 33 33 83 4A 16
10-03-18 14:06:51>接收：68 11 11 11 11 11 11 68 D4 01 35 40 16
10-03-18 14:06:51>解析：地址:11 11 11 11 11 11 控制码:D4 长度:01 数据标识: 数据:02
10-03-18 14:06:54>发送:68 11 11 11 11 11 11 68 14 0D 38 34 33 37 35 33 33 33 33 33 33 33 83 4A 16
10-03-18 14:06:54>接收：68 11 11 11 11 11 11 68 D4 01 35 40 16
10-03-18 14:06:54>解析：地址:11 11 11 11 11 11 控制码:D4 长度:01 数据标识: 数据:02
10-03-18 14:07:11>发送:68 11 11 11 11 11 11 68 14 0D 38 34 33 37 37 44 44 44 33 33 33 33 83 7F 16
10-03-18 14:07:12>接收：68 11 11 11 11 11 11 68 D4 01 35 40 16
10-03-18 14:07:12>解析：地址:11 11 11 11 11 11 控制码:D4 长度:01 数据标识: 数据:02
10-03-18 14:07:20>发送:68 11 11 11 11 11 11 68 14 0D 38 34 33 37 37 44 44 44 33 33 33 33 83 7F 16
10-03-18 14:07:20>接收：68 11 11 11 11 11 11 68 D4 01 35 40 16
10-03-18 14:07:20>解析：地址:11 11 11 11 11 11 控制码:D4 长度:01 数据标识: 数据:02
10-03-18 14:22:46>发送:68 11 11 11 11 11 11 68 11 04 38 34 33 37 21 16
10-03-18 14:22:46>接收：68 11 11 11 11 11 11 68 91 06 38 34 33 37 B3 33 89 16
10-03-18 14:22:46>解析：地址:11 11 11 11 11 11 控制码:91 长度:06 数据标识:04 00 01 05 数据:00 80
10-03-18 14:25:15>发送:68 11 11 11 11 11 11 68 11 04 33 33 34 33 18 16
10-03-18 14:25:16>接收：68 11 11 11 11 11 11 68 91 08 33 33 34 33 33 33 33 33 68 16
10-03-18 14:25:16>解析：地址:11 11 11 11 11 11 控制码:91 长度:08 数据标识:00 01 00 00 数据:00 00 00 00
10-03-18 14:25:19>发送:68 11 11 11 11 11 11 68 11 04 33 33 34 33 18 16
10-03-18 14:25:19>接收：68 11 11 11 11 11 11 68 91 08 33 33 34 33 33 33 33 33 68 16
10-03-18 14:25:19>解析：地址:11 11 11 11 11 11 控制码:91 长度:08 数据标识:00 01 00 00 数据:00 00 00 00
10-03-18 14:25:23>发送:68 11 11 11 11 11 11 68 11 04 3A 34 33 37 23 16
10-03-18 14:25:24>接收：68 11 11 11 11 11 11 68 91 09 3A 34 33 37 33 33 33 33 33 A7 16
10-03-18 14:25:24>解析：地址:11 11 11 11 11 11 控制码:91 长度:09 数据标识:04 00 01 07 数据:00 00 00 00 00
10-03-18 14:25:30>发送:68 11 11 11 11 11 11 68 11 04 39 34 33 37 22 16
10-03-18 14:25:31>接收：68 11 11 11 11 11 11 68 91 09 39 34 33 37 33 33 33 33 33 A6 16
10-03-18 14:25:31>解析：地址:11 11 11 11 11 11 控制码:91 长度:09 数据标识:04 00 01 06 数据:00 00 00 00 00
10-03-18 14:26:25>发送:68 11 11 11 11 11 11 68 11 04 34 35 33 37 1E 16
10-03-18 14:26:25>接收：68 11 11 11 11 11 11 68 91 05 34 35 33 37 35 D4 16
10-03-18 14:26:25>解析：地址:11 11 11 11 11 11 控制码:91 长度:05 数据标识:04 00 02 01 数据:02
10-03-18 14:26:38>发送:68 11 11 11 11 11 11 68 14 0D 34 35 33 37 37 44 44 44 33 33 33 33 37 30 16
10-03-18 14:26:39>接收：68 11 11 11 11 11 11 68 94 00 CA 16
10-03-18 14:26:39>解析：地址:11 11 11 11 11 11 控制码:94 长度:00 数据标识: 数据:
10-03-18 14:26:45>发送:68 11 11 11 11 11 11 68 11 04 33 33 34 33 18 16
10-03-18 14:26:45>接收：68 11 11 11 11 11 11 68 91 08 33 33 34 33 33 33 33 33 68 16
10-03-18 14:26:45>解析：地址:11 11 11 11 11 11 控制码:91 长度:08 数据标识:00 01 00 00 数据:00 00 00 00
10-03-18 14:26:51>发送:68 11 11 11 11 11 11 68 11 04 34 35 33 37 1E 16
10-03-18 14:26:51>接收：68 11 11 11 11 11 11 68 91 05 34 35 33 37 37 D6 16
10-03-18 14:26:51>解析：地址:11 11 11 11 11 11 控制码:91 长度:05 数据标识:04 00 02 01 数据:04
10-03-18 14:27:02>发送:68 11 11 11 11 11 11 68 14 0D 34 35 33 37 37 44 44 44 33 33 33 33 35 2E 16
10-03-18 14:27:02>接收：68 11 11 11 11 11 11 68 94 00 CA 16
10-03-18 14:27:02>解析：地址:11 11 11 11 11 11 控制码:94 长度:00 数据标识: 数据:
10-03-18 14:40:58>接收：FF
10-03-18 14:42:55>发送:68 11 11 11 11 11 11 68 11 04 33 33 34 33 18 16
10-03-18 14:42:55>接收：68 11 11 11 11 11 11 68 91 08 33 33 34 33 3B 33 33 33 70 16
10-03-18 14:42:55>解析：地址:11 11 11 11 11 11 控制码:91 长度:08 数据标识:00 01 00 00 数据:00 00 00 08
10-03-18 14:43:21>发送:68 11 11 11 11 11 11 68 11 04 33 33 34 33 18 16
10-03-18 14:43:21>接收：68 11 11 11 11 11 11 68 91 08 33 33 34 33 44 33 33 33 79 16
10-03-18 14:43:21>解析：地址:11 11 11 11 11 11 控制码:91 长度:08 数据标识:00 01 00 00 数据:00 00 00 11
10-03-18 14:43:33>发送:68 11 11 11 11 11 11 68 11 04 33 34 34 35 1B 16
10-03-18 14:43:33>接收：68 11 11 11 11 11 11 68 91 06 33 34 34 35 CC 54 BD 16
10-03-18 14:43:33>解析：地址:11 11 11 11 11 11 控制码:91 长度:06 数据标识:02 01 01 00 数据:21 99
10-03-18 14:44:09>发送:68 11 11 11 11 11 11 68 11 04 33 34 35 35 1C 16
10-03-18 14:44:09>接收：68 11 11 11 11 11 11 68 91 07 33 34 35 35 C9 CC 33 67 16
10-03-18 14:44:09>解析：地址:11 11 11 11 11 11 控制码:91 长度:07 数据标识:02 02 01 00 数据:00 99 96
10-03-18 14:44:23>发送:68 11 11 11 11 11 11 68 11 04 33 33 36 35 1C 16
10-03-18 14:44:23>接收：68 11 11 11 11 11 11 68 91 07 33 33 36 35 A5 4C 35 C5 16
10-03-18 14:44:23>解析：地址:11 11 11 11 11 11 控制码:91 长度:07 数据标识:02 03 00 00 数据:02 19 72
10-03-18 14:44:41>发送:68 11 11 11 11 11 11 68 11 04 33 33 39 35 1F 16
10-03-18 14:44:41>接收：68 11 11 11 11 11 11 68 91 06 33 33 39 35 CC 3C A9 16
10-03-18 14:44:41>解析：地址:11 11 11 11 11 11 控制码:91 长度:06 数据标识:02 06 00 00 数据:09 99
10-03-18 14:45:48>发送:68 11 11 11 11 11 11 68 11 04 34 33 B3 35 9A 16
10-03-18 14:45:48>接收：68 11 11 11 11 11 11 68 91 07 34 33 B3 35 33 33 33 B6 16
10-03-18 14:45:48>解析：地址:11 11 11 11 11 11 控制码:91 长度:07 数据标识:02 80 00 01 数据:00 00 00
10-03-18 14:45:51>发送:68 11 11 11 11 11 11 68 11 04 35 33 B3 35 9B 16
10-03-18 14:45:51>接收：68 11 11 11 11 11 11 68 91 06 35 33 B3 35 3C 83 DC 16
10-03-18 14:45:51>解析：地址:11 11 11 11 11 11 控制码:91 长度:06 数据标识:02 80 00 02 数据:50 09
10-03-18 14:46:27>发送:68 11 11 11 11 11 11 68 11 04 3B 33 B3 35 A1 16
10-03-18 14:46:28>接收：68 11 11 11 11 11 11 68 91 06 3B 33 B3 35 9B 36 F4 16
10-03-18 14:46:28>解析：地址:11 11 11 11 11 11 控制码:91 长度:06 数据标识:02 80 00 08 数据:03 68
10-03-18 14:46:30>发送:68 11 11 11 11 11 11 68 11 04 3C 33 B3 35 A2 16
10-03-18 14:46:31>接收：68 11 11 11 11 11 11 68 91 06 3C 33 B3 35 9B 36 F5 16
10-03-18 14:46:31>解析：地址:11 11 11 11 11 11 控制码:91 长度:06 数据标识:02 80 00 09 数据:03 68
10-03-18 14:46:34>发送:68 11 11 11 11 11 11 68 11 04 3D 33 B3 35 A3 16
10-03-18 14:46:34>接收：68 11 11 11 11 11 11 68 91 08 3D 33 B3 35 49 43 6A 36 53 16
10-03-18 14:46:34>解析：地址:11 11 11 11 11 11 控制码:91 长度:08 数据标识:02 80 00 0A 数据:03 37 10 16
10-03-18 14:57:06>发送:68 11 11 11 11 11 11 68 11 04 33 33 34 33 18 16
10-03-18 14:57:06>接收：68 11 11 11 11 11 11 68 91 08 33 33 34 33 76 33 33 33 AB 16
10-03-18 14:57:06>解析：地址:11 11 11 11 11 11 控制码:91 长度:08 数据标识:00 01 00 00 数据:00 00 00 43
10-03-18 14:57:12>发送:68 11 11 11 11 11 11 68 11 04 3D 33 B3 35 A3 16
10-03-18 14:57:12>接收：68 11 11 11 11 11 11 68 91 08 3D 33 B3 35 4B 43 6A 36 55 16
10-03-18 14:57:12>解析：地址:11 11 11 11 11 11 控制码:91 长度:08 数据标识:02 80 00 0A 数据:03 37 10 18
10-03-18 15:07:38>发送:68 11 11 11 11 11 11 68 11 04 35 33 B3 35 9B 16
10-03-18 15:07:38>接收：68 11 11 11 11 11 11 68 91 06 35 33 B3 35 37 83 D7 16
10-03-18 15:07:38>解析：地址:11 11 11 11 11 11 控制码:91 长度:06 数据标识:02 80 00 02 数据:50 04
10-03-18 15:07:52>发送:68 11 11 11 11 11 11 68 11 04 33 33 44 36 2B 16
10-03-18 15:07:53>接收：68 11 11 11 11 11 11 68 91 07 33 33 44 36 AA 34 33 BF 16
10-03-18 15:07:53>解析：地址:11 11 11 11 11 11 控制码:91 长度:07 数据标识:03 11 00 00 数据:00 01 77
10-03-18 15:08:08>发送:68 11 11 11 11 11 11 68 11 04 34 33 44 36 2C 16
10-03-18 15:08:09>接收：68 11 11 11 11 11 11 68 91 10 34 33 44 36 6A 38 48 4B 36 43 34 39 48 4B 36 43 DF 16
10-03-18 15:08:09>解析：地址:11 11 11 11 11 11 控制码:91 长度:10 数据标识:03 11 00 01 数据:10 03 18 15 06 01 10 03 18 15 05 37
10-03-18 15:15:11>发送:68 11 11 11 11 11 11 68 11 04 34 33 33 50 35 16
10-03-18 15:15:11>接收：68 11 11 11 11 11 11 68 91 07 34 33 33 50 45 33 33 63 16
10-03-18 15:15:11>解析：地址:11 11 11 11 11 11 控制码:91 长度:07 数据标识:1D 00 00 01 数据:00 00 12
10-03-18 15:16:32>发送:68 11 11 11 11 11 11 68 11 04 34 34 33 50 36 16
10-03-18 15:16:32>接收：68 11 11 11 11 11 11 68 91 0A 34 34 33 50 6C 63 47 48 36 43 93 16
10-03-18 15:16:32>解析：地址:11 11 11 11 11 11 控制码:91 长度:0A 数据标识:1D 00 01 01 数据:10 03 15 14 30 39
10-03-18 15:16:37>发送:68 11 11 11 11 11 11 68 11 04 34 35 33 50 37 16
10-03-18 15:16:37>接收：68 11 11 11 11 11 11 68 91 08 34 35 33 50 33 33 33 33 87 16
10-03-18 15:16:37>解析：地址:11 11 11 11 11 11 控制码:91 长度:08 数据标识:1D 00 02 01 数据:00 00 00 00
