10-02-25 11:20:10>发送:68 11 11 11 11 11 11 68 11 04 34 33 33 33 18 16
10-02-25 11:20:11>接收：68 11 11 11 11 11 11 68 91 08 34 33 33 33 33 33 33 33 68 16
10-02-25 11:20:11>解析：地址:11 11 11 11 11 11 控制码:91 长度:08 数据标识:00 00 00 01 数据:00 00 00 00
10-02-25 11:20:43>发送:68 11 11 11 11 11 11 68 11 04 34 34 33 33 19 16
10-02-25 11:20:43>接收：68 11 11 11 11 11 11 68 91 08 34 34 33 33 33 33 33 33 69 16
10-02-25 11:20:43>解析：地址:11 11 11 11 11 11 控制码:91 长度:08 数据标识:00 00 01 01 数据:00 00 00 00
10-02-25 11:20:58>发送:68 11 11 11 11 11 11 68 11 04 35 33 33 33 19 16
10-02-25 11:20:59>接收：68 11 11 11 11 11 11 68 91 08 35 33 33 33 33 33 33 33 69 16
10-02-25 11:20:59>解析：地址:11 11 11 11 11 11 控制码:91 长度:08 数据标识:00 00 00 02 数据:00 00 00 00
10-02-25 15:40:14>发送:68 11 11 11 11 11 11 68 11 04 3F 33 33 33 23 16
10-02-25 15:40:26>发送:68 AA AA AA AA AA AA 68 13 00 DF 16
10-02-25 15:40:50>发送:68 AA AA AA AA AA AA 68 13 00 DF 16
10-02-25 15:40:50>接收：68 11 11 11 11 11 11 68 93 06 44 44 44 44 44 44 67 16
10-02-25 15:40:50>解析：地址:11 11 11 11 11 11 控制码:93 长度:06 数据标识: 数据:11 11 11 11 11 11
10-02-25 15:42:10>发送:68 11 11 11 11 11 11 68 11 04 34 34 33 37 1D 16
10-02-25 15:42:11>接收：68 11 11 11 11 11 11 68 91 08 34 34 33 37 36 35 43 43 92 16
10-02-25 15:42:11>解析：地址:11 11 11 11 11 11 控制码:91 长度:08 数据标识:04 00 01 01 数据:10 10 02 03
10-02-25 15:42:28>发送:68 11 11 11 11 11 11 68 11 04 34 3E 33 37 27 16
10-02-25 15:42:28>接收：68 11 11 11 11 11 11 68 91 06 34 3E 33 37 33 57 33 16
10-02-25 15:42:28>解析：地址:11 11 11 11 11 11 控制码:91 长度:06 数据标识:04 00 0B 01 数据:24 00
10-02-25 15:42:50>发送:68 11 11 11 11 11 11 68 14 0E 34 3E 33 37 37 33 33 33 33 33 33 33 33 34 37 16
10-02-25 15:42:50>接收：68 11 11 11 11 11 11 68 94 00 CA 16
10-02-25 15:42:50>解析：地址:11 11 11 11 11 11 控制码:94 长度:00 数据标识: 数据:
10-02-25 15:42:57>发送:68 11 11 11 11 11 11 68 11 04 34 3E 33 37 27 16
10-02-25 15:42:58>接收：68 11 11 11 11 11 11 68 91 06 34 3E 33 37 33 34 10 16
10-02-25 15:42:58>解析：地址:11 11 11 11 11 11 控制码:91 长度:06 数据标识:04 00 0B 01 数据:01 00
10-02-25 15:43:31>发送:68 11 11 11 11 11 11 68 11 04 3F 33 33 33 23 16
10-02-25 15:43:31>接收：68 11 11 11 11 11 11 68 91 08 3F 33 33 33 A7 33 33 33 E7 16
10-02-25 15:43:31>解析：地址:11 11 11 11 11 11 控制码:91 长度:08 数据标识:00 00 00 0C 数据:00 00 00 74
10-02-25 15:43:40>发送:68 11 11 11 11 11 11 68 11 04 3E 33 33 33 22 16
10-02-25 15:43:40>接收：68 11 11 11 11 11 11 68 91 08 3E 33 33 33 A7 33 33 33 E6 16
10-02-25 15:43:40>解析：地址:11 11 11 11 11 11 控制码:91 长度:08 数据标识:00 00 00 0B 数据:00 00 00 74
10-02-25 15:43:51>发送:68 11 11 11 11 11 11 68 11 04 34 33 33 33 18 16
10-02-25 15:43:51>接收：68 11 11 11 11 11 11 68 91 08 34 33 33 33 33 33 33 33 68 16
10-02-25 15:43:51>解析：地址:11 11 11 11 11 11 控制码:91 长度:08 数据标识:00 00 00 01 数据:00 00 00 00
10-02-25 15:45:20>发送:68 11 11 11 11 11 11 68 14 11 34 34 33 37 37 33 33 33 33 33 33 33 83 8C 64 34 43 B3 16
10-02-25 15:45:21>接收：68 11 11 11 11 11 11 68 94 00 CA 16
10-02-25 15:45:21>解析：地址:11 11 11 11 11 11 控制码:94 长度:00 数据标识: 数据:
10-02-25 15:45:31>发送:68 11 11 11 11 11 11 68 11 04 34 34 33 37 1D 16
10-02-25 15:45:31>接收：68 11 11 11 11 11 11 68 91 08 34 34 33 37 33 4C 44 34 98 16
10-02-25 15:45:31>解析：地址:11 11 11 11 11 11 控制码:91 长度:08 数据标识:04 00 01 01 数据:01 11 19 00
10-02-25 15:46:27>发送:68 11 11 11 11 11 11 68 14 13 34 34 33 37 37 33 33 33 33 33 33 33 34 83 8C 56 64 34 43 3F 16
10-02-25 15:46:28>接收：68 11 11 11 11 11 11 68 94 00 CA 16
10-02-25 15:46:28>解析：地址:11 11 11 11 11 11 控制码:94 长度:00 数据标识: 数据:
10-02-25 15:46:50>发送:68 11 11 11 11 11 11 68 14 10 34 34 33 37 37 33 33 33 33 33 33 33 34 64 34 43 D7 16
10-02-25 15:46:50>接收：68 11 11 11 11 11 11 68 94 00 CA 16
10-02-25 15:46:50>解析：地址:11 11 11 11 11 11 控制码:94 长度:00 数据标识: 数据:
10-02-25 15:47:35>发送:68 11 11 11 11 11 11 68 14 0F 35 34 33 37 37 33 33 33 33 33 33 33 83 8C 56 2D 16
10-02-25 15:47:36>接收：68 11 11 11 11 11 11 68 94 00 CA 16
10-02-25 15:47:36>解析：地址:11 11 11 11 11 11 控制码:94 长度:00 数据标识: 数据:
10-02-25 15:47:40>发送:68 11 11 11 11 11 11 68 11 04 33 33 34 33 18 16
10-02-25 15:47:41>接收：68 11 11 11 11 11 11 68 91 08 33 33 34 33 35 33 33 33 6A 16
10-02-25 15:47:41>解析：地址:11 11 11 11 11 11 控制码:91 长度:08 数据标识:00 01 00 00 数据:00 00 00 02
10-02-25 15:47:47>发送:68 11 11 11 11 11 11 68 11 04 34 34 33 37 1D 16
10-02-25 15:47:47>接收：68 11 11 11 11 11 11 68 91 08 34 34 33 37 35 34 35 43 82 16
10-02-25 15:47:47>解析：地址:11 11 11 11 11 11 控制码:91 长度:08 数据标识:04 00 01 01 数据:10 02 01 02
10-02-25 15:47:52>发送:68 11 11 11 11 11 11 68 11 04 35 34 33 37 1E 16
10-02-25 15:47:53>接收：68 11 11 11 11 11 11 68 91 07 35 34 33 37 39 33 33 40 16
10-02-25 15:47:53>解析：地址:11 11 11 11 11 11 控制码:91 长度:07 数据标识:04 00 01 02 数据:00 00 06
10-02-25 15:47:57>发送:68 11 11 11 11 11 11 68 11 04 34 34 33 37 1D 16
10-02-25 15:47:58>接收：68 11 11 11 11 11 11 68 91 08 34 34 33 37 35 34 35 43 82 16
10-02-25 15:47:58>解析：地址:11 11 11 11 11 11 控制码:91 长度:08 数据标识:04 00 01 01 数据:10 02 01 02
10-02-25 15:48:22>发送:68 11 11 11 11 11 11 68 11 04 34 33 33 33 18 16
10-02-25 15:48:22>接收：68 11 11 11 11 11 11 68 91 08 34 33 33 33 A7 33 33 33 DC 16
10-02-25 15:48:22>解析：地址:11 11 11 11 11 11 控制码:91 长度:08 数据标识:00 00 00 01 数据:00 00 00 74
10-02-25 15:48:27>发送:68 11 11 11 11 11 11 68 11 04 34 34 33 33 19 16
10-02-25 15:48:28>接收：68 11 11 11 11 11 11 68 91 08 34 34 33 33 5C 33 33 33 92 16
10-02-25 15:48:28>解析：地址:11 11 11 11 11 11 控制码:91 长度:08 数据标识:00 00 01 01 数据:00 00 00 29
10-02-25 15:48:32>发送:68 11 11 11 11 11 11 68 11 04 34 35 33 33 1A 16
10-02-25 15:48:32>接收：68 11 11 11 11 11 11 68 91 08 34 35 33 33 4B 33 33 33 82 16
10-02-25 15:48:32>解析：地址:11 11 11 11 11 11 控制码:91 长度:08 数据标识:00 00 02 01 数据:00 00 00 18
10-02-25 15:48:35>发送:68 11 11 11 11 11 11 68 11 04 34 36 33 33 1B 16
10-02-25 15:48:35>接收：68 11 11 11 11 11 11 68 91 08 34 36 33 33 4B 33 33 33 83 16
10-02-25 15:48:35>解析：地址:11 11 11 11 11 11 控制码:91 长度:08 数据标识:00 00 03 01 数据:00 00 00 18
10-02-25 15:48:39>发送:68 11 11 11 11 11 11 68 11 04 34 37 33 33 1C 16
10-02-25 15:48:39>接收：68 11 11 11 11 11 11 68 91 08 34 37 33 33 3C 33 33 33 75 16
10-02-25 15:48:39>解析：地址:11 11 11 11 11 11 控制码:91 长度:08 数据标识:00 00 04 01 数据:00 00 00 09
10-02-25 15:48:50>发送:68 11 11 11 11 11 11 68 11 04 35 33 33 33 19 16
10-02-25 15:48:51>接收：68 11 11 11 11 11 11 68 91 08 35 33 33 33 33 33 33 33 69 16
10-02-25 15:48:51>解析：地址:11 11 11 11 11 11 控制码:91 长度:08 数据标识:00 00 00 02 数据:00 00 00 00
10-02-25 15:48:56>发送:68 11 11 11 11 11 11 68 11 04 35 34 33 33 1A 16
10-02-25 15:48:56>接收：68 11 11 11 11 11 11 68 91 08 35 34 33 33 33 33 33 33 6A 16
10-02-25 15:48:56>解析：地址:11 11 11 11 11 11 控制码:91 长度:08 数据标识:00 00 01 02 数据:00 00 00 00
10-02-25 15:49:05>发送:68 11 11 11 11 11 11 68 11 04 35 34 33 33 1A 16
10-02-25 15:49:05>接收：68 11 11 11 11 11 11 68 91 08 35 34 33 33 33 33 33 33 6A 16
10-02-25 15:49:05>解析：地址:11 11 11 11 11 11 控制码:91 长度:08 数据标识:00 00 01 02 数据:00 00 00 00
10-02-25 15:49:14>发送:68 11 11 11 11 11 11 68 11 04 3F 33 33 33 23 16
10-02-25 15:49:14>接收：68 11 11 11 11 11 11 68 91 08 3F 33 33 33 A7 33 33 33 E7 16
10-02-25 15:49:14>解析：地址:11 11 11 11 11 11 控制码:91 长度:08 数据标识:00 00 00 0C 数据:00 00 00 74
10-02-25 15:49:20>发送:68 11 11 11 11 11 11 68 11 04 3F 34 33 33 24 16
10-02-25 15:49:20>接收：68 11 11 11 11 11 11 68 91 08 3F 34 33 33 5C 33 33 33 9D 16
10-02-25 15:49:20>解析：地址:11 11 11 11 11 11 控制码:91 长度:08 数据标识:00 00 01 0C 数据:00 00 00 29
10-02-25 16:02:24>发送:68 11 11 11 11 11 11 68 11 04 3F 33 33 33 23 16
10-02-25 16:02:24>接收：68 11 11 11 11 11 11 68 91 08 3F 33 33 33 A7 33 33 33 E7 16
10-02-25 16:02:24>解析：地址:11 11 11 11 11 11 控制码:91 长度:08 数据标识:00 00 00 0C 数据:00 00 00 74
10-02-25 16:02:32>发送:68 11 11 11 11 11 11 68 11 04 3E 33 33 33 22 16
10-02-25 16:02:32>接收：68 11 11 11 11 11 11 68 91 08 3E 33 33 33 A7 33 33 33 E6 16
10-02-25 16:02:32>解析：地址:11 11 11 11 11 11 控制码:91 长度:08 数据标识:00 00 00 0B 数据:00 00 00 74
10-02-25 16:02:41>发送:68 11 11 11 11 11 11 68 11 04 3D 33 33 33 21 16
10-02-25 16:02:42>接收：68 11 11 11 11 11 11 68 91 08 3D 33 33 33 33 33 33 33 71 16
10-02-25 16:02:42>解析：地址:11 11 11 11 11 11 控制码:91 长度:08 数据标识:00 00 00 0A 数据:00 00 00 00
10-02-25 16:07:21>发送:68 11 11 11 11 11 11 68 11 04 3D 33 33 33 21 16
10-02-25 16:07:21>接收：68 11 11 11 11 11 11 68 91 08 3D 33 33 33 33 33 33 33 71 16
10-02-25 16:07:21>解析：地址:11 11 11 11 11 11 控制码:91 长度:08 数据标识:00 00 00 0A 数据:00 00 00 00
10-02-25 16:08:18>发送:68 11 11 11 11 11 11 68 14 10 34 34 33 37 37 33 33 33 33 33 33 33 34 64 34 43 D7 16
10-02-25 16:08:19>接收：68 11 11 11 11 11 11 68 94 00 CA 16
10-02-25 16:08:19>解析：地址:11 11 11 11 11 11 控制码:94 长度:00 数据标识: 数据:
10-02-25 16:08:34>发送:68 11 11 11 11 11 11 68 14 0F 35 34 33 37 37 33 33 33 33 33 33 33 83 8C 56 2D 16
10-02-25 16:08:35>接收：68 11 11 11 11 11 11 68 94 00 CA 16
10-02-25 16:08:35>解析：地址:11 11 11 11 11 11 控制码:94 长度:00 数据标识: 数据:
10-02-25 16:08:42>发送:68 11 11 11 11 11 11 68 11 04 35 34 33 37 1E 16
10-02-25 16:08:42>接收：68 11 11 11 11 11 11 68 91 07 35 34 33 37 8A 8C 56 0D 16
10-02-25 16:08:42>解析：地址:11 11 11 11 11 11 控制码:91 长度:07 数据标识:04 00 01 02 数据:23 59 57
10-02-25 16:08:46>发送:68 11 11 11 11 11 11 68 11 04 34 34 33 37 1D 16
10-02-25 16:08:46>接收：68 11 11 11 11 11 11 68 91 08 34 34 33 37 35 34 35 43 82 16
10-02-25 16:08:46>解析：地址:11 11 11 11 11 11 控制码:91 长度:08 数据标识:04 00 01 01 数据:10 02 01 02
10-02-25 16:08:53>发送:68 11 11 11 11 11 11 68 11 04 35 34 33 37 1E 16
10-02-25 16:08:53>接收：68 11 11 11 11 11 11 68 91 07 35 34 33 37 3B 33 33 42 16
10-02-25 16:08:53>解析：地址:11 11 11 11 11 11 控制码:91 长度:07 数据标识:04 00 01 02 数据:00 00 08
10-02-25 16:09:08>发送:68 11 11 11 11 11 11 68 11 04 34 33 33 33 18 16
10-02-25 16:09:09>接收：68 11 11 11 11 11 11 68 91 08 34 33 33 33 A7 33 33 33 DC 16
10-02-25 16:09:09>解析：地址:11 11 11 11 11 11 控制码:91 长度:08 数据标识:00 00 00 01 数据:00 00 00 74
10-02-25 16:10:55>发送:68 11 11 11 11 11 11 68 14 10 34 34 33 37 37 33 33 33 33 33 33 33 34 64 34 43 D7 16
10-02-25 16:10:56>接收：68 11 11 11 11 11 11 68 94 00 CA 16
10-02-25 16:10:56>解析：地址:11 11 11 11 11 11 控制码:94 长度:00 数据标识: 数据:
10-02-25 16:11:07>发送:68 11 11 11 11 11 11 68 14 0F 35 34 33 37 37 33 33 33 33 33 33 33 83 8C 56 2D 16
10-02-25 16:11:08>接收：68 11 11 11 11 11 11 68 94 00 CA 16
10-02-25 16:11:08>解析：地址:11 11 11 11 11 11 控制码:94 长度:00 数据标识: 数据:
10-02-25 16:11:17>发送:68 11 11 11 11 11 11 68 11 04 34 34 33 37 1D 16
10-02-25 16:11:17>接收：68 11 11 11 11 11 11 68 91 08 34 34 33 37 34 64 34 43 B0 16
10-02-25 16:11:17>解析：地址:11 11 11 11 11 11 控制码:91 长度:08 数据标识:04 00 01 01 数据:10 01 31 01
10-02-25 16:11:20>发送:68 11 11 11 11 11 11 68 11 04 35 34 33 37 1E 16
10-02-25 16:11:21>接收：68 11 11 11 11 11 11 68 91 07 35 34 33 37 35 33 33 3C 16
10-02-25 16:11:21>解析：地址:11 11 11 11 11 11 控制码:91 长度:07 数据标识:04 00 01 02 数据:00 00 02
10-02-25 16:11:39>发送:68 11 11 11 11 11 11 68 11 04 34 33 33 33 18 16
10-02-25 16:11:39>接收：68 11 11 11 11 11 11 68 91 08 34 33 33 33 A7 33 33 33 DC 16
10-02-25 16:11:39>解析：地址:11 11 11 11 11 11 控制码:91 长度:08 数据标识:00 00 00 01 数据:00 00 00 74
10-02-25 16:11:49>发送:68 11 11 11 11 11 11 68 11 04 35 33 33 33 19 16
10-02-25 16:11:50>接收：68 11 11 11 11 11 11 68 91 08 35 33 33 33 A7 33 33 33 DD 16
10-02-25 16:11:50>解析：地址:11 11 11 11 11 11 控制码:91 长度:08 数据标识:00 00 00 02 数据:00 00 00 74
10-02-25 16:11:57>发送:68 11 11 11 11 11 11 68 11 04 36 33 33 33 1A 16
10-02-25 16:11:57>接收：68 11 11 11 11 11 11 68 91 08 36 33 33 33 33 33 33 33 6A 16
10-02-25 16:11:57>解析：地址:11 11 11 11 11 11 控制码:91 长度:08 数据标识:00 00 00 03 数据:00 00 00 00
10-02-25 16:12:04>发送:68 11 11 11 11 11 11 68 11 04 3F 33 33 33 23 16
10-02-25 16:12:04>接收：68 11 11 11 11 11 11 68 91 08 3F 33 33 33 33 33 33 33 73 16
10-02-25 16:12:04>解析：地址:11 11 11 11 11 11 控制码:91 长度:08 数据标识:00 00 00 0C 数据:00 00 00 00
