10-02-23 10:01:43>发送:68 00 00 00 00 00 00 68 11 04 34 34 B3 37 37 16
10-02-23 10:01:58>发送:68 11 11 11 11 11 11 68 11 04 34 34 B3 37 9D 16
10-02-23 10:01:59>接收：68 11 11 11 11 11 11 68 D1 01 35 3D 16
10-02-23 10:01:59>解析：地址:11 11 11 11 11 11 控制码:D1 长度:01 数据标识: 数据:02
10-02-23 10:02:13>发送:68 11 11 11 11 11 11 68 11 04 36 37 33 37 22 16
10-02-23 10:02:14>接收：68 11 11 11 11 11 11 68 91 24 36 37 33 37 33 33 33 33 33 33 33 33 33 33 33 33 33 33 33 33 33 33 33 33 64 64 64 64 64 64 64 64 64 64 64 64 6E 16
10-02-23 10:02:14>解析：地址:11 11 11 11 11 11 控制码:91 长度:24 数据标识:04 00 04 03 数据:31 31 31 31 31 31 31 31 31 31 31 31 00 00 00 00 00 00 00 00 00 00 00 00 00 00 00 00 00 00 00 00
10-02-23 10:03:52>发送:68 11 11 11 11 11 11 68 11 04 37 37 33 37 23 16
10-02-23 10:03:52>接收：68 11 11 11 11 11 11 68 91 0A 37 37 33 37 89 63 65 65 33 33 C5 16
10-02-23 10:03:52>解析：地址:11 11 11 11 11 11 控制码:91 长度:0A 数据标识:04 00 04 04 数据:00 00 32 32 30 56
10-02-23 10:04:30>发送:68 11 11 11 11 11 11 68 11 04 36 37 33 37 22 16
10-02-23 10:04:31>接收：68 11 11 11 11 11 11 68 91 24 36 37 33 37 33 33 33 33 33 33 33 33 33 33 33 33 33 33 33 33 33 33 33 33 64 64 64 64 64 64 64 64 64 64 64 64 6E 16
10-02-23 10:04:31>解析：地址:11 11 11 11 11 11 控制码:91 长度:24 数据标识:04 00 04 03 数据:31 31 31 31 31 31 31 31 31 31 31 31 00 00 00 00 00 00 00 00 00 00 00 00 00 00 00 00 00 00 00 00
10-02-23 10:09:07>发送:68 11 11 11 11 11 11 68 11 04 38 37 33 37 24 16
10-02-23 10:09:07>接收：68 11 11 11 11 11 11 68 91 0A 38 37 33 37 74 63 64 33 33 33 7E 16
10-02-23 10:09:07>解析：地址:11 11 11 11 11 11 控制码:91 长度:0A 数据标识:04 00 04 05 数据:00 00 00 31 30 41
10-02-23 10:11:43>发送:68 11 11 11 11 11 11 68 11 04 39 37 33 37 25 16
10-02-23 10:11:43>接收：68 11 11 11 11 11 11 68 91 0A 39 37 33 37 74 63 69 33 33 33 84 16
10-02-23 10:11:43>解析：地址:11 11 11 11 11 11 控制码:91 长度:0A 数据标识:04 00 04 06 数据:00 00 00 36 30 41
10-02-23 10:12:45>发送:68 11 11 11 11 11 11 68 11 04 3A 37 33 37 26 16
10-02-23 10:12:45>接收：68 11 11 11 11 11 11 68 91 08 3A 37 33 37 63 61 65 33 06 16
10-02-23 10:12:45>解析：地址:11 11 11 11 11 11 控制码:91 长度:08 数据标识:04 00 04 07 数据:00 32 2E 30
10-02-23 10:13:13>发送:68 11 11 11 11 11 11 68 11 04 3C 37 33 37 28 16
10-02-23 10:13:14>接收：68 11 11 11 11 11 11 68 91 07 3C 37 33 37 33 45 33 56 16
10-02-23 10:13:14>解析：地址:11 11 11 11 11 11 控制码:91 长度:07 数据标识:04 00 04 09 数据:00 12 00
10-02-23 10:42:46>发送:68 11 11 11 11 11 11 68 11 04 3E 37 33 37 2A 16
10-02-23 10:42:47>接收：68 11 11 11 11 11 11 68 91 0E 3E 37 33 37 33 33 33 33 33 33 33 33 33 33 B2 16
10-02-23 10:42:47>解析：地址:11 11 11 11 11 11 控制码:91 长度:0E 数据标识:04 00 04 0B 数据:00 00 00 00 00 00 00 00 00 00
10-02-23 10:42:47>发送:68 11 11 11 11 11 11 68 11 04 3E 37 33 37 2A 16
10-02-23 10:42:47>接收：68 11 11 11 11 11 11 68 91 0E 3E 37 33 37 33 33 33 33 33 33 33 33 33 33 B2 16
10-02-23 10:42:47>解析：地址:11 11 11 11 11 11 控制码:91 长度:0E 数据标识:04 00 04 0B 数据:00 00 00 00 00 00 00 00 00 00
10-02-23 10:44:13>发送:68 11 11 11 11 11 11 68 11 04 3F 37 33 37 2B 16
10-02-23 10:44:13>接收：68 11 11 11 11 11 11 68 91 0E 3F 37 33 37 66 65 61 65 64 61 6C 63 63 65 A2 16
10-02-23 10:44:13>解析：地址:11 11 11 11 11 11 控制码:91 长度:0E 数据标识:04 00 04 0C 数据:32 30 30 39 2E 31 32 2E 32 33
10-02-23 10:49:10>发送:68 11 11 11 11 11 11 68 11 04 40 37 33 37 2C 16
10-02-23 10:49:11>接收：68 11 11 11 11 11 11 68 91 14 40 37 33 37 63 61 64 89 6A 63 63 65 60 68 67 69 87 62 7F 77 79 16
10-02-23 10:49:11>解析：地址:11 11 11 11 11 11 控制码:91 长度:14 数据标识:04 00 04 0D 数据:44 4C 2F 54 36 34 35 2D 32 30 30 37 56 31 2E 30
10-02-23 11:26:22>发送:68 11 11 11 11 11 11 68 11 04 33 34 34 37 1D 16
10-02-23 11:26:22>接收：68 11 11 11 11 11 11 68 D1 01 35 3D 16
10-02-23 11:26:22>解析：地址:11 11 11 11 11 11 控制码:D1 长度:01 数据标识: 数据:02
10-02-23 11:26:25>发送:68 11 11 11 11 11 11 68 11 04 34 34 34 37 1E 16
10-02-23 11:26:25>接收：68 11 11 11 11 11 11 68 D1 01 35 3D 16
10-02-23 11:26:25>解析：地址:11 11 11 11 11 11 控制码:D1 长度:01 数据标识: 数据:02
10-02-23 11:26:40>发送:68 11 11 11 11 11 11 68 11 04 34 34 36 37 20 16
10-02-23 11:26:40>接收：68 11 11 11 11 11 11 68 D1 01 35 3D 16
10-02-23 11:26:40>解析：地址:11 11 11 11 11 11 控制码:D1 长度:01 数据标识: 数据:02
10-02-23 11:26:41>发送:68 11 11 11 11 11 11 68 11 04 34 34 36 37 20 16
10-02-23 11:26:41>接收：68 11 11 11 11 11 11 68 D1 01 35 3D 16
10-02-23 11:26:41>解析：地址:11 11 11 11 11 11 控制码:D1 长度:01 数据标识: 数据:02
10-02-23 11:34:32>发送:68 11 11 11 11 11 11 68 11 04 34 37 33 37 20 16
10-02-23 11:34:49>发送:68 11 11 11 11 11 11 68 11 04 34 37 33 37 20 16
10-02-23 11:35:01>发送:68 00 00 00 00 00 00 68 11 04 34 37 33 37 BA 16
10-02-23 11:35:01>接收：68 00 00 00 00 00 00 68 91 0A 34 37 33 37 33 33 33 33 33 33 72 16
10-02-23 11:35:01>解析：地址:00 00 00 00 00 00 控制码:91 长度:0A 数据标识:04 00 04 01 数据:00 00 00 00 00 00
10-02-23 11:35:09>发送:68 00 00 00 00 00 00 68 11 04 35 37 33 37 BB 16
10-02-23 11:35:10>接收：68 00 00 00 00 00 00 68 91 0A 35 37 33 37 33 33 33 33 33 33 73 16
10-02-23 11:35:10>解析：地址:00 00 00 00 00 00 控制码:91 长度:0A 数据标识:04 00 04 02 数据:00 00 00 00 00 00
10-02-23 11:35:20>发送:68 00 00 00 00 00 00 68 11 04 36 37 33 37 BC 16
10-02-23 11:35:20>接收：68 00 00 00 00 00 00 68 D1 01 35 D7 16
10-02-23 11:35:20>解析：地址:00 00 00 00 00 00 控制码:D1 长度:01 数据标识: 数据:02
10-02-23 11:35:27>发送:68 00 00 00 00 00 00 68 11 04 37 37 33 37 BD 16
10-02-23 11:35:27>接收：68 00 00 00 00 00 00 68 D1 01 35 D7 16
10-02-23 11:35:27>解析：地址:00 00 00 00 00 00 控制码:D1 长度:01 数据标识: 数据:02
10-02-23 11:35:30>发送:68 00 00 00 00 00 00 68 11 04 38 37 33 37 BE 16
10-02-23 11:35:31>接收：68 00 00 00 00 00 00 68 D1 01 35 D7 16
10-02-23 11:35:31>解析：地址:00 00 00 00 00 00 控制码:D1 长度:01 数据标识: 数据:02
10-02-23 11:35:34>发送:68 00 00 00 00 00 00 68 11 04 39 37 33 37 BF 16
10-02-23 11:35:35>接收：68 00 00 00 00 00 00 68 D1 01 35 D7 16
10-02-23 11:35:35>解析：地址:00 00 00 00 00 00 控制码:D1 长度:01 数据标识: 数据:02
10-02-23 11:35:38>发送:68 00 00 00 00 00 00 68 11 04 3A 37 33 37 C0 16
10-02-23 11:35:38>接收：68 00 00 00 00 00 00 68 D1 01 35 D7 16
10-02-23 11:35:38>解析：地址:00 00 00 00 00 00 控制码:D1 长度:01 数据标识: 数据:02
10-02-23 11:35:42>发送:68 00 00 00 00 00 00 68 11 04 3C 37 33 37 C2 16
10-02-23 11:35:43>接收：68 00 00 00 00 00 00 68 D1 01 35 D7 16
10-02-23 11:35:43>解析：地址:00 00 00 00 00 00 控制码:D1 长度:01 数据标识: 数据:02
10-02-23 11:35:52>发送:68 00 00 00 00 00 00 68 11 04 3E 37 33 37 C4 16
10-02-23 11:35:53>接收：68 00 00 00 00 00 00 68 D1 01 35 D7 16
10-02-23 11:35:53>解析：地址:00 00 00 00 00 00 控制码:D1 长度:01 数据标识: 数据:02
10-02-23 11:38:07>发送:68 00 00 00 00 00 00 68 11 04 34 35 33 37 B8 16
10-02-23 11:38:08>接收：68 00 00 00 00 00 00 68 91 05 34 35 33 37 37 70 16
10-02-23 11:38:08>解析：地址:00 00 00 00 00 00 控制码:91 长度:05 数据标识:04 00 02 01 数据:04
10-02-23 11:38:12>发送:68 00 00 00 00 00 00 68 11 04 35 35 33 37 B9 16
10-02-23 11:38:12>接收：68 00 00 00 00 00 00 68 91 05 35 35 33 37 37 71 16
10-02-23 11:38:12>解析：地址:00 00 00 00 00 00 控制码:91 长度:05 数据标识:04 00 02 02 数据:04
10-02-23 11:38:15>发送:68 00 00 00 00 00 00 68 11 04 36 35 33 37 BA 16
10-02-23 11:38:15>接收：68 00 00 00 00 00 00 68 91 05 36 35 33 37 3B 76 16
10-02-23 11:38:15>解析：地址:00 00 00 00 00 00 控制码:91 长度:05 数据标识:04 00 02 03 数据:08
10-02-23 11:38:18>发送:68 00 00 00 00 00 00 68 11 04 37 35 33 37 BB 16
10-02-23 11:38:19>接收：68 00 00 00 00 00 00 68 91 05 37 35 33 37 37 73 16
10-02-23 11:38:19>解析：地址:00 00 00 00 00 00 控制码:91 长度:05 数据标识:04 00 02 04 数据:04
10-02-23 11:38:24>发送:68 00 00 00 00 00 00 68 11 04 38 35 33 37 BC 16
10-02-23 11:38:25>接收：68 00 00 00 00 00 00 68 91 06 38 35 33 37 43 33 B4 16
10-02-23 11:38:25>解析：地址:00 00 00 00 00 00 控制码:91 长度:06 数据标识:04 00 02 05 数据:00 10
10-02-23 11:38:38>发送:68 00 00 00 00 00 00 68 11 04 34 36 33 37 B9 16
10-02-23 11:38:39>接收：68 00 00 00 00 00 00 68 91 05 34 36 33 37 38 72 16
10-02-23 11:38:39>解析：地址:00 00 00 00 00 00 控制码:91 长度:05 数据标识:04 00 03 01 数据:05
10-02-23 11:38:43>发送:68 00 00 00 00 00 00 68 11 04 35 36 33 37 BA 16
10-02-23 11:38:43>接收：68 00 00 00 00 00 00 68 91 05 35 36 33 37 38 73 16
10-02-23 11:38:43>解析：地址:00 00 00 00 00 00 控制码:91 长度:05 数据标识:04 00 03 02 数据:05
10-02-23 11:38:47>发送:68 00 00 00 00 00 00 68 11 04 36 36 33 37 BB 16
10-02-23 11:38:47>接收：68 00 00 00 00 00 00 68 91 05 36 36 33 37 35 71 16
10-02-23 11:38:47>解析：地址:00 00 00 00 00 00 控制码:91 长度:05 数据标识:04 00 03 03 数据:02
10-02-23 11:38:50>发送:68 00 00 00 00 00 00 68 11 04 37 36 33 37 BC 16
10-02-23 11:38:51>接收：68 00 00 00 00 00 00 68 D1 01 35 D7 16
10-02-23 11:38:51>解析：地址:00 00 00 00 00 00 控制码:D1 长度:01 数据标识: 数据:02
10-02-23 11:39:14>发送:68 00 00 00 00 00 00 68 11 04 34 38 33 37 BB 16
10-02-23 11:39:15>接收：68 00 00 00 00 00 00 68 91 06 34 38 33 37 33 33 A3 16
10-02-23 11:39:15>解析：地址:00 00 00 00 00 00 控制码:91 长度:06 数据标识:04 00 05 01 数据:00 00
10-02-23 11:39:20>发送:68 00 00 00 00 00 00 68 11 04 35 38 33 37 BC 16
10-02-23 11:39:20>接收：68 00 00 00 00 00 00 68 D1 01 35 D7 16
10-02-23 11:39:20>解析：地址:00 00 00 00 00 00 控制码:D1 长度:01 数据标识: 数据:02
10-02-23 11:39:23>发送:68 00 00 00 00 00 00 68 11 04 36 38 33 37 BD 16
10-02-23 11:39:24>接收：68 00 00 00 00 00 00 68 91 06 36 38 33 37 83 33 F5 16
10-02-23 11:39:24>解析：地址:00 00 00 00 00 00 控制码:91 长度:06 数据标识:04 00 05 03 数据:00 50
10-02-23 11:39:28>发送:68 00 00 00 00 00 00 68 11 04 37 38 33 37 BE 16
10-02-23 11:39:29>接收：68 00 00 00 00 00 00 68 D1 01 35 D7 16
10-02-23 11:39:29>解析：地址:00 00 00 00 00 00 控制码:D1 长度:01 数据标识: 数据:02
10-02-23 11:39:32>发送:68 00 00 00 00 00 00 68 11 04 38 38 33 37 BF 16
10-02-23 11:39:32>接收：68 00 00 00 00 00 00 68 D1 01 35 D7 16
10-02-23 11:39:32>解析：地址:00 00 00 00 00 00 控制码:D1 长度:01 数据标识: 数据:02
10-02-23 11:39:35>发送:68 00 00 00 00 00 00 68 11 04 39 38 33 37 C0 16
10-02-23 11:39:35>接收：68 00 00 00 00 00 00 68 D1 01 35 D7 16
10-02-23 11:39:35>解析：地址:00 00 00 00 00 00 控制码:D1 长度:01 数据标识: 数据:02
10-02-23 11:39:38>发送:68 00 00 00 00 00 00 68 11 04 3A 38 33 37 C1 16
10-02-23 11:39:38>接收：68 00 00 00 00 00 00 68 D1 01 35 D7 16
10-02-23 11:39:38>解析：地址:00 00 00 00 00 00 控制码:D1 长度:01 数据标识: 数据:02
10-02-23 11:39:43>发送:68 00 00 00 00 00 00 68 11 04 34 39 33 37 BC 16
10-02-23 11:39:44>接收：68 00 00 00 00 00 00 68 D1 01 35 D7 16
10-02-23 11:39:44>解析：地址:00 00 00 00 00 00 控制码:D1 长度:01 数据标识: 数据:02
10-02-23 11:42:30>发送:68 00 00 00 00 00 00 68 11 04 34 3A 33 37 BD 16
10-02-23 11:42:30>接收：68 00 00 00 00 00 00 68 91 05 34 3A 33 37 37 75 16
10-02-23 11:42:30>解析：地址:00 00 00 00 00 00 控制码:91 长度:05 数据标识:04 00 07 01 数据:04
10-02-23 11:42:35>发送:68 00 00 00 00 00 00 68 11 04 35 3A 33 37 BE 16
10-02-23 11:42:36>接收：68 00 00 00 00 00 00 68 D1 01 35 D7 16
10-02-23 11:42:36>解析：地址:00 00 00 00 00 00 控制码:D1 长度:01 数据标识: 数据:02
10-02-23 11:42:38>发送:68 00 00 00 00 00 00 68 11 04 36 3A 33 37 BF 16
10-02-23 11:42:39>接收：68 00 00 00 00 00 00 68 91 05 36 3A 33 37 3B 7B 16
10-02-23 11:42:39>解析：地址:00 00 00 00 00 00 控制码:91 长度:05 数据标识:04 00 07 03 数据:08
10-02-23 11:42:42>发送:68 00 00 00 00 00 00 68 11 04 37 3A 33 37 C0 16
10-02-23 11:42:42>接收：68 00 00 00 00 00 00 68 91 05 37 3A 33 37 33 74 16
10-02-23 11:42:42>解析：地址:00 00 00 00 00 00 控制码:91 长度:05 数据标识:04 00 07 04 数据:00
10-02-23 11:42:46>发送:68 00 00 00 00 00 00 68 11 04 38 3A 33 37 C1 16
10-02-23 11:42:46>接收：68 00 00 00 00 00 00 68 91 05 38 3A 33 37 33 75 16
10-02-23 11:42:46>解析：地址:00 00 00 00 00 00 控制码:91 长度:05 数据标识:04 00 07 05 数据:00
10-02-23 11:42:52>发送:68 00 00 00 00 00 00 68 11 04 34 3B 33 37 BE 16
10-02-23 11:42:53>接收：68 00 00 00 00 00 00 68 91 05 34 3B 33 37 71 B0 16
10-02-23 11:42:53>解析：地址:00 00 00 00 00 00 控制码:91 长度:05 数据标识:04 00 08 01 数据:3E
10-02-23 11:42:58>发送:68 00 00 00 00 00 00 68 11 04 35 3B 33 37 BF 16
10-02-23 11:42:58>接收：68 00 00 00 00 00 00 68 91 05 35 3B 33 37 34 74 16
10-02-23 11:42:58>解析：地址:00 00 00 00 00 00 控制码:91 长度:05 数据标识:04 00 08 02 数据:01
10-02-23 11:43:04>发送:68 00 00 00 00 00 00 68 11 04 35 3C 33 37 C0 16
10-02-23 11:43:05>接收：68 00 00 00 00 00 00 68 D1 01 35 D7 16
10-02-23 11:43:05>解析：地址:00 00 00 00 00 00 控制码:D1 长度:01 数据标识: 数据:02
10-02-23 11:43:10>发送:68 00 00 00 00 00 00 68 11 04 35 3C 33 37 C0 16
10-02-23 11:43:10>接收：68 00 00 00 00 00 00 68 D1 01 35 D7 16
10-02-23 11:43:10>解析：地址:00 00 00 00 00 00 控制码:D1 长度:01 数据标识: 数据:02
10-02-23 11:43:42>发送:68 00 00 00 00 00 00 68 11 04 34 3E 33 37 C1 16
10-02-23 11:43:42>接收：68 00 00 00 00 00 00 68 91 05 34 3E 33 37 33 75 16
10-02-23 11:43:42>解析：地址:00 00 00 00 00 00 控制码:91 长度:05 数据标识:04 00 0B 01 数据:00
10-02-23 11:43:50>发送:68 00 00 00 00 00 00 68 11 04 35 3E 33 37 C2 16
10-02-23 11:43:50>接收：68 00 00 00 00 00 00 68 91 05 35 3E 33 37 CC 0F 16
10-02-23 11:43:50>解析：地址:00 00 00 00 00 00 控制码:91 长度:05 数据标识:04 00 0B 02 数据:99
10-02-23 11:43:54>发送:68 00 00 00 00 00 00 68 11 04 36 3E 33 37 C3 16
10-02-23 11:43:54>接收：68 00 00 00 00 00 00 68 91 05 36 3E 33 37 CC 10 16
10-02-23 11:43:54>解析：地址:00 00 00 00 00 00 控制码:91 长度:05 数据标识:04 00 0B 03 数据:99
10-02-23 11:44:12>发送:68 00 00 00 00 00 00 68 11 04 34 3E 33 37 C1 16
10-02-23 11:44:12>接收：68 00 00 00 00 00 00 68 91 05 34 3E 33 37 33 75 16
10-02-23 11:44:12>解析：地址:00 00 00 00 00 00 控制码:91 长度:05 数据标识:04 00 0B 01 数据:00
10-02-23 11:44:43>发送:68 00 00 00 00 00 00 68 11 04 34 3E 33 37 C1 16
10-02-23 11:44:43>接收：68 00 00 00 00 00 00 68 91 05 34 3E 33 37 33 75 16
10-02-23 11:44:43>解析：地址:00 00 00 00 00 00 控制码:91 长度:05 数据标识:04 00 0B 01 数据:00
10-02-23 11:48:24>发送:68 00 00 00 00 00 00 68 11 04 33 34 34 37 B7 16
10-02-23 11:48:24>接收：68 00 00 00 00 00 00 68 D1 01 35 D7 16
10-02-23 11:48:24>解析：地址:00 00 00 00 00 00 控制码:D1 长度:01 数据标识: 数据:02
10-02-23 11:48:48>发送:68 00 00 00 00 00 00 68 11 04 34 34 34 37 B8 16
10-02-23 11:48:48>接收：68 00 00 00 00 00 00 68 D1 01 35 D7 16
10-02-23 11:48:48>解析：地址:00 00 00 00 00 00 控制码:D1 长度:01 数据标识: 数据:02
10-02-23 11:49:47>发送:68 00 00 00 00 00 00 68 11 04 33 34 35 37 B8 16
10-02-23 11:49:47>接收：68 00 00 00 00 00 00 68 D1 01 35 D7 16
10-02-23 11:49:47>解析：地址:00 00 00 00 00 00 控制码:D1 长度:01 数据标识: 数据:02
10-02-23 11:49:53>发送:68 00 00 00 00 00 00 68 11 04 34 34 36 37 BA 16
10-02-23 11:49:53>接收：68 00 00 00 00 00 00 68 D1 01 35 D7 16
10-02-23 11:49:53>解析：地址:00 00 00 00 00 00 控制码:D1 长度:01 数据标识: 数据:02
10-02-23 11:49:58>发送:68 00 00 00 00 00 00 68 11 04 34 34 B3 37 37 16
10-02-23 11:49:59>接收：68 00 00 00 00 00 00 68 D1 01 35 D7 16
10-02-23 11:49:59>解析：地址:00 00 00 00 00 00 控制码:D1 长度:01 数据标识: 数据:02
10-02-23 11:50:23>发送:68 00 00 00 00 00 00 68 11 04 39 36 33 37 BE 16
10-02-23 11:50:23>接收：68 00 00 00 00 00 00 68 D1 01 35 D7 16
10-02-23 11:50:23>解析：地址:00 00 00 00 00 00 控制码:D1 长度:01 数据标识: 数据:02
10-02-23 11:50:30>接收：00 00 00 40 00 C0 08 20 00
10-02-23 11:50:31>接收：00 70 01 13 00 00 00 00 00 00 00
10-02-23 11:50:31>接收：00 08 00 00 00
10-02-23 11:50:32>接收：7C 61 40 40 3F 04 0C 07 00 E0 FC 00 E0 FF 04 07 7C EF 89 33 00 00
10-02-23 11:50:33>接收：00 09 EC 04 40 92 38 0F 10 00 06 20 BC 00 00 00 01 00 00 00 00 40 08 00 80
10-02-23 11:50:34>接收：C0 01 10 02 7C 02 00 F4 FF 3B 90 E8 72 86 B1 3C FE DC 07 02 B6 06 00 38 00 01 06 83 01 FE 00 15 00 05 00 01 C0 0B 80 80 00 00 18 01 00 00 00 30 02 18 00 08
10-02-23 11:50:43>发送:68 11 11 11 11 11 11 68 11 04 39 36 33 37 24 16
10-02-23 11:50:44>接收：49 AF AF AF AF AF EF D2 F7 E3 72 2E E6 37 00
10-02-23 11:50:49>接收：58 00 83 00
10-02-23 11:50:53>发送:68 11 11 11 11 11 11 68 11 04 39 36 33 37 24 16
10-02-23 11:50:53>接收：49 AF AF AF AF AF EF D2 F7 E3 72 2E E6 37 00
10-02-23 11:51:02>发送:68 11 11 11 11 11 11 68 11 04 3A 36 33 37 25 16
10-02-23 11:51:02>接收：49 AF AF AF AF AF EF D2 F7 71 72 2E A6 33 00
10-02-23 11:51:40>接收：00 00 00 00 00 00 00
10-02-23 11:51:40>接收：00 00 00 C0 DE 1D 00 C2 60 8D 04 F9 9F 00
10-02-23 11:51:52>发送:68 11 11 11 11 11 11 68 11 04 3A 36 33 37 25 16
10-02-23 11:51:53>接收：68 11 11 11 11 11 11 68 D1 01 35 3D 16
10-02-23 11:51:53>解析：地址:11 11 11 11 11 11 控制码:D1 长度:01 数据标识: 数据:02
10-02-23 11:52:01>发送:68 11 11 11 11 11 11 68 11 04 3A 36 33 37 25 16
10-02-23 11:52:01>接收：68 11 11 11 11 11 11 68 D1 01 35 3D 16
10-02-23 11:52:01>解析：地址:11 11 11 11 11 11 控制码:D1 长度:01 数据标识: 数据:02
10-02-23 11:52:10>发送:68 11 11 11 11 11 11 68 11 04 39 36 33 37 24 16
10-02-23 11:52:10>接收：68 11 11 11 11 11 11 68 D1 01 35 3D 16
10-02-23 11:52:10>解析：地址:11 11 11 11 11 11 控制码:D1 长度:01 数据标识: 数据:02
10-02-23 11:52:15>发送:68 11 11 11 11 11 11 68 11 04 34 42 33 37 2B 16
10-02-23 11:52:15>接收：68 11 11 11 11 11 11 68 D1 01 35 3D 16
10-02-23 11:52:15>解析：地址:11 11 11 11 11 11 控制码:D1 长度:01 数据标识: 数据:02
10-02-23 11:52:26>发送:68 11 11 11 11 11 11 68 11 04 41 37 33 37 2D 16
10-02-23 11:52:26>接收：68 11 11 11 11 11 11 68 91 0A 41 37 33 37 44 44 44 44 44 44 4B 16
10-02-23 11:52:26>解析：地址:11 11 11 11 11 11 控制码:91 长度:0A 数据标识:04 00 04 0E 数据:11 11 11 11 11 11
10-02-23 11:52:32>发送:68 11 11 11 11 11 11 68 11 04 38 43 33 37 30 16
10-02-23 11:52:32>接收：68 11 11 11 11 11 11 68 D1 01 35 3D 16
10-02-23 11:52:32>解析：地址:11 11 11 11 11 11 控制码:D1 长度:01 数据标识: 数据:02
10-02-23 11:52:51>发送:68 00 00 00 00 00 00 68 11 04 38 43 33 37 CA 16
10-02-23 11:52:51>接收：68 00 00 00 00 00 00 68 D1 01 35 D7 16
10-02-23 11:52:51>解析：地址:00 00 00 00 00 00 控制码:D1 长度:01 数据标识: 数据:02
10-02-23 11:52:55>发送:68 00 00 00 00 00 00 68 11 04 41 37 33 37 C7 16
10-02-23 11:52:55>接收：68 00 00 00 00 00 00 68 D1 01 35 D7 16
10-02-23 11:52:55>解析：地址:00 00 00 00 00 00 控制码:D1 长度:01 数据标识: 数据:02
10-02-23 11:55:05>发送:68 00 00 00 00 00 00 68 11 04 33 33 33 33 B1 16
10-02-23 11:55:05>接收：68 00 00 00 00 00 00 68 91 08 33 33 33 33 A7 33 33 33 75 16
10-02-23 11:55:05>解析：地址:00 00 00 00 00 00 控制码:91 长度:08 数据标识:00 00 00 00 数据:00 00 00 74
10-02-23 11:55:37>发送:68 00 00 00 00 00 00 68 11 04 3F 33 33 33 BD 16
10-02-23 11:55:37>接收：68 00 00 00 00 00 00 68 91 08 3F 33 33 33 33 33 33 33 0D 16
10-02-23 11:55:37>解析：地址:00 00 00 00 00 00 控制码:91 长度:08 数据标识:00 00 00 0C 数据:00 00 00 00
10-02-23 11:55:52>发送:68 00 00 00 00 00 00 68 11 04 33 33 36 35 B6 16
10-02-23 11:55:53>接收：68 00 00 00 00 00 00 68 D1 01 35 D7 16
10-02-23 11:55:53>解析：地址:00 00 00 00 00 00 控制码:D1 长度:01 数据标识: 数据:02
10-02-23 11:56:06>发送:68 00 00 00 00 00 00 68 11 04 33 34 36 35 B7 16
10-02-23 11:56:07>接收：68 00 00 00 00 00 00 68 91 07 33 34 36 35 37 33 33 D7 16
10-02-23 11:56:07>解析：地址:00 00 00 00 00 00 控制码:91 长度:07 数据标识:02 03 01 00 数据:00 00 04
10-02-23 11:56:12>发送:68 00 00 00 00 00 00 68 11 04 33 33 36 35 B6 16
10-02-23 11:56:12>接收：68 00 00 00 00 00 00 68 D1 01 35 D7 16
10-02-23 11:56:12>解析：地址:00 00 00 00 00 00 控制码:D1 长度:01 数据标识: 数据:02
10-02-23 11:57:07>发送:68 00 00 00 00 00 00 68 11 04 33 33 39 35 B9 16
10-02-23 11:57:07>接收：68 00 00 00 00 00 00 68 91 06 33 33 39 35 8C 34 FB 16
10-02-23 11:57:07>解析：地址:00 00 00 00 00 00 控制码:91 长度:06 数据标识:02 06 00 00 数据:01 59
10-02-23 14:07:05>发送:68 00 00 00 00 00 00 68 11 04 33 33 39 35 B9 16
10-02-23 14:07:05>接收：68 00 00 00 00 00 00 68 91 06 33 33 39 35 83 34 F2 16
10-02-23 14:07:05>解析：地址:00 00 00 00 00 00 控制码:91 长度:06 数据标识:02 06 00 00 数据:01 50
10-02-23 14:07:16>发送:68 00 00 00 00 00 00 68 11 04 33 33 36 35 B6 16
10-02-23 14:07:16>接收：68 00 00 00 00 00 00 68 D1 01 35 D7 16
10-02-23 14:07:16>解析：地址:00 00 00 00 00 00 控制码:D1 长度:01 数据标识: 数据:02
10-02-23 14:07:19>发送:68 00 00 00 00 00 00 68 11 04 33 34 36 35 B7 16
10-02-23 14:07:20>接收：68 00 00 00 00 00 00 68 91 07 33 34 36 35 37 33 33 D7 16
10-02-23 14:07:20>解析：地址:00 00 00 00 00 00 控制码:91 长度:07 数据标识:02 03 01 00 数据:00 00 04
10-02-23 14:07:27>发送:68 00 00 00 00 00 00 68 11 04 33 33 37 35 B7 16
10-02-23 14:07:28>接收：68 00 00 00 00 00 00 68 D1 01 35 D7 16
10-02-23 14:07:28>解析：地址:00 00 00 00 00 00 控制码:D1 长度:01 数据标识: 数据:02
10-02-23 14:07:30>发送:68 00 00 00 00 00 00 68 11 04 33 34 37 35 B8 16
10-02-23 14:07:31>接收：68 00 00 00 00 00 00 68 D1 01 35 D7 16
10-02-23 14:07:31>解析：地址:00 00 00 00 00 00 控制码:D1 长度:01 数据标识: 数据:02
10-02-23 14:14:28>发送:68 00 00 00 00 00 00 68 11 04 34 37 33 37 BA 16
10-02-23 14:14:28>接收：68 00 00 00 00 00 00 68 91 0A 34 37 33 37 33 33 33 33 33 33 72 16
10-02-23 14:14:28>解析：地址:00 00 00 00 00 00 控制码:91 长度:0A 数据标识:04 00 04 01 数据:00 00 00 00 00 00
10-02-23 14:39:53>发送:68 00 00 00 00 00 00 68 11 04 34 33 B3 35 34 16
10-02-23 14:39:53>接收：68 00 00 00 00 00 00 68 91 07 34 33 B3 35 4A 33 33 67 16
10-02-23 14:39:53>解析：地址:00 00 00 00 00 00 控制码:91 长度:07 数据标识:02 80 00 01 数据:00 00 17
10-02-23 14:39:54>发送:68 00 00 00 00 00 00 68 11 04 34 33 B3 35 34 16
10-02-23 14:39:54>接收：68 00 00 00 00 00 00 68 91 07 34 33 B3 35 4A 33 33 67 16
10-02-23 14:39:54>解析：地址:00 00 00 00 00 00 控制码:91 长度:07 数据标识:02 80 00 01 数据:00 00 17
10-02-23 14:40:56>发送:68 00 00 00 00 00 00 68 11 04 35 33 B3 35 35 16
10-02-23 14:40:56>接收：68 00 00 00 00 00 00 68 D1 01 35 D7 16
10-02-23 14:40:56>解析：地址:00 00 00 00 00 00 控制码:D1 长度:01 数据标识: 数据:02
10-02-23 14:42:41>发送:68 00 00 00 00 00 00 68 11 04 3C 33 B3 35 3C 16
10-02-23 14:42:41>接收：68 00 00 00 00 00 00 68 91 06 3C 33 B3 35 A5 36 99 16
10-02-23 14:42:41>解析：地址:00 00 00 00 00 00 控制码:91 长度:06 数据标识:02 80 00 09 数据:03 72
10-02-23 14:43:28>接收：00
10-02-23 14:44:20>发送:68 11 11 11 11 11 11 68 11 04 34 32 33 51 35 16
10-02-23 14:44:21>接收：49 AF AF AF AF AF EF D2 F7 99 26 AE A5 6E 07
10-02-23 14:44:26>接收：00 10 00 00 00 08 00 00 02 00
10-02-23 14:44:26>接收：F6
10-02-23 14:44:26>接收：F8 07
10-02-23 14:44:27>接收：1F 00 60 00 3F FF 02 03 00 00 F8
10-02-23 14:45:01>发送:68 11 11 11 11 11 11 68 11 04 34 32 33 51 35 16
10-02-23 14:45:01>接收：68 11 11 11 11 11 11 68 91 26 34 32 33 51 33 33 33 33 33 33 33 33 33 33 33 33 33 33 33 33 33 33 32 32 32 32 32 32 32 32 32 32 32 32 32 32 32 32 8D 16
10-02-23 14:45:01>解析：地址:11 11 11 11 11 11 控制码:91 长度:26 数据标识:1E 00 FF 01 数据:FF FF FF FF FF FF FF FF FF FF FF FF FF FF FF FF 00 00 00 00 00 00 00 00 00 00 00 00 00 00 00 00 00 00
10-02-23 14:46:34>发送:68 00 00 00 00 00 00 68 11 04 34 34 39 38 BE 16
10-02-23 14:46:34>接收：68 00 00 00 00 00 00 68 91 18 34 34 39 38 35 33 33 33 35 33 33 33 33 33 33 33 33 33 33 33 33 33 33 33 52 16
10-02-23 14:46:34>解析：地址:00 00 00 00 00 00 控制码:91 长度:18 数据标识:05 06 01 01 数据:00 00 00 00 00 00 00 00 00 00 00 00 00 00 00 02 00 00 00 02
10-02-23 14:46:39>发送:68 00 00 00 00 00 00 68 11 04 34 35 39 38 BF 16
10-02-23 14:46:39>接收：68 00 00 00 00 00 00 68 91 18 34 35 39 38 A5 33 33 33 5A 33 33 33 4B 33 33 33 4B 33 33 33 3C 33 33 33 21 16
10-02-23 14:46:39>解析：地址:00 00 00 00 00 00 控制码:91 长度:18 数据标识:05 06 02 01 数据:00 00 00 09 00 00 00 18 00 00 00 18 00 00 00 27 00 00 00 72
10-02-23 14:47:01>发送:68 00 00 00 00 00 00 68 11 04 34 43 39 38 CD 16
10-02-23 14:47:01>接收：68 00 00 00 00 00 00 68 91 0A 34 43 39 38 33 33 33 33 33 33 85 16
10-02-23 14:47:01>解析：地址:00 00 00 00 00 00 控制码:91 长度:0A 数据标识:05 06 10 01 数据:00 00 00 00 00 00
10-02-23 14:47:57>发送:68 00 00 00 00 00 00 68 11 04 34 33 35 38 B9 16
10-02-23 14:47:58>接收：68 00 00 00 00 00 00 68 91 09 34 33 35 38 33 33 33 33 33 3D 16
10-02-23 14:47:58>解析：地址:00 00 00 00 00 00 控制码:91 长度:09 数据标识:05 02 00 01 数据:00 00 00 00 00
10-02-23 14:48:02>发送:68 00 00 00 00 00 00 68 11 04 34 34 35 38 BA 16
10-02-23 14:48:03>接收：68 00 00 00 00 00 00 68 91 18 34 34 35 38 33 33 33 33 33 33 33 33 33 33 33 33 33 33 33 33 33 33 33 33 4A 16
10-02-23 14:48:03>解析：地址:00 00 00 00 00 00 控制码:91 长度:18 数据标识:05 02 01 01 数据:00 00 00 00 00 00 00 00 00 00 00 00 00 00 00 00 00 00 00 00
10-02-23 14:48:18>发送:68 00 00 00 00 00 00 68 11 04 34 35 35 38 BB 16
10-02-23 14:48:19>接收：68 00 00 00 00 00 00 68 91 18 34 35 35 38 33 33 33 33 33 33 33 33 33 33 33 33 33 33 33 33 33 33 33 33 4B 16
10-02-23 14:48:19>解析：地址:00 00 00 00 00 00 控制码:91 长度:18 数据标识:05 02 02 01 数据:00 00 00 00 00 00 00 00 00 00 00 00 00 00 00 00 00 00 00 00
10-02-23 14:48:23>发送:68 00 00 00 00 00 00 68 11 04 34 43 35 38 C9 16
10-02-23 14:48:24>接收：68 00 00 00 00 00 00 68 91 0A 34 43 35 38 33 33 33 33 33 33 81 16
10-02-23 14:48:24>解析：地址:00 00 00 00 00 00 控制码:91 长度:0A 数据标识:05 02 10 01 数据:00 00 00 00 00 00
10-02-23 14:48:33>发送:68 00 00 00 00 00 00 68 11 04 34 33 36 38 BA 16
10-02-23 14:48:34>接收：68 00 00 00 00 00 00 68 91 09 34 33 36 38 A7 33 33 33 5C DB 16
10-02-23 14:48:34>解析：地址:00 00 00 00 00 00 控制码:91 长度:09 数据标识:05 03 00 01 数据:29 00 00 00 74
10-02-23 14:48:41>发送:68 00 00 00 00 00 00 68 11 04 34 34 36 38 BB 16
10-02-23 14:48:42>接收：68 00 00 00 00 00 00 68 91 18 34 34 36 38 33 33 33 4B 33 33 33 4B 33 33 33 3C 33 33 33 35 33 33 33 35 88 16
10-02-23 14:48:42>解析：地址:00 00 00 00 00 00 控制码:91 长度:18 数据标识:05 03 01 01 数据:02 00 00 00 02 00 00 00 09 00 00 00 18 00 00 00 18 00 00 00
10-02-23 14:55:03>发送:68 00 00 00 00 00 00 68 11 04 34 35 36 38 BC 16
10-02-23 14:55:03>接收：68 00 00 00 00 00 00 68 91 18 34 35 36 38 33 33 33 33 33 33 33 33 33 33 33 33 33 33 33 A5 33 33 33 5A E5 16
10-02-23 14:55:03>解析：地址:00 00 00 00 00 00 控制码:91 长度:18 数据标识:05 03 02 01 数据:27 00 00 00 72 00 00 00 00 00 00 00 00 00 00 00 00 00 00 00
10-02-23 14:55:18>发送:68 00 00 00 00 00 00 68 11 04 34 35 36 38 BC 16
10-02-23 14:55:18>接收：68 00 00 00 00 00 00 68 91 18 34 35 36 38 33 33 33 33 33 33 33 33 33 33 33 33 33 33 33 A5 33 33 33 5A E5 16
10-02-23 14:55:18>解析：地址:00 00 00 00 00 00 控制码:91 长度:18 数据标识:05 03 02 01 数据:27 00 00 00 72 00 00 00 00 00 00 00 00 00 00 00 00 00 00 00
10-02-23 14:55:30>发送:68 00 00 00 00 00 00 68 11 04 34 34 36 38 BB 16
10-02-23 14:55:30>接收：68 00 00 00 00 00 00 68 91 18 34 34 36 38 33 33 33 4B 33 33 33 4B 33 33 33 3C 33 33 33 35 33 33 33 35 88 16
10-02-23 14:55:30>解析：地址:00 00 00 00 00 00 控制码:91 长度:18 数据标识:05 03 01 01 数据:02 00 00 00 02 00 00 00 09 00 00 00 18 00 00 00 18 00 00 00
10-02-23 14:56:29>发送:68 00 00 00 00 00 00 68 11 04 35 33 36 38 BB 16
10-02-23 14:56:29>接收：68 00 00 00 00 00 00 68 91 09 35 33 36 38 33 33 33 33 33 3F 16
10-02-23 14:56:29>解析：地址:00 00 00 00 00 00 控制码:91 长度:09 数据标识:05 03 00 02 数据:00 00 00 00 00
10-02-23 14:56:32>发送:68 00 00 00 00 00 00 68 11 04 35 34 36 38 BC 16
10-02-23 14:56:33>接收：68 00 00 00 00 00 00 68 91 18 35 34 36 38 33 33 33 33 33 33 33 33 33 33 33 33 33 33 33 33 33 33 33 33 4C 16
10-02-23 14:56:33>解析：地址:00 00 00 00 00 00 控制码:91 长度:18 数据标识:05 03 01 02 数据:00 00 00 00 00 00 00 00 00 00 00 00 00 00 00 00 00 00 00 00
10-02-23 15:19:20>发送:68 00 00 00 00 00 00 68 14 11 39 34 33 37 37 33 33 33 33 33 33 33 34 45 34 34 3C 85 16
10-02-23 15:19:46>发送:68 00 00 00 00 00 00 68 14 11 39 34 33 37 37 44 44 44 33 33 33 33 34 45 34 34 3C B8 16
10-02-23 15:19:55>发送:68 00 00 00 00 00 00 68 14 11 39 34 33 37 37 44 44 44 33 33 33 33 34 45 34 34 3C B8 16
10-02-23 15:20:08>发送:68 00 00 00 00 00 00 68 14 11 39 34 33 37 37 33 33 33 33 33 33 33 34 45 34 34 3C 85 16
10-02-23 15:21:14>发送:68 00 00 00 00 00 00 68 14 11 39 34 33 37 37 44 44 44 33 33 33 33 33 45 34 34 43 BE 16
10-02-23 15:21:15>接收：68 00 00 00 00 00 00 68 94 00 64 16
10-02-23 15:21:15>解析：地址:00 00 00 00 00 00 控制码:94 长度:00 数据标识: 数据:
10-02-23 15:21:28>发送:68 00 00 00 00 00 00 68 11 04 39 34 33 37 BC 16
10-02-23 15:21:28>接收：68 00 00 00 00 00 00 68 91 09 39 34 33 37 33 33 33 33 33 40 16
10-02-23 15:21:28>解析：地址:00 00 00 00 00 00 控制码:91 长度:09 数据标识:04 00 01 06 数据:00 00 00 00 00
10-02-23 15:22:09>发送:68 00 00 00 00 00 00 68 14 11 3A 34 33 37 37 44 44 44 33 33 33 33 33 45 34 34 43 BF 16
10-02-23 15:22:10>接收：68 00 00 00 00 00 00 68 94 00 64 16
10-02-23 15:22:10>解析：地址:00 00 00 00 00 00 控制码:94 长度:00 数据标识: 数据:
10-02-23 15:22:16>发送:68 00 00 00 00 00 00 68 11 04 3A 34 33 37 BD 16
10-02-23 15:22:16>接收：68 00 00 00 00 00 00 68 91 09 3A 34 33 37 33 33 33 33 33 41 16
10-02-23 15:22:16>解析：地址:00 00 00 00 00 00 控制码:91 长度:09 数据标识:04 00 01 07 数据:00 00 00 00 00
10-02-23 15:22:37>发送:68 00 00 00 00 00 00 68 11 04 34 33 35 38 B9 16
10-02-23 15:22:37>接收：68 00 00 00 00 00 00 68 91 09 34 33 35 38 53 48 56 35 43 A7 16
10-02-23 15:22:37>解析：地址:00 00 00 00 00 00 控制码:91 长度:09 数据标识:05 02 00 01 数据:10 02 23 15 20
10-02-23 15:22:42>发送:68 00 00 00 00 00 00 68 11 04 34 34 35 38 BA 16
10-02-23 15:22:42>接收：68 00 00 00 00 00 00 68 91 18 34 34 35 38 35 33 33 33 35 33 33 33 33 33 33 33 33 33 33 33 33 33 33 33 4E 16
10-02-23 15:22:42>解析：地址:00 00 00 00 00 00 控制码:91 长度:18 数据标识:05 02 01 01 数据:00 00 00 00 00 00 00 00 00 00 00 00 00 00 00 02 00 00 00 02
10-02-23 15:22:48>发送:68 00 00 00 00 00 00 68 11 04 34 35 35 38 BB 16
10-02-23 15:22:48>接收：68 00 00 00 00 00 00 68 91 18 34 35 35 38 A5 33 33 33 5A 33 33 33 4B 33 33 33 4B 33 33 33 3C 33 33 33 1D 16
10-02-23 15:22:48>解析：地址:00 00 00 00 00 00 控制码:91 长度:18 数据标识:05 02 02 01 数据:00 00 00 09 00 00 00 18 00 00 00 18 00 00 00 27 00 00 00 72
10-02-23 15:22:55>发送:68 00 00 00 00 00 00 68 11 04 34 43 35 38 C9 16
10-02-23 15:22:56>接收：68 00 00 00 00 00 00 68 91 0A 34 43 35 38 33 33 33 44 33 33 92 16
10-02-23 15:22:56>解析：地址:00 00 00 00 00 00 控制码:91 长度:0A 数据标识:05 02 10 01 数据:00 00 11 00 00 00
10-02-23 15:23:17>发送:68 00 00 00 00 00 00 68 11 04 34 43 35 38 C9 16
10-02-23 15:23:17>接收：68 00 00 00 00 00 00 68 91 0A 34 43 35 38 33 33 33 44 33 33 92 16
10-02-23 15:23:17>解析：地址:00 00 00 00 00 00 控制码:91 长度:0A 数据标识:05 02 10 01 数据:00 00 11 00 00 00
10-02-23 15:23:25>发送:68 00 00 00 00 00 00 68 11 04 35 33 35 38 BA 16
10-02-23 15:23:26>接收：68 00 00 00 00 00 00 68 91 09 35 33 35 38 33 33 33 33 33 3E 16
10-02-23 15:23:26>解析：地址:00 00 00 00 00 00 控制码:91 长度:09 数据标识:05 02 00 02 数据:00 00 00 00 00
10-02-23 15:23:35>发送:68 00 00 00 00 00 00 68 11 04 34 33 36 38 BA 16
10-02-23 15:23:35>接收：68 00 00 00 00 00 00 68 91 09 34 33 36 38 33 33 33 33 33 3E 16
10-02-23 15:23:35>解析：地址:00 00 00 00 00 00 控制码:91 长度:09 数据标识:05 03 00 01 数据:00 00 00 00 00
10-02-23 15:23:48>发送:68 00 00 00 00 00 00 68 11 04 34 34 36 38 BB 16
10-02-23 15:23:49>接收：68 00 00 00 00 00 00 68 91 18 34 34 36 38 33 33 33 33 33 33 33 33 33 33 33 33 33 33 33 33 33 33 33 33 4B 16
10-02-23 15:23:49>解析：地址:00 00 00 00 00 00 控制码:91 长度:18 数据标识:05 03 01 01 数据:00 00 00 00 00 00 00 00 00 00 00 00 00 00 00 00 00 00 00 00
10-02-23 15:23:57>发送:68 00 00 00 00 00 00 68 11 04 35 33 36 38 BB 16
10-02-23 15:23:57>接收：68 00 00 00 00 00 00 68 91 09 35 33 36 38 33 33 33 33 33 3F 16
10-02-23 15:23:57>解析：地址:00 00 00 00 00 00 控制码:91 长度:09 数据标识:05 03 00 02 数据:00 00 00 00 00
10-02-23 15:24:41>发送:68 00 00 00 00 00 00 68 14 11 3A 34 33 37 37 44 44 44 33 33 33 33 33 45 34 34 43 BF 16
10-02-23 15:24:42>接收：68 00 00 00 00 00 00 68 94 00 64 16
10-02-23 15:24:42>解析：地址:00 00 00 00 00 00 控制码:94 长度:00 数据标识: 数据:
10-02-23 15:24:51>发送:68 00 00 00 00 00 00 68 11 04 3A 34 33 37 BD 16
10-02-23 15:24:52>接收：68 00 00 00 00 00 00 68 91 09 3A 34 33 37 33 33 33 33 33 41 16
10-02-23 15:24:52>解析：地址:00 00 00 00 00 00 控制码:91 长度:09 数据标识:04 00 01 07 数据:00 00 00 00 00
10-02-23 15:25:09>发送:68 00 00 00 00 00 00 68 11 04 34 33 36 38 BA 16
10-02-23 15:25:09>接收：68 00 00 00 00 00 00 68 91 09 34 33 36 38 57 48 56 35 43 AC 16
10-02-23 15:25:09>解析：地址:00 00 00 00 00 00 控制码:91 长度:09 数据标识:05 03 00 01 数据:10 02 23 15 24
10-02-23 15:25:13>发送:68 00 00 00 00 00 00 68 11 04 34 34 36 38 BB 16
10-02-23 15:25:13>接收：68 00 00 00 00 00 00 68 91 18 34 34 36 38 35 33 33 33 35 33 33 33 33 33 33 33 33 33 33 33 33 33 33 33 4F 16
10-02-23 15:25:13>解析：地址:00 00 00 00 00 00 控制码:91 长度:18 数据标识:05 03 01 01 数据:00 00 00 00 00 00 00 00 00 00 00 00 00 00 00 02 00 00 00 02
10-02-23 15:25:17>发送:68 00 00 00 00 00 00 68 11 04 34 35 36 38 BC 16
10-02-23 15:25:18>接收：68 00 00 00 00 00 00 68 91 18 34 35 36 38 A5 33 33 33 5A 33 33 33 4B 33 33 33 4B 33 33 33 3C 33 33 33 1E 16
10-02-23 15:25:18>解析：地址:00 00 00 00 00 00 控制码:91 长度:18 数据标识:05 03 02 01 数据:00 00 00 09 00 00 00 18 00 00 00 18 00 00 00 27 00 00 00 72
10-02-23 15:25:22>发送:68 00 00 00 00 00 00 68 11 04 34 43 36 38 CA 16
10-02-23 15:25:22>接收：68 00 00 00 00 00 00 68 91 0A 34 43 36 38 33 33 33 44 33 33 93 16
10-02-23 15:25:22>解析：地址:00 00 00 00 00 00 控制码:91 长度:0A 数据标识:05 03 10 01 数据:00 00 11 00 00 00
10-02-23 15:26:13>发送:68 00 00 00 00 00 00 68 14 11 39 34 33 37 37 44 44 44 33 33 33 33 33 45 34 34 43 BE 16
10-02-23 15:26:14>接收：68 00 00 00 00 00 00 68 94 00 64 16
10-02-23 15:26:14>解析：地址:00 00 00 00 00 00 控制码:94 长度:00 数据标识: 数据:
10-02-23 15:26:30>发送:68 00 00 00 00 00 00 68 14 11 3A 34 33 37 37 44 44 44 33 33 33 33 33 45 34 34 43 BF 16
10-02-23 15:26:31>接收：68 00 00 00 00 00 00 68 94 00 64 16
10-02-23 15:26:31>解析：地址:00 00 00 00 00 00 控制码:94 长度:00 数据标识: 数据:
10-02-23 15:26:46>发送:68 00 00 00 00 00 00 68 11 04 34 33 35 38 B9 16
10-02-23 15:26:46>接收：68 00 00 00 00 00 00 68 91 09 34 33 35 38 33 33 33 33 33 3D 16
10-02-23 15:26:46>解析：地址:00 00 00 00 00 00 控制码:91 长度:09 数据标识:05 02 00 01 数据:00 00 00 00 00
10-02-23 15:26:50>发送:68 00 00 00 00 00 00 68 11 04 34 33 35 38 B9 16
10-02-23 15:26:51>接收：68 00 00 00 00 00 00 68 91 09 34 33 35 38 33 33 33 33 33 3D 16
10-02-23 15:26:51>解析：地址:00 00 00 00 00 00 控制码:91 长度:09 数据标识:05 02 00 01 数据:00 00 00 00 00
10-02-23 15:26:57>发送:68 00 00 00 00 00 00 68 11 04 34 33 35 38 B9 16
10-02-23 15:26:58>接收：68 00 00 00 00 00 00 68 91 09 34 33 35 38 33 33 33 33 33 3D 16
10-02-23 15:26:58>解析：地址:00 00 00 00 00 00 控制码:91 长度:09 数据标识:05 02 00 01 数据:00 00 00 00 00
10-02-23 15:27:00>发送:68 00 00 00 00 00 00 68 11 04 34 34 35 38 BA 16
10-02-23 15:27:01>接收：68 00 00 00 00 00 00 68 91 18 34 34 35 38 33 33 33 33 33 33 33 33 33 33 33 33 33 33 33 33 33 33 33 33 4A 16
10-02-23 15:27:01>解析：地址:00 00 00 00 00 00 控制码:91 长度:18 数据标识:05 02 01 01 数据:00 00 00 00 00 00 00 00 00 00 00 00 00 00 00 00 00 00 00 00
10-02-23 15:27:10>发送:68 00 00 00 00 00 00 68 11 04 35 33 35 38 BA 16
10-02-23 15:27:10>接收：68 00 00 00 00 00 00 68 91 09 35 33 35 38 33 33 33 33 33 3E 16
10-02-23 15:27:10>解析：地址:00 00 00 00 00 00 控制码:91 长度:09 数据标识:05 02 00 02 数据:00 00 00 00 00
10-02-23 15:27:16>发送:68 00 00 00 00 00 00 68 11 04 34 33 36 38 BA 16
10-02-23 15:27:17>接收：68 00 00 00 00 00 00 68 91 09 34 33 36 38 33 33 33 33 33 3E 16
10-02-23 15:27:17>解析：地址:00 00 00 00 00 00 控制码:91 长度:09 数据标识:05 03 00 01 数据:00 00 00 00 00
10-02-23 15:27:23>发送:68 00 00 00 00 00 00 68 11 04 35 33 36 38 BB 16
10-02-23 15:27:23>接收：68 00 00 00 00 00 00 68 91 09 35 33 36 38 33 33 33 33 33 3F 16
10-02-23 15:27:23>解析：地址:00 00 00 00 00 00 控制码:91 长度:09 数据标识:05 03 00 02 数据:00 00 00 00 00
10-02-23 15:32:32>发送:68 00 00 00 00 00 00 68 11 04 35 33 36 38 BB 16
10-02-23 15:32:33>接收：68 00 00 00 00 00 00 68 91 09 35 33 36 38 33 33 33 33 33 3F 16
10-02-23 15:32:33>解析：地址:00 00 00 00 00 00 控制码:91 长度:09 数据标识:05 03 00 02 数据:00 00 00 00 00
10-02-23 15:33:08>发送:68 00 00 00 00 00 00 68 14 11 35 33 36 38 37 44 44 44 33 33 33 33 33 45 34 34 43 BD 16
10-02-23 15:33:08>接收：68 00 00 00 00 00 00 68 D4 01 35 DA 16
10-02-23 15:33:08>解析：地址:00 00 00 00 00 00 控制码:D4 长度:01 数据标识: 数据:02
10-02-23 15:34:12>发送:68 00 00 00 00 00 00 68 14 11 39 34 33 37 37 44 44 44 33 33 33 33 33 45 34 34 43 BE 16
10-02-23 15:34:12>接收：68 00 00 00 00 00 00 68 94 00 64 16
10-02-23 15:34:12>解析：地址:00 00 00 00 00 00 控制码:94 长度:00 数据标识: 数据:
10-02-23 15:34:26>发送:68 00 00 00 00 00 00 68 11 04 34 33 35 38 B9 16
10-02-23 15:34:27>接收：68 00 00 00 00 00 00 68 91 09 34 33 35 38 66 48 56 35 43 BA 16
10-02-23 15:34:27>解析：地址:00 00 00 00 00 00 控制码:91 长度:09 数据标识:05 02 00 01 数据:10 02 23 15 33
10-02-23 15:34:38>发送:68 00 00 00 00 00 00 68 11 04 34 34 35 38 BA 16
10-02-23 15:34:38>接收：68 00 00 00 00 00 00 68 91 18 34 34 35 38 35 33 33 33 35 33 33 33 33 33 33 33 33 33 33 33 33 33 33 33 4E 16
10-02-23 15:34:38>解析：地址:00 00 00 00 00 00 控制码:91 长度:18 数据标识:05 02 01 01 数据:00 00 00 00 00 00 00 00 00 00 00 00 00 00 00 02 00 00 00 02
10-02-23 15:34:42>发送:68 00 00 00 00 00 00 68 11 04 34 35 35 38 BB 16
10-02-23 15:34:42>接收：68 00 00 00 00 00 00 68 91 18 34 35 35 38 A5 33 33 33 5A 33 33 33 4B 33 33 33 4B 33 33 33 3C 33 33 33 1D 16
10-02-23 15:34:42>解析：地址:00 00 00 00 00 00 控制码:91 长度:18 数据标识:05 02 02 01 数据:00 00 00 09 00 00 00 18 00 00 00 18 00 00 00 27 00 00 00 72
10-02-23 15:34:47>发送:68 00 00 00 00 00 00 68 11 04 34 43 35 38 C9 16
10-02-23 15:34:48>接收：68 00 00 00 00 00 00 68 91 0A 34 43 35 38 33 33 33 44 33 33 92 16
10-02-23 15:34:48>解析：地址:00 00 00 00 00 00 控制码:91 长度:0A 数据标识:05 02 10 01 数据:00 00 11 00 00 00
10-02-23 15:39:40>发送:68 00 00 00 00 00 00 68 11 04 34 43 35 38 C9 16
10-02-23 15:39:41>接收：68 00 00 00 00 00 00 68 91 0A 34 43 35 38 33 33 33 44 33 33 92 16
10-02-23 15:39:41>解析：地址:00 00 00 00 00 00 控制码:91 长度:0A 数据标识:05 02 10 01 数据:00 00 11 00 00 00
10-02-23 15:39:56>发送:68 00 00 00 00 00 00 68 11 04 34 33 35 38 B9 16
10-02-23 15:39:56>接收：68 00 00 00 00 00 00 68 91 09 34 33 35 38 66 48 56 35 43 BA 16
10-02-23 15:39:56>解析：地址:00 00 00 00 00 00 控制码:91 长度:09 数据标识:05 02 00 01 数据:10 02 23 15 33
10-02-23 15:40:17>发送:68 00 00 00 00 00 00 68 14 11 39 34 33 37 37 44 44 44 33 33 33 33 33 45 34 34 43 BE 16
10-02-23 15:40:17>接收：68 00 00 00 00 00 00 68 D4 01 37 DC 16
10-02-23 15:40:17>解析：地址:00 00 00 00 00 00 控制码:D4 长度:01 数据标识: 数据:04
10-02-23 15:40:30>发送:68 00 00 00 00 00 00 68 14 11 39 34 33 37 37 44 44 44 33 33 33 33 33 45 34 34 43 BE 16
10-02-23 15:40:30>接收：68 00 00 00 00 00 00 68 D4 01 37 DC 16
10-02-23 15:40:30>解析：地址:00 00 00 00 00 00 控制码:D4 长度:01 数据标识: 数据:04
10-02-23 15:40:38>发送:68 00 00 00 00 00 00 68 14 11 39 34 33 37 37 33 33 33 33 33 33 33 33 45 34 34 43 8B 16
10-02-23 15:40:38>接收：68 00 00 00 00 00 00 68 D4 01 37 DC 16
10-02-23 15:40:38>解析：地址:00 00 00 00 00 00 控制码:D4 长度:01 数据标识: 数据:04
10-02-23 15:40:39>发送:68 00 00 00 00 00 00 68 14 11 39 34 33 37 37 33 33 33 33 33 33 33 33 45 34 34 43 8B 16
10-02-23 15:40:39>接收：68 00 00 00 00 00 00 68 D4 01 37 DC 16
10-02-23 15:40:39>解析：地址:00 00 00 00 00 00 控制码:D4 长度:01 数据标识: 数据:04
10-02-23 15:40:56>发送:68 00 00 00 00 00 00 68 14 11 39 34 33 37 37 44 44 44 33 33 33 33 33 45 34 34 43 BE 16
10-02-23 15:40:56>接收：68 00 00 00 00 00 00 68 94 00 64 16
10-02-23 15:40:56>解析：地址:00 00 00 00 00 00 控制码:94 长度:00 数据标识: 数据:
10-02-23 15:41:42>发送:68 00 00 00 00 00 00 68 11 04 34 33 35 38 B9 16
10-02-23 15:41:42>接收：68 00 00 00 00 00 00 68 91 09 34 33 35 38 33 33 33 33 33 3D 16
10-02-23 15:41:42>解析：地址:00 00 00 00 00 00 控制码:91 长度:09 数据标识:05 02 00 01 数据:00 00 00 00 00
10-02-23 15:41:53>发送:68 00 00 00 00 00 00 68 11 04 35 33 35 38 BA 16
10-02-23 15:41:53>接收：68 00 00 00 00 00 00 68 91 09 35 33 35 38 33 33 33 33 33 3E 16
10-02-23 15:41:53>解析：地址:00 00 00 00 00 00 控制码:91 长度:09 数据标识:05 02 00 02 数据:00 00 00 00 00
10-02-23 15:44:42>发送:68 00 00 00 00 00 00 68 14 11 39 34 33 37 37 44 44 44 33 33 33 33 33 45 34 34 43 BE 16
10-02-23 15:46:13>发送:68 00 00 00 00 00 00 68 14 11 39 34 33 37 37 44 44 44 33 33 33 33 33 45 34 34 43 BE 16
10-02-23 15:46:26>发送:68 00 00 00 00 00 00 68 14 11 39 34 33 37 37 44 44 44 33 33 33 33 33 45 34 34 43 BE 16
10-02-23 15:48:20>发送:68 AA AA AA AA AA AA 68 13 00 DF 16
10-02-23 15:48:22>发送:68 AA AA AA AA AA AA 68 13 00 DF 16
10-02-23 15:49:25>发送:68 AA AA AA AA AA AA 68 13 00 DF 16
10-02-23 15:49:47>发送:68 AA AA AA AA AA AA 68 13 00 DF 16
10-02-23 15:49:59>发送:68 AA AA AA AA AA AA 68 13 00 DF 16
10-02-23 15:50:02>发送:68 AA AA AA AA AA AA 68 13 00 DF 16
10-02-23 15:50:37>发送:68 AA AA AA AA AA AA 68 13 00 DF 16
10-02-23 15:50:38>发送:68 AA AA AA AA AA AA 68 13 00 DF 16
10-02-23 15:50:39>发送:68 AA AA AA AA AA AA 68 13 00 DF 16
10-02-23 15:50:40>发送:68 AA AA AA AA AA AA 68 13 00 DF 16
10-02-23 15:50:41>发送:68 AA AA AA AA AA AA 68 13 00 DF 16
10-02-23 15:50:41>发送:68 AA AA AA AA AA AA 68 13 00 DF 16
10-02-23 15:50:41>发送:68 AA AA AA AA AA AA 68 13 00 DF 16
10-02-23 15:50:42>发送:68 AA AA AA AA AA AA 68 13 00 DF 16
10-02-23 15:50:42>发送:68 AA AA AA AA AA AA 68 13 00 DF 16
10-02-23 15:50:43>发送:68 AA AA AA AA AA AA 68 13 00 DF 16
10-02-23 15:50:44>发送:68 AA AA AA AA AA AA 68 13 00 DF 16
10-02-23 15:53:16>发送:68 AA AA AA AA AA AA 68 13 00 DF 16
10-02-23 15:53:18>发送:68 AA AA AA AA AA AA 68 13 00 DF 16
10-02-23 15:53:18>发送:68 AA AA AA AA AA AA 68 13 00 DF 16
10-02-23 15:53:19>发送:68 AA AA AA AA AA AA 68 13 00 DF 16
10-02-23 15:53:22>发送:68 AA AA AA AA AA AA 68 13 00 DF 16
10-02-23 15:53:23>发送:68 AA AA AA AA AA AA 68 13 00 DF 16
10-02-23 15:53:23>发送:68 AA AA AA AA AA AA 68 13 00 DF 16
10-02-23 15:53:23>发送:68 AA AA AA AA AA AA 68 13 00 DF 16
10-02-23 15:53:24>发送:68 AA AA AA AA AA AA 68 13 00 DF 16
10-02-23 15:53:24>发送:68 AA AA AA AA AA AA 68 13 00 DF 16
10-02-23 15:53:24>发送:68 AA AA AA AA AA AA 68 13 00 DF 16
10-02-23 15:53:24>发送:68 AA AA AA AA AA AA 68 13 00 DF 16
10-02-23 15:53:25>发送:68 AA AA AA AA AA AA 68 13 00 DF 16
10-02-23 15:53:25>发送:68 AA AA AA AA AA AA 68 13 00 DF 16
10-02-23 15:53:25>发送:68 AA AA AA AA AA AA 68 13 00 DF 16
10-02-23 15:53:26>发送:68 AA AA AA AA AA AA 68 13 00 DF 16
10-02-23 15:53:26>发送:68 AA AA AA AA AA AA 68 13 00 DF 16
10-02-23 15:57:42>发送:68 AA AA AA AA AA AA 68 13 00 DF 16
10-02-23 15:57:48>发送:68 AA AA AA AA AA AA 68 13 00 DF 16
10-02-23 16:19:01>发送:68 AA AA AA AA AA AA 68 13 00 DF 16
10-02-23 16:19:17>发送:68 AA AA AA AA AA AA 68 13 00 DF 16
10-02-23 16:32:07>发送:68 AA AA AA AA AA AA 68 13 00 DF 16
10-02-23 16:32:07>接收：68 00 00 00 00 00 00 68 93 06 33 33 33 33 33 33 9B 16
10-02-23 16:32:07>解析：地址:00 00 00 00 00 00 控制码:93 长度:06 数据标识: 数据:00 00 00 00 00 00
10-02-23 16:39:18>发送:68 00 00 00 00 00 00 68 11 04 33 34 34 37 B7 16
10-02-23 16:39:18>接收：68 00 00 00 00 00 00 68 D1 01 35 D7 16
10-02-23 16:39:18>解析：地址:00 00 00 00 00 00 控制码:D1 长度:01 数据标识: 数据:02
10-02-23 16:40:02>发送:68 00 00 00 00 00 00 68 11 04 33 33 36 35 B6 16
10-02-23 16:40:03>接收：68 00 00 00 00 00 00 68 91 07 33 33 36 35 43 33 33 E2 16
10-02-23 16:40:03>解析：地址:00 00 00 00 00 00 控制码:91 长度:07 数据标识:02 03 00 00 数据:00 00 10
10-02-23 16:40:07>发送:68 00 00 00 00 00 00 68 11 04 33 34 36 35 B7 16
10-02-23 16:40:07>接收：68 00 00 00 00 00 00 68 91 07 33 34 36 35 44 33 33 E4 16
10-02-23 16:40:07>解析：地址:00 00 00 00 00 00 控制码:91 长度:07 数据标识:02 03 01 00 数据:00 00 11
10-02-23 16:40:15>发送:68 00 00 00 00 00 00 68 11 04 33 33 39 35 B9 16
10-02-23 16:40:15>接收：68 00 00 00 00 00 00 68 91 06 33 33 39 35 65 36 D6 16
10-02-23 16:40:15>解析：地址:00 00 00 00 00 00 控制码:91 长度:06 数据标识:02 06 00 00 数据:03 32
10-02-23 16:40:19>发送:68 00 00 00 00 00 00 68 11 04 33 34 39 35 BA 16
10-02-23 16:40:19>接收：68 00 00 00 00 00 00 68 91 06 33 34 39 35 74 36 E6 16
10-02-23 16:40:19>解析：地址:00 00 00 00 00 00 控制码:91 长度:06 数据标识:02 06 01 00 数据:03 41
10-02-23 16:42:42>发送:68 00 00 00 00 00 00 68 14 11 39 34 33 37 37 44 44 44 33 33 33 33 33 45 34 34 43 BE 16
10-02-23 16:42:43>接收：68 00 00 00 00 00 00 68 94 00 64 16
10-02-23 16:42:43>解析：地址:00 00 00 00 00 00 控制码:94 长度:00 数据标识: 数据:
10-02-23 16:45:53>发送:68 00 00 00 00 00 00 68 11 04 34 33 35 38 B9 16
10-02-23 16:45:53>接收：68 00 00 00 00 00 00 68 91 09 34 33 35 38 75 49 56 35 43 CA 16
10-02-23 16:45:53>解析：地址:00 00 00 00 00 00 控制码:91 长度:09 数据标识:05 02 00 01 数据:10 02 23 16 42
10-02-23 16:46:20>发送:68 00 00 00 00 00 00 68 14 11 39 34 33 37 37 44 44 44 33 33 33 33 33 45 34 34 43 BE 16
10-02-23 16:46:21>接收：68 00 00 00 00 00 00 68 94 00 64 16
10-02-23 16:46:21>解析：地址:00 00 00 00 00 00 控制码:94 长度:00 数据标识: 数据:
10-02-23 16:48:48>发送:68 00 00 00 00 00 00 68 11 04 34 33 35 38 B9 16
10-02-23 16:48:49>接收：68 00 00 00 00 00 00 68 91 09 34 33 35 38 33 33 33 33 33 3D 16
10-02-23 16:48:49>解析：地址:00 00 00 00 00 00 控制码:91 长度:09 数据标识:05 02 00 01 数据:00 00 00 00 00
10-02-23 16:48:52>发送:68 00 00 00 00 00 00 68 11 04 34 34 35 38 BA 16
10-02-23 16:48:53>接收：68 00 00 00 00 00 00 68 91 18 34 34 35 38 33 33 33 33 33 33 33 33 33 33 33 33 33 33 33 33 33 33 33 33 4A 16
10-02-23 16:48:53>解析：地址:00 00 00 00 00 00 控制码:91 长度:18 数据标识:05 02 01 01 数据:00 00 00 00 00 00 00 00 00 00 00 00 00 00 00 00 00 00 00 00
10-02-23 16:49:52>发送:68 00 00 00 00 00 00 68 14 11 39 34 33 37 37 44 44 44 33 33 33 33 33 45 34 34 43 BE 16
10-02-23 16:49:52>接收：68 00 00 00 00 00 00 68 94 00 64 16
10-02-23 16:49:52>解析：地址:00 00 00 00 00 00 控制码:94 长度:00 数据标识: 数据:
10-02-23 16:55:08>发送:68 00 00 00 00 00 00 68 11 04 34 33 35 38 B9 16
10-02-23 16:55:08>接收：68 00 00 00 00 00 00 68 91 09 34 33 35 38 7C 49 56 35 43 D1 16
10-02-23 16:55:08>解析：地址:00 00 00 00 00 00 控制码:91 长度:09 数据标识:05 02 00 01 数据:10 02 23 16 49
10-02-23 16:55:33>发送:68 00 00 00 00 00 00 68 14 11 39 34 33 37 37 44 44 44 33 33 33 33 33 45 34 34 43 BE 16
10-02-23 16:55:34>接收：68 00 00 00 00 00 00 68 94 00 64 16
10-02-23 16:55:34>解析：地址:00 00 00 00 00 00 控制码:94 长度:00 数据标识: 数据:
10-02-23 17:08:07>发送:68 00 00 00 00 00 00 68 14 11 39 34 33 37 37 44 44 44 33 33 33 33 33 45 34 34 43 BE 16
10-02-23 17:08:07>接收：68 00 00 00 00 00 00 68 94 00 64 16
10-02-23 17:08:07>解析：地址:00 00 00 00 00 00 控制码:94 长度:00 数据标识: 数据:
10-02-23 17:13:37>发送:68 00 00 00 00 00 00 68 14 11 39 34 33 37 37 44 44 44 33 33 33 33 33 45 34 34 43 BE 16
10-02-23 17:13:38>接收：68 00 00 00 00 00 00 68 94 00 64 16
10-02-23 17:13:38>解析：地址:00 00 00 00 00 00 控制码:94 长度:00 数据标识: 数据:
10-02-23 17:15:34>发送:68 00 00 00 00 00 00 68 14 11 39 34 33 37 37 44 44 44 33 33 33 33 33 45 34 34 43 BE 16
10-02-23 17:15:35>接收：68 00 00 00 00 00 00 68 94 00 64 16
10-02-23 17:15:35>解析：地址:00 00 00 00 00 00 控制码:94 长度:00 数据标识: 数据:
10-02-23 17:16:28>发送:68 00 00 00 00 00 00 68 11 04 34 33 35 38 B9 16
10-02-23 17:16:29>接收：68 00 00 00 00 00 00 68 91 09 34 33 35 38 33 33 33 33 33 3D 16
10-02-23 17:16:29>解析：地址:00 00 00 00 00 00 控制码:91 长度:09 数据标识:05 02 00 01 数据:00 00 00 00 00
10-02-23 17:16:45>发送:68 00 00 00 00 00 00 68 11 04 35 33 35 38 BA 16
10-02-23 17:16:45>接收：68 00 00 00 00 00 00 68 91 09 35 33 35 38 33 33 33 33 33 3E 16
10-02-23 17:16:45>解析：地址:00 00 00 00 00 00 控制码:91 长度:09 数据标识:05 02 00 02 数据:00 00 00 00 00
10-02-23 17:19:02>发送:68 00 00 00 00 00 00 68 14 11 33 33 39 35 37 44 44 44 33 33 33 33 33 45 34 34 43 BB 16
10-02-23 17:19:03>接收：68 00 00 00 00 00 00 68 D4 01 35 DA 16
10-02-23 17:19:03>解析：地址:00 00 00 00 00 00 控制码:D4 长度:01 数据标识: 数据:02
10-02-23 17:19:33>发送:68 00 00 00 00 00 00 68 14 11 39 34 33 37 37 44 44 44 33 33 33 33 33 45 34 34 43 BE 16
10-02-23 17:19:34>接收：68 00 00 00 00 00 00 68 94 00 64 16
10-02-23 17:19:34>解析：地址:00 00 00 00 00 00 控制码:94 长度:00 数据标识: 数据:
10-02-23 17:21:31>发送:68 00 00 00 00 00 00 68 14 11 39 34 33 37 37 44 44 44 33 33 33 33 33 45 34 34 43 BE 16
10-02-23 17:21:31>接收：68 00 00 00 00 00 00 68 94 00 64 16
10-02-23 17:21:31>解析：地址:00 00 00 00 00 00 控制码:94 长度:00 数据标识: 数据:
10-02-23 17:33:34>发送:68 00 00 00 00 00 00 68 11 04 34 33 35 38 B9 16
10-02-23 17:33:34>接收：68 00 00 00 00 00 00 68 91 09 34 33 35 38 33 33 33 33 33 3D 16
10-02-23 17:33:34>解析：地址:00 00 00 00 00 00 控制码:91 长度:09 数据标识:05 02 00 01 数据:00 00 00 00 00
10-02-23 17:33:39>发送:68 00 00 00 00 00 00 68 11 04 34 34 35 38 BA 16
10-02-23 17:33:39>接收：68 00 00 00 00 00 00 68 91 18 34 34 35 38 33 33 33 33 33 33 33 33 33 33 33 33 33 33 33 33 33 33 33 33 4A 16
10-02-23 17:33:39>解析：地址:00 00 00 00 00 00 控制码:91 长度:18 数据标识:05 02 01 01 数据:00 00 00 00 00 00 00 00 00 00 00 00 00 00 00 00 00 00 00 00
10-02-23 17:33:43>发送:68 00 00 00 00 00 00 68 11 04 34 35 35 38 BB 16
10-02-23 17:33:43>接收：68 00 00 00 00 00 00 68 91 18 34 35 35 38 33 33 33 33 33 33 33 33 33 33 33 33 33 33 33 33 33 33 33 33 4B 16
10-02-23 17:33:43>解析：地址:00 00 00 00 00 00 控制码:91 长度:18 数据标识:05 02 02 01 数据:00 00 00 00 00 00 00 00 00 00 00 00 00 00 00 00 00 00 00 00
10-02-23 17:33:51>发送:68 00 00 00 00 00 00 68 11 04 34 43 35 38 C9 16
10-02-23 17:33:51>接收：68 00 00 00 00 00 00 68 91 0A 34 43 35 38 33 33 33 33 33 33 81 16
10-02-23 17:33:51>解析：地址:00 00 00 00 00 00 控制码:91 长度:0A 数据标识:05 02 10 01 数据:00 00 00 00 00 00
10-02-23 17:34:00>发送:68 00 00 00 00 00 00 68 11 04 35 33 35 38 BA 16
10-02-23 17:34:00>接收：68 00 00 00 00 00 00 68 91 09 35 33 35 38 33 33 33 33 33 3E 16
10-02-23 17:34:00>解析：地址:00 00 00 00 00 00 控制码:91 长度:09 数据标识:05 02 00 02 数据:00 00 00 00 00
10-02-23 17:34:04>发送:68 00 00 00 00 00 00 68 11 04 35 34 35 38 BB 16
10-02-23 17:34:04>接收：68 00 00 00 00 00 00 68 91 18 35 34 35 38 33 33 33 33 33 33 33 33 33 33 33 33 33 33 33 33 33 33 33 33 4B 16
10-02-23 17:34:04>解析：地址:00 00 00 00 00 00 控制码:91 长度:18 数据标识:05 02 01 02 数据:00 00 00 00 00 00 00 00 00 00 00 00 00 00 00 00 00 00 00 00
10-02-23 17:34:08>发送:68 00 00 00 00 00 00 68 11 04 35 35 35 38 BC 16
10-02-23 17:34:08>接收：68 00 00 00 00 00 00 68 91 18 35 35 35 38 33 33 33 33 33 33 33 33 33 33 33 33 33 33 33 33 33 33 33 33 4C 16
10-02-23 17:34:08>解析：地址:00 00 00 00 00 00 控制码:91 长度:18 数据标识:05 02 02 02 数据:00 00 00 00 00 00 00 00 00 00 00 00 00 00 00 00 00 00 00 00
10-02-23 17:34:16>发送:68 00 00 00 00 00 00 68 11 04 34 33 36 38 BA 16
10-02-23 17:34:16>接收：68 00 00 00 00 00 00 68 91 09 34 33 36 38 58 48 56 35 43 AD 16
10-02-23 17:34:16>解析：地址:00 00 00 00 00 00 控制码:91 长度:09 数据标识:05 03 00 01 数据:10 02 23 15 25
10-02-23 17:34:24>发送:68 00 00 00 00 00 00 68 11 04 35 33 36 38 BB 16
10-02-23 17:34:25>接收：68 00 00 00 00 00 00 68 91 09 35 33 36 38 57 48 56 35 43 AD 16
10-02-23 17:34:25>解析：地址:00 00 00 00 00 00 控制码:91 长度:09 数据标识:05 03 00 02 数据:10 02 23 15 24
10-02-23 17:34:33>发送:68 00 00 00 00 00 00 68 11 04 35 34 36 38 BC 16
10-02-23 17:34:34>接收：68 00 00 00 00 00 00 68 91 18 35 34 36 38 35 33 33 33 35 33 33 33 33 33 33 33 33 33 33 33 33 33 33 33 50 16
10-02-23 17:34:34>解析：地址:00 00 00 00 00 00 控制码:91 长度:18 数据标识:05 03 01 02 数据:00 00 00 00 00 00 00 00 00 00 00 00 00 00 00 02 00 00 00 02
10-02-23 17:34:43>发送:68 00 00 00 00 00 00 68 11 04 35 43 36 38 CB 16
10-02-23 17:34:43>接收：68 00 00 00 00 00 00 68 91 0A 35 43 36 38 33 33 33 44 33 33 94 16
10-02-23 17:34:43>解析：地址:00 00 00 00 00 00 控制码:91 长度:0A 数据标识:05 03 10 02 数据:00 00 11 00 00 00
10-02-23 17:35:42>发送:68 00 00 00 00 00 00 68 11 04 35 33 36 38 BB 16
10-02-23 17:35:42>接收：68 00 00 00 00 00 00 68 91 09 35 33 36 38 57 48 56 35 43 AD 16
10-02-23 17:35:42>解析：地址:00 00 00 00 00 00 控制码:91 长度:09 数据标识:05 03 00 02 数据:10 02 23 15 24
10-02-23 17:36:29>发送:68 00 00 00 00 00 00 68 14 11 39 34 33 37 37 44 44 44 33 33 33 33 33 45 34 34 43 BE 16
10-02-23 17:36:29>接收：68 00 00 00 00 00 00 68 94 00 64 16
10-02-23 17:36:29>解析：地址:00 00 00 00 00 00 控制码:94 长度:00 数据标识: 数据:
10-02-23 17:36:55>发送:68 00 00 00 00 00 00 68 14 11 39 34 33 37 37 44 44 44 33 33 33 33 33 45 34 34 43 BE 16
10-02-23 17:36:55>接收：68 00 00 00 00 00 00 68 94 00 64 16
10-02-23 17:36:55>解析：地址:00 00 00 00 00 00 控制码:94 长度:00 数据标识: 数据:
10-02-23 17:42:16>发送:68 00 00 00 00 00 00 68 11 04 34 33 35 38 B9 16
10-02-23 17:42:16>接收：68 00 00 00 00 00 00 68 91 09 34 33 35 38 33 33 33 33 33 3D 16
10-02-23 17:42:16>解析：地址:00 00 00 00 00 00 控制码:91 长度:09 数据标识:05 02 00 01 数据:00 00 00 00 00
10-02-23 17:42:28>发送:68 00 00 00 00 00 00 68 11 04 34 33 35 38 B9 16
10-02-23 17:42:28>接收：68 00 00 00 00 00 00 68 91 09 34 33 35 38 33 33 33 33 33 3D 16
10-02-23 17:42:28>解析：地址:00 00 00 00 00 00 控制码:91 长度:09 数据标识:05 02 00 01 数据:00 00 00 00 00
10-02-23 17:42:34>发送:68 00 00 00 00 00 00 68 11 04 34 34 35 38 BA 16
10-02-23 17:42:34>接收：68 00 00 00 00 00 00 68 91 18 34 34 35 38 33 33 33 33 33 33 33 33 33 33 33 33 33 33 33 33 33 33 33 33 4A 16
10-02-23 17:42:34>解析：地址:00 00 00 00 00 00 控制码:91 长度:18 数据标识:05 02 01 01 数据:00 00 00 00 00 00 00 00 00 00 00 00 00 00 00 00 00 00 00 00
10-02-23 17:42:41>发送:68 00 00 00 00 00 00 68 11 04 35 33 35 38 BA 16
10-02-23 17:42:42>接收：68 00 00 00 00 00 00 68 91 09 35 33 35 38 33 33 33 33 33 3E 16
10-02-23 17:42:42>解析：地址:00 00 00 00 00 00 控制码:91 长度:09 数据标识:05 02 00 02 数据:00 00 00 00 00
