10-02-22 09:35:03>发送:68 00 00 00 00 00 00 68 11 04 34 34 33 37 B7 16
10-02-22 09:35:04>接收：68 00 00 00 00 00 00 68 91 08 34 34 33 37 34 55 35 43 3C 16
10-02-22 09:35:04>解析：地址:00 00 00 00 00 00 控制码:91 长度:08 数据标识:04 00 01 01 数据:10 02 22 01
10-02-22 09:56:25>发送:68 00 00 00 00 00 00 68 14 0F 34 34 33 37 37 33 33 33 34 33 33 33 36 35 34 01 16
10-02-22 09:56:26>接收：68 00 00 00 00 00 00 68 D4 01 37 DC 16
10-02-22 09:56:26>解析：地址:00 00 00 00 00 00 控制码:D4 长度:01 数据标识: 数据:04
10-02-22 09:56:43>发送:68 00 00 00 00 00 00 68 14 0F 34 34 33 37 37 44 44 44 34 33 33 33 36 35 34 34 16
10-02-22 09:56:44>接收：68 00 00 00 00 00 00 68 94 00 64 16
10-02-22 09:56:44>解析：地址:00 00 00 00 00 00 控制码:94 长度:00 数据标识: 数据:
10-02-22 09:56:55>发送:68 00 00 00 00 00 00 68 11 04 33 33 34 33 B2 16
10-02-22 09:56:56>接收：68 00 00 00 00 00 00 68 91 08 33 33 34 33 35 33 33 33 04 16
10-02-22 09:56:56>解析：地址:00 00 00 00 00 00 控制码:91 长度:08 数据标识:00 01 00 00 数据:00 00 00 02
10-02-22 09:57:05>发送:68 00 00 00 00 00 00 68 11 04 34 34 33 37 B7 16
10-02-22 09:57:05>接收：68 00 00 00 00 00 00 68 91 08 34 34 33 37 36 35 34 33 0D 16
10-02-22 09:57:05>解析：地址:00 00 00 00 00 00 控制码:91 长度:08 数据标识:04 00 01 01 数据:00 01 02 03
10-02-22 09:57:55>发送:68 00 00 00 00 00 00 68 14 10 34 34 33 37 37 44 44 44 33 33 33 33 34 55 35 43 96 16
10-02-22 09:57:56>接收：68 00 00 00 00 00 00 68 94 00 64 16
10-02-22 09:57:56>解析：地址:00 00 00 00 00 00 控制码:94 长度:00 数据标识: 数据:
10-02-22 09:58:04>发送:68 00 00 00 00 00 00 68 11 04 34 34 33 37 B7 16
10-02-22 09:58:04>接收：68 00 00 00 00 00 00 68 91 08 34 34 33 37 34 55 35 43 3C 16
10-02-22 09:58:04>解析：地址:00 00 00 00 00 00 控制码:91 长度:08 数据标识:04 00 01 01 数据:10 02 22 01
10-02-22 10:05:41>发送:68 00 00 00 00 00 00 68 14 0F 35 34 33 37 37 44 44 44 35 33 33 33 33 33 45 42 16
10-02-22 10:05:42>接收：68 00 00 00 00 00 00 68 94 00 64 16
10-02-22 10:05:42>解析：地址:00 00 00 00 00 00 控制码:94 长度:00 数据标识: 数据:
10-02-22 10:05:48>发送:68 00 00 00 00 00 00 68 11 04 35 34 33 37 B8 16
10-02-22 10:05:49>接收：68 00 00 00 00 00 00 68 91 07 35 34 33 37 39 33 45 EC 16
10-02-22 10:05:49>解析：地址:00 00 00 00 00 00 控制码:91 长度:07 数据标识:04 00 01 02 数据:12 00 06
10-02-22 10:05:52>发送:68 00 00 00 00 00 00 68 11 04 35 34 33 37 B8 16
10-02-22 10:05:52>接收：68 00 00 00 00 00 00 68 91 07 35 34 33 37 43 33 45 F6 16
10-02-22 10:05:52>解析：地址:00 00 00 00 00 00 控制码:91 长度:07 数据标识:04 00 01 02 数据:12 00 10
10-02-22 10:05:53>发送:68 00 00 00 00 00 00 68 11 04 35 34 33 37 B8 16
10-02-22 10:05:54>接收：68 00 00 00 00 00 00 68 91 07 35 34 33 37 44 33 45 F7 16
10-02-22 10:05:54>解析：地址:00 00 00 00 00 00 控制码:91 长度:07 数据标识:04 00 01 02 数据:12 00 11
10-02-22 10:06:24>发送:68 00 00 00 00 00 00 68 14 0F 35 34 33 37 37 44 44 44 33 33 33 33 88 38 43 98 16
10-02-22 10:06:24>接收：68 00 00 00 00 00 00 68 94 00 64 16
10-02-22 10:06:24>解析：地址:00 00 00 00 00 00 控制码:94 长度:00 数据标识: 数据:
10-02-22 10:06:31>发送:68 00 00 00 00 00 00 68 11 04 33 33 34 33 B2 16
10-02-22 10:06:31>接收：68 00 00 00 00 00 00 68 91 08 33 33 34 33 35 33 33 33 04 16
10-02-22 10:06:31>解析：地址:00 00 00 00 00 00 控制码:91 长度:08 数据标识:00 01 00 00 数据:00 00 00 02
10-02-22 10:06:33>发送:68 00 00 00 00 00 00 68 11 04 35 34 33 37 B8 16
10-02-22 10:06:33>接收：68 00 00 00 00 00 00 68 91 07 35 34 33 37 36 39 43 ED 16
10-02-22 10:06:33>解析：地址:00 00 00 00 00 00 控制码:91 长度:07 数据标识:04 00 01 02 数据:10 06 03
10-02-22 10:08:57>发送:68 00 00 00 00 00 00 68 11 04 39 34 33 37 BC 16
10-02-22 10:08:57>接收：68 00 00 00 00 00 00 68 91 09 39 34 33 37 33 33 33 33 33 40 16
10-02-22 10:08:57>解析：地址:00 00 00 00 00 00 控制码:91 长度:09 数据标识:04 00 01 06 数据:00 00 00 00 00
10-02-22 10:10:21>发送:68 00 00 00 00 00 00 68 14 11 39 34 33 37 37 44 44 44 38 33 33 33 34 45 34 34 43 C4 16
10-02-22 10:10:22>接收：68 00 00 00 00 00 00 68 94 00 64 16
10-02-22 10:10:22>解析：地址:00 00 00 00 00 00 控制码:94 长度:00 数据标识: 数据:
10-02-22 10:10:30>发送:68 00 00 00 00 00 00 68 11 04 39 34 33 37 BC 16
10-02-22 10:10:31>接收：68 00 00 00 00 00 00 68 91 09 39 34 33 37 33 33 33 33 33 40 16
10-02-22 10:10:31>解析：地址:00 00 00 00 00 00 控制码:91 长度:09 数据标识:04 00 01 06 数据:00 00 00 00 00
10-02-22 10:10:46>发送:68 00 00 00 00 00 00 68 11 04 39 34 33 37 BC 16
10-02-22 10:10:46>接收：68 00 00 00 00 00 00 68 91 09 39 34 33 37 33 33 33 33 33 40 16
10-02-22 10:10:46>解析：地址:00 00 00 00 00 00 控制码:91 长度:09 数据标识:04 00 01 06 数据:00 00 00 00 00
10-02-22 10:11:17>发送:68 00 00 00 00 00 00 68 14 11 39 34 33 37 37 44 44 44 33 33 33 33 33 45 34 34 43 BE 16
10-02-22 10:11:18>接收：68 00 00 00 00 00 00 68 94 00 64 16
10-02-22 10:11:18>解析：地址:00 00 00 00 00 00 控制码:94 长度:00 数据标识: 数据:
10-02-22 10:11:27>发送:68 00 00 00 00 00 00 68 11 04 39 34 33 37 BC 16
10-02-22 10:11:28>接收：68 00 00 00 00 00 00 68 91 09 39 34 33 37 33 33 33 33 33 40 16
10-02-22 10:11:28>解析：地址:00 00 00 00 00 00 控制码:91 长度:09 数据标识:04 00 01 06 数据:00 00 00 00 00
10-02-22 10:12:45>发送:68 00 00 00 00 00 00 68 14 12 39 34 33 37 37 44 44 44 33 33 33 33 33 53 44 43 33 33 0F 16
10-02-22 10:12:46>接收：68 00 00 00 00 00 00 68 94 00 64 16
10-02-22 10:12:46>解析：地址:00 00 00 00 00 00 控制码:94 长度:00 数据标识: 数据:
10-02-22 10:12:58>发送:68 00 00 00 00 00 00 68 11 04 39 34 33 37 BC 16
10-02-22 10:12:59>接收：68 00 00 00 00 00 00 68 91 09 39 34 33 37 33 33 33 33 33 40 16
10-02-22 10:12:59>解析：地址:00 00 00 00 00 00 控制码:91 长度:09 数据标识:04 00 01 06 数据:00 00 00 00 00
10-02-22 10:14:57>发送:68 00 00 00 00 00 00 68 14 11 3A 34 33 37 37 44 44 44 33 33 33 33 33 45 34 34 43 BF 16
10-02-22 10:14:58>接收：68 00 00 00 00 00 00 68 94 00 64 16
10-02-22 10:14:58>解析：地址:00 00 00 00 00 00 控制码:94 长度:00 数据标识: 数据:
10-02-22 10:15:03>发送:68 00 00 00 00 00 00 68 11 04 3A 34 33 37 BD 16
10-02-22 10:15:03>接收：68 00 00 00 00 00 00 68 91 09 3A 34 33 37 33 33 33 33 33 41 16
10-02-22 10:15:03>解析：地址:00 00 00 00 00 00 控制码:91 长度:09 数据标识:04 00 01 07 数据:00 00 00 00 00
10-02-22 10:32:04>发送:68 00 00 00 00 00 00 68 11 04 39 34 33 37 BC 16
10-02-22 10:32:04>接收：68 00 00 00 00 00 00 68 91 09 39 34 33 37 33 45 55 35 43 86 16
10-02-22 10:32:04>解析：地址:00 00 00 00 00 00 控制码:91 长度:09 数据标识:04 00 01 06 数据:10 02 22 12 00
10-02-22 10:32:32>发送:68 00 00 00 00 00 00 68 14 11 39 34 33 37 37 44 44 44 33 33 33 33 33 33 33 33 33 9A 16
10-02-22 10:32:32>接收：68 00 00 00 00 00 00 68 94 00 64 16
10-02-22 10:32:32>解析：地址:00 00 00 00 00 00 控制码:94 长度:00 数据标识: 数据:
10-02-22 10:32:40>发送:68 00 00 00 00 00 00 68 11 04 39 34 33 37 BC 16
10-02-22 10:32:40>接收：68 00 00 00 00 00 00 68 91 09 39 34 33 37 33 33 33 33 33 40 16
10-02-22 10:32:40>解析：地址:00 00 00 00 00 00 控制码:91 长度:09 数据标识:04 00 01 06 数据:00 00 00 00 00
10-02-22 10:33:00>发送:68 00 00 00 00 00 00 68 11 04 3A 34 33 37 BD 16
10-02-22 10:33:00>接收：68 00 00 00 00 00 00 68 91 09 3A 34 33 37 44 45 55 35 43 98 16
10-02-22 10:33:00>解析：地址:00 00 00 00 00 00 控制码:91 长度:09 数据标识:04 00 01 07 数据:10 02 22 12 11
10-02-22 10:40:51>发送:68 00 00 00 00 00 00 68 14 11 3A 34 33 37 37 44 44 44 33 33 33 33 33 45 34 34 43 BF 16
10-02-22 10:40:52>接收：68 00 00 00 00 00 00 68 94 00 64 16
10-02-22 10:40:52>解析：地址:00 00 00 00 00 00 控制码:94 长度:00 数据标识: 数据:
10-02-22 10:40:59>发送:68 00 00 00 00 00 00 68 11 04 3A 34 33 37 BD 16
10-02-22 10:40:59>接收：68 00 00 00 00 00 00 68 91 09 3A 34 33 37 33 33 33 33 33 41 16
10-02-22 10:40:59>解析：地址:00 00 00 00 00 00 控制码:91 长度:09 数据标识:04 00 01 07 数据:00 00 00 00 00
10-02-22 10:41:10>发送:68 00 00 00 00 00 00 68 11 04 3A 34 33 37 BD 16
10-02-22 10:41:11>接收：68 00 00 00 00 00 00 68 91 09 3A 34 33 37 33 33 33 33 33 41 16
10-02-22 10:41:11>解析：地址:00 00 00 00 00 00 控制码:91 长度:09 数据标识:04 00 01 07 数据:00 00 00 00 00
10-02-22 10:41:52>发送:68 00 00 00 00 00 00 68 14 11 3A 34 33 37 37 44 44 44 33 33 33 33 33 45 34 34 43 BF 16
10-02-22 10:41:52>接收：68 00 00 00 00 00 00 68 94 00 64 16
10-02-22 10:41:52>解析：地址:00 00 00 00 00 00 控制码:94 长度:00 数据标识: 数据:
10-02-22 10:41:58>发送:68 00 00 00 00 00 00 68 11 04 3A 34 33 37 BD 16
10-02-22 10:41:59>接收：68 00 00 00 00 00 00 68 91 09 3A 34 33 37 33 33 33 33 33 41 16
10-02-22 10:41:59>解析：地址:00 00 00 00 00 00 控制码:91 长度:09 数据标识:04 00 01 07 数据:00 00 00 00 00
10-02-22 10:48:48>发送:68 00 00 00 00 00 00 68 14 11 39 34 33 37 37 44 44 44 33 33 33 33 33 45 34 34 43 BE 16
10-02-22 10:49:03>发送:68 00 00 00 00 00 00 68 14 11 39 34 33 37 37 44 44 44 33 33 33 33 33 45 34 34 43 BE 16
10-02-22 10:49:03>接收：68 00 00 00 00 00 00 68 94 00 64 16
10-02-22 10:49:03>解析：地址:00 00 00 00 00 00 控制码:94 长度:00 数据标识: 数据:
10-02-22 11:00:40>发送:68 00 00 00 00 00 00 68 11 04 34 35 33 37 B8 16
10-02-22 11:00:40>接收：68 00 00 00 00 00 00 68 91 05 34 35 33 37 37 70 16
10-02-22 11:00:40>解析：地址:00 00 00 00 00 00 控制码:91 长度:05 数据标识:04 00 02 01 数据:04
10-02-22 11:01:13>发送:68 00 00 00 00 00 00 68 14 0D 34 35 33 37 37 44 44 44 33 33 33 33 33 C6 16
10-02-22 11:01:13>接收：68 00 00 00 00 00 00 68 94 00 64 16
10-02-22 11:01:13>解析：地址:00 00 00 00 00 00 控制码:94 长度:00 数据标识: 数据:
10-02-22 11:01:20>发送:68 00 00 00 00 00 00 68 11 04 34 35 33 37 B8 16
10-02-22 11:01:20>接收：68 00 00 00 00 00 00 68 91 05 34 35 33 37 41 7A 16
10-02-22 11:01:20>解析：地址:00 00 00 00 00 00 控制码:91 长度:05 数据标识:04 00 02 01 数据:0E
10-02-22 11:02:15>发送:68 00 00 00 00 00 00 68 14 0D 34 35 33 37 37 44 44 44 33 33 33 33 35 C8 16
10-02-22 11:02:15>接收：68 00 00 00 00 00 00 68 94 00 64 16
10-02-22 11:02:15>解析：地址:00 00 00 00 00 00 控制码:94 长度:00 数据标识: 数据:
10-02-22 11:02:22>发送:68 00 00 00 00 00 00 68 11 04 34 35 33 37 B8 16
10-02-22 11:02:22>接收：68 00 00 00 00 00 00 68 91 05 34 35 33 37 35 6E 16
10-02-22 11:02:22>解析：地址:00 00 00 00 00 00 控制码:91 长度:05 数据标识:04 00 02 01 数据:02
10-02-22 11:02:45>发送:68 00 00 00 00 00 00 68 14 0D 34 35 33 37 37 44 44 44 33 33 33 33 33 C6 16
10-02-22 11:02:45>接收：68 00 00 00 00 00 00 68 94 00 64 16
10-02-22 11:02:45>解析：地址:00 00 00 00 00 00 控制码:94 长度:00 数据标识: 数据:
10-02-22 11:02:50>发送:68 00 00 00 00 00 00 68 11 04 34 35 33 37 B8 16
10-02-22 11:02:51>接收：68 00 00 00 00 00 00 68 91 05 34 35 33 37 41 7A 16
10-02-22 11:02:51>解析：地址:00 00 00 00 00 00 控制码:91 长度:05 数据标识:04 00 02 01 数据:0E
10-02-22 11:03:54>发送:68 00 00 00 00 00 00 68 14 0D 34 35 33 37 37 44 44 44 33 33 33 33 37 CA 16
10-02-22 11:03:55>接收：68 00 00 00 00 00 00 68 94 00 64 16
10-02-22 11:03:55>解析：地址:00 00 00 00 00 00 控制码:94 长度:00 数据标识: 数据:
10-02-22 11:04:04>发送:68 00 00 00 00 00 00 68 11 04 34 35 33 37 B8 16
10-02-22 11:04:04>接收：68 00 00 00 00 00 00 68 91 05 34 35 33 37 37 70 16
10-02-22 11:04:04>解析：地址:00 00 00 00 00 00 控制码:91 长度:05 数据标识:04 00 02 01 数据:04
10-02-22 11:04:39>发送:68 00 00 00 00 00 00 68 11 04 35 35 33 37 B9 16
10-02-22 11:04:40>接收：68 00 00 00 00 00 00 68 91 05 35 35 33 37 37 71 16
10-02-22 11:04:40>解析：地址:00 00 00 00 00 00 控制码:91 长度:05 数据标识:04 00 02 02 数据:04
10-02-22 11:04:55>发送:68 00 00 00 00 00 00 68 14 0D 35 35 33 37 37 44 44 44 33 33 33 33 35 C9 16
10-02-22 11:04:55>接收：68 00 00 00 00 00 00 68 94 00 64 16
10-02-22 11:04:55>解析：地址:00 00 00 00 00 00 控制码:94 长度:00 数据标识: 数据:
10-02-22 11:05:04>发送:68 00 00 00 00 00 00 68 11 04 35 35 33 37 B9 16
10-02-22 11:05:04>接收：68 00 00 00 00 00 00 68 91 05 35 35 33 37 35 6F 16
10-02-22 11:05:04>解析：地址:00 00 00 00 00 00 控制码:91 长度:05 数据标识:04 00 02 02 数据:02
10-02-22 11:05:28>发送:68 00 00 00 00 00 00 68 14 0D 35 35 33 37 37 44 44 44 33 33 33 33 37 CB 16
10-02-22 11:05:28>接收：68 00 00 00 00 00 00 68 94 00 64 16
10-02-22 11:05:28>解析：地址:00 00 00 00 00 00 控制码:94 长度:00 数据标识: 数据:
10-02-22 11:05:34>发送:68 00 00 00 00 00 00 68 11 04 35 35 33 37 B9 16
10-02-22 11:05:34>接收：68 00 00 00 00 00 00 68 91 05 35 35 33 37 37 71 16
10-02-22 11:05:34>解析：地址:00 00 00 00 00 00 控制码:91 长度:05 数据标识:04 00 02 02 数据:04
10-02-22 11:05:39>发送:68 00 00 00 00 00 00 68 11 04 36 35 33 37 BA 16
10-02-22 11:05:39>接收：68 00 00 00 00 00 00 68 91 05 36 35 33 37 3B 76 16
10-02-22 11:05:39>解析：地址:00 00 00 00 00 00 控制码:91 长度:05 数据标识:04 00 02 03 数据:08
10-02-22 11:08:34>发送:68 00 00 00 00 00 00 68 14 0D 36 35 33 37 37 44 44 44 33 33 33 33 33 C8 16
10-02-22 11:08:34>接收：68 00 00 00 00 00 00 68 94 00 64 16
10-02-22 11:08:34>解析：地址:00 00 00 00 00 00 控制码:94 长度:00 数据标识: 数据:
10-02-22 11:08:38>发送:68 00 00 00 00 00 00 68 11 04 36 35 33 37 BA 16
10-02-22 11:08:39>接收：68 00 00 00 00 00 00 68 91 05 36 35 33 37 41 7C 16
10-02-22 11:08:39>解析：地址:00 00 00 00 00 00 控制码:91 长度:05 数据标识:04 00 02 03 数据:0E
10-02-22 11:09:32>发送:68 00 00 00 00 00 00 68 14 0D 36 35 33 37 37 44 44 44 33 33 33 33 39 CE 16
10-02-22 11:09:32>接收：68 00 00 00 00 00 00 68 94 00 64 16
10-02-22 11:09:32>解析：地址:00 00 00 00 00 00 控制码:94 长度:00 数据标识: 数据:
10-02-22 11:09:37>发送:68 00 00 00 00 00 00 68 11 04 36 35 33 37 BA 16
10-02-22 11:09:37>接收：68 00 00 00 00 00 00 68 91 05 36 35 33 37 39 74 16
10-02-22 11:09:37>解析：地址:00 00 00 00 00 00 控制码:91 长度:05 数据标识:04 00 02 03 数据:06
10-02-22 11:09:52>发送:68 00 00 00 00 00 00 68 14 0D 36 35 33 37 37 44 44 44 33 33 33 33 3B D0 16
10-02-22 11:09:53>接收：68 00 00 00 00 00 00 68 94 00 64 16
10-02-22 11:09:53>解析：地址:00 00 00 00 00 00 控制码:94 长度:00 数据标识: 数据:
10-02-22 11:10:01>发送:68 00 00 00 00 00 00 68 11 04 36 35 33 37 BA 16
10-02-22 11:10:01>接收：68 00 00 00 00 00 00 68 91 05 36 35 33 37 3B 76 16
10-02-22 11:10:01>解析：地址:00 00 00 00 00 00 控制码:91 长度:05 数据标识:04 00 02 03 数据:08
10-02-22 11:10:09>发送:68 00 00 00 00 00 00 68 11 04 37 35 33 37 BB 16
10-02-22 11:10:09>接收：68 00 00 00 00 00 00 68 91 05 37 35 33 37 37 73 16
10-02-22 11:10:09>解析：地址:00 00 00 00 00 00 控制码:91 长度:05 数据标识:04 00 02 04 数据:04
10-02-22 11:10:24>发送:68 00 00 00 00 00 00 68 14 0D 37 35 33 37 37 44 44 44 33 33 33 33 35 CB 16
10-02-22 11:10:24>接收：68 00 00 00 00 00 00 68 D4 01 73 18 16
10-02-22 11:10:24>解析：地址:00 00 00 00 00 00 控制码:D4 长度:01 数据标识: 数据:40
10-02-22 11:10:40>发送:68 00 00 00 00 00 00 68 11 04 37 35 33 37 BB 16
10-02-22 11:10:40>接收：68 00 00 00 00 00 00 68 91 05 37 35 33 37 37 73 16
10-02-22 11:10:40>解析：地址:00 00 00 00 00 00 控制码:91 长度:05 数据标识:04 00 02 04 数据:04
10-02-22 11:10:48>发送:68 00 00 00 00 00 00 68 11 04 37 35 33 37 BB 16
10-02-22 11:10:49>接收：68 00 00 00 00 00 00 68 91 05 37 35 33 37 37 73 16
10-02-22 11:10:49>解析：地址:00 00 00 00 00 00 控制码:91 长度:05 数据标识:04 00 02 04 数据:04
10-02-22 11:11:07>发送:68 00 00 00 00 00 00 68 14 0D 37 35 33 37 37 44 44 44 33 33 33 33 35 CB 16
10-02-22 11:11:07>接收：68 00 00 00 00 00 00 68 D4 01 73 18 16
10-02-22 11:11:07>解析：地址:00 00 00 00 00 00 控制码:D4 长度:01 数据标识: 数据:40
10-02-22 11:20:43>发送:68 00 00 00 00 00 00 68 14 0D 37 35 33 37 37 44 44 44 33 33 33 33 35 CB 16
10-02-22 11:20:43>接收：68 00 00 00 00 00 00 68 94 00 64 16
10-02-22 11:20:43>解析：地址:00 00 00 00 00 00 控制码:94 长度:00 数据标识: 数据:
10-02-22 11:20:50>发送:68 00 00 00 00 00 00 68 11 04 37 35 33 37 BB 16
10-02-22 11:20:50>接收：68 00 00 00 00 00 00 68 91 05 37 35 33 37 35 71 16
10-02-22 11:20:50>解析：地址:00 00 00 00 00 00 控制码:91 长度:05 数据标识:04 00 02 04 数据:02
10-02-22 11:22:15>发送:68 00 00 00 00 00 00 68 14 0D 37 35 33 37 37 44 44 44 33 33 33 33 37 CD 16
10-02-22 11:22:16>接收：68 00 00 00 00 00 00 68 94 00 64 16
10-02-22 11:22:16>解析：地址:00 00 00 00 00 00 控制码:94 长度:00 数据标识: 数据:
10-02-22 11:22:23>发送:68 00 00 00 00 00 00 68 11 04 37 35 33 37 BB 16
10-02-22 11:22:23>接收：68 00 00 00 00 00 00 68 91 05 37 35 33 37 37 73 16
10-02-22 11:22:23>解析：地址:00 00 00 00 00 00 控制码:91 长度:05 数据标识:04 00 02 04 数据:04
10-02-22 11:22:29>发送:68 00 00 00 00 00 00 68 11 04 38 35 33 37 BC 16
10-02-22 11:22:29>接收：68 00 00 00 00 00 00 68 91 06 38 35 33 37 3E 33 AF 16
10-02-22 11:22:29>解析：地址:00 00 00 00 00 00 控制码:91 长度:06 数据标识:04 00 02 05 数据:00 0B
10-02-22 11:22:54>发送:68 00 00 00 00 00 00 68 14 0D 38 35 33 37 37 44 44 44 33 33 33 33 43 DA 16
10-02-22 11:22:54>接收：68 00 00 00 00 00 00 68 D4 01 35 DA 16
10-02-22 11:22:54>解析：地址:00 00 00 00 00 00 控制码:D4 长度:01 数据标识: 数据:02
10-02-22 11:23:18>发送:68 00 00 00 00 00 00 68 11 04 38 35 33 37 BC 16
10-02-22 11:23:18>接收：68 00 00 00 00 00 00 68 91 06 38 35 33 37 3E 33 AF 16
10-02-22 11:23:18>解析：地址:00 00 00 00 00 00 控制码:91 长度:06 数据标识:04 00 02 05 数据:00 0B
10-02-22 11:23:34>发送:68 00 00 00 00 00 00 68 14 0D 38 35 33 37 37 44 44 44 33 33 33 33 43 DA 16
10-02-22 11:23:34>接收：68 00 00 00 00 00 00 68 D4 01 35 DA 16
10-02-22 11:23:34>解析：地址:00 00 00 00 00 00 控制码:D4 长度:01 数据标识: 数据:02
10-02-22 11:26:32>发送:68 00 00 00 00 00 00 68 14 0D 38 35 33 37 37 44 44 44 33 33 33 33 43 DA 16
10-02-22 11:26:33>接收：68 00 00 00 00 00 00 68 94 00 64 16
10-02-22 11:26:33>解析：地址:00 00 00 00 00 00 控制码:94 长度:00 数据标识: 数据:
10-02-22 11:26:38>发送:68 00 00 00 00 00 00 68 11 04 38 35 33 37 BC 16
10-02-22 11:26:39>接收：68 00 00 00 00 00 00 68 91 06 38 35 33 37 43 33 B4 16
10-02-22 11:26:39>解析：地址:00 00 00 00 00 00 控制码:91 长度:06 数据标识:04 00 02 05 数据:00 10
10-02-22 11:28:49>发送:68 00 00 00 00 00 00 68 14 0D 38 35 33 37 37 44 44 44 33 33 33 33 43 DA 16
10-02-22 11:28:50>接收：68 00 00 00 00 00 00 68 94 00 64 16
10-02-22 11:28:50>解析：地址:00 00 00 00 00 00 控制码:94 长度:00 数据标识: 数据:
10-02-22 11:43:23>发送:68 00 00 00 00 00 00 68 11 04 38 35 33 37 BC 16
10-02-22 11:43:23>接收：68 00 00 00 00 00 00 68 91 06 38 35 33 37 43 33 B4 16
10-02-22 11:43:23>解析：地址:00 00 00 00 00 00 控制码:91 长度:06 数据标识:04 00 02 05 数据:00 10
10-02-22 11:57:52>发送:68 00 00 00 00 00 00 68 11 04 33 33 33 33 B1 16
10-02-22 14:06:28>发送:68 00 00 00 00 00 00 68 11 04 33 33 33 33 B1 16
10-02-22 14:07:07>发送:68 00 00 00 00 00 00 68 11 04 33 33 34 33 B2 16
10-02-22 14:07:34>发送:68 AA AA AA AA AA AA 68 13 00 DF 16
10-02-22 14:07:41>发送:68 AA AA AA AA AA AA 68 13 00 DF 16
10-02-22 14:08:27>发送:68 AA AA AA AA AA AA 68 13 00 DF 16
10-02-22 14:08:28>发送:68 AA AA AA AA AA AA 68 13 00 DF 16
10-02-22 14:08:28>发送:68 AA AA AA AA AA AA 68 13 00 DF 16
10-02-22 14:08:29>发送:68 AA AA AA AA AA AA 68 13 00 DF 16
10-02-22 14:09:45>发送:68 AA AA AA AA AA AA 68 13 00 DF 16
10-02-22 14:09:46>发送:68 AA AA AA AA AA AA 68 13 00 DF 16
10-02-22 14:09:46>发送:68 AA AA AA AA AA AA 68 13 00 DF 16
10-02-22 14:09:47>发送:68 AA AA AA AA AA AA 68 13 00 DF 16
10-02-22 14:09:47>发送:68 AA AA AA AA AA AA 68 13 00 DF 16
10-02-22 14:09:47>发送:68 AA AA AA AA AA AA 68 13 00 DF 16
10-02-22 14:09:47>发送:68 AA AA AA AA AA AA 68 13 00 DF 16
10-02-22 14:09:47>发送:68 AA AA AA AA AA AA 68 13 00 DF 16
10-02-22 14:09:47>发送:68 AA AA AA AA AA AA 68 13 00 DF 16
10-02-22 14:09:48>发送:68 AA AA AA AA AA AA 68 13 00 DF 16
10-02-22 14:09:48>发送:68 AA AA AA AA AA AA 68 13 00 DF 16
10-02-22 14:09:48>发送:68 AA AA AA AA AA AA 68 13 00 DF 16
10-02-22 14:09:48>发送:68 AA AA AA AA AA AA 68 13 00 DF 16
10-02-22 14:09:49>发送:68 AA AA AA AA AA AA 68 13 00 DF 16
10-02-22 14:09:49>发送:68 AA AA AA AA AA AA 68 13 00 DF 16
10-02-22 14:09:49>发送:68 AA AA AA AA AA AA 68 13 00 DF 16
10-02-22 14:09:49>发送:68 AA AA AA AA AA AA 68 13 00 DF 16
10-02-22 14:09:56>发送:68 AA AA AA AA AA AA 68 13 00 DF 16
10-02-22 14:09:57>发送:68 AA AA AA AA AA AA 68 13 00 DF 16
10-02-22 14:09:57>发送:68 AA AA AA AA AA AA 68 13 00 DF 16
10-02-22 14:09:57>发送:68 AA AA AA AA AA AA 68 13 00 DF 16
10-02-22 14:09:57>发送:68 AA AA AA AA AA AA 68 13 00 DF 16
10-02-22 14:09:57>发送:68 AA AA AA AA AA AA 68 13 00 DF 16
10-02-22 14:09:58>发送:68 AA AA AA AA AA AA 68 13 00 DF 16
10-02-22 14:09:58>发送:68 AA AA AA AA AA AA 68 13 00 DF 16
10-02-22 14:09:58>发送:68 AA AA AA AA AA AA 68 13 00 DF 16
10-02-22 14:09:59>发送:68 AA AA AA AA AA AA 68 13 00 DF 16
10-02-22 14:11:10>发送:68 AA AA AA AA AA AA 68 13 00 DF 16
10-02-22 14:11:11>发送:68 AA AA AA AA AA AA 68 13 00 DF 16
10-02-22 14:11:11>发送:68 AA AA AA AA AA AA 68 13 00 DF 16
10-02-22 14:11:11>发送:68 AA AA AA AA AA AA 68 13 00 DF 16
10-02-22 14:11:11>发送:68 AA AA AA AA AA AA 68 13 00 DF 16
10-02-22 14:11:11>发送:68 AA AA AA AA AA AA 68 13 00 DF 16
10-02-22 14:11:12>发送:68 AA AA AA AA AA AA 68 13 00 DF 16
10-02-22 14:11:12>发送:68 AA AA AA AA AA AA 68 13 00 DF 16
10-02-22 14:11:12>发送:68 AA AA AA AA AA AA 68 13 00 DF 16
10-02-22 14:11:12>发送:68 AA AA AA AA AA AA 68 13 00 DF 16
10-02-22 14:11:12>发送:68 AA AA AA AA AA AA 68 13 00 DF 16
10-02-22 14:11:12>发送:68 AA AA AA AA AA AA 68 13 00 DF 16
10-02-22 14:11:33>发送:68 AA AA AA AA AA AA 68 13 00 DF 16
10-02-22 14:11:34>发送:68 AA AA AA AA AA AA 68 13 00 DF 16
10-02-22 14:11:35>发送:68 AA AA AA AA AA AA 68 13 00 DF 16
10-02-22 14:11:35>发送:68 AA AA AA AA AA AA 68 13 00 DF 16
10-02-22 14:11:35>发送:68 AA AA AA AA AA AA 68 13 00 DF 16
10-02-22 14:11:35>发送:68 AA AA AA AA AA AA 68 13 00 DF 16
10-02-22 14:11:35>发送:68 AA AA AA AA AA AA 68 13 00 DF 16
10-02-22 14:20:55>发送:68 AA AA AA AA AA AA 68 13 00 DF 16
10-02-22 14:20:59>发送:68 AA AA AA AA AA AA 68 13 00 DF 16
10-02-22 14:21:08>发送:68 AA AA AA AA AA AA 68 13 00 DF 16
10-02-22 14:21:47>发送:68 AA AA AA AA AA AA 68 13 00 DF 16
10-02-22 14:22:09>发送:68 AA AA AA AA AA AA 68 13 00 DF 16
10-02-22 14:22:10>发送:68 AA AA AA AA AA AA 68 13 00 DF 16
10-02-22 14:22:11>发送:68 AA AA AA AA AA AA 68 13 00 DF 16
10-02-22 14:22:47>接收：FE
10-02-22 14:22:51>接收：FF
10-02-22 14:23:03>发送:68 AA AA AA AA AA AA 68 13 00 DF 16
10-02-22 14:23:11>发送:68 AA AA AA AA AA AA 68 13 00 DF 16
10-02-22 14:23:21>发送:68 AA AA AA AA AA AA 68 13 00 DF 16
10-02-22 14:23:23>发送:68 AA AA AA AA AA AA 68 13 00 DF 16
10-02-22 14:23:32>接收：FF FF 7F 05 30 01 FC 00 00 20 00 04 00 00 78 04 08 00 05 00 00 00 02 01 E9 F5 FF
10-02-22 14:23:32>接收：D2 80 C8 90 09 00
10-02-22 14:23:32>接收：20 3C 10 CD FF FF FF
10-02-22 14:24:01>发送:68 AA AA AA AA AA AA 68 13 00 DF 16
10-02-22 14:24:05>发送:68 AA AA AA AA AA AA 68 13 00 DF 16
10-02-22 14:24:21>发送:68 AA AA AA AA AA AA 68 13 00 DF 16
10-02-22 14:24:23>发送:68 AA AA AA AA AA AA 68 13 00 DF 16
10-02-22 14:24:30>发送:68 AA AA AA AA AA AA 68 13 00 DF 16
10-02-22 14:24:30>发送:68 AA AA AA AA AA AA 68 13 00 DF 16
10-02-22 14:24:49>发送:68 AA AA AA AA AA AA 68 13 00 DF 16
10-02-22 14:24:50>发送:68 AA AA AA AA AA AA 68 13 00 DF 16
10-02-22 14:24:54>发送:68 AA AA AA AA AA AA 68 13 00 DF 16
10-02-22 14:25:22>发送:68 AA AA AA AA AA AA 68 13 00 DF 16
10-02-22 14:26:22>发送:68 AA AA AA AA AA AA 68 13 00 DF 16
10-02-22 14:26:22>接收：68 11 11 11 11 11 11 68 93 06 44 44 44 44 44 44 67 16
10-02-22 14:26:22>解析：地址:11 11 11 11 11 11 控制码:93 长度:06 数据标识: 数据:11 11 11 11 11 11
10-02-22 14:27:15>发送:68 AA AA AA AA AA AA 68 13 00 DF 16
10-02-22 14:27:19>发送:68 AA AA AA AA AA AA 68 13 00 DF 16
10-02-22 14:27:32>发送:68 AA AA AA AA AA AA 68 13 00 DF 16
10-02-22 14:27:35>发送:68 AA AA AA AA AA AA 68 13 00 DF 16
10-02-22 14:27:38>发送:68 AA AA AA AA AA AA 68 13 00 DF 16
10-02-22 14:28:33>发送:68 AA AA AA AA AA AA 68 13 00 DF 16
10-02-22 14:28:37>发送:68 AA AA AA AA AA AA 68 13 00 DF 16
10-02-22 14:33:18>接收：00
10-02-22 14:33:29>发送:68 AA AA AA AA AA AA 68 13 00 DF 16
10-02-22 14:33:29>接收：68 11 11 11 11 11 11 68 93 06 44 44 44 44 44 44 67 16
10-02-22 14:33:29>解析：地址:11 11 11 11 11 11 控制码:93 长度:06 数据标识: 数据:11 11 11 11 11 11
10-02-22 14:34:39>发送:68 AA AA AA AA AA AA 68 13 00 DF 16
10-02-22 14:34:44>发送:68 AA AA AA AA AA AA 68 13 00 DF 16
10-02-22 14:38:22>接收：A0 F0
10-02-22 14:38:25>接收：FD 00 FF 00 81
10-02-22 14:38:26>接收：FB 02 00 00 00 00 00 30 00 20 00 08 84 80 FF 89 01 00 D0 FF 00 A0 DE
10-02-22 14:38:27>接收：00 08 00 00 00 00 00 C0 8E
10-02-22 14:39:07>发送:68 AA AA AA AA AA AA 68 13 00 DF 16
10-02-22 14:39:07>接收：68 11 11 11 11 11 11 68 93 06 44 44 44 44 44 44 67 16
10-02-22 14:39:07>解析：地址:11 11 11 11 11 11 控制码:93 长度:06 数据标识: 数据:11 11 11 11 11 11
10-02-22 14:39:51>发送:68 11 11 11 11 00 00 68 11 04 33 33 33 33 F5 16
10-02-22 14:40:13>发送:68 AA AA AA AA AA AA 68 13 00 DF 16
10-02-22 14:40:14>接收：68 11 11 11 11 11 11 68 93 06 44 44 44 44 44 44 67 16
10-02-22 14:40:14>解析：地址:11 11 11 11 11 11 控制码:93 长度:06 数据标识: 数据:11 11 11 11 11 11
10-02-22 14:40:21>发送:68 11 11 11 11 00 00 68 11 04 33 33 33 33 F5 16
10-02-22 14:40:37>发送:68 11 11 11 11 00 00 68 11 04 33 33 34 33 F6 16
10-02-22 14:40:54>发送:68 11 11 11 11 11 11 68 11 04 33 33 34 33 18 16
10-02-22 14:40:54>接收：68 11 11 11 11 11 11 68 91 08 33 33 34 33 33 33 33 33 68 16
10-02-22 14:40:54>解析：地址:11 11 11 11 11 11 控制码:91 长度:08 数据标识:00 01 00 00 数据:00 00 00 00
10-02-22 14:41:07>发送:68 11 11 11 11 11 11 68 11 04 33 33 33 33 17 16
10-02-22 14:41:07>接收：68 11 11 11 11 11 11 68 91 08 33 33 33 33 33 33 33 33 67 16
10-02-22 14:41:07>解析：地址:11 11 11 11 11 11 控制码:91 长度:08 数据标识:00 00 00 00 数据:00 00 00 00
10-02-22 14:41:25>发送:68 11 11 11 11 11 11 68 11 04 33 37 33 33 1B 16
10-02-22 14:41:25>接收：68 11 11 11 11 11 11 68 91 08 33 37 33 33 33 33 33 33 6B 16
10-02-22 14:41:25>解析：地址:11 11 11 11 11 11 控制码:91 长度:08 数据标识:00 00 04 00 数据:00 00 00 00
10-02-22 14:41:31>发送:68 11 11 11 11 11 11 68 11 04 33 36 33 33 1A 16
10-02-22 14:41:32>接收：68 11 11 11 11 11 11 68 91 08 33 36 33 33 33 33 33 33 6A 16
10-02-22 14:41:32>解析：地址:11 11 11 11 11 11 控制码:91 长度:08 数据标识:00 00 03 00 数据:00 00 00 00
10-02-22 14:43:20>发送:68 11 11 11 11 11 11 68 11 04 33 34 33 33 18 16
10-02-22 14:43:20>接收：68 11 11 11 11 11 11 68 91 08 33 34 33 33 33 33 33 33 68 16
10-02-22 14:43:20>解析：地址:11 11 11 11 11 11 控制码:91 长度:08 数据标识:00 00 01 00 数据:00 00 00 00
10-02-22 14:43:48>发送:68 11 11 11 11 11 11 68 11 04 33 35 33 33 19 16
10-02-22 14:43:48>接收：68 11 11 11 11 11 11 68 91 08 33 35 33 33 33 33 33 33 69 16
10-02-22 14:43:48>解析：地址:11 11 11 11 11 11 控制码:91 长度:08 数据标识:00 00 02 00 数据:00 00 00 00
10-02-22 14:44:24>发送:68 11 11 11 11 11 11 68 11 04 33 36 33 33 1A 16
10-02-22 14:44:24>接收：68 11 11 11 11 11 11 68 91 08 33 36 33 33 33 33 33 33 6A 16
10-02-22 14:44:24>解析：地址:11 11 11 11 11 11 控制码:91 长度:08 数据标识:00 00 03 00 数据:00 00 00 00
10-02-22 14:44:28>发送:68 11 11 11 11 11 11 68 11 04 33 37 33 33 1B 16
10-02-22 14:44:28>接收：68 11 11 11 11 11 11 68 91 08 33 37 33 33 33 33 33 33 6B 16
10-02-22 14:44:28>解析：地址:11 11 11 11 11 11 控制码:91 长度:08 数据标识:00 00 04 00 数据:00 00 00 00
10-02-22 14:44:32>发送:68 11 11 11 11 11 11 68 11 04 33 38 33 33 1C 16
10-02-22 14:44:32>接收：68 11 11 11 11 11 11 68 91 08 33 38 33 33 33 33 33 33 6C 16
10-02-22 14:44:32>解析：地址:11 11 11 11 11 11 控制码:91 长度:08 数据标识:00 00 05 00 数据:00 00 00 00
10-02-22 14:44:38>发送:68 11 11 11 11 11 11 68 11 04 33 39 33 33 1D 16
10-02-22 14:44:38>接收：68 11 11 11 11 11 11 68 91 08 33 39 33 33 33 33 33 33 6D 16
10-02-22 14:44:38>解析：地址:11 11 11 11 11 11 控制码:91 长度:08 数据标识:00 00 06 00 数据:00 00 00 00
10-02-22 14:45:32>发送:68 11 11 11 11 11 11 68 11 04 33 41 33 33 25 16
10-02-22 14:45:33>接收：68 11 11 11 11 11 11 68 D1 01 35 3D 16
10-02-22 14:45:33>解析：地址:11 11 11 11 11 11 控制码:D1 长度:01 数据标识: 数据:02
10-02-22 14:45:42>发送:68 11 11 11 11 11 11 68 11 04 33 3C 33 33 20 16
10-02-22 14:45:42>接收：68 11 11 11 11 11 11 68 D1 01 35 3D 16
10-02-22 14:45:42>解析：地址:11 11 11 11 11 11 控制码:D1 长度:01 数据标识: 数据:02
10-02-22 14:45:46>发送:68 11 11 11 11 11 11 68 11 04 33 3B 33 33 1F 16
10-02-22 14:45:46>接收：68 11 11 11 11 11 11 68 91 08 33 3B 33 33 33 33 33 33 6F 16
10-02-22 14:45:46>解析：地址:11 11 11 11 11 11 控制码:91 长度:08 数据标识:00 00 08 00 数据:00 00 00 00
10-02-22 14:46:46>发送:68 11 11 11 11 11 11 68 11 04 33 3C 34 33 21 16
10-02-22 14:46:46>接收：68 11 11 11 11 11 11 68 D1 01 35 3D 16
10-02-22 14:46:46>解析：地址:11 11 11 11 11 11 控制码:D1 长度:01 数据标识: 数据:02
10-02-22 14:46:51>发送:68 11 11 11 11 11 11 68 11 04 33 3B 34 33 20 16
10-02-22 14:46:52>接收：68 11 11 11 11 11 11 68 91 08 33 3B 34 33 33 33 33 33 70 16
10-02-22 14:46:52>解析：地址:11 11 11 11 11 11 控制码:91 长度:08 数据标识:00 01 08 00 数据:00 00 00 00
10-02-22 14:47:51>发送:68 11 11 11 11 11 11 68 11 04 33 33 35 33 19 16
10-02-22 14:47:51>接收：68 11 11 11 11 11 11 68 91 08 33 33 35 33 33 33 33 33 69 16
10-02-22 14:47:51>解析：地址:11 11 11 11 11 11 控制码:91 长度:08 数据标识:00 02 00 00 数据:00 00 00 00
10-02-22 14:47:57>发送:68 11 11 11 11 11 11 68 11 04 33 3B 35 33 21 16
10-02-22 14:47:57>接收：68 11 11 11 11 11 11 68 91 08 33 3B 35 33 33 33 33 33 71 16
10-02-22 14:47:57>解析：地址:11 11 11 11 11 11 控制码:91 长度:08 数据标识:00 02 08 00 数据:00 00 00 00
10-02-22 14:48:00>发送:68 11 11 11 11 11 11 68 11 04 33 3C 35 33 22 16
10-02-22 14:48:01>接收：68 11 11 11 11 11 11 68 D1 01 35 3D 16
10-02-22 14:48:01>解析：地址:11 11 11 11 11 11 控制码:D1 长度:01 数据标识: 数据:02
10-02-22 14:49:55>发送:68 11 11 11 11 11 11 68 11 04 33 33 38 33 1C 16
10-02-22 14:49:55>接收：68 11 11 11 11 11 11 68 D1 01 35 3D 16
10-02-22 14:49:55>解析：地址:11 11 11 11 11 11 控制码:D1 长度:01 数据标识: 数据:02
10-02-22 14:50:05>发送:68 11 11 11 11 11 11 68 11 04 33 33 3C 33 20 16
10-02-22 14:50:05>接收：68 11 11 11 11 11 11 68 D1 01 35 3D 16
10-02-22 14:50:05>解析：地址:11 11 11 11 11 11 控制码:D1 长度:01 数据标识: 数据:02
10-02-22 14:50:13>发送:68 11 11 11 11 11 11 68 11 04 33 33 B3 33 97 16
10-02-22 14:50:13>接收：68 11 11 11 11 11 11 68 D1 01 35 3D 16
10-02-22 14:50:13>解析：地址:11 11 11 11 11 11 控制码:D1 长度:01 数据标识: 数据:02
10-02-22 14:50:19>发送:68 11 11 11 11 11 11 68 11 04 33 33 48 33 2C 16
10-02-22 14:50:20>接收：68 11 11 11 11 11 11 68 D1 01 35 3D 16
10-02-22 14:50:20>解析：地址:11 11 11 11 11 11 控制码:D1 长度:01 数据标识: 数据:02
10-02-22 14:50:30>发送:68 11 11 11 11 11 11 68 11 04 34 33 33 33 18 16
10-02-22 14:50:30>接收：68 11 11 11 11 11 11 68 91 08 34 33 33 33 33 33 33 33 68 16
10-02-22 14:50:30>解析：地址:11 11 11 11 11 11 控制码:91 长度:08 数据标识:00 00 00 01 数据:00 00 00 00
10-02-22 14:50:40>发送:68 11 11 11 11 11 11 68 11 04 34 3B 33 33 20 16
10-02-22 14:50:41>接收：68 11 11 11 11 11 11 68 91 08 34 3B 33 33 33 33 33 33 70 16
10-02-22 14:50:41>解析：地址:11 11 11 11 11 11 控制码:91 长度:08 数据标识:00 00 08 01 数据:00 00 00 00
10-02-22 14:50:54>发送:68 11 11 11 11 11 11 68 11 04 34 3C 33 33 21 16
10-02-22 14:50:55>接收：68 11 11 11 11 11 11 68 D1 01 35 3D 16
10-02-22 14:50:55>解析：地址:11 11 11 11 11 11 控制码:D1 长度:01 数据标识: 数据:02
10-02-22 14:51:08>发送:68 11 11 11 11 11 11 68 11 04 3F 33 33 33 23 16
10-02-22 14:51:09>接收：68 11 11 11 11 11 11 68 91 08 3F 33 33 33 33 33 33 33 73 16
10-02-22 14:51:09>解析：地址:11 11 11 11 11 11 控制码:91 长度:08 数据标识:00 00 00 0C 数据:00 00 00 00
10-02-22 14:51:25>发送:68 11 11 11 11 11 11 68 11 04 3F 33 33 33 23 16
10-02-22 14:51:26>接收：68 11 11 11 11 11 11 68 91 08 3F 33 33 33 33 33 33 33 73 16
10-02-22 14:51:26>解析：地址:11 11 11 11 11 11 控制码:91 长度:08 数据标识:00 00 00 0C 数据:00 00 00 00
10-02-22 14:51:59>发送:68 11 11 11 11 11 11 68 11 04 33 33 35 34 1A 16
10-02-22 14:52:00>接收：68 11 11 11 11 11 11 68 D1 01 35 3D 16
10-02-22 14:52:00>解析：地址:11 11 11 11 11 11 控制码:D1 长度:01 数据标识: 数据:02
10-02-22 14:52:09>发送:68 11 11 11 11 11 11 68 11 04 33 34 34 34 1A 16
10-02-22 14:52:09>接收：68 11 11 11 11 11 11 68 D1 01 35 3D 16
10-02-22 14:52:09>解析：地址:11 11 11 11 11 11 控制码:D1 长度:01 数据标识: 数据:02
10-02-22 14:52:19>发送:68 11 11 11 11 11 11 68 11 04 33 33 34 34 19 16
10-02-22 14:52:19>接收：68 11 11 11 11 11 11 68 D1 01 35 3D 16
10-02-22 14:52:19>解析：地址:11 11 11 11 11 11 控制码:D1 长度:01 数据标识: 数据:02
10-02-22 14:52:37>发送:68 11 11 11 11 11 11 68 11 04 33 33 34 34 19 16
10-02-22 14:52:37>接收：68 11 11 11 11 11 11 68 D1 01 35 3D 16
10-02-22 14:52:37>解析：地址:11 11 11 11 11 11 控制码:D1 长度:01 数据标识: 数据:02
10-02-22 14:53:37>发送:68 11 11 11 11 11 11 68 11 04 33 34 34 35 1B 16
10-02-22 14:53:37>接收：68 11 11 11 11 11 11 68 91 06 33 34 34 35 73 56 66 16
10-02-22 14:53:37>解析：地址:11 11 11 11 11 11 控制码:91 长度:06 数据标识:02 01 01 00 数据:23 40
10-02-22 14:57:39>发送:68 11 11 11 11 11 11 68 11 04 33 34 34 35 1B 16
10-02-22 14:57:40>接收：68 11 11 11 11 11 11 68 91 06 33 34 34 35 6A 56 5D 16
10-02-22 14:57:40>解析：地址:11 11 11 11 11 11 控制码:91 长度:06 数据标识:02 01 01 00 数据:23 37
10-02-22 14:58:26>发送:68 11 11 11 11 11 11 68 11 04 33 35 34 35 1C 16
10-02-22 14:58:26>接收：68 11 11 11 11 11 11 68 D1 01 35 3D 16
10-02-22 14:58:26>解析：地址:11 11 11 11 11 11 控制码:D1 长度:01 数据标识: 数据:02
10-02-22 14:58:33>发送:68 11 11 11 11 11 11 68 11 04 33 34 35 35 1C 16
10-02-22 14:58:34>接收：68 11 11 11 11 11 11 68 91 07 33 34 35 35 33 33 33 38 16
10-02-22 14:58:34>解析：地址:11 11 11 11 11 11 控制码:91 长度:07 数据标识:02 02 01 00 数据:00 00 00
10-02-22 14:58:36>发送:68 11 11 11 11 11 11 68 11 04 33 34 35 35 1C 16
10-02-22 14:58:37>接收：68 11 11 11 11 11 11 68 91 07 33 34 35 35 33 33 33 38 16
10-02-22 14:58:37>解析：地址:11 11 11 11 11 11 控制码:91 长度:07 数据标识:02 02 01 00 数据:00 00 00
10-02-22 14:58:45>发送:68 11 11 11 11 11 11 68 11 04 33 33 36 35 1C 16
10-02-22 14:58:45>接收：68 11 11 11 11 11 11 68 91 07 33 33 36 35 33 33 33 38 16
10-02-22 14:58:45>解析：地址:11 11 11 11 11 11 控制码:91 长度:07 数据标识:02 03 00 00 数据:00 00 00
10-02-22 14:58:53>发送:68 11 11 11 11 11 11 68 11 04 33 34 36 35 1D 16
10-02-22 14:58:53>接收：68 11 11 11 11 11 11 68 D1 01 35 3D 16
10-02-22 14:58:53>解析：地址:11 11 11 11 11 11 控制码:D1 长度:01 数据标识: 数据:02
10-02-22 14:59:17>发送:68 11 11 11 11 11 11 68 11 04 33 34 36 35 1D 16
10-02-22 14:59:18>接收：68 11 11 11 11 11 11 68 D1 01 35 3D 16
10-02-22 14:59:18>解析：地址:11 11 11 11 11 11 控制码:D1 长度:01 数据标识: 数据:02
10-02-22 14:59:22>发送:68 11 11 11 11 11 11 68 11 04 33 33 36 35 1C 16
10-02-22 14:59:22>接收：68 11 11 11 11 11 11 68 91 07 33 33 36 35 33 33 33 38 16
10-02-22 14:59:22>解析：地址:11 11 11 11 11 11 控制码:91 长度:07 数据标识:02 03 00 00 数据:00 00 00
10-02-22 15:01:23>发送:68 11 11 11 11 11 11 68 11 04 33 34 36 35 1D 16
10-02-22 15:01:23>接收：68 11 11 11 11 11 11 68 D1 01 35 3D 16
10-02-22 15:01:23>解析：地址:11 11 11 11 11 11 控制码:D1 长度:01 数据标识: 数据:02
10-02-22 15:02:36>发送:68 11 11 11 11 11 11 68 11 04 33 33 36 35 1C 16
10-02-22 15:02:36>接收：68 11 11 11 11 11 11 68 91 07 33 33 36 35 33 33 33 38 16
10-02-22 15:02:36>解析：地址:11 11 11 11 11 11 控制码:91 长度:07 数据标识:02 03 00 00 数据:00 00 00
10-02-22 15:03:15>发送:68 11 11 11 11 11 11 68 11 04 33 33 37 35 1D 16
10-02-22 15:03:15>接收：68 11 11 11 11 11 11 68 91 07 33 33 37 35 33 33 33 39 16
10-02-22 15:03:15>解析：地址:11 11 11 11 11 11 控制码:91 长度:07 数据标识:02 04 00 00 数据:00 00 00
10-02-22 15:07:06>发送:68 11 11 11 11 11 11 68 11 04 33 34 37 35 1E 16
10-02-22 15:07:06>接收：68 11 11 11 11 11 11 68 D1 01 35 3D 16
10-02-22 15:07:06>解析：地址:11 11 11 11 11 11 控制码:D1 长度:01 数据标识: 数据:02
10-02-22 15:07:10>发送:68 11 11 11 11 11 11 68 11 04 33 33 38 35 1E 16
10-02-22 15:07:10>接收：68 11 11 11 11 11 11 68 91 07 33 33 38 35 33 33 33 3A 16
10-02-22 15:07:10>解析：地址:11 11 11 11 11 11 控制码:91 长度:07 数据标识:02 05 00 00 数据:00 00 00
10-02-22 15:07:17>发送:68 11 11 11 11 11 11 68 11 04 33 33 39 35 1F 16
10-02-22 15:07:17>接收：68 11 11 11 11 11 11 68 91 06 33 33 39 35 33 43 17 16
10-02-22 15:07:17>解析：地址:11 11 11 11 11 11 控制码:91 长度:06 数据标识:02 06 00 00 数据:10 00
10-02-22 15:07:24>发送:68 11 11 11 11 11 11 68 11 04 33 34 39 35 20 16
10-02-22 15:07:25>接收：68 11 11 11 11 11 11 68 D1 01 35 3D 16
10-02-22 15:07:25>解析：地址:11 11 11 11 11 11 控制码:D1 长度:01 数据标识: 数据:02
10-02-22 15:07:40>发送:68 11 11 11 11 11 11 68 11 04 33 33 39 35 1F 16
10-02-22 15:07:40>接收：68 11 11 11 11 11 11 68 91 06 33 33 39 35 33 43 17 16
10-02-22 15:07:40>解析：地址:11 11 11 11 11 11 控制码:91 长度:06 数据标识:02 06 00 00 数据:10 00
10-02-22 15:08:02>发送:68 11 11 11 11 11 11 68 11 04 33 34 3A 35 21 16
10-02-22 15:08:02>接收：68 11 11 11 11 11 11 68 D1 01 35 3D 16
10-02-22 15:08:02>解析：地址:11 11 11 11 11 11 控制码:D1 长度:01 数据标识: 数据:02
10-02-22 15:08:08>发送:68 11 11 11 11 11 11 68 11 04 33 35 3A 35 22 16
10-02-22 15:08:09>接收：68 11 11 11 11 11 11 68 D1 01 35 3D 16
10-02-22 15:08:09>解析：地址:11 11 11 11 11 11 控制码:D1 长度:01 数据标识: 数据:02
10-02-22 15:08:14>发送:68 11 11 11 11 11 11 68 11 04 33 34 3B 35 22 16
10-02-22 15:08:15>接收：68 11 11 11 11 11 11 68 D1 01 35 3D 16
10-02-22 15:08:15>解析：地址:11 11 11 11 11 11 控制码:D1 长度:01 数据标识: 数据:02
10-02-22 15:08:21>发送:68 11 11 11 11 11 11 68 11 04 33 34 3B 35 22 16
10-02-22 15:08:22>接收：68 11 11 11 11 11 11 68 D1 01 35 3D 16
10-02-22 15:08:22>解析：地址:11 11 11 11 11 11 控制码:D1 长度:01 数据标识: 数据:02
10-02-22 15:08:32>发送:68 11 11 11 11 11 11 68 11 04 34 33 B3 35 9A 16
10-02-22 15:08:33>接收：68 11 11 11 11 11 11 68 91 07 34 33 B3 35 33 33 33 B6 16
10-02-22 15:08:33>解析：地址:11 11 11 11 11 11 控制码:91 长度:07 数据标识:02 80 00 01 数据:00 00 00
10-02-22 15:08:55>发送:68 11 11 11 11 11 11 68 11 04 35 33 B3 35 9B 16
10-02-22 15:08:55>接收：68 11 11 11 11 11 11 68 91 06 35 33 B3 35 CC 7C 65 16
10-02-22 15:08:55>解析：地址:11 11 11 11 11 11 控制码:91 长度:06 数据标识:02 80 00 02 数据:49 99
10-02-22 15:09:18>发送:68 11 11 11 11 11 11 68 11 04 36 33 B3 35 9C 16
10-02-22 15:09:18>接收：68 11 11 11 11 11 11 68 D1 01 35 3D 16
10-02-22 15:09:18>解析：地址:11 11 11 11 11 11 控制码:D1 长度:01 数据标识: 数据:02
10-02-22 15:09:22>发送:68 11 11 11 11 11 11 68 11 04 37 33 B3 35 9D 16
10-02-22 15:09:22>接收：68 11 11 11 11 11 11 68 D1 01 35 3D 16
10-02-22 15:09:22>解析：地址:11 11 11 11 11 11 控制码:D1 长度:01 数据标识: 数据:02
10-02-22 15:09:26>发送:68 11 11 11 11 11 11 68 11 04 38 33 B3 35 9E 16
10-02-22 15:09:27>接收：68 11 11 11 11 11 11 68 D1 01 35 3D 16
10-02-22 15:09:27>解析：地址:11 11 11 11 11 11 控制码:D1 长度:01 数据标识: 数据:02
10-02-22 15:09:32>发送:68 11 11 11 11 11 11 68 11 04 3A 33 B3 35 A0 16
10-02-22 15:09:33>接收：68 11 11 11 11 11 11 68 D1 01 35 3D 16
10-02-22 15:09:33>解析：地址:11 11 11 11 11 11 控制码:D1 长度:01 数据标识: 数据:02
10-02-22 15:09:36>发送:68 11 11 11 11 11 11 68 11 04 3B 33 B3 35 A1 16
10-02-22 15:09:36>接收：68 11 11 11 11 11 11 68 91 06 3B 33 B3 35 AA 36 03 16
10-02-22 15:09:36>解析：地址:11 11 11 11 11 11 控制码:91 长度:06 数据标识:02 80 00 08 数据:03 77
10-02-22 15:10:19>发送:68 11 11 11 11 11 11 68 11 04 3C 33 B3 35 A2 16
10-02-22 15:10:19>接收：68 11 11 11 11 11 11 68 D1 01 35 3D 16
10-02-22 15:10:19>解析：地址:11 11 11 11 11 11 控制码:D1 长度:01 数据标识: 数据:02
10-02-22 15:10:23>发送:68 11 11 11 11 11 11 68 11 04 3C 33 B3 35 A2 16
10-02-22 15:10:23>接收：68 11 11 11 11 11 11 68 D1 01 35 3D 16
10-02-22 15:10:23>解析：地址:11 11 11 11 11 11 控制码:D1 长度:01 数据标识: 数据:02
10-02-22 15:10:28>发送:68 11 11 11 11 11 11 68 11 04 3D 33 B3 35 A3 16
10-02-22 15:10:28>接收：68 11 11 11 11 11 11 68 91 08 3D 33 B3 35 A3 35 38 33 6A 16
10-02-22 15:10:28>解析：地址:11 11 11 11 11 11 控制码:91 长度:08 数据标识:02 80 00 0A 数据:00 05 02 70
10-02-22 15:11:21>发送:68 11 11 11 11 11 11 68 11 04 34 34 3D 35 25 16
10-02-22 15:11:21>接收：68 11 11 11 11 11 11 68 D1 01 35 3D 16
10-02-22 15:11:21>解析：地址:11 11 11 11 11 11 控制码:D1 长度:01 数据标识: 数据:02
10-02-22 15:11:35>发送:68 11 11 11 11 11 11 68 11 04 34 34 3D 35 25 16
10-02-22 15:11:36>接收：68 11 11 11 11 11 11 68 D1 01 35 3D 16
10-02-22 15:11:36>解析：地址:11 11 11 11 11 11 控制码:D1 长度:01 数据标识: 数据:02
10-02-22 15:12:09>发送:68 11 11 11 11 11 11 68 11 04 34 34 3D 35 25 16
10-02-22 15:12:09>接收：68 11 11 11 11 11 11 68 D1 01 35 3D 16
10-02-22 15:12:09>解析：地址:11 11 11 11 11 11 控制码:D1 长度:01 数据标识: 数据:02
10-02-22 15:12:10>发送:68 11 11 11 11 11 11 68 11 04 33 33 34 36 1B 16
10-02-22 15:12:11>接收：68 11 11 11 11 11 11 68 D1 01 35 3D 16
10-02-22 15:12:11>解析：地址:11 11 11 11 11 11 控制码:D1 长度:01 数据标识: 数据:02
10-02-22 15:12:52>发送:68 11 11 11 11 11 11 68 11 04 33 33 44 36 2B 16
10-02-22 15:12:52>接收：68 11 11 11 11 11 11 68 91 07 33 33 44 36 38 33 33 4C 16
10-02-22 15:12:52>解析：地址:11 11 11 11 11 11 控制码:91 长度:07 数据标识:03 11 00 00 数据:00 00 05
10-02-22 15:18:56>发送:68 11 11 11 11 11 11 68 11 04 34 33 44 36 2C 16
10-02-22 15:18:57>接收：68 11 11 11 11 11 11 68 91 10 34 33 44 36 3A 6A 47 55 35 43 77 6A 47 55 35 43 65 16
10-02-22 15:18:57>解析：地址:11 11 11 11 11 11 控制码:91 长度:10 数据标识:03 11 00 01 数据:10 02 22 14 37 44 10 02 22 14 37 07
10-02-22 15:19:03>发送:68 11 11 11 11 11 11 68 11 04 35 33 44 36 2D 16
10-02-22 15:19:03>接收：68 11 11 11 11 11 11 68 91 10 35 33 44 36 6C 67 47 55 35 43 8C 67 47 55 35 43 A7 16
10-02-22 15:19:03>解析：地址:11 11 11 11 11 11 控制码:91 长度:10 数据标识:03 11 00 02 数据:10 02 22 14 34 59 10 02 22 14 34 39
10-02-22 15:19:15>发送:68 11 11 11 11 11 11 68 11 04 3D 33 44 36 35 16
10-02-22 15:19:16>接收：68 11 11 11 11 11 11 68 91 10 3D 33 44 36 33 33 33 33 33 33 33 33 33 33 33 33 25 16
10-02-22 15:19:16>解析：地址:11 11 11 11 11 11 控制码:91 长度:10 数据标识:03 11 00 0A 数据:00 00 00 00 00 00 00 00 00 00 00 00
10-02-22 15:19:41>发送:68 11 11 11 11 11 11 68 11 04 33 33 63 36 4A 16
10-02-22 15:19:42>接收：68 11 11 11 11 11 11 68 91 07 33 33 63 36 33 33 33 66 16
10-02-22 15:19:42>解析：地址:11 11 11 11 11 11 控制码:91 长度:07 数据标识:03 30 00 00 数据:00 00 00
10-02-22 15:20:35>发送:68 11 11 11 11 11 11 68 11 04 3D 33 63 36 54 16
10-02-22 15:20:36>接收：68 11 11 11 11 11 11 68 91 36 3D 33 63 36 33 33 33 33 33 33 33 33 33 33 33 33 33 33 33 33 33 33 33 33 33 33 33 33 33 33 33 33 33 33 33 33 33 33 33 33 33 33 33 33 33 33 33 33 33 33 33 33 33 33 FC 16
10-02-22 15:20:36>解析：地址:11 11 11 11 11 11 控制码:91 长度:36 数据标识:03 30 00 0A 数据:00 00 00 00 00 00 00 00 00 00 00 00 00 00 00 00 00 00 00 00 00 00 00 00 00 00 00 00 00 00 00 00 00 00 00 00 00 00 00 00 00 00 00 00 00 00 00 00 00 00
10-02-22 15:20:41>发送:68 11 11 11 11 11 11 68 11 04 34 33 63 36 4B 16
10-02-22 15:20:42>接收：68 11 11 11 11 11 11 68 91 36 34 33 63 36 33 33 33 33 33 33 33 33 33 33 33 33 33 33 33 33 33 33 33 33 33 33 33 33 33 33 33 33 33 33 33 33 33 33 33 33 33 33 33 33 33 33 33 33 33 33 33 33 33 33 F3 16
10-02-22 15:20:42>解析：地址:11 11 11 11 11 11 控制码:91 长度:36 数据标识:03 30 00 01 数据:00 00 00 00 00 00 00 00 00 00 00 00 00 00 00 00 00 00 00 00 00 00 00 00 00 00 00 00 00 00 00 00 00 00 00 00 00 00 00 00 00 00 00 00 00 00 00 00 00 00
10-02-22 15:21:23>发送:68 11 11 11 11 11 11 68 11 04 33 34 63 36 4B 16
10-02-22 15:21:24>接收：68 11 11 11 11 11 11 68 91 07 33 34 63 36 33 33 33 67 16
10-02-22 15:21:24>解析：地址:11 11 11 11 11 11 控制码:91 长度:07 数据标识:03 30 01 00 数据:00 00 00
10-02-22 15:22:08>发送:68 11 11 11 11 11 11 68 11 04 33 35 63 36 4C 16
10-02-22 15:22:08>接收：68 11 11 11 11 11 11 68 D1 01 35 3D 16
10-02-22 15:22:08>解析：地址:11 11 11 11 11 11 控制码:D1 长度:01 数据标识: 数据:02
10-02-22 15:22:13>发送:68 11 11 11 11 11 11 68 11 04 33 36 63 36 4D 16
10-02-22 15:22:14>接收：68 11 11 11 11 11 11 68 91 07 33 36 63 36 33 33 33 69 16
10-02-22 15:22:14>解析：地址:11 11 11 11 11 11 控制码:91 长度:07 数据标识:03 30 03 00 数据:00 00 00
10-02-22 15:22:42>发送:68 11 11 11 11 11 11 68 11 04 33 37 63 36 4E 16
10-02-22 15:22:42>接收：68 11 11 11 11 11 11 68 91 07 33 37 63 36 33 33 33 6A 16
10-02-22 15:22:42>解析：地址:11 11 11 11 11 11 控制码:91 长度:07 数据标识:03 30 04 00 数据:00 00 00
10-02-22 15:23:09>发送:68 11 11 11 11 11 11 68 11 04 34 37 63 36 4F 16
10-02-22 15:23:09>接收：68 11 11 11 11 11 11 68 91 14 34 37 63 36 33 33 33 33 33 33 33 33 33 33 33 33 33 33 33 33 0F 16
10-02-22 15:23:09>解析：地址:11 11 11 11 11 11 控制码:91 长度:14 数据标识:03 30 04 01 数据:00 00 00 00 00 00 00 00 00 00 00 00 00 00 00 00
10-02-22 15:24:55>发送:68 11 11 11 11 11 11 68 11 04 33 38 63 36 4F 16
10-02-22 15:24:56>接收：68 11 11 11 11 11 11 68 D1 01 35 3D 16
10-02-22 15:24:56>解析：地址:11 11 11 11 11 11 控制码:D1 长度:01 数据标识: 数据:02
10-02-22 15:25:14>发送:68 11 11 11 11 11 11 68 11 04 33 39 63 36 50 16
10-02-22 15:25:14>接收：68 11 11 11 11 11 11 68 D1 01 35 3D 16
10-02-22 15:25:14>解析：地址:11 11 11 11 11 11 控制码:D1 长度:01 数据标识: 数据:02
10-02-22 15:25:20>发送:68 11 11 11 11 11 11 68 11 04 33 3A 63 36 51 16
10-02-22 15:25:20>接收：68 11 11 11 11 11 11 68 D1 01 35 3D 16
10-02-22 15:25:20>解析：地址:11 11 11 11 11 11 控制码:D1 长度:01 数据标识: 数据:02
10-02-22 15:25:25>发送:68 11 11 11 11 11 11 68 11 04 33 3B 63 36 52 16
10-02-22 15:25:25>接收：68 11 11 11 11 11 11 68 D1 01 35 3D 16
10-02-22 15:25:25>解析：地址:11 11 11 11 11 11 控制码:D1 长度:01 数据标识: 数据:02
10-02-22 15:25:31>发送:68 11 11 11 11 11 11 68 11 04 33 3C 63 36 53 16
10-02-22 15:25:31>接收：68 11 11 11 11 11 11 68 D1 01 35 3D 16
10-02-22 15:25:31>解析：地址:11 11 11 11 11 11 控制码:D1 长度:01 数据标识: 数据:02
10-02-22 15:25:37>发送:68 11 11 11 11 11 11 68 11 04 33 3F 63 36 56 16
10-02-22 15:25:38>接收：68 11 11 11 11 11 11 68 D1 01 35 3D 16
10-02-22 15:25:38>解析：地址:11 11 11 11 11 11 控制码:D1 长度:01 数据标识: 数据:02
10-02-22 15:25:43>发送:68 11 11 11 11 11 11 68 11 04 33 40 63 36 57 16
10-02-22 15:25:43>接收：68 11 11 11 11 11 11 68 91 07 33 40 63 36 34 33 33 74 16
10-02-22 15:25:43>解析：地址:11 11 11 11 11 11 控制码:91 长度:07 数据标识:03 30 0D 00 数据:00 00 01
10-02-22 15:26:28>发送:68 11 11 11 11 11 11 68 11 04 3D 40 63 36 61 16
10-02-22 15:26:28>接收：68 11 11 11 11 11 11 68 91 40 3D 40 63 36 33 33 33 33 33 33 33 33 33 33 33 33 33 33 33 33 33 33 33 33 32 32 32 32 32 32 32 32 32 32 32 32 32 32 32 32 33 33 33 33 33 33 33 33 32 32 32 32 32 32 32 32 32 32 32 32 32 32 32 32 F1 16
10-02-22 15:26:28>解析：地址:11 11 11 11 11 11 控制码:91 长度:40 数据标识:03 30 0D 0A 数据:FF FF FF FF FF FF FF FF FF FF FF FF FF FF FF FF 00 00 00 00 00 00 00 00 FF FF FF FF FF FF FF FF FF FF FF FF FF FF FF FF 00 00 00 00 00 00 00 00 00 00 00 00 00 00 00 00 00 00 00 00
10-02-22 15:26:41>发送:68 11 11 11 11 11 11 68 11 04 33 41 63 36 58 16
10-02-22 15:26:41>接收：68 11 11 11 11 11 11 68 D1 01 35 3D 16
10-02-22 15:26:41>解析：地址:11 11 11 11 11 11 控制码:D1 长度:01 数据标识: 数据:02
10-02-22 15:26:47>发送:68 11 11 11 11 11 11 68 11 04 33 83 63 36 9A 16
10-02-22 15:26:47>接收：68 11 11 11 11 11 11 68 D1 01 35 3D 16
10-02-22 15:26:47>解析：地址:11 11 11 11 11 11 控制码:D1 长度:01 数据标识: 数据:02
10-02-22 15:26:54>发送:68 11 11 11 11 11 11 68 11 04 33 33 0F 36 F6 16
10-02-22 15:26:54>接收：68 11 11 11 11 11 11 68 D1 01 35 3D 16
10-02-22 15:26:54>解析：地址:11 11 11 11 11 11 控制码:D1 长度:01 数据标识: 数据:02
10-02-22 15:27:00>发送:68 11 11 11 11 11 11 68 11 04 33 84 63 36 9B 16
10-02-22 15:27:00>接收：68 11 11 11 11 11 11 68 D1 01 35 3D 16
10-02-22 15:27:00>解析：地址:11 11 11 11 11 11 控制码:D1 长度:01 数据标识: 数据:02
10-02-22 15:27:10>发送:68 11 11 11 11 11 11 68 11 04 33 85 63 36 9C 16
10-02-22 15:27:11>接收：68 11 11 11 11 11 11 68 D1 01 35 3D 16
10-02-22 15:27:11>解析：地址:11 11 11 11 11 11 控制码:D1 长度:01 数据标识: 数据:02
10-02-22 15:27:23>发送:68 11 11 11 11 11 11 68 11 04 34 33 33 50 35 16
10-02-22 15:27:24>接收：68 11 11 11 11 11 11 68 91 07 34 33 33 50 33 33 33 51 16
10-02-22 15:27:24>解析：地址:11 11 11 11 11 11 控制码:91 长度:07 数据标识:1D 00 00 01 数据:00 00 00
10-02-22 15:28:42>发送:68 11 11 11 11 11 11 68 11 04 3D 34 33 50 3F 16
10-02-22 15:28:42>接收：68 11 11 11 11 11 11 68 91 0A 3D 34 33 50 33 33 33 33 33 33 F7 16
10-02-22 15:28:42>解析：地址:11 11 11 11 11 11 控制码:91 长度:0A 数据标识:1D 00 01 0A 数据:00 00 00 00 00 00
10-02-22 15:28:51>发送:68 11 11 11 11 11 11 68 11 04 34 33 33 51 36 16
10-02-22 15:28:52>接收：68 11 11 11 11 11 11 68 91 07 34 33 33 51 33 33 33 52 16
10-02-22 15:28:52>解析：地址:11 11 11 11 11 11 控制码:91 长度:07 数据标识:1E 00 00 01 数据:00 00 00
10-02-22 15:29:44>发送:68 11 11 11 11 11 11 68 11 04 33 40 63 36 57 16
10-02-22 15:29:44>接收：68 11 11 11 11 11 11 68 91 07 33 40 63 36 34 33 33 74 16
10-02-22 15:29:44>解析：地址:11 11 11 11 11 11 控制码:91 长度:07 数据标识:03 30 0D 00 数据:00 00 01
10-02-22 15:30:00>发送:68 11 11 11 11 11 11 68 11 04 34 34 33 37 1D 16
10-02-22 15:30:01>接收：68 11 11 11 11 11 11 68 91 08 34 34 33 37 34 55 35 43 A2 16
10-02-22 15:30:01>解析：地址:11 11 11 11 11 11 控制码:91 长度:08 数据标识:04 00 01 01 数据:10 02 22 01
10-02-22 15:30:56>发送:68 11 11 11 11 11 11 68 11 04 35 34 33 37 1E 16
10-02-22 15:30:56>接收：68 11 11 11 11 11 11 68 91 07 35 34 33 37 69 63 48 B5 16
10-02-22 15:30:56>解析：地址:11 11 11 11 11 11 控制码:91 长度:07 数据标识:04 00 01 02 数据:15 30 36
10-02-22 15:31:06>发送:68 11 11 11 11 11 11 68 11 04 34 34 33 37 1D 16
10-02-22 15:31:06>接收：68 11 11 11 11 11 11 68 91 08 34 34 33 37 34 55 35 43 A2 16
10-02-22 15:31:06>解析：地址:11 11 11 11 11 11 控制码:91 长度:08 数据标识:04 00 01 01 数据:10 02 22 01
10-02-22 15:34:36>发送:68 11 11 11 11 11 11 68 11 04 35 34 33 37 1E 16
10-02-22 15:34:36>接收：68 11 11 11 11 11 11 68 91 07 35 34 33 37 49 67 48 99 16
10-02-22 15:34:36>解析：地址:11 11 11 11 11 11 控制码:91 长度:07 数据标识:04 00 01 02 数据:15 34 16
10-02-22 15:34:44>发送:68 11 11 11 11 11 11 68 11 04 36 34 33 37 1F 16
10-02-22 15:34:45>接收：68 11 11 11 11 11 11 68 D1 01 35 3D 16
10-02-22 15:34:45>解析：地址:11 11 11 11 11 11 控制码:D1 长度:01 数据标识: 数据:02
10-02-22 15:34:50>发送:68 11 11 11 11 11 11 68 11 04 37 34 33 37 20 16
10-02-22 15:34:50>接收：68 11 11 11 11 11 11 68 D1 01 35 3D 16
10-02-22 15:34:50>解析：地址:11 11 11 11 11 11 控制码:D1 长度:01 数据标识: 数据:02
10-02-22 15:34:53>发送:68 11 11 11 11 11 11 68 11 04 38 34 33 37 21 16
10-02-22 15:34:53>接收：68 11 11 11 11 11 11 68 91 06 38 34 33 37 B3 33 89 16
10-02-22 15:34:53>解析：地址:11 11 11 11 11 11 控制码:91 长度:06 数据标识:04 00 01 05 数据:00 80
10-02-22 15:36:38>发送:68 11 11 11 11 11 11 68 11 04 39 34 33 37 22 16
10-02-22 15:36:39>接收：68 11 11 11 11 11 11 68 91 09 39 34 33 37 33 33 33 33 33 A6 16
10-02-22 15:36:39>解析：地址:11 11 11 11 11 11 控制码:91 长度:09 数据标识:04 00 01 06 数据:00 00 00 00 00
10-02-22 15:36:48>发送:68 11 11 11 11 11 11 68 11 04 3A 34 33 37 23 16
10-02-22 15:36:48>接收：68 11 11 11 11 11 11 68 91 09 3A 34 33 37 33 33 33 33 33 A7 16
10-02-22 15:36:48>解析：地址:11 11 11 11 11 11 控制码:91 长度:09 数据标识:04 00 01 07 数据:00 00 00 00 00
10-02-22 15:39:05>发送:68 11 11 11 11 11 11 68 11 04 38 34 33 37 21 16
10-02-22 15:39:05>接收：68 11 11 11 11 11 11 68 91 06 38 34 33 37 B3 33 89 16
10-02-22 15:39:05>解析：地址:11 11 11 11 11 11 控制码:91 长度:06 数据标识:04 00 01 05 数据:00 80
10-02-22 15:39:33>发送:68 11 11 11 11 11 11 68 11 04 34 35 33 37 1E 16
10-02-22 15:39:33>接收：68 11 11 11 11 11 11 68 91 05 34 35 33 37 35 D4 16
10-02-22 15:39:33>解析：地址:11 11 11 11 11 11 控制码:91 长度:05 数据标识:04 00 02 01 数据:02
10-02-22 15:40:07>发送:68 11 11 11 11 11 11 68 11 04 35 35 33 37 1F 16
10-02-22 15:40:08>接收：68 11 11 11 11 11 11 68 91 05 35 35 33 37 35 D5 16
10-02-22 15:40:08>解析：地址:11 11 11 11 11 11 控制码:91 长度:05 数据标识:04 00 02 02 数据:02
10-02-22 15:40:26>发送:68 11 11 11 11 11 11 68 11 04 36 35 33 37 20 16
10-02-22 15:40:27>接收：68 11 11 11 11 11 11 68 91 05 36 35 33 37 3B DC 16
10-02-22 15:40:27>解析：地址:11 11 11 11 11 11 控制码:91 长度:05 数据标识:04 00 02 03 数据:08
10-02-22 15:40:48>发送:68 11 11 11 11 11 11 68 11 04 37 35 33 37 21 16
10-02-22 15:40:48>接收：68 11 11 11 11 11 11 68 91 05 37 35 33 37 37 D9 16
10-02-22 15:40:48>解析：地址:11 11 11 11 11 11 控制码:91 长度:05 数据标识:04 00 02 04 数据:04
10-02-22 15:41:07>发送:68 11 11 11 11 11 11 68 11 04 38 35 33 37 22 16
10-02-22 15:41:08>接收：68 11 11 11 11 11 11 68 91 06 38 35 33 37 33 33 0A 16
10-02-22 15:41:08>解析：地址:11 11 11 11 11 11 控制码:91 长度:06 数据标识:04 00 02 05 数据:00 00
10-02-22 15:41:45>发送:68 11 11 11 11 11 11 68 11 04 39 35 33 37 23 16
10-02-22 15:41:45>接收：68 11 11 11 11 11 11 68 D1 01 35 3D 16
10-02-22 15:41:45>解析：地址:11 11 11 11 11 11 控制码:D1 长度:01 数据标识: 数据:02
10-02-22 15:41:54>发送:68 11 11 11 11 11 11 68 11 04 34 36 33 37 1F 16
10-02-22 15:41:55>接收：68 11 11 11 11 11 11 68 91 05 34 36 33 37 38 D8 16
10-02-22 15:41:55>解析：地址:11 11 11 11 11 11 控制码:91 长度:05 数据标识:04 00 03 01 数据:05
10-02-22 15:42:29>发送:68 11 11 11 11 11 11 68 11 04 35 36 33 37 20 16
10-02-22 15:42:29>接收：68 11 11 11 11 11 11 68 91 05 35 36 33 37 38 D9 16
10-02-22 15:42:29>解析：地址:11 11 11 11 11 11 控制码:91 长度:05 数据标识:04 00 03 02 数据:05
10-02-22 15:42:59>发送:68 11 11 11 11 11 11 68 11 04 36 36 33 37 21 16
10-02-22 15:43:00>接收：68 11 11 11 11 11 11 68 91 05 36 36 33 37 35 D7 16
10-02-22 15:43:00>解析：地址:11 11 11 11 11 11 控制码:91 长度:05 数据标识:04 00 03 03 数据:02
10-02-22 15:43:31>发送:68 11 11 11 11 11 11 68 11 04 37 36 33 37 22 16
10-02-22 15:43:31>接收：68 11 11 11 11 11 11 68 91 05 37 36 33 37 37 DA 16
10-02-22 15:43:31>解析：地址:11 11 11 11 11 11 控制码:91 长度:05 数据标识:04 00 03 04 数据:04
10-02-22 15:44:02>发送:68 11 11 11 11 11 11 68 11 04 34 37 33 37 20 16
10-02-22 15:44:02>接收：68 11 11 11 11 11 11 68 91 0A 34 37 33 37 44 44 44 44 44 44 3E 16
10-02-22 15:44:02>解析：地址:11 11 11 11 11 11 控制码:91 长度:0A 数据标识:04 00 04 01 数据:11 11 11 11 11 11
10-02-22 15:44:53>发送:68 11 11 11 11 11 11 68 11 04 35 37 33 37 21 16
10-02-22 15:44:53>接收：68 11 11 11 11 11 11 68 91 0A 35 37 33 37 34 33 33 33 33 33 DA 16
10-02-22 15:44:53>解析：地址:11 11 11 11 11 11 控制码:91 长度:0A 数据标识:04 00 04 02 数据:00 00 00 00 00 01
10-02-22 15:45:23>发送:68 11 11 11 11 11 11 68 11 04 36 37 33 37 22 16
10-02-22 15:45:24>接收：68 11 11 11 11 11 11 68 91 24 36 37 33 37 33 33 33 33 33 33 33 33 33 33 33 33 33 33 33 33 33 33 33 33 64 64 64 64 64 64 64 64 64 64 64 64 6E 16
10-02-22 15:45:24>解析：地址:11 11 11 11 11 11 控制码:91 长度:24 数据标识:04 00 04 03 数据:31 31 31 31 31 31 31 31 31 31 31 31 00 00 00 00 00 00 00 00 00 00 00 00 00 00 00 00 00 00 00 00
10-02-22 15:45:45>发送:68 11 11 11 11 11 11 68 11 04 37 37 33 37 23 16
10-02-22 15:45:46>接收：68 11 11 11 11 11 11 68 91 0A 37 37 33 37 89 63 65 65 33 33 C5 16
10-02-22 15:45:46>解析：地址:11 11 11 11 11 11 控制码:91 长度:0A 数据标识:04 00 04 04 数据:00 00 32 32 30 56
10-02-22 15:48:14>发送:68 11 11 11 11 11 11 68 11 04 38 37 33 37 24 16
10-02-22 15:48:15>接收：68 11 11 11 11 11 11 68 91 0A 38 37 33 37 74 63 64 33 33 33 7E 16
10-02-22 15:48:15>解析：地址:11 11 11 11 11 11 控制码:91 长度:0A 数据标识:04 00 04 05 数据:00 00 00 31 30 41
10-02-22 15:48:36>发送:68 11 11 11 11 11 11 68 11 04 39 37 33 37 25 16
10-02-22 15:48:36>接收：68 11 11 11 11 11 11 68 91 0A 39 37 33 37 74 63 69 33 33 33 84 16
10-02-22 15:48:36>解析：地址:11 11 11 11 11 11 控制码:91 长度:0A 数据标识:04 00 04 06 数据:00 00 00 36 30 41
10-02-22 15:48:57>发送:68 11 11 11 11 11 11 68 11 04 3A 37 33 37 26 16
10-02-22 15:48:57>接收：68 11 11 11 11 11 11 68 91 08 3A 37 33 37 63 61 65 33 06 16
10-02-22 15:48:57>解析：地址:11 11 11 11 11 11 控制码:91 长度:08 数据标识:04 00 04 07 数据:00 32 2E 30
10-02-22 15:49:22>发送:68 11 11 11 11 11 11 68 11 04 3B 37 33 37 27 16
10-02-22 15:49:22>接收：68 11 11 11 11 11 11 68 D1 01 35 3D 16
10-02-22 15:49:22>解析：地址:11 11 11 11 11 11 控制码:D1 长度:01 数据标识: 数据:02
10-02-22 15:49:27>发送:68 11 11 11 11 11 11 68 11 04 3C 37 33 37 28 16
10-02-22 15:49:27>接收：68 11 11 11 11 11 11 68 91 07 3C 37 33 37 33 45 33 56 16
10-02-22 15:49:27>解析：地址:11 11 11 11 11 11 控制码:91 长度:07 数据标识:04 00 04 09 数据:00 12 00
10-02-22 15:50:03>发送:68 11 11 11 11 11 11 68 11 04 3D 37 33 37 29 16
10-02-22 15:50:03>接收：68 11 11 11 11 11 11 68 D1 01 35 3D 16
10-02-22 15:50:03>解析：地址:11 11 11 11 11 11 控制码:D1 长度:01 数据标识: 数据:02
10-02-22 15:50:07>发送:68 11 11 11 11 11 11 68 11 04 3E 37 33 37 2A 16
10-02-22 15:50:07>接收：68 11 11 11 11 11 11 68 91 0E 3E 37 33 37 33 33 33 33 33 33 33 33 33 33 B2 16
10-02-22 15:50:07>解析：地址:11 11 11 11 11 11 控制码:91 长度:0E 数据标识:04 00 04 0B 数据:00 00 00 00 00 00 00 00 00 00
10-02-22 15:50:18>发送:68 11 11 11 11 11 11 68 11 04 3E 37 33 37 2A 16
10-02-22 15:50:18>接收：68 11 11 11 11 11 11 68 91 0E 3E 37 33 37 33 33 33 33 33 33 33 33 33 33 B2 16
10-02-22 15:50:18>解析：地址:11 11 11 11 11 11 控制码:91 长度:0E 数据标识:04 00 04 0B 数据:00 00 00 00 00 00 00 00 00 00
10-02-22 15:50:41>发送:68 11 11 11 11 11 11 68 11 04 3F 37 33 37 2B 16
10-02-22 15:50:42>接收：68 11 11 11 11 11 11 68 91 0E 3F 37 33 37 66 65 61 65 64 61 6C 63 63 65 A2 16
10-02-22 15:50:42>解析：地址:11 11 11 11 11 11 控制码:91 长度:0E 数据标识:04 00 04 0C 数据:32 30 30 39 2E 31 32 2E 32 33
10-02-22 15:51:16>发送:68 11 11 11 11 11 11 68 11 04 40 37 33 37 2C 16
10-02-22 15:51:16>接收：68 11 11 11 11 11 11 68 91 14 40 37 33 37 63 61 64 89 6A 63 63 65 60 68 67 69 87 62 7F 77 79 16
10-02-22 15:51:16>解析：地址:11 11 11 11 11 11 控制码:91 长度:14 数据标识:04 00 04 0D 数据:44 4C 2F 54 36 34 35 2D 32 30 30 37 56 31 2E 30
10-02-22 15:52:11>发送:68 11 11 11 11 11 11 68 11 04 34 38 33 37 21 16
10-02-22 15:52:11>接收：68 11 11 11 11 11 11 68 91 06 34 38 33 37 33 33 09 16
10-02-22 15:52:11>解析：地址:11 11 11 11 11 11 控制码:91 长度:06 数据标识:04 00 05 01 数据:00 00
10-02-22 15:53:40>发送:68 11 11 11 11 11 11 68 11 04 35 38 33 37 22 16
10-02-22 15:53:41>接收：68 11 11 11 11 11 11 68 D1 01 35 3D 16
10-02-22 15:53:41>解析：地址:11 11 11 11 11 11 控制码:D1 长度:01 数据标识: 数据:02
10-02-22 15:53:44>发送:68 11 11 11 11 11 11 68 11 04 35 38 33 37 22 16
10-02-22 15:53:45>接收：68 11 11 11 11 11 11 68 D1 01 35 3D 16
10-02-22 15:53:45>解析：地址:11 11 11 11 11 11 控制码:D1 长度:01 数据标识: 数据:02
10-02-22 15:53:48>发送:68 11 11 11 11 11 11 68 11 04 36 38 33 37 23 16
10-02-22 15:53:48>接收：68 11 11 11 11 11 11 68 91 06 36 38 33 37 33 33 0B 16
10-02-22 15:53:48>解析：地址:11 11 11 11 11 11 控制码:91 长度:06 数据标识:04 00 05 03 数据:00 00
10-02-22 15:54:10>发送:68 11 11 11 11 11 11 68 11 04 37 38 33 37 24 16
10-02-22 15:54:10>接收：68 11 11 11 11 11 11 68 D1 01 35 3D 16
10-02-22 15:54:10>解析：地址:11 11 11 11 11 11 控制码:D1 长度:01 数据标识: 数据:02
10-02-22 15:54:14>发送:68 11 11 11 11 11 11 68 11 04 38 38 33 37 25 16
10-02-22 15:54:15>接收：68 11 11 11 11 11 11 68 D1 01 35 3D 16
10-02-22 15:54:15>解析：地址:11 11 11 11 11 11 控制码:D1 长度:01 数据标识: 数据:02
10-02-22 15:54:18>发送:68 11 11 11 11 11 11 68 11 04 39 38 33 37 26 16
10-02-22 15:54:18>接收：68 11 11 11 11 11 11 68 D1 01 35 3D 16
10-02-22 15:54:18>解析：地址:11 11 11 11 11 11 控制码:D1 长度:01 数据标识: 数据:02
10-02-22 15:54:25>发送:68 11 11 11 11 11 11 68 11 04 3A 38 33 37 27 16
10-02-22 15:54:26>接收：68 11 11 11 11 11 11 68 D1 01 35 3D 16
10-02-22 15:54:26>解析：地址:11 11 11 11 11 11 控制码:D1 长度:01 数据标识: 数据:02
10-02-22 15:54:32>发送:68 11 11 11 11 11 11 68 11 04 36 38 33 37 23 16
10-02-22 15:54:32>接收：68 11 11 11 11 11 11 68 91 06 36 38 33 37 33 33 0B 16
10-02-22 15:54:32>解析：地址:11 11 11 11 11 11 控制码:91 长度:06 数据标识:04 00 05 03 数据:00 00
10-02-22 15:54:40>发送:68 11 11 11 11 11 11 68 11 04 34 39 33 37 22 16
10-02-22 15:54:40>接收：68 11 11 11 11 11 11 68 91 05 34 39 33 37 38 DB 16
10-02-22 15:54:40>解析：地址:11 11 11 11 11 11 控制码:91 长度:05 数据标识:04 00 06 01 数据:05
10-02-22 15:55:12>发送:68 11 11 11 11 11 11 68 11 04 35 39 33 37 23 16
10-02-22 15:55:13>接收：68 11 11 11 11 11 11 68 D1 01 35 3D 16
10-02-22 15:55:13>解析：地址:11 11 11 11 11 11 控制码:D1 长度:01 数据标识: 数据:02
10-02-22 15:55:46>发送:68 11 11 11 11 11 11 68 11 04 34 3A 33 37 23 16
10-02-22 15:55:47>接收：68 11 11 11 11 11 11 68 91 05 34 3A 33 37 37 DB 16
10-02-22 15:55:47>解析：地址:11 11 11 11 11 11 控制码:91 长度:05 数据标识:04 00 07 01 数据:04
10-02-22 15:56:30>发送:68 11 11 11 11 11 11 68 11 04 35 3A 33 37 24 16
10-02-22 15:56:30>接收：68 11 11 11 11 11 11 68 D1 01 35 3D 16
10-02-22 15:56:30>解析：地址:11 11 11 11 11 11 控制码:D1 长度:01 数据标识: 数据:02
10-02-22 15:56:33>发送:68 11 11 11 11 11 11 68 11 04 36 3A 33 37 25 16
10-02-22 15:56:33>接收：68 11 11 11 11 11 11 68 91 05 36 3A 33 37 3B E1 16
10-02-22 15:56:33>解析：地址:11 11 11 11 11 11 控制码:91 长度:05 数据标识:04 00 07 03 数据:08
10-02-22 15:56:37>发送:68 11 11 11 11 11 11 68 11 04 37 3A 33 37 26 16
10-02-22 15:56:37>接收：68 11 11 11 11 11 11 68 D1 01 35 3D 16
10-02-22 15:56:37>解析：地址:11 11 11 11 11 11 控制码:D1 长度:01 数据标识: 数据:02
10-02-22 15:56:41>发送:68 11 11 11 11 11 11 68 11 04 38 3A 33 37 27 16
10-02-22 15:56:41>接收：68 11 11 11 11 11 11 68 D1 01 35 3D 16
10-02-22 15:56:41>解析：地址:11 11 11 11 11 11 控制码:D1 长度:01 数据标识: 数据:02
10-02-22 16:01:49>发送:68 11 11 11 11 11 11 68 11 04 38 3A 33 37 27 16
10-02-22 16:01:49>接收：68 11 11 11 11 11 11 68 D1 01 35 3D 16
10-02-22 16:01:49>解析：地址:11 11 11 11 11 11 控制码:D1 长度:01 数据标识: 数据:02
10-02-22 16:01:53>发送:68 11 11 11 11 11 11 68 11 04 34 3B 33 37 24 16
10-02-22 16:01:53>接收：68 11 11 11 11 11 11 68 91 05 34 3B 33 37 71 16 16
10-02-22 16:01:53>解析：地址:11 11 11 11 11 11 控制码:91 长度:05 数据标识:04 00 08 01 数据:3E
10-02-22 16:02:22>发送:68 11 11 11 11 11 11 68 11 04 35 3B 33 37 25 16
10-02-22 16:02:23>接收：68 11 11 11 11 11 11 68 91 05 35 3B 33 37 34 DA 16
10-02-22 16:02:23>解析：地址:11 11 11 11 11 11 控制码:91 长度:05 数据标识:04 00 08 02 数据:01
10-02-22 16:03:06>发送:68 11 11 11 11 11 11 68 11 04 34 3C 33 37 25 16
10-02-22 16:03:07>接收：68 11 11 11 11 11 11 68 D1 01 35 3D 16
10-02-22 16:03:07>解析：地址:11 11 11 11 11 11 控制码:D1 长度:01 数据标识: 数据:02
10-02-22 16:03:10>发送:68 11 11 11 11 11 11 68 11 04 35 3C 33 37 26 16
10-02-22 16:03:10>接收：68 11 11 11 11 11 11 68 91 05 35 3C 33 37 B6 5D 16
10-02-22 16:03:10>解析：地址:11 11 11 11 11 11 控制码:91 长度:05 数据标识:04 00 09 02 数据:83
10-02-22 16:03:46>发送:68 11 11 11 11 11 11 68 11 04 34 3D 33 37 26 16
10-02-22 16:03:46>接收：68 11 11 11 11 11 11 68 D1 01 35 3D 16
10-02-22 16:03:46>解析：地址:11 11 11 11 11 11 控制码:D1 长度:01 数据标识: 数据:02
10-02-22 16:03:52>发送:68 11 11 11 11 11 11 68 11 04 34 3E 33 37 27 16
10-02-22 16:03:52>接收：68 11 11 11 11 11 11 68 91 06 34 3E 33 37 33 34 10 16
10-02-22 16:03:52>解析：地址:11 11 11 11 11 11 控制码:91 长度:06 数据标识:04 00 0B 01 数据:01 00
10-02-22 16:04:21>发送:68 11 11 11 11 11 11 68 11 04 35 3E 33 37 28 16
10-02-22 16:04:21>接收：68 11 11 11 11 11 11 68 91 06 35 3E 33 37 CC CC 42 16
10-02-22 16:04:21>解析：地址:11 11 11 11 11 11 控制码:91 长度:06 数据标识:04 00 0B 02 数据:99 99
10-02-22 16:04:27>发送:68 11 11 11 11 11 11 68 11 04 36 3E 33 37 29 16
10-02-22 16:04:28>接收：68 11 11 11 11 11 11 68 91 06 36 3E 33 37 CC CC 43 16
10-02-22 16:04:28>解析：地址:11 11 11 11 11 11 控制码:91 长度:06 数据标识:04 00 0B 03 数据:99 99
10-02-22 16:04:48>发送:68 11 11 11 11 11 11 68 11 04 34 3F 33 37 28 16
10-02-22 16:04:49>接收：68 11 11 11 11 11 11 68 D1 01 37 3F 16
10-02-22 16:04:49>解析：地址:11 11 11 11 11 11 控制码:D1 长度:01 数据标识: 数据:04
10-02-22 16:05:32>发送:68 11 11 11 11 11 11 68 11 04 35 3F 33 37 29 16
10-02-22 16:05:32>接收：68 11 11 11 11 11 11 68 D1 01 37 3F 16
10-02-22 16:05:32>解析：地址:11 11 11 11 11 11 控制码:D1 长度:01 数据标识: 数据:04
10-02-22 16:05:46>发送:68 11 11 11 11 11 11 68 11 04 33 34 34 37 1D 16
10-02-22 16:05:46>接收：68 11 11 11 11 11 11 68 D1 01 35 3D 16
10-02-22 16:05:46>解析：地址:11 11 11 11 11 11 控制码:D1 长度:01 数据标识: 数据:02
10-02-22 16:05:54>发送:68 11 11 11 11 11 11 68 11 04 34 34 34 37 1E 16
10-02-22 16:05:55>接收：68 11 11 11 11 11 11 68 D1 01 35 3D 16
10-02-22 16:05:55>解析：地址:11 11 11 11 11 11 控制码:D1 长度:01 数据标识: 数据:02
10-02-22 16:06:43>发送:68 11 11 11 11 11 11 68 11 04 33 34 34 37 1D 16
10-02-22 16:06:43>接收：68 11 11 11 11 11 11 68 D1 01 35 3D 16
10-02-22 16:06:43>解析：地址:11 11 11 11 11 11 控制码:D1 长度:01 数据标识: 数据:02
10-02-22 16:06:49>发送:68 11 11 11 11 11 11 68 11 04 34 34 34 37 1E 16
10-02-22 16:06:50>接收：68 11 11 11 11 11 11 68 D1 01 35 3D 16
10-02-22 16:06:50>解析：地址:11 11 11 11 11 11 控制码:D1 长度:01 数据标识: 数据:02
10-02-22 16:07:38>发送:68 11 11 11 11 11 11 68 11 04 33 34 34 37 1D 16
10-02-22 16:07:39>接收：68 11 11 11 11 11 11 68 D1 01 35 3D 16
10-02-22 16:07:39>解析：地址:11 11 11 11 11 11 控制码:D1 长度:01 数据标识: 数据:02
10-02-22 16:07:42>发送:68 11 11 11 11 11 11 68 11 04 34 34 34 37 1E 16
10-02-22 16:07:42>接收：68 11 11 11 11 11 11 68 D1 01 35 3D 16
10-02-22 16:07:42>解析：地址:11 11 11 11 11 11 控制码:D1 长度:01 数据标识: 数据:02
10-02-22 16:08:35>发送:68 11 11 11 11 11 11 68 11 04 36 34 34 37 20 16
10-02-22 16:08:35>接收：68 11 11 11 11 11 11 68 D1 01 35 3D 16
10-02-22 16:08:35>解析：地址:11 11 11 11 11 11 控制码:D1 长度:01 数据标识: 数据:02
10-02-22 16:08:52>发送:68 11 11 11 11 11 11 68 11 04 33 34 35 37 1E 16
10-02-22 16:08:52>接收：68 11 11 11 11 11 11 68 D1 01 35 3D 16
10-02-22 16:08:52>解析：地址:11 11 11 11 11 11 控制码:D1 长度:01 数据标识: 数据:02
10-02-22 16:08:55>发送:68 11 11 11 11 11 11 68 11 04 34 34 35 37 1F 16
10-02-22 16:08:55>接收：68 11 11 11 11 11 11 68 D1 01 35 3D 16
10-02-22 16:08:55>解析：地址:11 11 11 11 11 11 控制码:D1 长度:01 数据标识: 数据:02
10-02-22 16:08:58>发送:68 11 11 11 11 11 11 68 11 04 35 34 35 37 20 16
10-02-22 16:08:59>接收：68 11 11 11 11 11 11 68 D1 01 35 3D 16
10-02-22 16:08:59>解析：地址:11 11 11 11 11 11 控制码:D1 长度:01 数据标识: 数据:02
10-02-22 16:10:02>发送:68 11 11 11 11 11 11 68 11 04 36 34 35 37 21 16
10-02-22 16:10:02>接收：68 11 11 11 11 11 11 68 D1 01 35 3D 16
10-02-22 16:10:02>解析：地址:11 11 11 11 11 11 控制码:D1 长度:01 数据标识: 数据:02
10-02-22 16:10:08>发送:68 11 11 11 11 11 11 68 11 04 37 34 35 37 22 16
10-02-22 16:10:09>接收：68 11 11 11 11 11 11 68 D1 01 35 3D 16
10-02-22 16:10:09>解析：地址:11 11 11 11 11 11 控制码:D1 长度:01 数据标识: 数据:02
10-02-22 16:10:40>发送:68 11 11 11 11 11 11 68 11 04 34 34 36 37 20 16
10-02-22 16:10:40>接收：68 11 11 11 11 11 11 68 D1 01 35 3D 16
10-02-22 16:10:40>解析：地址:11 11 11 11 11 11 控制码:D1 长度:01 数据标识: 数据:02
10-02-22 16:10:49>发送:68 11 11 11 11 11 11 68 11 04 34 34 B3 37 9D 16
10-02-22 16:10:49>接收：68 11 11 11 11 11 11 68 D1 01 35 3D 16
10-02-22 16:10:49>解析：地址:11 11 11 11 11 11 控制码:D1 长度:01 数据标识: 数据:02
10-02-22 16:10:53>发送:68 11 11 11 11 11 11 68 11 04 35 34 B3 37 9E 16
10-02-22 16:10:53>接收：68 11 11 11 11 11 11 68 D1 01 35 3D 16
10-02-22 16:10:53>解析：地址:11 11 11 11 11 11 控制码:D1 长度:01 数据标识: 数据:02
10-02-22 16:10:56>发送:68 11 11 11 11 11 11 68 11 04 36 34 B3 37 9F 16
10-02-22 16:10:56>接收：68 11 11 11 11 11 11 68 D1 01 35 3D 16
10-02-22 16:10:56>解析：地址:11 11 11 11 11 11 控制码:D1 长度:01 数据标识: 数据:02
10-02-22 16:11:33>发送:68 11 11 11 11 11 11 68 11 04 34 3E 33 37 27 16
10-02-22 16:11:33>接收：68 11 11 11 11 11 11 68 91 06 34 3E 33 37 33 34 10 16
10-02-22 16:11:33>解析：地址:11 11 11 11 11 11 控制码:91 长度:06 数据标识:04 00 0B 01 数据:01 00
10-02-22 16:11:51>发送:68 11 11 11 11 11 11 68 11 04 34 33 33 38 1D 16
10-02-22 16:11:51>接收：68 11 11 11 11 11 11 68 91 09 34 33 33 38 33 33 33 33 33 A1 16
10-02-22 16:11:51>解析：地址:11 11 11 11 11 11 控制码:91 长度:09 数据标识:05 00 00 01 数据:00 00 00 00 00
10-02-22 16:11:55>发送:68 11 11 11 11 11 11 68 11 04 34 34 33 38 1E 16
10-02-22 16:11:55>接收：68 11 11 11 11 11 11 68 91 18 34 34 33 38 33 33 33 33 33 33 33 33 33 33 33 33 33 33 33 33 33 33 33 33 AE 16
10-02-22 16:11:55>解析：地址:11 11 11 11 11 11 控制码:91 长度:18 数据标识:05 00 01 01 数据:00 00 00 00 00 00 00 00 00 00 00 00 00 00 00 00 00 00 00 00
10-02-22 16:12:02>发送:68 11 11 11 11 11 11 68 11 04 34 35 33 38 1F 16
10-02-22 16:12:03>接收：68 11 11 11 11 11 11 68 91 18 34 35 33 38 33 33 33 33 33 33 33 33 33 33 33 33 33 33 33 33 33 33 33 33 AF 16
10-02-22 16:12:03>解析：地址:11 11 11 11 11 11 控制码:91 长度:18 数据标识:05 00 02 01 数据:00 00 00 00 00 00 00 00 00 00 00 00 00 00 00 00 00 00 00 00
10-02-22 16:12:05>发送:68 11 11 11 11 11 11 68 11 04 34 36 33 38 20 16
10-02-22 16:12:06>接收：68 11 11 11 11 11 11 68 D1 01 35 3D 16
10-02-22 16:12:06>解析：地址:11 11 11 11 11 11 控制码:D1 长度:01 数据标识: 数据:02
10-02-22 16:13:10>发送:68 11 11 11 11 11 11 68 11 04 54 33 33 38 3D 16
10-02-22 16:13:11>接收：68 11 11 11 11 11 11 68 91 09 54 33 33 38 33 33 33 33 33 C1 16
10-02-22 16:13:11>解析：地址:11 11 11 11 11 11 控制码:91 长度:09 数据标识:05 00 00 21 数据:00 00 00 00 00
10-02-22 16:13:19>发送:68 11 11 11 11 11 11 68 11 04 6F 33 33 38 58 16
10-02-22 16:13:19>接收：68 11 11 11 11 11 11 68 91 09 6F 33 33 38 33 33 33 33 33 DC 16
10-02-22 16:13:19>解析：地址:11 11 11 11 11 11 控制码:91 长度:09 数据标识:05 00 00 3C 数据:00 00 00 00 00
10-02-22 16:13:43>发送:68 11 11 11 11 11 11 68 11 04 34 33 34 38 1E 16
10-02-22 16:13:43>接收：68 11 11 11 11 11 11 68 91 09 34 33 34 38 33 33 33 33 33 A2 16
10-02-22 16:13:43>解析：地址:11 11 11 11 11 11 控制码:91 长度:09 数据标识:05 01 00 01 数据:00 00 00 00 00
10-02-22 16:13:49>发送:68 11 11 11 11 11 11 68 11 04 36 33 34 38 20 16
10-02-22 16:13:50>接收：68 11 11 11 11 11 11 68 91 09 36 33 34 38 33 33 33 33 33 A4 16
10-02-22 16:13:50>解析：地址:11 11 11 11 11 11 控制码:91 长度:09 数据标识:05 01 00 03 数据:00 00 00 00 00
10-02-22 16:14:12>发送:68 11 11 11 11 11 11 68 11 04 34 33 35 38 1F 16
10-02-22 16:14:12>接收：68 11 11 11 11 11 11 68 91 09 34 33 35 38 33 33 33 33 33 A3 16
10-02-22 16:14:12>解析：地址:11 11 11 11 11 11 控制码:91 长度:09 数据标识:05 02 00 01 数据:00 00 00 00 00
10-02-22 16:14:17>发送:68 11 11 11 11 11 11 68 11 04 34 34 35 38 20 16
10-02-22 16:14:17>接收：68 11 11 11 11 11 11 68 91 18 34 34 35 38 33 33 33 33 33 33 33 33 33 33 33 33 33 33 33 33 33 33 33 33 B0 16
10-02-22 16:14:17>解析：地址:11 11 11 11 11 11 控制码:91 长度:18 数据标识:05 02 01 01 数据:00 00 00 00 00 00 00 00 00 00 00 00 00 00 00 00 00 00 00 00
10-02-22 16:14:26>发送:68 11 11 11 11 11 11 68 11 04 35 33 35 38 20 16
10-02-22 16:14:26>接收：68 11 11 11 11 11 11 68 91 09 35 33 35 38 33 33 33 33 33 A4 16
10-02-22 16:14:26>解析：地址:11 11 11 11 11 11 控制码:91 长度:09 数据标识:05 02 00 02 数据:00 00 00 00 00
10-02-22 16:16:08>发送:68 11 11 11 11 11 11 68 11 04 34 33 36 38 20 16
10-02-22 16:16:08>接收：68 11 11 11 11 11 11 68 91 09 34 33 36 38 33 33 33 33 33 A4 16
10-02-22 16:16:08>解析：地址:11 11 11 11 11 11 控制码:91 长度:09 数据标识:05 03 00 01 数据:00 00 00 00 00
10-02-22 16:16:22>发送:68 11 11 11 11 11 11 68 11 04 34 33 38 38 22 16
10-02-22 16:16:22>接收：68 11 11 11 11 11 11 68 D1 01 35 3D 16
10-02-22 16:16:22>解析：地址:11 11 11 11 11 11 控制码:D1 长度:01 数据标识: 数据:02
10-02-22 16:16:31>发送:68 11 11 11 11 11 11 68 11 04 34 33 39 38 23 16
10-02-22 16:16:32>接收：68 11 11 11 11 11 11 68 91 09 34 33 39 38 33 33 33 33 33 A7 16
10-02-22 16:16:32>解析：地址:11 11 11 11 11 11 控制码:91 长度:09 数据标识:05 06 00 01 数据:00 00 00 00 00
10-02-22 16:16:58>发送:68 11 11 11 11 11 11 68 11 04 71 33 39 38 60 16
10-02-22 16:16:59>接收：68 11 11 11 11 11 11 68 91 09 71 33 39 38 33 33 33 33 33 E4 16
10-02-22 16:16:59>解析：地址:11 11 11 11 11 11 控制码:91 长度:09 数据标识:05 06 00 3E 数据:00 00 00 00 00
10-02-22 16:18:10>发送:68 11 11 11 11 11 11 68 11 04 34 35 33 37 1E 16
10-02-22 16:18:11>接收：68 11 11 11 11 11 11 68 91 05 34 35 33 37 35 D4 16
10-02-22 16:18:11>解析：地址:11 11 11 11 11 11 控制码:91 长度:05 数据标识:04 00 02 01 数据:02
10-02-22 16:18:48>发送:68 11 11 11 11 11 11 68 14 0D 34 35 33 37 37 33 33 33 33 33 33 33 44 0A 16
10-02-22 16:18:49>接收：68 11 11 11 11 11 11 68 D4 01 37 42 16
10-02-22 16:18:49>解析：地址:11 11 11 11 11 11 控制码:D4 长度:01 数据标识: 数据:04
10-02-22 16:19:28>发送:68 11 11 11 11 11 11 68 14 0D 34 35 33 37 37 33 33 33 33 33 33 33 44 0A 16
10-02-22 16:19:29>接收：68 11 11 11 11 11 11 68 D4 01 37 42 16
10-02-22 16:19:29>解析：地址:11 11 11 11 11 11 控制码:D4 长度:01 数据标识: 数据:04
10-02-22 16:19:51>发送:68 11 11 11 11 11 11 68 14 0D 34 35 33 37 37 44 44 44 33 33 33 33 44 3D 16
10-02-22 16:19:51>接收：68 11 11 11 11 11 11 68 94 00 CA 16
10-02-22 16:19:51>解析：地址:11 11 11 11 11 11 控制码:94 长度:00 数据标识: 数据:
10-02-22 16:20:21>发送:68 11 11 11 11 11 11 68 11 04 34 35 33 37 1E 16
10-02-22 16:20:22>接收：68 11 11 11 11 11 11 68 91 05 34 35 33 37 44 E3 16
10-02-22 16:20:22>解析：地址:11 11 11 11 11 11 控制码:91 长度:05 数据标识:04 00 02 01 数据:11
10-02-22 17:33:07>发送:68 11 11 11 11 11 11 68 11 04 34 35 33 37 1E 16
10-02-22 17:33:08>接收：68 11 11 11 11 11 11 68 91 05 34 35 33 37 44 E3 16
10-02-22 17:33:08>解析：地址:11 11 11 11 11 11 控制码:91 长度:05 数据标识:04 00 02 01 数据:11
10-02-22 17:33:25>发送:68 11 11 11 11 11 11 68 14 0D 34 35 33 37 37 44 44 44 33 33 33 33 35 2E 16
10-02-22 17:33:25>接收：68 11 11 11 11 11 11 68 94 00 CA 16
10-02-22 17:33:25>解析：地址:11 11 11 11 11 11 控制码:94 长度:00 数据标识: 数据:
10-02-22 17:33:31>发送:68 11 11 11 11 11 11 68 11 04 34 35 33 37 1E 16
10-02-22 17:33:31>接收：68 11 11 11 11 11 11 68 91 05 34 35 33 37 35 D4 16
10-02-22 17:33:31>解析：地址:11 11 11 11 11 11 控制码:91 长度:05 数据标识:04 00 02 01 数据:02
10-02-22 17:34:06>发送:68 11 11 11 11 11 11 68 11 04 33 33 63 36 4A 16
10-02-22 17:34:07>接收：68 11 11 11 11 11 11 68 91 07 33 33 63 36 34 33 33 67 16
10-02-22 17:34:07>解析：地址:11 11 11 11 11 11 控制码:91 长度:07 数据标识:03 30 00 00 数据:00 00 01
10-02-22 17:34:18>发送:68 11 11 11 11 11 11 68 11 04 34 33 63 36 4B 16
10-02-22 17:34:18>接收：68 11 11 11 11 11 11 68 91 36 34 33 63 36 64 4C 49 55 35 43 33 33 33 33 34 35 33 37 34 35 33 37 32 32 32 32 32 32 32 32 32 32 32 32 32 32 32 32 32 32 32 32 32 32 32 32 32 32 32 32 32 32 32 32 75 16
10-02-22 17:34:18>解析：地址:11 11 11 11 11 11 控制码:91 长度:36 数据标识:03 30 00 01 数据:FF FF FF FF FF FF FF FF FF FF FF FF FF FF FF FF FF FF FF FF FF FF FF FF FF FF FF FF FF FF FF FF 04 00 02 01 04 00 02 01 00 00 00 00 10 02 22 16 19 31
10-02-22 17:34:44>发送:68 11 11 11 11 11 11 68 11 04 35 33 63 36 4C 16
10-02-22 17:34:45>接收：68 11 11 11 11 11 11 68 91 36 35 33 63 36 33 33 33 33 33 33 33 33 33 33 33 33 33 33 33 33 33 33 33 33 33 33 33 33 33 33 33 33 33 33 33 33 33 33 33 33 33 33 33 33 33 33 33 33 33 33 33 33 33 33 F4 16
10-02-22 17:34:45>解析：地址:11 11 11 11 11 11 控制码:91 长度:36 数据标识:03 30 00 02 数据:00 00 00 00 00 00 00 00 00 00 00 00 00 00 00 00 00 00 00 00 00 00 00 00 00 00 00 00 00 00 00 00 00 00 00 00 00 00 00 00 00 00 00 00 00 00 00 00 00 00
