10-03-26 15:36:48>发送:68 AA AA AA AA AA AA 68 13 00 DF 16
10-03-26 15:36:50>发送:68 AA AA AA AA AA AA 68 13 00 DF 16
10-03-26 15:36:51>接收：68 FF FF FF FF FF FF 68 93 06 32 32 32 32 32 32 8F 16
10-03-26 15:36:51>解析：地址:FF FF FF FF FF FF 控制码:93 长度:06 数据标识: 数据:FF FF FF FF FF FF
10-03-26 15:36:51>发送:68 AA AA AA AA AA AA 68 13 00 DF 16
10-03-26 15:36:51>接收：68 FF FF FF FF FF FF 68 93 06 32 32 32 32 32 32 8F 16
10-03-26 15:36:51>解析：地址:FF FF FF FF FF FF 控制码:93 长度:06 数据标识: 数据:FF FF FF FF FF FF
10-03-26 15:45:46>发送:68 AA AA AA AA AA AA 68 13 00 DF 16
10-03-26 15:45:46>接收：68 11 11 11 11 11 11 68 93 06 44 44 44 44 44 44 67 16
10-03-26 15:45:46>解析：地址:11 11 11 11 11 11 控制码:93 长度:06 数据标识: 数据:11 11 11 11 11 11
10-03-26 15:47:13>发送:68 AA AA AA AA AA AA 68 13 00 DF 16
10-03-26 15:47:19>发送:68 AA AA AA AA AA AA 68 13 00 DF 16
10-03-26 15:47:19>接收：68 11 11 11 11 11 11 68 93 06 44 44 44 44 44 44 67 16
10-03-26 15:47:19>解析：地址:11 11 11 11 11 11 控制码:93 长度:06 数据标识: 数据:11 11 11 11 11 11
10-03-26 15:47:21>发送:68 AA AA AA AA AA AA 68 13 00 DF 16
10-03-26 15:47:21>接收：68 11 11 11 11 11 11 68 93 06 44 44 44 44 44 44 67 16
10-03-26 15:47:21>解析：地址:11 11 11 11 11 11 控制码:93 长度:06 数据标识: 数据:11 11 11 11 11 11
10-03-26 15:47:36>发送:68 11 11 11 11 11 11 68 03 20 32 33 33 3A 33 33 33 33 E5 C3 4A DF 42 98 0B 06 44 8B 1E 2B 25 96 9F C7 34 33 33 33 33 33 33 33 85 16
10-03-26 15:47:39>接收：68 11 11 11 11 11 11 68 C3 02 37 33 65 16
10-03-26 15:47:39>解析：地址:11 11 11 11 11 11 控制码:C3 长度:02 数据标识: 数据:00 04
10-03-26 15:47:48>发送:68 11 11 11 11 11 11 68 03 20 32 33 33 3A 33 33 33 33 9A D8 60 05 61 05 11 25 78 72 4B 28 79 AD E3 48 34 33 33 33 33 33 33 33 B1 16
10-03-26 15:47:59>发送:68 11 11 11 11 11 11 68 03 20 32 33 33 3A 33 33 33 33 56 54 3C 81 1A FC 48 8A F1 50 D6 76 AA 3B AA 54 34 33 33 33 33 33 33 33 4F 16
10-03-26 15:48:00>接收：68 11 11 11 11 11 11 68 C3 02 3B 33 69 16
10-03-26 15:48:00>解析：地址:11 11 11 11 11 11 控制码:C3 长度:02 数据标识: 数据:00 08
10-03-26 15:48:53>发送:68 11 11 11 11 11 11 68 03 20 32 33 33 3A 33 33 33 33 24 FC 10 9D 77 7D FB 08 44 E8 3F 21 C0 1D 06 6B 34 33 33 33 33 33 33 33 2E 16
10-03-26 15:49:12>发送:68 11 11 11 11 11 11 68 03 20 32 33 33 3A 33 33 33 33 7D 52 5B 66 6E 28 7A 78 D1 10 ED 1A B5 E3 FF DD 34 33 33 33 33 33 33 33 04 16
10-03-26 15:49:13>接收：68 11 11 11 11 11 11 68 C3 02 37 33 65 16
10-03-26 15:49:13>解析：地址:11 11 11 11 11 11 控制码:C3 长度:02 数据标识: 数据:00 04
10-03-26 15:49:23>发送:68 11 11 11 11 11 11 68 03 20 32 33 33 3A 33 33 33 33 FD BB D6 CC A4 EE D1 CF 88 A8 93 53 E8 08 B7 A0 34 33 33 33 33 33 33 33 79 16
10-03-26 15:49:38>发送:68 11 11 11 11 11 11 68 03 20 32 33 33 3A 33 33 33 33 87 77 1F 48 09 E3 9C 52 9B 5D 67 0F 34 E5 B2 75 34 33 33 33 33 33 33 33 7D 16
10-03-26 15:49:38>接收：68 11 11 11 11 11 11 68 83 10 32 33 33 3A 93 B8 A0 27 34 33 33 33 33 33 33 43 56 16
10-03-26 15:49:38>解析：地址:11 11 11 11 11 11 控制码:83 长度:10 数据标识:07 00 00 FF 数据:60 85 6D F4 01 00 00 00 00 00 00 10
10-03-26 15:50:22>发送:68 11 11 11 11 11 11 68 03 20 32 33 33 3A 33 33 33 33 76 0F 03 64 2B 42 76 D8 E6 32 3F DE 56 CB 93 71 34 33 33 33 33 33 33 33 91 16
10-03-26 16:03:16>发送:68 11 11 11 11 11 11 68 03 20 32 33 33 3A 33 33 33 33 07 74 A1 C2 06 13 DA B1 B6 DC 58 A8 68 DB 21 23 34 33 33 33 33 33 33 33 2B 16
10-03-26 16:03:16>接收：68 11 11 11 11 11 11 68 83 10 32 33 33 3A E7 39 EE 60 34 33 33 33 33 33 33 43 B2 16
10-03-26 16:03:16>解析：地址:11 11 11 11 11 11 控制码:83 长度:10 数据标识:07 00 00 FF 数据:B4 06 BB 2D 01 00 00 00 00 00 00 10
10-03-26 16:03:19>发送:68 11 11 11 11 11 11 68 03 20 32 33 33 3A 33 33 33 33 0A 13 7B 0E C4 32 B6 A1 35 8E 8A E5 05 1A B9 AD 34 33 33 33 33 33 33 33 3A 16
10-03-26 16:03:21>接收：68 11 11 11 11 11 11 68 C3 02 37 33 65 16
10-03-26 16:03:21>解析：地址:11 11 11 11 11 11 控制码:C3 长度:02 数据标识: 数据:00 04
10-03-26 16:03:24>发送:68 11 11 11 11 11 11 68 03 20 32 33 33 3A 33 33 33 33 6F 1D 78 D6 DB BA 47 85 59 A2 E6 52 5B 07 CB 20 34 33 33 33 33 33 33 33 4B 16
10-03-26 16:03:25>接收：68 11 11 11 11 11 11 68 83 10 32 33 33 3A ED C6 57 D7 34 33 33 33 33 33 33 43 25 16
10-03-26 16:03:25>解析：地址:11 11 11 11 11 11 控制码:83 长度:10 数据标识:07 00 00 FF 数据:BA 93 24 A4 01 00 00 00 00 00 00 10
10-03-26 16:03:28>发送:68 11 11 11 11 11 11 68 03 20 32 33 33 3A 33 33 33 33 C5 71 2B F2 5C 3D 98 EE A9 21 C1 29 23 D4 DD 84 34 33 33 33 33 33 33 33 0E 16
10-03-26 16:03:29>接收：68 11 11 11 11 11 11 68 83 10 32 33 33 3A AF 3B A3 52 34 33 33 33 33 33 33 43 23 16
10-03-26 16:03:29>解析：地址:11 11 11 11 11 11 控制码:83 长度:10 数据标识:07 00 00 FF 数据:7C 08 70 1F 01 00 00 00 00 00 00 10
10-03-26 16:03:31>发送:68 11 11 11 11 11 11 68 03 20 32 33 33 3A 33 33 33 33 2D C7 CA 0E 75 DE E5 99 E9 70 83 5C 6A 5D E6 EC 34 33 33 33 33 33 33 33 FE 16
10-03-26 16:03:38>发送:68 11 11 11 11 11 11 68 03 20 32 33 33 3A 33 33 33 33 1B 0E CB 39 D5 76 B2 76 DD AB 67 9B FA F1 A3 3C 34 33 33 33 33 33 33 33 84 16
10-03-26 16:19:13>发送:68 11 11 11 11 11 11 68 03 20 32 33 33 3A 33 33 33 33 90 FF 01 0A E6 FC 07 6F 83 C0 A4 51 96 20 29 61 34 33 33 33 33 33 33 33 FA 16
10-03-26 16:19:18>发送:68 11 11 11 11 11 11 68 03 20 32 33 33 3A 33 33 33 33 FA F4 F5 9D 31 66 E8 D0 25 70 EF 27 1D 92 CD 1F 34 33 33 33 33 33 33 33 A5 16
10-03-26 16:19:19>接收：68 11 11 11 11 11 11 68 83 10 32 33 33 3A A0 A2 C2 04 34 33 33 33 33 33 33 43 4C 16
10-03-26 16:19:19>解析：地址:11 11 11 11 11 11 控制码:83 长度:10 数据标识:07 00 00 FF 数据:6D 6F 8F D1 01 00 00 00 00 00 00 10
10-03-26 16:19:22>发送:68 11 11 11 11 11 11 68 03 20 32 33 33 3A 33 33 33 33 1C E5 5F 63 9F 8F 19 4D 99 11 9B A3 4E 49 84 E6 34 33 33 33 33 33 33 33 D0 16
10-03-26 16:19:27>发送:68 11 11 11 11 11 11 68 03 20 32 33 33 3A 33 33 33 33 6D 29 80 5D 42 B4 9C 8B AC B8 36 C2 67 D5 E6 94 34 33 33 33 33 33 33 33 32 16
10-03-26 16:28:48>发送:68 11 11 11 11 11 11 68 03 20 32 33 33 3A 33 33 33 33 3E BD 18 87 DF 3C E5 7E A3 44 3E 0D 68 D9 AE 38 34 33 33 33 33 33 33 33 01 16
10-03-26 16:28:49>接收：68 11 11 11 11 11 11 68 83 10 32 33 33 3A 79 20 E1 F5 34 33 33 33 33 33 33 43 B3 16
10-03-26 16:28:49>解析：地址:11 11 11 11 11 11 控制码:83 长度:10 数据标识:07 00 00 FF 数据:46 ED AE C2 01 00 00 00 00 00 00 10
10-03-26 16:28:51>发送:68 11 11 11 11 11 11 68 03 20 32 33 33 3A 33 33 33 33 F3 E8 F4 02 DC 04 E4 42 4C 70 CD 6B 80 75 D6 E1 34 33 33 33 33 33 33 33 07 16
10-03-26 16:28:52>接收：68 11 11 11 11 11 11 68 83 10 32 33 33 3A FE 56 8A B0 34 33 33 33 33 33 33 43 D2 16
10-03-26 16:28:52>解析：地址:11 11 11 11 11 11 控制码:83 长度:10 数据标识:07 00 00 FF 数据:CB 23 57 7D 01 00 00 00 00 00 00 10
10-03-26 16:28:54>发送:68 11 11 11 11 11 11 68 03 20 32 33 33 3A 33 33 33 33 2F C2 3E D8 06 37 2B 49 BF 83 62 AD E4 4D A4 5F 34 33 33 33 33 33 33 33 CD 16
10-03-26 16:28:56>接收：68 11 11 11 11 11 11 68 C3 02 37 33 65 16
10-03-26 16:28:56>解析：地址:11 11 11 11 11 11 控制码:C3 长度:02 数据标识: 数据:00 04
10-03-26 16:28:58>发送:68 11 11 11 11 11 11 68 03 20 32 33 33 3A 33 33 33 33 3C 93 58 ED B0 9E 26 26 46 FB FD 8F B1 01 2D B3 34 33 33 33 33 33 33 33 9D 16
10-03-26 16:29:03>发送:68 11 11 11 11 11 11 68 03 20 32 33 33 3A 33 33 33 33 73 91 BA FD 7F DF 47 8B DE 81 FF C1 7E 2D 3F CF 34 33 33 33 33 33 33 33 53 16
10-03-26 16:34:03>发送:68 11 11 11 11 11 11 68 03 20 32 33 33 3A 33 33 33 33 CE 33 61 E7 DA 8F E1 4B E9 18 2E 3F 86 6C 07 79 34 33 33 33 33 33 33 33 4E 16
10-03-26 16:34:06>发送:68 11 11 11 11 11 11 68 03 20 32 33 33 3A 33 33 33 33 07 FB AB 8F 85 B1 02 BE ED D2 59 41 FB 13 2D 73 34 33 33 33 33 33 33 33 C9 16
10-03-26 16:34:07>接收：68 11 11 11 11 11 11 68 C3 02 37 33 65 16
10-03-26 16:34:07>解析：地址:11 11 11 11 11 11 控制码:C3 长度:02 数据标识: 数据:00 04
10-03-26 16:34:10>发送:68 11 11 11 11 11 11 68 03 20 32 33 33 3A 33 33 33 33 02 79 91 5E 8A 4F 49 AF 20 9A D5 CE 1C 97 55 18 34 33 33 33 33 33 33 33 48 16
10-03-26 16:34:13>接收：68 11 11 11 11 11 11 68 C3 02 37 33 65 16
10-03-26 16:34:13>解析：地址:11 11 11 11 11 11 控制码:C3 长度:02 数据标识: 数据:00 04
10-03-26 16:37:27>发送:68 11 11 11 11 11 11 68 03 20 32 33 33 3A 33 33 33 33 26 F6 58 64 7D 92 47 69 C3 8F C9 23 DF AA 23 88 34 33 33 33 33 33 33 33 99 16
10-03-26 16:37:31>接收：68 11 11 11 11 11 11 68 C3 02 37 33 65 16
10-03-26 16:37:31>解析：地址:11 11 11 11 11 11 控制码:C3 长度:02 数据标识: 数据:00 04
10-03-26 16:39:13>接收：00 00 00 00 00 00 00 06 00 00 00 03 20 D8 00 01 01 00 00 00 40 00 00 03 C0 FF FF FF 00 1A FA FF 8E D7 FB FD FE 80 FB BA
10-03-26 16:39:24>发送:68 11 11 11 11 11 11 68 03 20 32 33 33 3A 33 33 33 33 4C 7F 0A 83 B3 65 61 06 B0 7D 93 C0 89 FE D6 F4 34 33 33 33 33 33 33 33 38 16
10-03-26 16:39:28>发送:68 11 11 11 11 11 11 68 03 20 32 33 33 3A 33 33 33 33 07 30 A4 CA 67 99 41 6D 5D 48 F3 A4 C9 8C 0D F8 34 33 33 33 33 33 33 33 79 16
10-03-26 16:40:28>发送:68 11 11 11 11 11 11 68 03 20 32 33 33 3A 33 33 33 33 68 0C 4D EC 3C 85 27 93 C8 DA BB 70 DF AE 39 D2 34 33 33 33 33 33 33 33 1D 16
10-03-26 16:40:35>发送:68 11 11 11 11 11 11 68 03 20 32 33 33 3A 33 33 33 33 FB AB A5 90 66 1B 61 A3 79 58 9B 2F 63 4B 80 3B 34 33 33 33 33 33 33 33 F4 16
10-03-26 16:43:48>发送:68 11 11 11 11 11 11 68 03 20 32 33 33 3A 33 33 33 33 FB AB A5 90 66 1B 61 A3 79 58 9B 2F 63 4B 80 3B 34 33 33 33 33 33 33 33 F4 16
10-03-26 16:43:51>接收：68 11 11 11 11 11 11 68 C3 02 37 33 65 16
10-03-26 16:43:51>解析：地址:11 11 11 11 11 11 控制码:C3 长度:02 数据标识: 数据:00 04
10-03-26 16:43:57>发送:68 11 11 11 11 11 11 68 03 20 32 33 33 3A 33 33 33 33 FB AB A5 90 66 1B 61 A3 79 58 9B 2F 63 4B 80 3B 34 33 33 33 33 33 33 33 F4 16
10-03-26 16:43:57>接收：68 11 11 11 11 11 11 68 83 10 32 33 33 3A FA 41 53 DD 34 33 33 33 33 33 33 43 AF 16
10-03-26 16:43:57>解析：地址:11 11 11 11 11 11 控制码:83 长度:10 数据标识:07 00 00 FF 数据:C7 0E 20 AA 01 00 00 00 00 00 00 10
10-03-26 16:43:59>发送:68 11 11 11 11 11 11 68 03 20 32 33 33 3A 33 33 33 33 FB AB A5 90 66 1B 61 A3 79 58 9B 2F 63 4B 80 3B 34 33 33 33 33 33 33 33 F4 16
10-03-26 16:44:04>发送:68 11 11 11 11 11 11 68 03 20 32 33 33 3A 33 33 33 33 FB AB A5 90 66 1B 61 A3 79 58 9B 2F 63 4B 80 3B 34 33 33 33 33 33 33 33 F4 16
10-03-26 16:44:05>接收：68 11 11 11 11 11 11 68 83 10 32 33 33 3A D1 2C 02 30 34 33 33 33 33 33 33 43 73 16
10-03-26 16:44:05>解析：地址:11 11 11 11 11 11 控制码:83 长度:10 数据标识:07 00 00 FF 数据:9E F9 CF FD 01 00 00 00 00 00 00 10
10-03-26 16:44:07>发送:68 11 11 11 11 11 11 68 03 20 32 33 33 3A 33 33 33 33 FB AB A5 90 66 1B 61 A3 79 58 9B 2F 63 4B 80 3B 34 33 33 33 33 33 33 33 F4 16
10-03-26 16:44:08>接收：68 11 11 11 11 11 11 68 83 10 32 33 33 3A 81 B9 45 50 34 33 33 33 33 33 33 43 13 16
10-03-26 16:44:08>解析：地址:11 11 11 11 11 11 控制码:83 长度:10 数据标识:07 00 00 FF 数据:4E 86 12 1D 01 00 00 00 00 00 00 10
10-03-26 16:44:10>发送:68 11 11 11 11 11 11 68 03 20 32 33 33 3A 33 33 33 33 FB AB A5 90 66 1B 61 A3 79 58 9B 2F 63 4B 80 3B 34 33 33 33 33 33 33 33 F4 16
10-03-26 16:44:15>发送:68 11 11 11 11 11 11 68 03 20 32 33 33 3A 33 33 33 33 FB AB A5 90 66 1B 61 A3 79 58 9B 2F 63 4B 80 3B 34 33 33 33 33 33 33 33 F4 16
10-03-26 16:44:19>发送:68 11 11 11 11 11 11 68 03 20 32 33 33 3A 33 33 33 33 FB AB A5 90 66 1B 61 A3 79 58 9B 2F 63 4B 80 3B 34 33 33 33 33 33 33 33 F4 16
10-03-26 16:44:24>发送:68 11 11 11 11 11 11 68 03 20 32 33 33 3A 33 33 33 33 FB AB A5 90 66 1B 61 A3 79 58 9B 2F 63 4B 80 3B 34 33 33 33 33 33 33 33 F4 16
10-03-26 16:44:34>发送:68 11 11 11 11 11 11 68 03 20 32 33 33 3A 33 33 33 33 FB AB A5 90 66 1B 61 A3 79 58 9B 2F 63 4B 80 3B 34 33 33 33 33 33 33 33 F4 16
10-03-26 16:44:36>接收：68 11 11 11 11 11 11 68 C3 02 37 33 65 16
10-03-26 16:44:36>解析：地址:11 11 11 11 11 11 控制码:C3 长度:02 数据标识: 数据:00 04
10-03-26 16:44:38>发送:68 11 11 11 11 11 11 68 03 20 32 33 33 3A 33 33 33 33 FB AB A5 90 66 1B 61 A3 79 58 9B 2F 63 4B 80 3B 34 33 33 33 33 33 33 33 F4 16
10-03-26 16:44:45>发送:68 11 11 11 11 11 11 68 03 20 32 33 33 3A 33 33 33 33 FB AB A5 90 66 1B 61 A3 79 58 9B 2F 63 4B 80 3B 34 33 33 33 33 33 33 33 F4 16
10-03-26 16:46:50>发送:68 11 11 11 11 11 11 68 03 20 32 33 33 3A 33 33 33 33 FB AB A5 90 66 1B 61 A3 79 58 9B 2F 63 4B 80 3B 34 33 33 33 33 33 33 33 F4 16
10-03-26 16:47:01>发送:68 11 11 11 11 11 11 68 03 20 32 33 33 3A 33 33 33 33 FB AB A5 90 66 1B 61 A3 79 58 9B 2F 63 4B 80 3B 34 33 33 33 33 33 33 33 F4 16
10-03-26 16:47:05>发送:68 11 11 11 11 11 11 68 03 20 32 33 33 3A 33 33 33 33 FB AB A5 90 66 1B 61 A3 79 58 9B 2F 63 4B 80 3B 34 33 33 33 33 33 33 33 F4 16
10-03-26 16:47:48>发送:68 11 11 11 11 11 11 68 03 20 32 33 33 3A 33 33 33 33 FB AB A5 90 66 1B 61 A3 79 58 9B 2F 63 4B 80 3B 34 33 33 33 33 33 33 33 F4 16
10-03-26 16:48:06>发送:68 11 11 11 11 11 11 68 03 20 32 33 33 3A 33 33 33 33 FB AB A5 90 66 1B 61 A3 79 58 9B 2F 63 4B 80 3B 34 33 33 33 33 33 33 33 F4 16
10-03-26 16:48:15>发送:68 11 11 11 11 11 11 68 03 20 32 33 33 3A 33 33 33 33 FB AB A5 90 66 1B 61 A3 79 58 9B 2F 63 4B 80 3B 34 33 33 33 33 33 33 33 F4 16
10-03-26 16:48:24>发送:68 11 11 11 11 11 11 68 03 20 32 33 33 3A 33 33 33 33 FB AB A5 90 66 1B 61 A3 79 58 9B 2F 63 4B 80 3B 34 33 33 33 33 33 33 33 F4 16
10-03-26 16:48:41>发送:68 11 11 11 11 11 11 68 03 20 32 33 33 3A 33 33 33 33 FB AB A5 90 66 1B 61 A3 79 58 9B 2F 63 4B 80 3B 34 33 33 33 33 33 33 33 F4 16
10-03-26 16:48:42>接收：68 11 11 11 11 11 11 68 C3 02 3B 33 69 16
10-03-26 16:48:42>解析：地址:11 11 11 11 11 11 控制码:C3 长度:02 数据标识: 数据:00 08
10-03-26 16:48:46>发送:68 11 11 11 11 11 11 68 03 20 32 33 33 3A 33 33 33 33 FB AB A5 90 66 1B 61 A3 79 58 9B 2F 63 4B 80 3B 34 33 33 33 33 33 33 33 F4 16
10-03-26 16:48:55>发送:68 11 11 11 11 11 11 68 03 20 32 33 33 3A 33 33 33 33 FB AB A5 90 66 1B 61 A3 79 58 9B 2F 63 4B 80 3B 34 33 33 33 33 33 33 33 F4 16
10-03-26 16:50:46>发送:68 11 11 11 11 11 11 68 03 20 32 33 33 3A 33 33 33 33 FB AB A5 90 66 1B 61 A3 79 58 9B 2F 63 4B 80 3B 34 33 33 33 33 33 33 33 F4 16
10-03-26 16:50:50>发送:68 11 11 11 11 11 11 68 03 20 32 33 33 3A 33 33 33 33 FB AB A5 90 66 1B 61 A3 79 58 9B 2F 63 4B 80 3B 34 33 33 33 33 33 33 33 F4 16
10-03-26 16:51:04>发送:68 11 11 11 11 11 11 68 03 20 32 33 33 3A 33 33 33 33 FB AB A5 90 66 1B 61 A3 79 58 9B 2F 63 4B 80 3B 34 33 33 33 33 33 33 33 F4 16
10-03-26 16:51:07>发送:68 11 11 11 11 11 11 68 03 20 32 33 33 3A 33 33 33 33 FB AB A5 90 66 1B 61 A3 79 58 9B 2F 63 4B 80 3B 34 33 33 33 33 33 33 33 F4 16
10-03-26 16:51:08>接收：68 11 11 11 11 11 11 68 83 10 32 33 33 3A E8 1C 6F C9 34 33 33 33 33 33 33 43 80 16
10-03-26 16:51:08>解析：地址:11 11 11 11 11 11 控制码:83 长度:10 数据标识:07 00 00 FF 数据:B5 E9 3C 96 01 00 00 00 00 00 00 10
10-03-26 16:51:14>发送:68 11 11 11 11 11 11 68 03 20 32 33 33 3A 33 33 33 33 FB AB A5 90 66 1B 61 A3 79 58 9B 2F 63 4B 80 3B 34 33 33 33 33 33 33 33 F4 16
10-03-26 16:51:15>接收：68 11 11 11 11 11 11 68 83 10 32 33 33 3A 0A 13 CC 37 34 33 33 33 33 33 33 43 64 16
10-03-26 16:51:15>解析：地址:11 11 11 11 11 11 控制码:83 长度:10 数据标识:07 00 00 FF 数据:D7 E0 99 04 01 00 00 00 00 00 00 10
10-03-26 16:51:17>发送:68 11 11 11 11 11 11 68 03 20 32 33 33 3A 33 33 33 33 FB AB A5 90 66 1B 61 A3 79 58 9B 2F 63 4B 80 3B 34 33 33 33 33 33 33 33 F4 16
10-03-26 16:51:18>接收：68 11 11 11 11 11 11 68 C3 02 3B 33 69 16
10-03-26 16:51:18>解析：地址:11 11 11 11 11 11 控制码:C3 长度:02 数据标识: 数据:00 08
10-03-26 16:51:22>发送:68 11 11 11 11 11 11 68 03 20 32 33 33 3A 33 33 33 33 FB AB A5 90 66 1B 61 A3 79 58 9B 2F 63 4B 80 3B 34 33 33 33 33 33 33 33 F4 16
10-03-26 16:52:32>发送:68 11 11 11 11 11 11 68 03 20 32 33 33 3A 33 33 33 33 FB AB A5 90 66 1B 61 A3 79 58 9B 2F 63 4B 80 3B 34 33 33 33 33 33 33 33 F4 16
10-03-26 16:52:44>发送:68 11 11 11 11 11 11 68 03 20 32 33 33 3A 33 33 33 33 FB AB A5 90 66 1B 61 A3 79 58 9B 2F 63 4B 80 3B 34 33 33 33 33 33 33 33 F4 16
10-03-26 16:52:45>接收：68 11 11 11 11 11 11 68 83 10 32 33 33 3A E4 3D EA 68 34 33 33 33 33 33 33 43 B7 16
10-03-26 16:52:45>解析：地址:11 11 11 11 11 11 控制码:83 长度:10 数据标识:07 00 00 FF 数据:B1 0A B7 35 01 00 00 00 00 00 00 10
10-03-26 16:52:52>发送:68 11 11 11 11 11 11 68 03 20 32 33 33 3A 33 33 33 33 FB AB A5 90 66 1B 61 A3 79 58 9B 2F 63 4B 80 3B 34 33 33 33 33 33 33 33 F4 16
10-03-26 16:52:55>接收：68 11 11 11 11 11 11 68 C3 02 37 33 65 16
10-03-26 16:52:55>解析：地址:11 11 11 11 11 11 控制码:C3 长度:02 数据标识: 数据:00 04
10-03-26 16:53:00>发送:68 11 11 11 11 11 11 68 03 20 32 33 33 3A 33 33 33 33 FB AB A5 90 66 1B 61 A3 79 58 9B 2F 63 4B 80 3B 34 33 33 33 33 33 33 33 F4 16
10-03-26 16:58:40>发送:68 11 11 11 11 11 11 68 03 20 32 33 33 3A 33 33 33 33 FB AB A5 90 66 1B 61 A3 79 58 9B 2F 63 4B 80 3B 34 33 33 33 33 33 33 33 F4 16
10-03-26 16:58:42>接收：68 11 11 11 11 11 11 68 C3 02 37 33 65 16
10-03-26 16:58:42>解析：地址:11 11 11 11 11 11 控制码:C3 长度:02 数据标识: 数据:00 04
10-03-26 16:58:47>发送:68 11 11 11 11 11 11 68 03 20 32 33 33 3A 33 33 33 33 FB AB A5 90 66 1B 61 A3 79 58 9B 2F 63 4B 80 3B 34 33 33 33 33 33 33 33 F4 16
10-03-26 17:00:51>发送:68 11 11 11 11 11 11 68 03 20 32 33 33 3A 33 33 33 33 FB AB A5 90 66 1B 61 A3 79 58 9B 2F 63 4B 80 3B 34 33 33 33 33 33 33 33 F4 16
10-03-26 17:01:17>发送:68 00 00 00 00 00 00 68 03 20 32 33 33 3A 33 33 33 33 BA 7B FA C4 73 B0 D6 0E EB 0A 19 95 AA B4 76 F7 34 33 33 33 33 33 33 33 92 16
10-03-26 17:01:18>接收：68 00 00 00 00 00 00 68 83 10 32 33 33 3A 9D CA F2 32 34 33 33 33 33 33 33 43 69 16
10-03-26 17:01:18>解析：地址:00 00 00 00 00 00 控制码:83 长度:10 数据标识:07 00 00 FF 数据:6A 97 BF FF 01 00 00 00 00 00 00 10
10-03-26 17:01:23>发送:68 00 00 00 00 00 00 68 03 20 32 33 33 3A 33 33 33 33 BA 7B FA C4 73 B0 D6 0E EB 0A 19 95 AA B4 76 F7 34 33 33 33 33 33 33 33 92 16
10-03-26 17:01:24>接收：68 00 00 00 00 00 00 68 83 10 32 33 33 3A 75 26 D3 28 34 33 33 33 33 33 33 43 74 16
10-03-26 17:01:24>解析：地址:00 00 00 00 00 00 控制码:83 长度:10 数据标识:07 00 00 FF 数据:42 F3 A0 F5 01 00 00 00 00 00 00 10
10-03-26 17:01:25>发送:68 00 00 00 00 00 00 68 03 20 32 33 33 3A 33 33 33 33 BA 7B FA C4 73 B0 D6 0E EB 0A 19 95 AA B4 76 F7 34 33 33 33 33 33 33 33 92 16
10-03-26 17:01:26>接收：68 00 00 00 00 00 00 68 83 10 32 33 33 3A 7F 71 DE 76 34 33 33 33 33 33 33 43 22 16
10-03-26 17:01:26>解析：地址:00 00 00 00 00 00 控制码:83 长度:10 数据标识:07 00 00 FF 数据:4C 3E AB 43 01 00 00 00 00 00 00 10
10-03-26 17:01:27>发送:68 00 00 00 00 00 00 68 03 20 32 33 33 3A 33 33 33 33 BA 7B FA C4 73 B0 D6 0E EB 0A 19 95 AA B4 76 F7 34 33 33 33 33 33 33 33 92 16
10-03-26 17:01:28>接收：68 00 00 00 00 00 00 68 83 10 32 33 33 3A 18 6C 62 99 34 33 33 33 33 33 33 43 5D 16
10-03-26 17:01:28>解析：地址:00 00 00 00 00 00 控制码:83 长度:10 数据标识:07 00 00 FF 数据:E5 39 2F 66 01 00 00 00 00 00 00 10
10-03-26 17:01:29>发送:68 00 00 00 00 00 00 68 03 20 32 33 33 3A 33 33 33 33 BA 7B FA C4 73 B0 D6 0E EB 0A 19 95 AA B4 76 F7 34 33 33 33 33 33 33 33 92 16
10-03-26 17:01:30>接收：68 00 00 00 00 00 00 68 83 10 32 33 33 3A B9 FB D5 97 34 33 33 33 33 33 33 43 FE 16
10-03-26 17:01:30>解析：地址:00 00 00 00 00 00 控制码:83 长度:10 数据标识:07 00 00 FF 数据:86 C8 A2 64 01 00 00 00 00 00 00 10
10-03-26 17:01:31>发送:68 00 00 00 00 00 00 68 03 20 32 33 33 3A 33 33 33 33 BA 7B FA C4 73 B0 D6 0E EB 0A 19 95 AA B4 76 F7 34 33 33 33 33 33 33 33 92 16
10-03-26 17:01:31>接收：68 00 00 00 00 00 00 68 83 10 32 33 33 3A BF B9 B1 B4 34 33 33 33 33 33 33 43 BB 16
10-03-26 17:01:31>解析：地址:00 00 00 00 00 00 控制码:83 长度:10 数据标识:07 00 00 FF 数据:8C 86 7E 81 01 00 00 00 00 00 00 10
10-03-26 17:01:32>发送:68 00 00 00 00 00 00 68 03 20 32 33 33 3A 33 33 33 33 BA 7B FA C4 73 B0 D6 0E EB 0A 19 95 AA B4 76 F7 34 33 33 33 33 33 33 33 92 16
10-03-26 17:01:33>接收：68 00 00 00 00 00 00 68 83 10 32 33 33 3A D6 B2 CC E1 34 33 33 33 33 33 33 43 13 16
10-03-26 17:01:33>解析：地址:00 00 00 00 00 00 控制码:83 长度:10 数据标识:07 00 00 FF 数据:A3 7F 99 AE 01 00 00 00 00 00 00 10
10-03-26 17:01:34>发送:68 00 00 00 00 00 00 68 03 20 32 33 33 3A 33 33 33 33 BA 7B FA C4 73 B0 D6 0E EB 0A 19 95 AA B4 76 F7 34 33 33 33 33 33 33 33 92 16
10-03-26 17:01:35>接收：68 00 00 00 00 00 00 68 83 10 32 33 33 3A B7 8B 43 DB 34 33 33 33 33 33 33 43 3E 16
10-03-26 17:01:35>解析：地址:00 00 00 00 00 00 控制码:83 长度:10 数据标识:07 00 00 FF 数据:84 58 10 A8 01 00 00 00 00 00 00 10
10-03-26 17:01:35>发送:68 00 00 00 00 00 00 68 03 20 32 33 33 3A 33 33 33 33 BA 7B FA C4 73 B0 D6 0E EB 0A 19 95 AA B4 76 F7 34 33 33 33 33 33 33 33 92 16
10-03-26 17:01:36>接收：68 00 00 00 00 00 00 68 83 10 32 33 33 3A EC 3F EE 41 34 33 33 33 33 33 33 43 38 16
10-03-26 17:01:36>解析：地址:00 00 00 00 00 00 控制码:83 长度:10 数据标识:07 00 00 FF 数据:B9 0C BB 0E 01 00 00 00 00 00 00 10
10-03-26 17:01:37>发送:68 00 00 00 00 00 00 68 03 20 32 33 33 3A 33 33 33 33 BA 7B FA C4 73 B0 D6 0E EB 0A 19 95 AA B4 76 F7 34 33 33 33 33 33 33 33 92 16
10-03-26 17:01:46>发送:68 00 00 00 00 00 00 68 03 20 32 33 33 3A 33 33 33 33 BA 7B FA C4 73 B0 D6 0E EB 0A 19 95 AA B4 76 F7 34 33 33 33 33 33 33 33 92 16
10-03-26 17:01:47>接收：68 00 00 00 00 00 00 68 83 10 32 33 33 3A 76 69 C5 E6 34 33 33 33 33 33 33 43 68 16
10-03-26 17:01:47>解析：地址:00 00 00 00 00 00 控制码:83 长度:10 数据标识:07 00 00 FF 数据:43 36 92 B3 01 00 00 00 00 00 00 10
10-03-26 17:01:49>发送:68 00 00 00 00 00 00 68 03 20 32 33 33 3A 33 33 33 33 BA 7B FA C4 73 B0 D6 0E EB 0A 19 95 AA B4 76 F7 34 33 33 33 33 33 33 33 92 16
10-03-26 17:01:50>接收：68 00 00 00 00 00 00 68 83 10 32 33 33 3A BD 06 27 63 34 33 33 33 33 33 33 43 2B 16
10-03-26 17:01:50>解析：地址:00 00 00 00 00 00 控制码:83 长度:10 数据标识:07 00 00 FF 数据:8A D3 F4 30 01 00 00 00 00 00 00 10
10-03-26 17:01:51>发送:68 00 00 00 00 00 00 68 03 20 32 33 33 3A 33 33 33 33 BA 7B FA C4 73 B0 D6 0E EB 0A 19 95 AA B4 76 F7 34 33 33 33 33 33 33 33 92 16
10-03-26 17:01:51>接收：68 00 00 00 00 00 00 68 83 10 32 33 33 3A 90 D4 42 E1 34 33 33 33 33 33 33 43 65 16
10-03-26 17:01:51>解析：地址:00 00 00 00 00 00 控制码:83 长度:10 数据标识:07 00 00 FF 数据:5D A1 0F AE 01 00 00 00 00 00 00 10
10-03-26 17:01:54>发送:68 00 00 00 00 00 00 68 03 20 32 33 33 3A 33 33 33 33 BA 7B FA C4 73 B0 D6 0E EB 0A 19 95 AA B4 76 F7 34 33 33 33 33 33 33 33 92 16
10-03-26 17:01:55>接收：68 00 00 00 00 00 00 68 83 10 32 33 33 3A B6 45 D4 C8 34 33 33 33 33 33 33 43 75 16
10-03-26 17:01:55>解析：地址:00 00 00 00 00 00 控制码:83 长度:10 数据标识:07 00 00 FF 数据:83 12 A1 95 01 00 00 00 00 00 00 10
10-03-26 17:01:56>发送:68 00 00 00 00 00 00 68 03 20 32 33 33 3A 33 33 33 33 BA 7B FA C4 73 B0 D6 0E EB 0A 19 95 AA B4 76 F7 34 33 33 33 33 33 33 33 92 16
10-03-26 17:01:57>接收：68 00 00 00 00 00 00 68 83 10 32 33 33 3A 53 70 62 CE 34 33 33 33 33 33 33 43 D1 16
10-03-26 17:01:57>解析：地址:00 00 00 00 00 00 控制码:83 长度:10 数据标识:07 00 00 FF 数据:20 3D 2F 9B 01 00 00 00 00 00 00 10
10-03-26 17:01:58>发送:68 00 00 00 00 00 00 68 03 20 32 33 33 3A 33 33 33 33 BA 7B FA C4 73 B0 D6 0E EB 0A 19 95 AA B4 76 F7 34 33 33 33 33 33 33 33 92 16
10-03-26 17:01:59>接收：68 00 00 00 00 00 00 68 83 10 32 33 33 3A BB 5F 93 A7 34 33 33 33 33 33 33 43 32 16
10-03-26 17:01:59>解析：地址:00 00 00 00 00 00 控制码:83 长度:10 数据标识:07 00 00 FF 数据:88 2C 60 74 01 00 00 00 00 00 00 10
10-03-26 17:02:00>发送:68 00 00 00 00 00 00 68 03 20 32 33 33 3A 33 33 33 33 BA 7B FA C4 73 B0 D6 0E EB 0A 19 95 AA B4 76 F7 34 33 33 33 33 33 33 33 92 16
10-03-26 17:02:00>接收：68 00 00 00 00 00 00 68 83 10 32 33 33 3A F2 2F A7 F9 34 33 33 33 33 33 33 43 9F 16
10-03-26 17:02:00>解析：地址:00 00 00 00 00 00 控制码:83 长度:10 数据标识:07 00 00 FF 数据:BF FC 74 C6 01 00 00 00 00 00 00 10
10-03-26 17:02:01>发送:68 00 00 00 00 00 00 68 03 20 32 33 33 3A 33 33 33 33 BA 7B FA C4 73 B0 D6 0E EB 0A 19 95 AA B4 76 F7 34 33 33 33 33 33 33 33 92 16
10-03-26 17:02:02>接收：68 00 00 00 00 00 00 68 C3 02 37 33 FF 16
10-03-26 17:02:02>解析：地址:00 00 00 00 00 00 控制码:C3 长度:02 数据标识: 数据:00 04
10-03-26 17:02:04>发送:68 00 00 00 00 00 00 68 03 20 32 33 33 3A 33 33 33 33 BA 7B FA C4 73 B0 D6 0E EB 0A 19 95 AA B4 76 F7 34 33 33 33 33 33 33 33 92 16
10-03-26 17:02:05>接收：68 00 00 00 00 00 00 68 83 10 32 33 33 3A 56 38 FF DB 34 33 33 33 33 33 33 43 46 16
10-03-26 17:02:05>解析：地址:00 00 00 00 00 00 控制码:83 长度:10 数据标识:07 00 00 FF 数据:23 05 CC A8 01 00 00 00 00 00 00 10
10-03-26 17:02:06>发送:68 00 00 00 00 00 00 68 03 20 32 33 33 3A 33 33 33 33 BA 7B FA C4 73 B0 D6 0E EB 0A 19 95 AA B4 76 F7 34 33 33 33 33 33 33 33 92 16
10-03-26 17:02:07>接收：68 00 00 00 00 00 00 68 83 10 32 33 33 3A A7 21 06 43 34 33 33 33 33 33 33 43 EF 16
10-03-26 17:02:07>解析：地址:00 00 00 00 00 00 控制码:83 长度:10 数据标识:07 00 00 FF 数据:74 EE D3 10 01 00 00 00 00 00 00 10
10-03-26 17:02:07>发送:68 00 00 00 00 00 00 68 03 20 32 33 33 3A 33 33 33 33 BA 7B FA C4 73 B0 D6 0E EB 0A 19 95 AA B4 76 F7 34 33 33 33 33 33 33 33 92 16
10-03-26 17:02:08>接收：68 00 00 00 00 00 00 68 83 10 32 33 33 3A E8 34 33 0F 34 33 33 33 33 33 33 43 3C 16
10-03-26 17:02:08>解析：地址:00 00 00 00 00 00 控制码:83 长度:10 数据标识:07 00 00 FF 数据:B5 01 00 DC 01 00 00 00 00 00 00 10
10-03-26 17:02:09>发送:68 00 00 00 00 00 00 68 03 20 32 33 33 3A 33 33 33 33 BA 7B FA C4 73 B0 D6 0E EB 0A 19 95 AA B4 76 F7 34 33 33 33 33 33 33 33 92 16
10-03-26 17:02:10>接收：68 00 00 00 00 00 00 68 83 10 32 33 33 3A 12 AD 8D 7D 34 33 33 33 33 33 33 43 A7 16
10-03-26 17:02:10>解析：地址:00 00 00 00 00 00 控制码:83 长度:10 数据标识:07 00 00 FF 数据:DF 7A 5A 4A 01 00 00 00 00 00 00 10
10-03-26 17:03:01>发送:68 00 00 00 00 00 00 68 03 20 32 33 33 3A 33 33 33 33 BA 7B FA C4 73 B0 D6 0E EB 0A 19 95 AA B4 76 F7 34 33 33 33 33 33 33 33 92 16
10-03-26 17:03:02>接收：68 00 00 00 00 00 00 68 83 10 32 33 33 3A 5E 4B F7 31 34 33 33 33 33 33 33 43 AF 16
10-03-26 17:03:02>解析：地址:00 00 00 00 00 00 控制码:83 长度:10 数据标识:07 00 00 FF 数据:2B 18 C4 FE 01 00 00 00 00 00 00 10
10-03-26 17:03:04>发送:68 00 00 00 00 00 00 68 03 20 32 33 33 3A 33 33 33 33 BA 7B FA C4 73 B0 D6 0E EB 0A 19 95 AA B4 76 F7 34 33 33 33 33 33 33 33 92 16
10-03-26 17:03:04>接收：68 00 00 00 00 00 00 68 83 10 32 33 33 3A 09 FE 38 CC 34 33 33 33 33 33 33 43 E9 16
10-03-26 17:03:04>解析：地址:00 00 00 00 00 00 控制码:83 长度:10 数据标识:07 00 00 FF 数据:D6 CB 05 99 01 00 00 00 00 00 00 10
10-03-26 17:03:05>发送:68 00 00 00 00 00 00 68 03 20 32 33 33 3A 33 33 33 33 BA 7B FA C4 73 B0 D6 0E EB 0A 19 95 AA B4 76 F7 34 33 33 33 33 33 33 33 92 16
10-03-26 17:03:09>发送:68 00 00 00 00 00 00 68 03 20 32 33 33 3A 33 33 33 33 BA 7B FA C4 73 B0 D6 0E EB 0A 19 95 AA B4 76 F7 34 33 33 33 33 33 33 33 92 16
10-03-26 17:03:09>接收：68 00 00 00 00 00 00 68 83 10 32 33 33 3A 6C 80 F3 4D 34 33 33 33 33 33 33 43 0A 16
10-03-26 17:03:09>解析：地址:00 00 00 00 00 00 控制码:83 长度:10 数据标识:07 00 00 FF 数据:39 4D C0 1A 01 00 00 00 00 00 00 10
10-03-26 17:03:10>发送:68 00 00 00 00 00 00 68 03 20 32 33 33 3A 33 33 33 33 BA 7B FA C4 73 B0 D6 0E EB 0A 19 95 AA B4 76 F7 34 33 33 33 33 33 33 33 92 16
10-03-26 17:03:11>接收：68 00 00 00 00 00 00 68 83 10 32 33 33 3A 0B 9B D9 E0 34 33 33 33 33 33 33 43 3D 16
10-03-26 17:03:11>解析：地址:00 00 00 00 00 00 控制码:83 长度:10 数据标识:07 00 00 FF 数据:D8 68 A6 AD 01 00 00 00 00 00 00 10
10-03-26 17:03:11>发送:68 00 00 00 00 00 00 68 03 20 32 33 33 3A 33 33 33 33 BA 7B FA C4 73 B0 D6 0E EB 0A 19 95 AA B4 76 F7 34 33 33 33 33 33 33 33 92 16
10-03-26 17:03:12>接收：68 00 00 00 00 00 00 68 83 10 32 33 33 3A D8 72 73 43 34 33 33 33 33 33 33 43 DE 16
10-03-26 17:03:12>解析：地址:00 00 00 00 00 00 控制码:83 长度:10 数据标识:07 00 00 FF 数据:A5 3F 40 10 01 00 00 00 00 00 00 10
10-03-26 17:03:12>发送:68 00 00 00 00 00 00 68 03 20 32 33 33 3A 33 33 33 33 BA 7B FA C4 73 B0 D6 0E EB 0A 19 95 AA B4 76 F7 34 33 33 33 33 33 33 33 92 16
10-03-26 17:03:13>接收：68 00 00 00 00 00 00 68 83 10 32 33 33 3A 07 45 21 A0 34 33 33 33 33 33 33 43 EB 16
10-03-26 17:03:13>解析：地址:00 00 00 00 00 00 控制码:83 长度:10 数据标识:07 00 00 FF 数据:D4 12 EE 6D 01 00 00 00 00 00 00 10
10-03-26 17:03:14>发送:68 00 00 00 00 00 00 68 03 20 32 33 33 3A 33 33 33 33 BA 7B FA C4 73 B0 D6 0E EB 0A 19 95 AA B4 76 F7 34 33 33 33 33 33 33 33 92 16
10-03-26 17:03:14>接收：68 00 00 00 00 00 00 68 83 10 32 33 33 3A 7E B3 63 63 34 33 33 33 33 33 33 43 D5 16
10-03-26 17:03:14>解析：地址:00 00 00 00 00 00 控制码:83 长度:10 数据标识:07 00 00 FF 数据:4B 80 30 30 01 00 00 00 00 00 00 10
10-03-26 17:03:15>发送:68 00 00 00 00 00 00 68 03 20 32 33 33 3A 33 33 33 33 BA 7B FA C4 73 B0 D6 0E EB 0A 19 95 AA B4 76 F7 34 33 33 33 33 33 33 33 92 16
10-03-26 17:03:16>接收：68 00 00 00 00 00 00 68 83 10 32 33 33 3A 39 F5 D9 14 34 33 33 33 33 33 33 43 F9 16
10-03-26 17:03:16>解析：地址:00 00 00 00 00 00 控制码:83 长度:10 数据标识:07 00 00 FF 数据:06 C2 A6 E1 01 00 00 00 00 00 00 10
10-03-26 17:03:16>发送:68 00 00 00 00 00 00 68 03 20 32 33 33 3A 33 33 33 33 BA 7B FA C4 73 B0 D6 0E EB 0A 19 95 AA B4 76 F7 34 33 33 33 33 33 33 33 92 16
10-03-26 17:03:17>接收：68 00 00 00 00 00 00 68 83 10 32 33 33 3A 49 A1 96 51 34 33 33 33 33 33 33 43 AF 16
10-03-26 17:03:17>解析：地址:00 00 00 00 00 00 控制码:83 长度:10 数据标识:07 00 00 FF 数据:16 6E 63 1E 01 00 00 00 00 00 00 10
10-03-26 17:03:18>发送:68 00 00 00 00 00 00 68 03 20 32 33 33 3A 33 33 33 33 BA 7B FA C4 73 B0 D6 0E EB 0A 19 95 AA B4 76 F7 34 33 33 33 33 33 33 33 92 16
10-03-26 17:03:18>接收：68 00 00 00 00 00 00 68 83 10 32 33 33 3A 52 FD 39 5D 34 33 33 33 33 33 33 43 C3 16
10-03-26 17:03:18>解析：地址:00 00 00 00 00 00 控制码:83 长度:10 数据标识:07 00 00 FF 数据:1F CA 06 2A 01 00 00 00 00 00 00 10
10-03-26 17:03:19>发送:68 00 00 00 00 00 00 68 03 20 32 33 33 3A 33 33 33 33 BA 7B FA C4 73 B0 D6 0E EB 0A 19 95 AA B4 76 F7 34 33 33 33 33 33 33 33 92 16
10-03-26 17:03:20>接收：68 00 00 00 00 00 00 68 C3 02 37 33 FF 16
10-03-26 17:03:20>解析：地址:00 00 00 00 00 00 控制码:C3 长度:02 数据标识: 数据:00 04
10-03-26 17:03:22>发送:68 00 00 00 00 00 00 68 03 20 32 33 33 3A 33 33 33 33 BA 7B FA C4 73 B0 D6 0E EB 0A 19 95 AA B4 76 F7 34 33 33 33 33 33 33 33 92 16
10-03-26 17:03:23>接收：68 00 00 00 00 00 00 68 83 10 32 33 33 3A 0A 3D 8C 5D 34 33 33 33 33 33 33 43 0E 16
10-03-26 17:03:23>解析：地址:00 00 00 00 00 00 控制码:83 长度:10 数据标识:07 00 00 FF 数据:D7 0A 59 2A 01 00 00 00 00 00 00 10
10-03-26 17:03:24>发送:68 00 00 00 00 00 00 68 03 20 32 33 33 3A 33 33 33 33 BA 7B FA C4 73 B0 D6 0E EB 0A 19 95 AA B4 76 F7 34 33 33 33 33 33 33 33 92 16
10-03-26 17:03:30>发送:68 00 00 00 00 00 00 68 03 20 32 33 33 3A 33 33 33 33 BA 7B FA C4 73 B0 D6 0E EB 0A 19 95 AA B4 76 F7 34 33 33 33 33 33 33 33 92 16
10-03-26 17:03:31>接收：68 00 00 00 00 00 00 68 83 10 32 33 33 3A 5F 18 77 C1 34 33 33 33 33 33 33 43 8D 16
10-03-26 17:03:31>解析：地址:00 00 00 00 00 00 控制码:83 长度:10 数据标识:07 00 00 FF 数据:2C E5 44 8E 01 00 00 00 00 00 00 10
10-03-26 17:03:33>发送:68 00 00 00 00 00 00 68 03 20 32 33 33 3A 33 33 33 33 BA 7B FA C4 73 B0 D6 0E EB 0A 19 95 AA B4 76 F7 34 33 33 33 33 33 33 33 92 16
10-03-26 17:03:33>接收：68 00 00 00 00 00 00 68 C3 02 37 33 FF 16
10-03-26 17:03:33>解析：地址:00 00 00 00 00 00 控制码:C3 长度:02 数据标识: 数据:00 04
10-03-26 17:03:35>发送:68 00 00 00 00 00 00 68 03 20 32 33 33 3A 33 33 33 33 BA 7B FA C4 73 B0 D6 0E EB 0A 19 95 AA B4 76 F7 34 33 33 33 33 33 33 33 92 16
10-03-26 17:03:35>接收：68 00 00 00 00 00 00 68 83 10 32 33 33 3A AC B6 ED 51 34 33 33 33 33 33 33 43 7E 16
10-03-26 17:03:35>解析：地址:00 00 00 00 00 00 控制码:83 长度:10 数据标识:07 00 00 FF 数据:79 83 BA 1E 01 00 00 00 00 00 00 10
10-03-26 17:03:36>发送:68 00 00 00 00 00 00 68 03 20 32 33 33 3A 33 33 33 33 BA 7B FA C4 73 B0 D6 0E EB 0A 19 95 AA B4 76 F7 34 33 33 33 33 33 33 33 92 16
10-03-26 17:03:37>接收：68 00 00 00 00 00 00 68 83 10 32 33 33 3A D0 49 06 B4 34 33 33 33 33 33 33 43 B1 16
10-03-26 17:03:37>解析：地址:00 00 00 00 00 00 控制码:83 长度:10 数据标识:07 00 00 FF 数据:9D 16 D3 81 01 00 00 00 00 00 00 10
10-03-26 17:03:37>发送:68 00 00 00 00 00 00 68 03 20 32 33 33 3A 33 33 33 33 BA 7B FA C4 73 B0 D6 0E EB 0A 19 95 AA B4 76 F7 34 33 33 33 33 33 33 33 92 16
10-03-26 17:03:38>接收：68 00 00 00 00 00 00 68 83 10 32 33 33 3A 88 0D 4D E1 34 33 33 33 33 33 33 43 A1 16
10-03-26 17:03:38>解析：地址:00 00 00 00 00 00 控制码:83 长度:10 数据标识:07 00 00 FF 数据:55 DA 1A AE 01 00 00 00 00 00 00 10
10-03-26 17:03:38>发送:68 00 00 00 00 00 00 68 03 20 32 33 33 3A 33 33 33 33 BA 7B FA C4 73 B0 D6 0E EB 0A 19 95 AA B4 76 F7 34 33 33 33 33 33 33 33 92 16
10-03-26 17:03:39>接收：68 00 00 00 00 00 00 68 83 10 32 33 33 3A 09 82 55 0C 34 33 33 33 33 33 33 43 CA 16
10-03-26 17:03:39>解析：地址:00 00 00 00 00 00 控制码:83 长度:10 数据标识:07 00 00 FF 数据:D6 4F 22 D9 01 00 00 00 00 00 00 10
10-03-26 17:03:40>发送:68 00 00 00 00 00 00 68 03 20 32 33 33 3A 33 33 33 33 BA 7B FA C4 73 B0 D6 0E EB 0A 19 95 AA B4 76 F7 34 33 33 33 33 33 33 33 92 16
10-03-26 17:03:41>接收：68 00 00 00 00 00 00 68 83 10 32 33 33 3A 4C B6 2A 23 34 33 33 33 33 33 33 43 2D 16
10-03-26 17:03:41>解析：地址:00 00 00 00 00 00 控制码:83 长度:10 数据标识:07 00 00 FF 数据:19 83 F7 F0 01 00 00 00 00 00 00 10
10-03-26 17:04:03>发送:68 00 00 00 00 00 00 68 03 20 32 33 33 3A 33 33 33 33 BA 7B FA C4 73 B0 D6 0E EB 0A 19 95 AA B4 76 F7 34 33 33 33 33 33 33 33 92 16
10-03-26 17:04:03>接收：68 00 00 00 00 00 00 68 83 10 32 33 33 3A AC 7B 31 DD 34 33 33 33 33 33 33 43 13 16
10-03-26 17:04:03>解析：地址:00 00 00 00 00 00 控制码:83 长度:10 数据标识:07 00 00 FF 数据:79 48 FE AA 01 00 00 00 00 00 00 10
10-03-26 17:04:05>发送:68 00 00 00 00 00 00 68 03 20 32 33 33 3A 33 33 33 33 BA 7B FA C4 73 B0 D6 0E EB 0A 19 95 AA B4 76 F7 34 33 33 33 33 33 33 33 92 16
10-03-26 17:04:06>接收：68 00 00 00 00 00 00 68 83 10 32 33 33 3A C7 90 42 08 34 33 33 33 33 33 33 43 7F 16
10-03-26 17:04:06>解析：地址:00 00 00 00 00 00 控制码:83 长度:10 数据标识:07 00 00 FF 数据:94 5D 0F D5 01 00 00 00 00 00 00 10
10-03-26 17:08:18>发送:68 00 00 00 00 00 00 68 03 20 32 33 33 3A 33 33 33 33 BC 9B 4C E5 95 12 1A 69 6E 39 C7 16 16 EE B8 FA 34 33 33 33 33 33 33 33 16 16
10-03-26 17:08:19>接收：68 00 00 00 00 00 00 68 C3 02 37 33 FF 16
10-03-26 17:08:19>解析：地址:00 00 00 00 00 00 控制码:C3 长度:02 数据标识: 数据:00 04
10-03-26 17:08:21>发送:68 00 00 00 00 00 00 68 03 20 32 33 33 3A 33 33 33 33 BC 9B 4C E5 95 12 1A 69 6E 39 C7 16 16 EE B8 FA 34 33 33 33 33 33 33 33 16 16
10-03-26 17:08:22>接收：68 00 00 00 00 00 00 68 83 10 32 33 33 3A 1A 05 4D 81 34 33 33 33 33 33 33 43 CB 16
10-03-26 17:08:22>解析：地址:00 00 00 00 00 00 控制码:83 长度:10 数据标识:07 00 00 FF 数据:E7 D2 1A 4E 01 00 00 00 00 00 00 10
10-03-26 17:08:23>发送:68 00 00 00 00 00 00 68 03 20 32 33 33 3A 33 33 33 33 BC 9B 4C E5 95 12 1A 69 6E 39 C7 16 16 EE B8 FA 34 33 33 33 33 33 33 33 16 16
10-03-26 17:08:23>接收：68 00 00 00 00 00 00 68 83 10 32 33 33 3A D8 3A 23 5D 34 33 33 33 33 33 33 43 70 16
10-03-26 17:08:23>解析：地址:00 00 00 00 00 00 控制码:83 长度:10 数据标识:07 00 00 FF 数据:A5 07 F0 2A 01 00 00 00 00 00 00 10
10-03-26 17:08:24>发送:68 00 00 00 00 00 00 68 03 20 32 33 33 3A 33 33 33 33 BC 9B 4C E5 95 12 1A 69 6E 39 C7 16 16 EE B8 FA 34 33 33 33 33 33 33 33 16 16
10-03-26 17:08:25>接收：68 00 00 00 00 00 00 68 83 10 32 33 33 3A D7 43 E9 C7 34 33 33 33 33 33 33 43 A8 16
10-03-26 17:08:25>解析：地址:00 00 00 00 00 00 控制码:83 长度:10 数据标识:07 00 00 FF 数据:A4 10 B6 94 01 00 00 00 00 00 00 10
10-03-26 17:08:25>发送:68 00 00 00 00 00 00 68 03 20 32 33 33 3A 33 33 33 33 BC 9B 4C E5 95 12 1A 69 6E 39 C7 16 16 EE B8 FA 34 33 33 33 33 33 33 33 16 16
10-03-26 17:08:26>接收：68 00 00 00 00 00 00 68 83 10 32 33 33 3A 78 3E 55 5D 34 33 33 33 33 33 33 43 46 16
10-03-26 17:08:26>解析：地址:00 00 00 00 00 00 控制码:83 长度:10 数据标识:07 00 00 FF 数据:45 0B 22 2A 01 00 00 00 00 00 00 10
10-03-26 17:08:27>发送:68 00 00 00 00 00 00 68 03 20 32 33 33 3A 33 33 33 33 BC 9B 4C E5 95 12 1A 69 6E 39 C7 16 16 EE B8 FA 34 33 33 33 33 33 33 33 16 16
10-03-26 17:08:27>接收：68 00 00 00 00 00 00 68 83 10 32 33 33 3A D0 02 28 3A 34 33 33 33 33 33 33 43 12 16
10-03-26 17:08:27>解析：地址:00 00 00 00 00 00 控制码:83 长度:10 数据标识:07 00 00 FF 数据:9D CF F5 07 01 00 00 00 00 00 00 10
10-03-26 17:08:28>发送:68 00 00 00 00 00 00 68 03 20 32 33 33 3A 33 33 33 33 BC 9B 4C E5 95 12 1A 69 6E 39 C7 16 16 EE B8 FA 34 33 33 33 33 33 33 33 16 16
10-03-26 17:08:29>接收：68 00 00 00 00 00 00 68 83 10 32 33 33 3A 52 BA 07 38 34 33 33 33 33 33 33 43 29 16
10-03-26 17:08:29>解析：地址:00 00 00 00 00 00 控制码:83 长度:10 数据标识:07 00 00 FF 数据:1F 87 D4 05 01 00 00 00 00 00 00 10
10-03-26 17:08:29>发送:68 00 00 00 00 00 00 68 03 20 32 33 33 3A 33 33 33 33 BC 9B 4C E5 95 12 1A 69 6E 39 C7 16 16 EE B8 FA 34 33 33 33 33 33 33 33 16 16
10-03-26 17:08:30>接收：68 00 00 00 00 00 00 68 83 10 32 33 33 3A B3 C9 B6 84 34 33 33 33 33 33 33 43 94 16
10-03-26 17:08:30>解析：地址:00 00 00 00 00 00 控制码:83 长度:10 数据标识:07 00 00 FF 数据:80 96 83 51 01 00 00 00 00 00 00 10
10-03-26 17:08:31>发送:68 00 00 00 00 00 00 68 03 20 32 33 33 3A 33 33 33 33 BC 9B 4C E5 95 12 1A 69 6E 39 C7 16 16 EE B8 FA 34 33 33 33 33 33 33 33 16 16
10-03-26 17:08:31>接收：68 00 00 00 00 00 00 68 83 10 32 33 33 3A D9 0F 01 81 34 33 33 33 33 33 33 43 48 16
10-03-26 17:08:31>解析：地址:00 00 00 00 00 00 控制码:83 长度:10 数据标识:07 00 00 FF 数据:A6 DC CE 4E 01 00 00 00 00 00 00 10
10-03-26 17:08:32>发送:68 00 00 00 00 00 00 68 03 20 32 33 33 3A 33 33 33 33 BC 9B 4C E5 95 12 1A 69 6E 39 C7 16 16 EE B8 FA 34 33 33 33 33 33 33 33 16 16
10-03-26 17:08:32>接收：68 00 00 00 00 00 00 68 83 10 32 33 33 3A C0 C3 60 78 34 33 33 33 33 33 33 43 39 16
10-03-26 17:08:32>解析：地址:00 00 00 00 00 00 控制码:83 长度:10 数据标识:07 00 00 FF 数据:8D 90 2D 45 01 00 00 00 00 00 00 10
10-03-26 17:08:33>发送:68 00 00 00 00 00 00 68 03 20 32 33 33 3A 33 33 33 33 BC 9B 4C E5 95 12 1A 69 6E 39 C7 16 16 EE B8 FA 34 33 33 33 33 33 33 33 16 16
10-03-26 17:08:34>接收：68 00 00 00 00 00 00 68 83 10 32 33 33 3A B4 AB 6D 33 34 33 33 33 33 33 33 43 DD 16
10-03-26 17:08:34>解析：地址:00 00 00 00 00 00 控制码:83 长度:10 数据标识:07 00 00 FF 数据:81 78 3A 00 01 00 00 00 00 00 00 10
10-03-26 17:08:34>发送:68 00 00 00 00 00 00 68 03 20 32 33 33 3A 33 33 33 33 BC 9B 4C E5 95 12 1A 69 6E 39 C7 16 16 EE B8 FA 34 33 33 33 33 33 33 33 16 16
10-03-26 17:08:35>接收：68 00 00 00 00 00 00 68 83 10 32 33 33 3A 4D E8 C9 26 34 33 33 33 33 33 33 43 02 16
10-03-26 17:08:35>解析：地址:00 00 00 00 00 00 控制码:83 长度:10 数据标识:07 00 00 FF 数据:1A B5 96 F3 01 00 00 00 00 00 00 10
10-03-26 17:08:36>发送:68 00 00 00 00 00 00 68 03 20 32 33 33 3A 33 33 33 33 BC 9B 4C E5 95 12 1A 69 6E 39 C7 16 16 EE B8 FA 34 33 33 33 33 33 33 33 16 16
10-03-26 17:08:36>接收：68 00 00 00 00 00 00 68 83 10 32 33 33 3A 79 48 5A 9E 34 33 33 33 33 33 33 43 97 16
10-03-26 17:08:36>解析：地址:00 00 00 00 00 00 控制码:83 长度:10 数据标识:07 00 00 FF 数据:46 15 27 6B 01 00 00 00 00 00 00 10
10-03-26 17:08:37>发送:68 00 00 00 00 00 00 68 03 20 32 33 33 3A 33 33 33 33 BC 9B 4C E5 95 12 1A 69 6E 39 C7 16 16 EE B8 FA 34 33 33 33 33 33 33 33 16 16
10-03-26 17:08:38>接收：68 00 00 00 00 00 00 68 C3 02 37 33 FF 16
10-03-26 17:08:38>解析：地址:00 00 00 00 00 00 控制码:C3 长度:02 数据标识: 数据:00 04
10-03-26 17:08:39>发送:68 00 00 00 00 00 00 68 03 20 32 33 33 3A 33 33 33 33 BC 9B 4C E5 95 12 1A 69 6E 39 C7 16 16 EE B8 FA 34 33 33 33 33 33 33 33 16 16
10-03-26 17:08:40>接收：68 00 00 00 00 00 00 68 C3 02 3B 33 03 16
10-03-26 17:08:40>解析：地址:00 00 00 00 00 00 控制码:C3 长度:02 数据标识: 数据:00 08
10-03-26 17:08:42>发送:68 00 00 00 00 00 00 68 03 20 32 33 33 3A 33 33 33 33 BC 9B 4C E5 95 12 1A 69 6E 39 C7 16 16 EE B8 FA 34 33 33 33 33 33 33 33 16 16
10-03-26 17:08:42>接收：68 00 00 00 00 00 00 68 83 10 32 33 33 3A 02 72 00 72 34 33 33 33 33 33 33 43 C4 16
10-03-26 17:08:42>解析：地址:00 00 00 00 00 00 控制码:83 长度:10 数据标识:07 00 00 FF 数据:CF 3F CD 3F 01 00 00 00 00 00 00 10
10-03-26 17:08:43>发送:68 00 00 00 00 00 00 68 03 20 32 33 33 3A 33 33 33 33 BC 9B 4C E5 95 12 1A 69 6E 39 C7 16 16 EE B8 FA 34 33 33 33 33 33 33 33 16 16
10-03-26 17:08:44>接收：68 00 00 00 00 00 00 68 C3 02 37 33 FF 16
10-03-26 17:08:44>解析：地址:00 00 00 00 00 00 控制码:C3 长度:02 数据标识: 数据:00 04
10-03-26 17:08:46>发送:68 00 00 00 00 00 00 68 03 20 32 33 33 3A 33 33 33 33 BC 9B 4C E5 95 12 1A 69 6E 39 C7 16 16 EE B8 FA 34 33 33 33 33 33 33 33 16 16
10-03-26 17:08:46>接收：68 00 00 00 00 00 00 68 83 10 32 33 33 3A 60 4F A9 BE 34 33 33 33 33 33 33 43 F4 16
10-03-26 17:08:46>解析：地址:00 00 00 00 00 00 控制码:83 长度:10 数据标识:07 00 00 FF 数据:2D 1C 76 8B 01 00 00 00 00 00 00 10
10-03-26 17:08:47>发送:68 00 00 00 00 00 00 68 03 20 32 33 33 3A 33 33 33 33 BC 9B 4C E5 95 12 1A 69 6E 39 C7 16 16 EE B8 FA 34 33 33 33 33 33 33 33 16 16
10-03-26 17:08:48>接收：68 00 00 00 00 00 00 68 83 10 32 33 33 3A F0 C2 7C 1E 34 33 33 33 33 33 33 43 2A 16
10-03-26 17:08:48>解析：地址:00 00 00 00 00 00 控制码:83 长度:10 数据标识:07 00 00 FF 数据:BD 8F 49 EB 01 00 00 00 00 00 00 10
10-03-26 17:08:49>发送:68 00 00 00 00 00 00 68 03 20 32 33 33 3A 33 33 33 33 BC 9B 4C E5 95 12 1A 69 6E 39 C7 16 16 EE B8 FA 34 33 33 33 33 33 33 33 16 16
10-03-26 17:08:49>接收：68 00 00 00 00 00 00 68 83 10 32 33 33 3A F8 59 73 21 34 33 33 33 33 33 33 43 C3 16
10-03-26 17:08:49>解析：地址:00 00 00 00 00 00 控制码:83 长度:10 数据标识:07 00 00 FF 数据:C5 26 40 EE 01 00 00 00 00 00 00 10
10-03-26 17:08:50>发送:68 00 00 00 00 00 00 68 03 20 32 33 33 3A 33 33 33 33 BC 9B 4C E5 95 12 1A 69 6E 39 C7 16 16 EE B8 FA 34 33 33 33 33 33 33 33 16 16
10-03-26 17:08:51>接收：68 00 00 00 00 00 00 68 C3 02 37 33 FF 16
10-03-26 17:08:51>解析：地址:00 00 00 00 00 00 控制码:C3 长度:02 数据标识: 数据:00 04
10-03-26 17:08:52>发送:68 00 00 00 00 00 00 68 03 20 32 33 33 3A 33 33 33 33 BC 9B 4C E5 95 12 1A 69 6E 39 C7 16 16 EE B8 FA 34 33 33 33 33 33 33 33 16 16
10-03-26 17:08:53>接收：68 00 00 00 00 00 00 68 83 10 32 33 33 3A B9 03 B9 0A 34 33 33 33 33 33 33 43 5D 16
10-03-26 17:08:53>解析：地址:00 00 00 00 00 00 控制码:83 长度:10 数据标识:07 00 00 FF 数据:86 D0 86 D7 01 00 00 00 00 00 00 10
10-03-26 17:08:54>发送:68 00 00 00 00 00 00 68 03 20 32 33 33 3A 33 33 33 33 BC 9B 4C E5 95 12 1A 69 6E 39 C7 16 16 EE B8 FA 34 33 33 33 33 33 33 33 16 16
10-03-26 17:08:54>接收：68 00 00 00 00 00 00 68 83 10 32 33 33 3A 35 4E 9D 4C 34 33 33 33 33 33 33 43 4A 16
10-03-26 17:08:54>解析：地址:00 00 00 00 00 00 控制码:83 长度:10 数据标识:07 00 00 FF 数据:02 1B 6A 19 01 00 00 00 00 00 00 10
10-03-26 17:08:55>发送:68 00 00 00 00 00 00 68 03 20 32 33 33 3A 33 33 33 33 BC 9B 4C E5 95 12 1A 69 6E 39 C7 16 16 EE B8 FA 34 33 33 33 33 33 33 33 16 16
10-03-26 17:08:56>接收：68 00 00 00 00 00 00 68 83 10 32 33 33 3A D8 AA 57 0B 34 33 33 33 33 33 33 43 C2 16
10-03-26 17:08:56>解析：地址:00 00 00 00 00 00 控制码:83 长度:10 数据标识:07 00 00 FF 数据:A5 77 24 D8 01 00 00 00 00 00 00 10
10-03-26 17:08:56>发送:68 00 00 00 00 00 00 68 03 20 32 33 33 3A 33 33 33 33 BC 9B 4C E5 95 12 1A 69 6E 39 C7 16 16 EE B8 FA 34 33 33 33 33 33 33 33 16 16
10-03-26 17:08:57>接收：68 00 00 00 00 00 00 68 83 10 32 33 33 3A 00 58 B3 E5 34 33 33 33 33 33 33 43 CE 16
10-03-26 17:08:57>解析：地址:00 00 00 00 00 00 控制码:83 长度:10 数据标识:07 00 00 FF 数据:CD 25 80 B2 01 00 00 00 00 00 00 10
10-03-26 17:10:42>发送:68 00 00 00 00 00 00 68 03 20 32 33 33 3A 33 33 33 33 BC 9B 4C E5 95 12 1A 69 6E 39 C7 16 16 EE B8 FA 34 33 33 33 33 33 33 33 16 16
10-03-26 17:10:43>接收：68 00 00 00 00 00 00 68 C3 02 37 33 FF 16
10-03-26 17:10:43>解析：地址:00 00 00 00 00 00 控制码:C3 长度:02 数据标识: 数据:00 04
10-03-26 17:10:47>发送:68 00 00 00 00 00 00 68 03 20 32 33 33 3A 33 33 33 33 BC 9B 4C E5 95 12 1A 69 6E 39 C7 16 16 EE B8 FA 34 33 33 33 33 33 33 33 16 16
10-03-26 17:10:47>接收：68 00 00 00 00 00 00 68 83 10 32 33 33 3A 57 70 FD 39 34 33 33 33 33 33 33 43 DB 16
10-03-26 17:10:47>解析：地址:00 00 00 00 00 00 控制码:83 长度:10 数据标识:07 00 00 FF 数据:24 3D CA 06 01 00 00 00 00 00 00 10
10-03-26 17:10:48>发送:68 00 00 00 00 00 00 68 03 20 32 33 33 3A 33 33 33 33 BC 9B 4C E5 95 12 1A 69 6E 39 C7 16 16 EE B8 FA 34 33 33 33 33 33 33 33 16 16
10-03-26 17:10:49>接收：68 00 00 00 00 00 00 68 83 10 32 33 33 3A 92 F9 BD F0 34 33 33 33 33 33 33 43 16 16
10-03-26 17:10:49>解析：地址:00 00 00 00 00 00 控制码:83 长度:10 数据标识:07 00 00 FF 数据:5F C6 8A BD 01 00 00 00 00 00 00 10
10-03-26 17:10:50>发送:68 00 00 00 00 00 00 68 03 20 32 33 33 3A 33 33 33 33 BC 9B 4C E5 95 12 1A 69 6E 39 C7 16 16 EE B8 FA 34 33 33 33 33 33 33 33 16 16
10-03-26 17:10:51>接收：68 00 00 00 00 00 00 68 83 10 32 33 33 3A 51 C6 3B 02 34 33 33 33 33 33 33 43 32 16
10-03-26 17:10:51>解析：地址:00 00 00 00 00 00 控制码:83 长度:10 数据标识:07 00 00 FF 数据:1E 93 08 CF 01 00 00 00 00 00 00 10
10-03-26 17:10:51>发送:68 00 00 00 00 00 00 68 03 20 32 33 33 3A 33 33 33 33 BC 9B 4C E5 95 12 1A 69 6E 39 C7 16 16 EE B8 FA 34 33 33 33 33 33 33 33 16 16
10-03-26 17:10:52>接收：68 00 00 00 00 00 00 68 83 10 32 33 33 3A B1 20 AE 68 34 33 33 33 33 33 33 43 C5 16
10-03-26 17:10:52>解析：地址:00 00 00 00 00 00 控制码:83 长度:10 数据标识:07 00 00 FF 数据:7E ED 7B 35 01 00 00 00 00 00 00 10
10-03-26 17:10:52>发送:68 00 00 00 00 00 00 68 03 20 32 33 33 3A 33 33 33 33 BC 9B 4C E5 95 12 1A 69 6E 39 C7 16 16 EE B8 FA 34 33 33 33 33 33 33 33 16 16
10-03-26 17:10:53>接收：68 00 00 00 00 00 00 68 83 10 32 33 33 3A F3 12 71 25 34 33 33 33 33 33 33 43 79 16
10-03-26 17:10:53>解析：地址:00 00 00 00 00 00 控制码:83 长度:10 数据标识:07 00 00 FF 数据:C0 DF 3E F2 01 00 00 00 00 00 00 10
10-03-26 17:10:53>发送:68 00 00 00 00 00 00 68 03 20 32 33 33 3A 33 33 33 33 BC 9B 4C E5 95 12 1A 69 6E 39 C7 16 16 EE B8 FA 34 33 33 33 33 33 33 33 16 16
10-03-26 17:10:54>接收：68 00 00 00 00 00 00 68 83 10 32 33 33 3A 97 50 26 51 34 33 33 33 33 33 33 43 3C 16
10-03-26 17:10:54>解析：地址:00 00 00 00 00 00 控制码:83 长度:10 数据标识:07 00 00 FF 数据:64 1D F3 1E 01 00 00 00 00 00 00 10
10-03-26 17:11:07>发送:68 00 00 00 00 00 00 68 03 20 32 33 33 3A 33 33 33 33 BC 9B 4C E5 95 12 1A 69 6E 39 C7 16 16 EE B8 FA 34 33 33 33 33 33 33 33 16 16
10-03-26 17:11:08>接收：68 00 00 00 00 00 00 68 83 10 32 33 33 3A 45 29 3B DB 34 33 33 33 33 33 33 43 62 16
10-03-26 17:11:08>解析：地址:00 00 00 00 00 00 控制码:83 长度:10 数据标识:07 00 00 FF 数据:12 F6 08 A8 01 00 00 00 00 00 00 10
10-03-26 17:11:08>发送:68 00 00 00 00 00 00 68 03 20 32 33 33 3A 33 33 33 33 BC 9B 4C E5 95 12 1A 69 6E 39 C7 16 16 EE B8 FA 34 33 33 33 33 33 33 33 16 16
10-03-26 17:11:09>接收：68 00 00 00 00 00 00 68 C3 02 37 33 FF 16
10-03-26 17:11:09>解析：地址:00 00 00 00 00 00 控制码:C3 长度:02 数据标识: 数据:00 04
10-03-26 17:11:10>发送:68 00 00 00 00 00 00 68 03 20 32 33 33 3A 33 33 33 33 BC 9B 4C E5 95 12 1A 69 6E 39 C7 16 16 EE B8 FA 34 33 33 33 33 33 33 33 16 16
10-03-26 17:11:11>接收：68 00 00 00 00 00 00 68 C3 02 37 33 FF 16
10-03-26 17:11:11>解析：地址:00 00 00 00 00 00 控制码:C3 长度:02 数据标识: 数据:00 04
10-03-26 17:11:12>发送:68 00 00 00 00 00 00 68 03 20 32 33 33 3A 33 33 33 33 BC 9B 4C E5 95 12 1A 69 6E 39 C7 16 16 EE B8 FA 34 33 33 33 33 33 33 33 16 16
10-03-26 17:11:13>接收：68 00 00 00 00 00 00 68 83 10 32 33 33 3A B3 AD 9A A2 34 33 33 33 33 33 33 43 7A 16
10-03-26 17:11:13>解析：地址:00 00 00 00 00 00 控制码:83 长度:10 数据标识:07 00 00 FF 数据:80 7A 67 6F 01 00 00 00 00 00 00 10
10-03-26 17:11:14>发送:68 00 00 00 00 00 00 68 03 20 32 33 33 3A 33 33 33 33 BC 9B 4C E5 95 12 1A 69 6E 39 C7 16 16 EE B8 FA 34 33 33 33 33 33 33 33 16 16
10-03-26 17:11:14>接收：68 00 00 00 00 00 00 68 83 10 32 33 33 3A 95 C5 87 E3 34 33 33 33 33 33 33 43 A2 16
10-03-26 17:11:14>解析：地址:00 00 00 00 00 00 控制码:83 长度:10 数据标识:07 00 00 FF 数据:62 92 54 B0 01 00 00 00 00 00 00 10
10-03-26 17:12:25>发送:68 00 00 00 00 00 00 68 03 20 32 33 33 3A 33 33 33 33 BC 9B 4C E5 95 12 1A 69 6E 39 C7 16 16 EE B8 FA 34 33 33 33 33 33 33 33 16 16
10-03-26 17:12:36>发送:68 00 00 00 00 00 00 68 03 20 32 33 33 3A 33 33 33 33 BC 9B 4C E5 95 12 1A 69 6E 39 C7 16 16 EE B8 FA 34 33 33 33 33 33 33 33 16 16
10-03-26 17:12:39>发送:68 00 00 00 00 00 00 68 03 20 32 33 33 3A 33 33 33 33 BC 9B 4C E5 95 12 1A 69 6E 39 C7 16 16 EE B8 FA 34 33 33 33 33 33 33 33 16 16
10-03-26 17:13:54>发送:68 11 11 11 11 11 11 68 03 20 32 33 33 3A 33 33 33 33 39 BF B0 43 A9 0E E7 93 42 7D 03 D0 ED 32 73 5B 34 33 33 33 33 33 33 33 2B 16
10-03-26 17:13:54>接收：68 11 11 11 11 11 11 68 83 10 32 33 33 3A 07 9B FA 47 34 33 33 33 33 33 33 43 27 16
10-03-26 17:13:54>解析：地址:11 11 11 11 11 11 控制码:83 长度:10 数据标识:07 00 00 FF 数据:D4 68 C7 14 01 00 00 00 00 00 00 10
10-03-26 17:13:57>发送:68 11 11 11 11 11 11 68 03 20 32 33 33 3A 33 33 33 33 39 BF B0 43 A9 0E E7 93 42 7D 03 D0 ED 32 73 5B 34 33 33 33 33 33 33 33 2B 16
10-03-26 17:13:57>接收：68 11 11 11 11 11 11 68 83 10 32 33 33 3A E3 DF 31 CB 34 33 33 33 33 33 33 43 02 16
10-03-26 17:13:57>解析：地址:11 11 11 11 11 11 控制码:83 长度:10 数据标识:07 00 00 FF 数据:B0 AC FE 98 01 00 00 00 00 00 00 10
10-03-26 17:13:58>发送:68 11 11 11 11 11 11 68 03 20 32 33 33 3A 33 33 33 33 39 BF B0 43 A9 0E E7 93 42 7D 03 D0 ED 32 73 5B 34 33 33 33 33 33 33 33 2B 16
10-03-26 17:13:58>接收：68 11 11 11 11 11 11 68 C3 02 3B 33 69 16
10-03-26 17:13:58>解析：地址:11 11 11 11 11 11 控制码:C3 长度:02 数据标识: 数据:00 08
10-03-26 17:13:59>发送:68 11 11 11 11 11 11 68 03 20 32 33 33 3A 33 33 33 33 39 BF B0 43 A9 0E E7 93 42 7D 03 D0 ED 32 73 5B 34 33 33 33 33 33 33 33 2B 16
10-03-26 17:14:00>接收：68 11 11 11 11 11 11 68 83 10 32 33 33 3A B5 83 9B A8 34 33 33 33 33 33 33 43 BF 16
10-03-26 17:14:00>解析：地址:11 11 11 11 11 11 控制码:83 长度:10 数据标识:07 00 00 FF 数据:82 50 68 75 01 00 00 00 00 00 00 10
10-03-26 17:14:00>发送:68 11 11 11 11 11 11 68 03 20 32 33 33 3A 33 33 33 33 39 BF B0 43 A9 0E E7 93 42 7D 03 D0 ED 32 73 5B 34 33 33 33 33 33 33 33 2B 16
10-03-26 17:14:01>接收：68 11 11 11 11 11 11 68 83 10 32 33 33 3A 57 8E AF 5E 34 33 33 33 33 33 33 43 36 16
10-03-26 17:14:01>解析：地址:11 11 11 11 11 11 控制码:83 长度:10 数据标识:07 00 00 FF 数据:24 5B 7C 2B 01 00 00 00 00 00 00 10
10-03-26 17:14:01>发送:68 11 11 11 11 11 11 68 03 20 32 33 33 3A 33 33 33 33 39 BF B0 43 A9 0E E7 93 42 7D 03 D0 ED 32 73 5B 34 33 33 33 33 33 33 33 2B 16
10-03-26 17:14:02>接收：68 11 11 11 11 11 11 68 C3 02 37 33 65 16
10-03-26 17:14:02>解析：地址:11 11 11 11 11 11 控制码:C3 长度:02 数据标识: 数据:00 04
10-03-26 17:14:02>发送:68 11 11 11 11 11 11 68 03 20 32 33 33 3A 33 33 33 33 39 BF B0 43 A9 0E E7 93 42 7D 03 D0 ED 32 73 5B 34 33 33 33 33 33 33 33 2B 16
10-03-26 17:14:03>接收：68 11 11 11 11 11 11 68 83 10 32 33 33 3A 4A 69 B3 05 34 33 33 33 33 33 33 43 AF 16
10-03-26 17:14:03>解析：地址:11 11 11 11 11 11 控制码:83 长度:10 数据标识:07 00 00 FF 数据:17 36 80 D2 01 00 00 00 00 00 00 10
10-03-26 17:14:04>发送:68 11 11 11 11 11 11 68 03 20 32 33 33 3A 33 33 33 33 39 BF B0 43 A9 0E E7 93 42 7D 03 D0 ED 32 73 5B 34 33 33 33 33 33 33 33 2B 16
10-03-26 17:14:04>接收：68 11 11 11 11 11 11 68 83 10 32 33 33 3A A1 0A 66 DF 34 33 33 33 33 33 33 43 34 16
10-03-26 17:14:04>解析：地址:11 11 11 11 11 11 控制码:83 长度:10 数据标识:07 00 00 FF 数据:6E D7 33 AC 01 00 00 00 00 00 00 10
10-03-26 17:14:05>发送:68 11 11 11 11 11 11 68 03 20 32 33 33 3A 33 33 33 33 39 BF B0 43 A9 0E E7 93 42 7D 03 D0 ED 32 73 5B 34 33 33 33 33 33 33 33 2B 16
10-03-26 17:14:05>接收：68 11 11 11 11 11 11 68 83 10 32 33 33 3A E7 46 46 92 34 33 33 33 33 33 33 43 49 16
10-03-26 17:14:05>解析：地址:11 11 11 11 11 11 控制码:83 长度:10 数据标识:07 00 00 FF 数据:B4 13 13 5F 01 00 00 00 00 00 00 10
10-03-26 17:14:06>发送:68 11 11 11 11 11 11 68 03 20 32 33 33 3A 33 33 33 33 39 BF B0 43 A9 0E E7 93 42 7D 03 D0 ED 32 73 5B 34 33 33 33 33 33 33 33 2B 16
10-03-26 17:14:07>接收：68 11 11 11 11 11 11 68 83 10 32 33 33 3A 4D F5 15 01 34 33 33 33 33 33 33 43 9C 16
10-03-26 17:14:07>解析：地址:11 11 11 11 11 11 控制码:83 长度:10 数据标识:07 00 00 FF 数据:1A C2 E2 CE 01 00 00 00 00 00 00 10
10-03-26 17:14:07>发送:68 11 11 11 11 11 11 68 03 20 32 33 33 3A 33 33 33 33 39 BF B0 43 A9 0E E7 93 42 7D 03 D0 ED 32 73 5B 34 33 33 33 33 33 33 33 2B 16
10-03-26 17:14:08>接收：68 11 11 11 11 11 11 68 C3 02 3B 33 69 16
10-03-26 17:14:08>解析：地址:11 11 11 11 11 11 控制码:C3 长度:02 数据标识: 数据:00 08
10-03-26 17:14:08>发送:68 11 11 11 11 11 11 68 03 20 32 33 33 3A 33 33 33 33 39 BF B0 43 A9 0E E7 93 42 7D 03 D0 ED 32 73 5B 34 33 33 33 33 33 33 33 2B 16
10-03-26 17:14:09>接收：68 11 11 11 11 11 11 68 83 10 32 33 33 3A B8 F5 08 CF 34 33 33 33 33 33 33 43 C8 16
10-03-26 17:14:09>解析：地址:11 11 11 11 11 11 控制码:83 长度:10 数据标识:07 00 00 FF 数据:85 C2 D5 9C 01 00 00 00 00 00 00 10
10-03-26 17:14:09>发送:68 11 11 11 11 11 11 68 03 20 32 33 33 3A 33 33 33 33 39 BF B0 43 A9 0E E7 93 42 7D 03 D0 ED 32 73 5B 34 33 33 33 33 33 33 33 2B 16
10-03-26 17:14:10>接收：68 11 11 11 11 11 11 68 83 10 32 33 33 3A 3A 1F 0E 74 34 33 33 33 33 33 33 43 1F 16
10-03-26 17:14:10>解析：地址:11 11 11 11 11 11 控制码:83 长度:10 数据标识:07 00 00 FF 数据:07 EC DB 41 01 00 00 00 00 00 00 10
10-03-26 17:14:11>发送:68 11 11 11 11 11 11 68 03 20 32 33 33 3A 33 33 33 33 39 BF B0 43 A9 0E E7 93 42 7D 03 D0 ED 32 73 5B 34 33 33 33 33 33 33 33 2B 16
10-03-26 17:14:11>接收：68 11 11 11 11 11 11 68 83 10 32 33 33 3A C1 79 EB 05 34 33 33 33 33 33 33 43 6E 16
10-03-26 17:14:11>解析：地址:11 11 11 11 11 11 控制码:83 长度:10 数据标识:07 00 00 FF 数据:8E 46 B8 D2 01 00 00 00 00 00 00 10
10-03-26 17:14:12>发送:68 11 11 11 11 11 11 68 03 20 32 33 33 3A 33 33 33 33 39 BF B0 43 A9 0E E7 93 42 7D 03 D0 ED 32 73 5B 34 33 33 33 33 33 33 33 2B 16
10-03-26 17:14:12>接收：68 11 11 11 11 11 11 68 83 10 32 33 33 3A 97 88 FE B1 34 33 33 33 33 33 33 43 12 16
10-03-26 17:14:12>解析：地址:11 11 11 11 11 11 控制码:83 长度:10 数据标识:07 00 00 FF 数据:64 55 CB 7E 01 00 00 00 00 00 00 10
10-03-26 17:14:13>发送:68 11 11 11 11 11 11 68 03 20 32 33 33 3A 33 33 33 33 39 BF B0 43 A9 0E E7 93 42 7D 03 D0 ED 32 73 5B 34 33 33 33 33 33 33 33 2B 16
10-03-26 17:14:14>接收：68 11 11 11 11 11 11 68 83 10 32 33 33 3A AB F6 D5 CF 34 33 33 33 33 33 33 43 89 16
10-03-26 17:14:14>解析：地址:11 11 11 11 11 11 控制码:83 长度:10 数据标识:07 00 00 FF 数据:78 C3 A2 9C 01 00 00 00 00 00 00 10
10-03-26 17:14:14>发送:68 11 11 11 11 11 11 68 03 20 32 33 33 3A 33 33 33 33 39 BF B0 43 A9 0E E7 93 42 7D 03 D0 ED 32 73 5B 34 33 33 33 33 33 33 33 2B 16
10-03-26 17:14:15>接收：68 11 11 11 11 11 11 68 83 10 32 33 33 3A C5 18 E6 A6 34 33 33 33 33 33 33 43 AD 16
10-03-26 17:14:15>解析：地址:11 11 11 11 11 11 控制码:83 长度:10 数据标识:07 00 00 FF 数据:92 E5 B3 73 01 00 00 00 00 00 00 10
10-03-26 17:14:15>发送:68 11 11 11 11 11 11 68 03 20 32 33 33 3A 33 33 33 33 39 BF B0 43 A9 0E E7 93 42 7D 03 D0 ED 32 73 5B 34 33 33 33 33 33 33 33 2B 16
10-03-26 17:14:16>接收：68 11 11 11 11 11 11 68 83 10 32 33 33 3A 66 F3 92 BC 34 33 33 33 33 33 33 43 EB 16
10-03-26 17:14:16>解析：地址:11 11 11 11 11 11 控制码:83 长度:10 数据标识:07 00 00 FF 数据:33 C0 5F 89 01 00 00 00 00 00 00 10
10-03-26 17:14:16>发送:68 11 11 11 11 11 11 68 03 20 32 33 33 3A 33 33 33 33 39 BF B0 43 A9 0E E7 93 42 7D 03 D0 ED 32 73 5B 34 33 33 33 33 33 33 33 2B 16
10-03-26 17:14:17>接收：68 11 11 11 11 11 11 68 C3 02 3B 33 69 16
10-03-26 17:14:17>解析：地址:11 11 11 11 11 11 控制码:C3 长度:02 数据标识: 数据:00 08
10-03-26 17:14:17>发送:68 11 11 11 11 11 11 68 03 20 32 33 33 3A 33 33 33 33 39 BF B0 43 A9 0E E7 93 42 7D 03 D0 ED 32 73 5B 34 33 33 33 33 33 33 33 2B 16
10-03-26 17:14:18>接收：68 11 11 11 11 11 11 68 C3 02 37 33 65 16
10-03-26 17:14:18>解析：地址:11 11 11 11 11 11 控制码:C3 长度:02 数据标识: 数据:00 04
10-03-26 17:14:19>发送:68 11 11 11 11 11 11 68 03 20 32 33 33 3A 33 33 33 33 39 BF B0 43 A9 0E E7 93 42 7D 03 D0 ED 32 73 5B 34 33 33 33 33 33 33 33 2B 16
10-03-26 17:14:20>接收：68 11 11 11 11 11 11 68 83 10 32 33 33 3A D8 92 8A A1 34 33 33 33 33 33 33 43 D9 16
10-03-26 17:14:20>解析：地址:11 11 11 11 11 11 控制码:83 长度:10 数据标识:07 00 00 FF 数据:A5 5F 57 6E 01 00 00 00 00 00 00 10
10-03-26 17:14:20>发送:68 11 11 11 11 11 11 68 03 20 32 33 33 3A 33 33 33 33 39 BF B0 43 A9 0E E7 93 42 7D 03 D0 ED 32 73 5B 34 33 33 33 33 33 33 33 2B 16
10-03-26 17:14:21>接收：68 11 11 11 11 11 11 68 83 10 32 33 33 3A 48 D6 22 DF 34 33 33 33 33 33 33 43 63 16
10-03-26 17:14:21>解析：地址:11 11 11 11 11 11 控制码:83 长度:10 数据标识:07 00 00 FF 数据:15 A3 EF AC 01 00 00 00 00 00 00 10
