10-02-03 10:08:56>发送:68 01 00 00 00 00 00 68 03 20 32 33 33 3A 33 33 33 33 0B 92 6C EE 27 A8 2E D3 11 E1 AC 52 0B 25 C1 CD 34 33 33 33 33 33 33 33 A0 16
10-02-03 10:08:57>接收：68 01 00 00 00 00 00 68 83 10 32 33 33 3A 45 53 D7 89 34 33 33 33 33 33 33 43 D7 16
10-02-03 10:08:57>解析：地址:00 00 00 00 00 01 控制码:83 长度:10 数据标识:07 00 00 FF 数据:12 20 A4 56 01 00 00 00 00 00 00 10
10-02-03 10:09:09>发送:68 01 00 00 00 00 00 68 14 0E 34 3E 33 37 37 33 33 33 33 33 33 33 33 35 D3 16
10-02-03 10:09:09>接收：68 01 00 00 00 00 00 68 D4 01 37 DD 16
10-02-03 10:09:09>解析：地址:00 00 00 00 00 01 控制码:D4 长度:01 数据标识: 数据:04
10-02-03 10:09:17>发送:68 01 00 00 00 00 00 68 14 20 34 3E 33 37 CB 33 33 33 33 33 33 33 DD D9 3A 7A D3 E1 18 1A DD B0 27 B3 8D E9 C9 FB 7C 54 18 4E 38 16
10-02-03 10:09:17>接收：68 01 00 00 00 00 00 68 D4 01 37 DD 16
10-02-03 10:09:17>解析：地址:00 00 00 00 00 01 控制码:D4 长度:01 数据标识: 数据:04
10-02-03 10:23:40>发送:68 01 00 00 00 00 00 68 14 20 34 3E 33 37 CB 33 33 33 33 33 33 33 DD D9 3A 7A D3 E1 18 1A DD B0 27 B3 8D E9 C9 FB 7C 54 18 4E 38 16
10-02-03 10:23:40>接收：68 01 00 00 00 00 00 68 D4 01 37 DD 16
10-02-03 10:23:40>解析：地址:00 00 00 00 00 01 控制码:D4 长度:01 数据标识: 数据:04
10-02-03 10:29:10>发送:68 01 00 00 00 00 00 68 03 20 32 33 33 3A 33 33 33 33 A8 2C B3 EC 87 E9 41 10 C5 84 52 FA F3 53 94 F3 34 33 33 33 33 33 33 33 C1 16
10-02-03 10:29:11>接收：68 01 00 00 00 00 00 68 83 10 32 33 33 3A EC A8 F2 45 34 33 33 33 33 33 33 43 AA 16
10-02-03 10:29:11>解析：地址:00 00 00 00 00 01 控制码:83 长度:10 数据标识:07 00 00 FF 数据:B9 75 BF 12 01 00 00 00 00 00 00 10
10-02-03 10:29:31>发送:68 01 00 00 00 00 00 68 14 20 34 3E 33 37 CB 33 33 33 33 33 33 33 8F BA DE 32 82 6A 98 A6 EF 70 74 0C 2E 8E 96 84 B4 C5 83 92 D7 16
10-02-03 10:29:32>接收：68 01 00 00 00 00 00 68 D4 01 37 DD 16
10-02-03 10:29:32>解析：地址:00 00 00 00 00 01 控制码:D4 长度:01 数据标识: 数据:04
10-02-03 10:29:42>发送:68 01 00 00 00 00 00 68 14 20 34 3E 33 37 CB 33 33 33 44 44 44 44 8F BA DE 32 82 6A 98 A6 EF 70 74 0C 2E 8E 96 84 B4 C5 83 92 1B 16
10-02-03 10:29:42>接收：68 01 00 00 00 00 00 68 D4 01 37 DD 16
10-02-03 10:29:42>解析：地址:00 00 00 00 00 01 控制码:D4 长度:01 数据标识: 数据:04
10-02-03 10:30:28>发送:68 01 00 00 00 00 00 68 14 20 34 3E 33 37 CB 33 33 33 44 44 44 44 8F BA DE 32 82 6A 98 A6 EF 70 74 0C 2E 8E 96 84 B4 C5 83 92 1B 16
10-02-03 10:30:29>接收：68 01 00 00 00 00 00 68 D4 01 37 DD 16
10-02-03 10:30:29>解析：地址:00 00 00 00 00 01 控制码:D4 长度:01 数据标识: 数据:04
10-02-03 10:59:02>发送:68 01 00 00 00 00 00 68 14 0E 34 3E 33 37 37 33 33 33 33 33 33 33 45 4A FA 16
10-02-03 10:59:02>接收：68 01 00 00 00 00 00 68 D4 01 37 DD 16
10-02-03 10:59:02>解析：地址:00 00 00 00 00 01 控制码:D4 长度:01 数据标识: 数据:04
10-02-03 10:59:13>发送:68 01 00 00 00 00 00 68 03 20 32 33 33 3A 33 33 33 33 71 B7 7F 46 64 00 2B 23 4D 68 E7 CA E5 8A 70 1E 34 33 33 33 33 33 33 33 2D 16
10-02-03 10:59:14>接收：68 01 00 00 00 00 00 68 83 10 32 33 33 3A 28 45 CD A4 34 33 33 33 33 33 33 43 BD 16
10-02-03 10:59:14>解析：地址:00 00 00 00 00 01 控制码:83 长度:10 数据标识:07 00 00 FF 数据:F5 12 9A 71 01 00 00 00 00 00 00 10
10-02-03 10:59:32>发送:68 01 00 00 00 00 00 68 14 0E 34 3E 33 37 37 33 33 33 33 33 33 33 45 4A FA 16
10-02-03 10:59:32>接收：68 01 00 00 00 00 00 68 D4 01 37 DD 16
10-02-03 10:59:32>解析：地址:00 00 00 00 00 01 控制码:D4 长度:01 数据标识: 数据:04
10-02-03 10:59:36>发送:68 01 00 00 00 00 00 68 14 20 34 3E 33 37 CB 33 33 33 33 33 33 33 CB 8F 23 33 61 43 B7 04 D0 0F F4 4F D0 8B 79 46 7E DB A6 5C B7 16
10-02-03 10:59:37>接收：68 01 00 00 00 00 00 68 94 00 65 16
10-02-03 10:59:37>解析：地址:00 00 00 00 00 01 控制码:94 长度:00 数据标识: 数据:
10-02-03 11:18:54>发送:68 01 00 00 00 00 00 68 14 20 34 3E 33 37 CB 33 33 33 33 33 33 33 CB 8F 23 33 61 43 B7 04 D0 0F F4 4F D0 8B 79 46 7E DB A6 5C B7 16
10-02-03 11:22:21>发送:68 01 00 00 00 00 00 68 14 20 34 3E 33 37 CB 33 33 33 33 33 33 33 CB 8F 23 33 61 43 B7 04 D0 0F F4 4F D0 8B 79 46 7E DB A6 5C B7 16
10-02-03 11:31:00>接收：00 00 00 00 00 00 00 00 00 00 FE 00
10-02-03 11:31:07>发送:68 01 00 00 00 00 00 68 03 20 32 33 33 3A 33 33 33 33 93 CC E8 4F 10 8A 2A FA 70 B2 98 4B 67 39 31 10 34 33 33 33 33 33 33 33 65 16
10-02-03 11:31:08>接收：68 01 00 00 00 00 00 68 C3 02 3B 33 04 16
10-02-03 11:31:08>解析：地址:00 00 00 00 00 01 控制码:C3 长度:02 数据标识: 数据:00 08
10-02-03 11:31:15>发送:68 01 00 00 00 00 00 68 03 20 32 33 33 3A 33 33 33 33 1D FC 2B 7E C1 52 0F 93 27 9C 09 3A 4F B6 86 E3 34 33 33 33 33 33 33 33 16 16
10-02-03 11:31:16>接收：68 01 00 00 00 00 00 68 C3 02 3B 33 04 16
10-02-03 11:31:16>解析：地址:00 00 00 00 00 01 控制码:C3 长度:02 数据标识: 数据:00 08
10-02-03 11:31:21>发送:68 01 00 00 00 00 00 68 03 20 32 33 33 3A 33 33 33 33 0D 2D E9 33 3A 1B 99 A0 BC B8 78 1B 66 2D 89 7E 34 33 33 33 33 33 33 33 B0 16
10-02-03 11:31:22>接收：68 01 00 00 00 00 00 68 C3 02 3B 33 04 16
10-02-03 11:31:22>解析：地址:00 00 00 00 00 01 控制码:C3 长度:02 数据标识: 数据:00 08
10-02-03 11:31:23>发送:68 01 00 00 00 00 00 68 03 20 32 33 33 3A 33 33 33 33 24 E2 3B 96 A5 D3 99 84 80 01 53 44 41 A2 84 49 34 33 33 33 33 33 33 33 5F 16
10-02-03 11:31:23>接收：68 01 00 00 00 00 00 68 C3 02 3B 33 04 16
10-02-03 11:31:23>解析：地址:00 00 00 00 00 01 控制码:C3 长度:02 数据标识: 数据:00 08
10-02-03 11:31:41>发送:68 01 00 00 00 00 00 68 03 20 32 33 33 3A 33 33 33 33 D2 C7 66 87 58 1A 3C B2 FF 90 66 9E 22 90 8E D0 34 33 33 33 33 33 33 33 B4 16
10-02-03 11:31:42>接收：68 01 00 00 00 00 00 68 C3 02 3B 33 04 16
10-02-03 11:31:42>解析：地址:00 00 00 00 00 01 控制码:C3 长度:02 数据标识: 数据:00 08
10-02-03 11:31:48>发送:68 01 00 00 00 00 00 68 03 20 32 33 33 3A 33 33 33 33 FC DA 69 34 A8 50 2F 94 3C 69 B9 3E A5 B3 73 20 34 33 33 33 33 33 33 33 E0 16
10-02-03 11:31:49>接收：68 01 00 00 00 00 00 68 C3 02 3B 33 04 16
10-02-03 11:31:49>解析：地址:00 00 00 00 00 01 控制码:C3 长度:02 数据标识: 数据:00 08
10-02-03 11:32:10>发送:68 01 00 00 00 00 00 68 03 20 32 33 33 3A 33 33 33 33 5E C2 0E 31 2E 54 4D 08 84 61 E5 D4 C2 78 D4 39 34 33 33 33 33 33 33 33 46 16
10-02-03 11:33:55>接收：68 01 00 00 00 00 00 68 C3 02 3B 33 04 16
10-02-03 11:33:55>解析：地址:00 00 00 00 00 01 控制码:C3 长度:02 数据标识: 数据:00 08
10-02-03 11:34:00>发送:68 01 00 00 00 00 00 68 03 20 32 33 33 3A 33 33 33 33 B4 2C FA 74 24 98 A4 D5 E1 7C E7 71 16 F0 83 9A 34 33 33 33 33 33 33 33 86 16
10-02-03 11:35:41>接收：68 01 00 00 00 00 00 68 C3 02 3B 33 04 16
10-02-03 11:35:41>解析：地址:00 00 00 00 00 01 控制码:C3 长度:02 数据标识: 数据:00 08
10-02-03 11:35:47>发送:68 01 00 00 00 00 00 68 03 20 32 33 33 3A 33 33 33 33 41 07 FC E5 58 FB B5 82 9A 44 86 E4 18 AB 71 E4 34 33 33 33 33 33 33 33 3E 16
10-02-03 11:35:47>接收：68 01 00 00 00 00 00 68 C3 02 3B 33 04 16
10-02-03 11:35:47>解析：地址:00 00 00 00 00 01 控制码:C3 长度:02 数据标识: 数据:00 08
10-02-03 11:35:48>发送:68 01 00 00 00 00 00 68 03 20 32 33 33 3A 33 33 33 33 22 FB 65 8C AB 8D CA 6D 29 E4 81 C2 A5 73 56 FF 34 33 33 33 33 33 33 33 65 16
10-02-03 11:35:49>接收：68 01 00 00 00 00 00 68 C3 02 3B 33 04 16
10-02-03 11:35:49>解析：地址:00 00 00 00 00 01 控制码:C3 长度:02 数据标识: 数据:00 08
10-02-03 11:35:50>发送:68 01 00 00 00 00 00 68 03 20 32 33 33 3A 33 33 33 33 FD 34 A6 E4 41 0E 96 71 8A E7 4B 59 D5 2B 4B 88 34 33 33 33 33 33 33 33 24 16
10-02-03 11:35:50>接收：68 01 00 00 00 00 00 68 C3 02 3B 33 04 16
10-02-03 11:35:50>解析：地址:00 00 00 00 00 01 控制码:C3 长度:02 数据标识: 数据:00 08
10-02-03 11:36:20>发送:68 01 00 00 00 00 00 68 03 20 32 33 33 3A 33 33 33 33 6C AA AC 3F 3B F5 56 69 C4 0B 2A C9 36 35 0C D4 34 33 33 33 33 33 33 33 28 16
10-02-03 11:36:42>接收：68 01 00 00 00 00 00 68 C3 02 3B 33 04 16
10-02-03 11:36:42>解析：地址:00 00 00 00 00 01 控制码:C3 长度:02 数据标识: 数据:00 08
10-02-03 11:36:55>发送:68 01 00 00 00 00 00 68 03 20 32 33 33 3A 33 33 33 33 5A EF 63 3F 80 3C B7 CA CA 21 0C 6F 62 35 7F DE 34 33 33 33 33 33 33 33 AD 16
10-02-03 11:36:56>接收：68 01 00 00 00 00 00 68 C3 02 3B 33 04 16
10-02-03 11:36:56>解析：地址:00 00 00 00 00 01 控制码:C3 长度:02 数据标识: 数据:00 08
10-02-03 11:37:15>发送:68 01 00 00 00 00 00 68 03 20 32 33 33 3A 33 33 33 33 32 0D 87 AE 49 47 4A FD 71 7C BC B6 AA 65 36 0E 34 33 33 33 33 33 33 33 28 16
10-02-03 11:40:15>发送:68 01 00 00 00 00 00 68 03 20 32 33 33 3A 33 33 33 33 3B 53 BC 2B 0F B8 AD D3 93 E6 E4 C7 3E AB 5E 65 34 33 33 33 33 33 33 33 B7 16
10-02-03 11:40:55>接收：68 01 00 00 00 00 00 68 C3 02 3B 33 04 16
10-02-03 11:40:55>解析：地址:00 00 00 00 00 01 控制码:C3 长度:02 数据标识: 数据:00 08
10-02-03 11:41:03>发送:68 01 00 00 00 00 00 68 03 20 32 33 33 3A 33 33 33 33 4C 9C 76 A2 02 BE E9 4A 85 61 C8 90 6B 4D FC F1 34 33 33 33 33 33 33 33 01 16
10-02-03 11:41:03>接收：68 01 00 00 00 00 00 68 C3 02 3B 33 04 16
10-02-03 11:41:03>解析：地址:00 00 00 00 00 01 控制码:C3 长度:02 数据标识: 数据:00 08
10-02-03 11:41:05>发送:68 01 00 00 00 00 00 68 03 20 32 33 33 3A 33 33 33 33 6D E2 17 7B F2 4D 72 28 8C F6 CF E7 2A 4A 8A 0B 34 33 33 33 33 33 33 33 26 16
10-02-03 11:41:05>接收：68 01 00 00 00 00 00 68 C3 02 3B 33 04 16
10-02-03 11:41:05>解析：地址:00 00 00 00 00 01 控制码:C3 长度:02 数据标识: 数据:00 08
10-02-03 11:41:06>发送:68 01 00 00 00 00 00 68 03 20 32 33 33 3A 33 33 33 33 A6 65 AB F3 E2 87 88 2E C8 DE 2B BE C4 62 EA 28 34 33 33 33 33 33 33 33 BA 16
10-02-03 11:41:07>接收：68 01 00 00 00 00 00 68 C3 02 3B 33 04 16
10-02-03 11:41:07>解析：地址:00 00 00 00 00 01 控制码:C3 长度:02 数据标识: 数据:00 08
10-02-03 11:41:25>发送:68 01 00 00 00 00 00 68 03 20 32 33 33 3A 33 33 33 33 B8 43 18 9E EC C9 A5 48 45 AD F0 33 A1 31 DD AA 34 33 33 33 33 33 33 33 EC 16
10-02-03 11:42:40>发送:68 01 00 00 00 00 00 68 03 20 32 33 33 3A 33 33 33 33 23 3B F7 4C 98 3D 04 28 2E D9 6E 14 28 4E 46 D9 34 33 33 33 33 33 33 33 EB 16
10-02-03 11:42:45>接收：68 01 00 00 00 00 00 68 C3 02 3B 33 04 16
10-02-03 11:42:45>解析：地址:00 00 00 00 00 01 控制码:C3 长度:02 数据标识: 数据:00 08
10-02-03 11:42:59>发送:68 01 00 00 00 00 00 68 03 20 32 33 33 3A 33 33 33 33 72 46 A8 68 35 97 DA 09 9C CE 85 E0 30 23 C7 63 34 33 33 33 33 33 33 33 EE 16
10-02-03 11:44:11>接收：68 01 00 00 00 00 00 68 C3 02 3B 33 04 16
10-02-03 11:44:11>解析：地址:00 00 00 00 00 01 控制码:C3 长度:02 数据标识: 数据:00 08
10-02-03 11:44:16>发送:68 01 00 00 00 00 00 68 03 20 32 33 33 3A 33 33 33 33 B6 D4 8A 61 3F B9 13 C7 BE C3 9C 82 AA 0D D8 AC 34 33 33 33 33 33 33 33 4C 16
10-02-03 11:44:31>接收：68 01 00 00 00 00 00 68 C3 02 3B 33 04 16
10-02-03 11:44:31>解析：地址:00 00 00 00 00 01 控制码:C3 长度:02 数据标识: 数据:00 08
10-02-03 11:44:42>发送:68 01 00 00 00 00 00 68 03 20 32 33 33 3A 33 33 33 33 DE 37 07 5D 1C 53 2D 96 14 BE 4F DB 54 62 A9 CD 34 33 33 33 33 33 33 33 FE 16
10-02-03 11:44:52>接收：68 01 00 00 00 00 00 68 C3 02 3B 33 04 16
10-02-03 11:44:52>解析：地址:00 00 00 00 00 01 控制码:C3 长度:02 数据标识: 数据:00 08
10-02-03 11:45:06>发送:68 01 00 00 00 00 00 68 03 20 32 33 33 3A 33 33 33 33 55 6E AD AB 2F 52 8D 0F 2D 15 75 BD 00 53 44 A7 34 33 33 33 33 33 33 33 15 16
10-02-03 11:45:06>接收：68 01 00 00 00 00 00 68 C3 02 3B 33 04 16
10-02-03 11:45:06>解析：地址:00 00 00 00 00 01 控制码:C3 长度:02 数据标识: 数据:00 08
10-02-03 11:45:08>发送:68 01 00 00 00 00 00 68 03 20 32 33 33 3A 33 33 33 33 6C 0E CB A7 D3 12 89 D7 37 41 E5 4F B9 1B 3D 9D 34 33 33 33 33 33 33 33 B6 16
10-02-03 11:45:09>接收：68 01 00 00 00 00 00 68 C3 02 3B 33 04 16
10-02-03 11:45:09>解析：地址:00 00 00 00 00 01 控制码:C3 长度:02 数据标识: 数据:00 08
10-02-03 11:45:59>发送:68 01 00 00 00 00 00 68 03 20 32 33 33 3A 33 33 33 33 89 49 64 0F FE 69 FE 0B 1E 5C 02 48 A4 F1 71 02 34 33 33 33 33 33 33 33 AC 16
10-02-03 11:46:04>接收：68 01 00 00 00 00 00 68 C3 02 3B 33 04 16
10-02-03 11:46:04>解析：地址:00 00 00 00 00 01 控制码:C3 长度:02 数据标识: 数据:00 08
10-02-03 11:46:07>发送:68 01 00 00 00 00 00 68 03 20 32 33 33 3A 33 33 33 33 F4 87 F9 38 38 98 D8 46 D0 BD FB BE 14 07 C3 36 34 33 33 33 33 33 33 33 1F 16
10-02-03 11:46:19>接收：68 01 00 00 00 00 00 68 C3 02 3B 33 04 16
10-02-03 11:46:19>解析：地址:00 00 00 00 00 01 控制码:C3 长度:02 数据标识: 数据:00 08
10-02-03 11:46:27>发送:68 01 00 00 00 00 00 68 03 20 32 33 33 3A 33 33 33 33 DC 44 43 0D 0C B0 0E 39 D5 CF B6 A7 F6 99 DF 27 34 33 33 33 33 33 33 33 34 16
10-02-03 11:46:28>接收：68 01 00 00 00 00 00 68 C3 02 3B 33 04 16
10-02-03 11:46:28>解析：地址:00 00 00 00 00 01 控制码:C3 长度:02 数据标识: 数据:00 08
10-02-03 11:46:29>发送:68 01 00 00 00 00 00 68 03 20 32 33 33 3A 33 33 33 33 5E 0B F9 14 19 03 64 FA 78 28 C4 10 30 B2 44 0A 34 33 33 33 33 33 33 33 BF 16
10-02-03 11:46:29>接收：68 01 00 00 00 00 00 68 C3 02 3B 33 04 16
10-02-03 11:46:29>解析：地址:00 00 00 00 00 01 控制码:C3 长度:02 数据标识: 数据:00 08
10-02-03 11:46:30>发送:68 01 00 00 00 00 00 68 03 20 32 33 33 3A 33 33 33 33 8C 6F 92 36 E4 54 CE 4A 06 79 47 39 1F 11 4E 76 34 33 33 33 33 33 33 33 31 16
10-02-03 11:46:30>接收：68 01 00 00 00 00 00 68 C3 02 3B 33 04 16
10-02-03 11:46:30>解析：地址:00 00 00 00 00 01 控制码:C3 长度:02 数据标识: 数据:00 08
10-02-03 11:47:38>发送:68 01 00 00 00 00 00 68 03 20 32 33 33 3A 33 33 33 33 84 E0 DC AB A6 9A 98 59 1A 3D 3C 40 2A 91 FA 83 34 33 33 33 33 33 33 33 52 16
10-02-03 11:48:01>接收：68 01 00 00 00 00 00 68 83 0C 32 33 33 3A 31 91 0B 4E 34 33 33 33 1A 16
10-02-03 11:48:01>解析：地址:00 00 00 00 00 01 控制码:83 长度:0C 数据标识:07 00 00 FF 数据:FE 5E D8 1B 01 00 00 00
10-02-03 11:48:11>发送:68 01 00 00 00 00 00 68 03 20 32 33 33 3A 33 33 33 33 D1 A6 6E 27 B6 A3 B6 B6 B3 98 D8 41 D7 79 31 08 34 33 33 33 33 33 33 33 E9 16
10-02-03 11:48:12>接收：68 01 00 00 00 00 00 68 83 0C 32 33 33 3A 2A DF 6B FF 34 33 33 33 72 16
10-02-03 11:48:12>解析：地址:00 00 00 00 00 01 控制码:83 长度:0C 数据标识:07 00 00 FF 数据:F7 AC 38 CC 01 00 00 00
10-02-03 11:48:15>发送:68 01 00 00 00 00 00 68 03 20 32 33 33 3A 33 33 33 33 11 C8 29 5B 07 70 09 8F 9E D5 33 86 CD 36 CA 11 34 33 33 33 33 33 33 33 A1 16
10-02-03 11:48:16>接收：68 01 00 00 00 00 00 68 C3 02 3B 33 04 16
10-02-03 11:48:16>解析：地址:00 00 00 00 00 01 控制码:C3 长度:02 数据标识: 数据:00 08
10-02-03 11:48:17>发送:68 01 00 00 00 00 00 68 03 20 32 33 33 3A 33 33 33 33 62 00 78 8A 1E B2 06 E6 D8 A5 9B 3F 5F C2 51 62 34 33 33 33 33 33 33 33 76 16
10-02-03 11:48:18>接收：68 01 00 00 00 00 00 68 C3 02 3B 33 04 16
10-02-03 11:48:18>解析：地址:00 00 00 00 00 01 控制码:C3 长度:02 数据标识: 数据:00 08
10-02-03 11:48:19>发送:68 01 00 00 00 00 00 68 03 20 32 33 33 3A 33 33 33 33 2F 37 0C 54 A8 1C 7A A5 6A C5 0C 3B 52 19 C9 40 34 33 33 33 33 33 33 33 BE 16
10-02-03 11:48:20>接收：68 01 00 00 00 00 00 68 C3 02 3B 33 04 16
10-02-03 11:48:20>解析：地址:00 00 00 00 00 01 控制码:C3 长度:02 数据标识: 数据:00 08
10-02-03 11:49:51>发送:68 01 00 00 00 00 00 68 03 20 32 33 33 3A 33 33 33 33 EA BA 32 6C 6A 15 91 17 7A 5D E6 0F 56 E9 35 79 34 33 33 33 33 33 33 33 4D 16
10-02-03 11:49:51>接收：68 01 00 00 00 00 00 68 83 0C 32 33 33 3A 79 58 3A 32 34 33 33 33 3C 16
10-02-03 11:49:51>解析：地址:00 00 00 00 00 01 控制码:83 长度:0C 数据标识:07 00 00 FF 数据:46 25 07 FF 01 00 00 00
10-02-03 11:49:53>发送:68 01 00 00 00 00 00 68 03 20 32 33 33 3A 33 33 33 33 78 88 2A 39 15 28 AB 7E 32 3B 67 D8 DB 22 B2 C0 34 33 33 33 33 33 33 33 0F 16
10-02-03 11:49:53>接收：68 01 00 00 00 00 00 68 C3 02 3B 33 04 16
10-02-03 11:49:53>解析：地址:00 00 00 00 00 01 控制码:C3 长度:02 数据标识: 数据:00 08
10-02-03 11:49:55>发送:68 01 00 00 00 00 00 68 03 20 32 33 33 3A 33 33 33 33 BE 5A 8D 91 69 92 78 B3 ED D0 70 EE 81 1E 4A 3E 34 33 33 33 33 33 33 33 C9 16
10-02-03 11:49:55>接收：68 01 00 00 00 00 00 68 C3 02 3B 33 04 16
10-02-03 11:49:55>解析：地址:00 00 00 00 00 01 控制码:C3 长度:02 数据标识: 数据:00 08
10-02-03 11:49:56>发送:68 01 00 00 00 00 00 68 03 20 32 33 33 3A 33 33 33 33 21 C3 A4 D5 89 60 9E CA 3B 8F 25 E6 5F 05 EB 95 34 33 33 33 33 33 33 33 92 16
10-02-03 11:49:57>接收：68 01 00 00 00 00 00 68 C3 02 3B 33 04 16
10-02-03 11:49:57>解析：地址:00 00 00 00 00 01 控制码:C3 长度:02 数据标识: 数据:00 08
10-02-03 11:49:58>发送:68 01 00 00 00 00 00 68 03 20 32 33 33 3A 33 33 33 33 6C 40 A1 CD 60 1D 23 A6 DE 81 00 1B 16 CA 06 80 34 33 33 33 33 33 33 33 6B 16
10-02-03 11:49:58>接收：68 01 00 00 00 00 00 68 C3 02 3B 33 04 16
10-02-03 11:49:58>解析：地址:00 00 00 00 00 01 控制码:C3 长度:02 数据标识: 数据:00 08
10-02-03 11:49:59>发送:68 01 00 00 00 00 00 68 03 20 32 33 33 3A 33 33 33 33 A6 4E 4C 61 A2 3D 70 14 BD 1A 83 17 DD 9A DE F2 34 33 33 33 33 33 33 33 E7 16
10-02-03 11:49:59>接收：68 01 00 00 00 00 00 68 C3 02 3B 33 04 16
10-02-03 11:49:59>解析：地址:00 00 00 00 00 01 控制码:C3 长度:02 数据标识: 数据:00 08
10-02-03 11:50:00>发送:68 01 00 00 00 00 00 68 03 20 32 33 33 3A 33 33 33 33 C8 8D EF 5D FB 4B 5D A1 60 E1 87 43 A8 A1 4F 42 34 33 33 33 33 33 33 33 F5 16
10-02-03 11:50:01>接收：68 01 00 00 00 00 00 68 C3 02 3B 33 04 16
10-02-03 11:50:01>解析：地址:00 00 00 00 00 01 控制码:C3 长度:02 数据标识: 数据:00 08
10-02-03 11:51:05>发送:68 01 00 00 00 00 00 68 03 20 32 33 33 3A 33 33 33 33 1D AB B5 40 80 3E 1E 9B 5D C7 AB 69 56 E2 78 76 34 33 33 33 33 33 33 33 BD 16
10-02-03 11:51:06>接收：68 01 00 00 00 00 00 68 C3 02 3B 33 04 16
10-02-03 11:51:06>解析：地址:00 00 00 00 00 01 控制码:C3 长度:02 数据标识: 数据:00 08
10-02-03 11:51:07>发送:68 01 00 00 00 00 00 68 03 20 32 33 33 3A 33 33 33 33 54 70 7E CA 74 FC D5 46 F5 32 C5 6E 67 42 23 EA 34 33 33 33 33 33 33 33 D2 16
10-02-03 11:51:07>接收：68 01 00 00 00 00 00 68 C3 02 3B 33 04 16
10-02-03 11:51:07>解析：地址:00 00 00 00 00 01 控制码:C3 长度:02 数据标识: 数据:00 08
10-02-03 11:51:08>发送:68 01 00 00 00 00 00 68 03 20 32 33 33 3A 33 33 33 33 16 33 CA A5 1E C3 9A 8D CF 8E 3F 7B F7 A1 29 10 34 33 33 33 33 33 33 33 D3 16
10-02-03 11:51:09>接收：68 01 00 00 00 00 00 68 C3 02 3B 33 04 16
10-02-03 11:51:09>解析：地址:00 00 00 00 00 01 控制码:C3 长度:02 数据标识: 数据:00 08
10-02-03 11:51:10>发送:68 01 00 00 00 00 00 68 03 20 32 33 33 3A 33 33 33 33 80 FF 72 56 AB 8E ED E6 47 85 B0 E2 46 0A 43 90 34 33 33 33 33 33 33 33 FF 16
10-02-03 11:51:10>接收：68 01 00 00 00 00 00 68 C3 02 3B 33 04 16
10-02-03 11:51:10>解析：地址:00 00 00 00 00 01 控制码:C3 长度:02 数据标识: 数据:00 08
10-02-03 11:52:16>发送:68 01 00 00 00 00 00 68 03 20 32 33 33 3A 33 33 33 33 11 A7 20 69 92 90 4C 40 3D 1C 30 27 D8 22 6E ED 34 33 33 33 33 33 33 33 1F 16
10-02-03 11:52:17>接收：68 01 00 00 00 00 00 68 C3 02 3B 33 04 16
10-02-03 11:52:17>解析：地址:00 00 00 00 00 01 控制码:C3 长度:02 数据标识: 数据:00 08
10-02-03 11:52:18>发送:68 01 00 00 00 00 00 68 03 20 32 33 33 3A 33 33 33 33 F3 B0 4E 76 3E 35 A6 9C 62 80 CF 78 AA 26 18 12 34 33 33 33 33 33 33 33 6A 16
10-02-03 11:52:19>接收：68 01 00 00 00 00 00 68 C3 02 3B 33 04 16
10-02-03 11:52:19>解析：地址:00 00 00 00 00 01 控制码:C3 长度:02 数据标识: 数据:00 08
10-02-03 11:52:19>发送:68 01 00 00 00 00 00 68 03 20 32 33 33 3A 33 33 33 33 52 18 89 90 ED 93 B1 14 B7 A7 00 45 C3 F7 57 94 34 33 33 33 33 33 33 33 3B 16
10-02-03 11:52:20>接收：68 01 00 00 00 00 00 68 C3 02 3B 33 04 16
10-02-03 11:52:20>解析：地址:00 00 00 00 00 01 控制码:C3 长度:02 数据标识: 数据:00 08
10-02-03 11:52:21>发送:68 01 00 00 00 00 00 68 03 20 32 33 33 3A 33 33 33 33 89 31 E2 D0 31 F3 57 63 4A B1 D5 B0 DB 44 17 42 34 33 33 33 33 33 33 33 6D 16
10-02-03 11:52:21>接收：68 01 00 00 00 00 00 68 C3 02 3B 33 04 16
10-02-03 11:52:21>解析：地址:00 00 00 00 00 01 控制码:C3 长度:02 数据标识: 数据:00 08
10-02-03 11:53:08>发送:68 01 00 00 00 00 00 68 03 20 32 33 33 3A 33 33 33 33 14 BF 58 6A 37 E2 EA B6 2E F2 0F 8C F2 A8 39 A3 34 33 33 33 33 33 33 33 AA 16
10-02-03 11:53:08>接收：68 01 00 00 00 00 00 68 C3 02 3B 33 04 16
10-02-03 11:53:08>解析：地址:00 00 00 00 00 01 控制码:C3 长度:02 数据标识: 数据:00 08
10-02-03 11:53:09>发送:68 01 00 00 00 00 00 68 03 20 32 33 33 3A 33 33 33 33 9C A8 31 F3 AF 51 54 06 F6 6D A8 D8 A4 FA 35 F0 34 33 33 33 33 33 33 33 93 16
10-02-03 11:53:09>接收：68 01 00 00 00 00 00 68 C3 02 3B 33 04 16
10-02-03 11:53:09>解析：地址:00 00 00 00 00 01 控制码:C3 长度:02 数据标识: 数据:00 08
10-02-03 11:53:10>发送:68 01 00 00 00 00 00 68 03 20 32 33 33 3A 33 33 33 33 59 52 4C B4 5D 96 16 8B E2 B8 0E 68 8D 1E 04 02 34 33 33 33 33 33 33 33 2B 16
10-02-03 11:53:11>接收：68 01 00 00 00 00 00 68 C3 02 3B 33 04 16
10-02-03 11:53:11>解析：地址:00 00 00 00 00 01 控制码:C3 长度:02 数据标识: 数据:00 08
10-02-03 11:53:12>发送:68 01 00 00 00 00 00 68 03 20 32 33 33 3A 33 33 33 33 CC 07 88 FF 0F 6F 88 23 5D E9 5C 21 2B C6 A7 F2 34 33 33 33 33 33 33 33 FB 16
10-02-03 11:53:12>接收：68 01 00 00 00 00 00 68 C3 02 3B 33 04 16
10-02-03 11:53:12>解析：地址:00 00 00 00 00 01 控制码:C3 长度:02 数据标识: 数据:00 08
10-02-03 11:53:13>发送:68 01 00 00 00 00 00 68 03 20 32 33 33 3A 33 33 33 33 8B 35 18 D3 DB 01 1C 12 60 8B FC 73 23 6A 09 7B 34 33 33 33 33 33 33 33 4B 16
10-02-03 11:53:14>接收：68 01 00 00 00 00 00 68 C3 02 3B 33 04 16
10-02-03 11:53:14>解析：地址:00 00 00 00 00 01 控制码:C3 长度:02 数据标识: 数据:00 08
10-02-03 11:53:15>发送:68 01 00 00 00 00 00 68 03 20 32 33 33 3A 33 33 33 33 CB B8 E4 F0 37 96 6B 0A 77 2B 15 F4 B3 DA E9 A0 34 33 33 33 33 33 33 33 85 16
10-02-03 11:53:15>接收：68 01 00 00 00 00 00 68 C3 02 3B 33 04 16
10-02-03 11:53:15>解析：地址:00 00 00 00 00 01 控制码:C3 长度:02 数据标识: 数据:00 08
10-02-03 11:53:16>发送:68 01 00 00 00 00 00 68 03 20 32 33 33 3A 33 33 33 33 4C A5 A3 F8 C5 E7 D8 60 E4 4B 95 89 EA CA C7 2B 34 33 33 33 33 33 33 33 8E 16
10-02-03 11:53:16>接收：68 01 00 00 00 00 00 68 C3 02 3B 33 04 16
10-02-03 11:53:16>解析：地址:00 00 00 00 00 01 控制码:C3 长度:02 数据标识: 数据:00 08
10-02-03 11:53:55>发送:68 01 00 00 00 00 00 68 03 20 32 33 33 3A 33 33 33 33 04 3B C1 CA 69 DF 59 E8 C2 98 E8 96 7A E4 E8 BB 34 33 33 33 33 33 33 33 57 16
10-02-03 11:53:55>接收：68 01 00 00 00 00 00 68 83 0C 32 33 33 3A F0 ED D9 E6 34 33 33 33 9B 16
10-02-03 11:53:55>解析：地址:00 00 00 00 00 01 控制码:83 长度:0C 数据标识:07 00 00 FF 数据:BD BA A6 B3 01 00 00 00
10-02-03 11:54:00>发送:68 01 00 00 00 00 00 68 03 20 32 33 33 3A 33 33 33 33 43 B3 7C A5 68 74 B5 26 E8 E2 59 8A 6C 28 D5 9A 34 33 33 33 33 33 33 33 A9 16
10-02-03 11:54:00>接收：68 01 00 00 00 00 00 68 83 0C 32 33 33 3A C9 6D 70 34 34 33 33 33 D9 16
10-02-03 11:54:00>解析：地址:00 00 00 00 00 01 控制码:83 长度:0C 数据标识:07 00 00 FF 数据:96 3A 3D 01 01 00 00 00
10-02-03 11:55:02>发送:68 01 00 00 00 00 00 68 03 20 32 33 33 3A 33 33 33 33 BD 5D E1 FC D4 E6 E8 F0 1B DD B1 6D EA 9E 60 39 34 33 33 33 33 33 33 33 EB 16
10-02-03 13:33:15>发送:68 01 00 00 00 00 00 68 03 20 32 33 33 3A 33 33 33 33 00 6C 6C 46 4C 1E 3B DC 6A 27 1D 89 47 49 52 AC 34 33 33 33 33 33 33 33 8F 16
10-02-03 13:33:26>发送:68 01 00 00 00 00 00 68 03 20 32 33 33 3A 33 33 33 33 02 89 7B F1 60 DF 5D 27 89 4A B3 54 D4 84 9F B1 34 33 33 33 33 33 33 33 67 16
10-02-03 13:33:32>发送:68 01 00 00 00 00 00 68 03 20 32 33 33 3A 33 33 33 33 F1 71 BB 7D 3C 55 32 0A CE E7 69 B9 42 6C B2 97 34 33 33 33 33 33 33 33 60 16
10-02-03 13:33:36>发送:68 01 00 00 00 00 00 68 03 20 32 33 33 3A 33 33 33 33 C5 81 14 9F 91 84 36 C7 2C 15 B3 3B 22 1A 34 D8 34 33 33 33 33 33 33 33 AD 16
10-02-03 13:33:50>发送:68 01 00 00 00 00 00 68 03 20 32 33 33 3A 33 33 33 33 03 B0 88 64 05 81 93 8D 36 6B 03 50 88 E8 F6 22 34 33 33 33 33 33 33 33 EC 16
10-02-03 13:34:01>发送:68 01 00 00 00 00 00 68 03 20 32 33 33 3A 33 33 33 33 33 C5 7D 61 46 19 E4 AA 16 D1 01 58 A5 2F 27 81 34 33 33 33 33 33 33 33 AA 16
10-02-03 13:34:03>发送:68 01 00 00 00 00 00 68 03 20 32 33 33 3A 33 33 33 33 94 88 E5 E3 50 04 DE 41 69 AA 90 91 2F EE 25 F9 34 33 33 33 33 33 33 33 F1 16
10-02-03 13:34:06>发送:68 01 00 00 00 00 00 68 03 20 32 33 33 3A 33 33 33 33 17 58 75 EF C2 98 AE BC 4C D7 0E 80 7E AF 40 78 34 33 33 33 33 33 33 33 58 16
10-02-03 13:34:08>发送:68 01 00 00 00 00 00 68 03 20 32 33 33 3A 33 33 33 33 31 05 60 66 C8 EC 14 71 E5 9A 96 F8 80 1C 35 04 34 33 33 33 33 33 33 33 42 16
10-02-03 13:34:09>发送:68 01 00 00 00 00 00 68 03 20 32 33 33 3A 33 33 33 33 A7 1E 9C 12 8F 73 09 7A 21 90 EB F1 57 32 7A 19 34 33 33 33 33 33 33 33 CC 16
10-02-03 13:34:10>发送:68 01 00 00 00 00 00 68 03 20 32 33 33 3A 33 33 33 33 27 EE 94 B6 4D 96 E3 FB 9D 8D BA C1 98 83 01 27 34 33 33 33 33 33 33 33 33 16
10-02-03 13:34:12>发送:68 01 00 00 00 00 00 68 03 20 32 33 33 3A 33 33 33 33 8D 85 92 33 24 58 9F 99 16 A3 48 B4 F6 4B 62 FC 34 33 33 33 33 33 33 33 0A 16
10-02-03 13:34:14>发送:68 01 00 00 00 00 00 68 03 20 32 33 33 3A 33 33 33 33 CA C6 31 8D E8 A9 8D 7E 23 A5 67 E0 BD B2 B6 48 34 33 33 33 33 33 33 33 91 16
10-02-03 13:34:15>发送:68 01 00 00 00 00 00 68 03 20 32 33 33 3A 33 33 33 33 B0 7C F8 AD 4C 2B B4 66 9B DF 25 E4 B4 15 F8 E9 34 33 33 33 33 33 33 33 BA 16
10-02-03 13:34:16>发送:68 01 00 00 00 00 00 68 03 20 32 33 33 3A 33 33 33 33 68 71 B8 67 EA BC 6B 04 79 51 D0 5D 82 F1 BB A1 34 33 33 33 33 33 33 33 FE 16
10-02-03 13:34:17>发送:68 01 00 00 00 00 00 68 03 20 32 33 33 3A 33 33 33 33 51 32 50 2C F3 4A 74 E0 1E A9 57 A9 54 82 C0 3A 34 33 33 33 33 33 33 33 52 16
10-02-03 13:34:18>发送:68 01 00 00 00 00 00 68 03 20 32 33 33 3A 33 33 33 33 FC E3 74 3A A1 43 AF A1 E2 A5 6B 84 E0 EA EA 1B 34 33 33 33 33 33 33 33 31 16
10-02-03 13:34:19>发送:68 01 00 00 00 00 00 68 03 20 32 33 33 3A 33 33 33 33 D2 95 31 DD A5 AF B0 7A FD 35 E6 8A DF C5 9F 06 34 33 33 33 33 33 33 33 09 16
10-02-03 13:34:20>发送:68 01 00 00 00 00 00 68 03 20 32 33 33 3A 33 33 33 33 8B 7B 2E D3 03 C6 76 9F 03 40 E2 DB A0 47 FD A5 34 33 33 33 33 33 33 33 99 16
10-02-03 13:34:21>发送:68 01 00 00 00 00 00 68 03 20 32 33 33 3A 33 33 33 33 E0 CC AC 18 15 07 95 33 1C 67 EF 12 E5 F8 F6 D7 34 33 33 33 33 33 33 33 AD 16
10-02-03 13:34:22>发送:68 01 00 00 00 00 00 68 03 20 32 33 33 3A 33 33 33 33 AD 99 5D BB 1F FF 85 CF 31 9B 2C BF BA DA EC 4B 34 33 33 33 33 33 33 33 7D 16
10-02-03 13:34:23>发送:68 01 00 00 00 00 00 68 03 20 32 33 33 3A 33 33 33 33 4D C2 F7 C0 B9 F5 82 50 2C 29 E4 42 45 28 75 DF 34 33 33 33 33 33 33 33 AD 16
10-02-03 13:34:24>发送:68 01 00 00 00 00 00 68 03 20 32 33 33 3A 33 33 33 33 C7 7C 7D C5 72 4D 6D 04 65 25 06 F7 DD 43 20 46 34 33 33 33 33 33 33 33 ED 16
10-02-03 13:35:00>发送:68 01 00 00 00 00 00 68 03 20 32 33 33 3A 33 33 33 33 79 E6 EC 06 47 D8 25 89 6B 61 EC 42 03 51 F6 EE 34 33 33 33 33 33 33 33 7B 16
10-02-03 13:35:02>发送:68 01 00 00 00 00 00 68 03 20 32 33 33 3A 33 33 33 33 CD 78 B8 FB 84 E4 D6 0B B8 FB CA 3F 60 D6 0E DA 34 33 33 33 33 33 33 33 46 16
10-02-03 13:35:03>发送:68 01 00 00 00 00 00 68 03 20 32 33 33 3A 33 33 33 33 BC 55 F6 AA 15 FF BD DF 3D 95 81 8B 13 6C 3F D3 34 33 33 33 33 33 33 33 FB 16
10-02-03 13:35:04>发送:68 01 00 00 00 00 00 68 03 20 32 33 33 3A 33 33 33 33 75 9B CC 1D 36 C4 77 00 48 BE 94 0C 7F 79 E2 9F 34 33 33 33 33 33 33 33 B4 16
10-02-03 13:35:06>发送:68 01 00 00 00 00 00 68 03 20 32 33 33 3A 33 33 33 33 E9 BA 8B 3F C2 6D 44 F7 0E E7 02 EA EA B2 A5 D9 34 33 33 33 33 33 33 33 FD 16
10-02-03 13:35:09>发送:68 01 00 00 00 00 00 68 03 20 32 33 33 3A 33 33 33 33 D9 F7 B3 57 69 B9 45 0C F1 0A 37 52 98 7A E6 D6 34 33 33 33 33 33 33 33 CA 16
10-02-03 13:35:10>发送:68 01 00 00 00 00 00 68 03 20 32 33 33 3A 33 33 33 33 FF 41 4C 89 F2 78 B5 43 18 F5 BC 59 ED D7 AA CC 34 33 33 33 33 33 33 33 FE 16
10-02-03 13:35:11>发送:68 01 00 00 00 00 00 68 03 20 32 33 33 3A 33 33 33 33 EE BE C9 72 D6 5F 33 17 53 D2 5F E9 3A C2 CF 7F 34 33 33 33 33 33 33 33 48 16
10-02-03 13:35:18>发送:68 01 00 00 00 00 00 68 03 20 32 33 33 3A 33 33 33 33 C9 8C 3B B7 FA 64 30 9E CC CF A6 F9 BA C1 B1 0E 34 33 33 33 33 33 33 33 12 16
10-02-03 13:35:18>接收：68 01 00 00 00 00 00 68 C3 02 3B 33 04 16
10-02-03 13:35:18>解析：地址:00 00 00 00 00 01 控制码:C3 长度:02 数据标识: 数据:00 08
10-02-03 13:35:21>发送:68 01 00 00 00 00 00 68 03 20 32 33 33 3A 33 33 33 33 46 39 DC 41 6D AC 9A F2 C6 3A 43 35 D5 5D 49 21 34 33 33 33 33 33 33 33 80 16
10-02-03 13:35:21>接收：68 01 00 00 00 00 00 68 C3 02 3B 33 04 16
10-02-03 13:35:21>解析：地址:00 00 00 00 00 01 控制码:C3 长度:02 数据标识: 数据:00 08
10-02-03 13:35:23>发送:68 01 00 00 00 00 00 68 03 20 32 33 33 3A 33 33 33 33 A1 EF 75 D8 F8 04 0C 50 37 BF B1 1E 79 D4 99 78 34 33 33 33 33 33 33 33 83 16
10-02-03 13:35:23>接收：68 01 00 00 00 00 00 68 C3 02 3B 33 04 16
10-02-03 13:35:23>解析：地址:00 00 00 00 00 01 控制码:C3 长度:02 数据标识: 数据:00 08
10-02-03 13:35:25>发送:68 01 00 00 00 00 00 68 03 20 32 33 33 3A 33 33 33 33 41 B0 14 01 D3 E9 73 3E B4 E0 C7 20 3C 6B 42 77 34 33 33 33 33 33 33 33 79 16
10-02-03 13:35:25>接收：68 01 00 00 00 00 00 68 C3 02 3B 33 04 16
10-02-03 13:35:25>解析：地址:00 00 00 00 00 01 控制码:C3 长度:02 数据标识: 数据:00 08
10-02-03 13:35:26>发送:68 01 00 00 00 00 00 68 03 20 32 33 33 3A 33 33 33 33 2B D5 C8 26 99 3F EF C5 00 C7 41 EB A4 00 B6 66 34 33 33 33 33 33 33 33 58 16
10-02-03 13:35:27>接收：68 01 00 00 00 00 00 68 C3 02 3B 33 04 16
10-02-03 13:35:27>解析：地址:00 00 00 00 00 01 控制码:C3 长度:02 数据标识: 数据:00 08
10-02-03 13:35:28>发送:68 01 00 00 00 00 00 68 03 20 32 33 33 3A 33 33 33 33 D2 2F 7B C3 DE CA 64 CD 2E 89 21 83 0E 7A D3 E7 34 33 33 33 33 33 33 33 E0 16
10-02-03 13:35:28>接收：68 01 00 00 00 00 00 68 C3 02 3B 33 04 16
10-02-03 13:35:28>解析：地址:00 00 00 00 00 01 控制码:C3 长度:02 数据标识: 数据:00 08
10-02-03 13:35:29>发送:68 01 00 00 00 00 00 68 03 20 32 33 33 3A 33 33 33 33 E1 2E 7D A0 B9 0E 2B 10 C8 EE D2 F5 64 B9 E0 AF 34 33 33 33 33 33 33 33 82 16
10-02-03 13:35:30>接收：68 01 00 00 00 00 00 68 C3 02 3B 33 04 16
10-02-03 13:35:30>解析：地址:00 00 00 00 00 01 控制码:C3 长度:02 数据标识: 数据:00 08
10-02-03 13:35:31>发送:68 01 00 00 00 00 00 68 03 20 32 33 33 3A 33 33 33 33 F6 3E 4A E5 9A 6D 47 C7 1C 44 67 11 D4 89 07 6D 34 33 33 33 33 33 33 33 4C 16
10-02-03 13:35:31>接收：68 01 00 00 00 00 00 68 C3 02 3B 33 04 16
10-02-03 13:35:31>解析：地址:00 00 00 00 00 01 控制码:C3 长度:02 数据标识: 数据:00 08
10-02-03 13:35:32>发送:68 01 00 00 00 00 00 68 03 20 32 33 33 3A 33 33 33 33 4B B3 E0 8B 2B 38 13 EC CA 81 6C 6D DD F4 0C B4 34 33 33 33 33 33 33 33 AB 16
10-02-03 13:35:33>接收：68 01 00 00 00 00 00 68 C3 02 3B 33 04 16
10-02-03 13:35:33>解析：地址:00 00 00 00 00 01 控制码:C3 长度:02 数据标识: 数据:00 08
10-02-03 13:35:34>发送:68 01 00 00 00 00 00 68 03 20 32 33 33 3A 33 33 33 33 CD 8E 01 89 F7 40 DA 8D 1C 8D 15 96 E7 13 3D 31 34 33 33 33 33 33 33 33 6A 16
10-02-03 13:35:34>接收：68 01 00 00 00 00 00 68 C3 02 3B 33 04 16
10-02-03 13:35:34>解析：地址:00 00 00 00 00 01 控制码:C3 长度:02 数据标识: 数据:00 08
10-02-03 13:35:35>发送:68 01 00 00 00 00 00 68 03 20 32 33 33 3A 33 33 33 33 8C 05 1F 7B 8F 75 63 29 2A 96 0E D3 C8 DE D4 10 34 33 33 33 33 33 33 33 11 16
10-02-03 13:35:35>接收：68 01 00 00 00 00 00 68 C3 02 3B 33 04 16
10-02-03 13:35:35>解析：地址:00 00 00 00 00 01 控制码:C3 长度:02 数据标识: 数据:00 08
10-02-03 13:35:36>发送:68 01 00 00 00 00 00 68 03 20 32 33 33 3A 33 33 33 33 71 9B 9A 01 56 85 BC D0 32 AC 02 D7 F7 B7 E6 84 34 33 33 33 33 33 33 33 08 16
10-02-03 13:35:37>接收：68 01 00 00 00 00 00 68 C3 02 3B 33 04 16
10-02-03 13:35:37>解析：地址:00 00 00 00 00 01 控制码:C3 长度:02 数据标识: 数据:00 08
10-02-03 13:35:38>发送:68 01 00 00 00 00 00 68 03 20 32 33 33 3A 33 33 33 33 94 06 87 4F 6D 7F 0F 35 73 06 C6 AB 48 8C 31 99 34 33 33 33 33 33 33 33 53 16
10-02-03 13:35:38>接收：68 01 00 00 00 00 00 68 C3 02 3B 33 04 16
10-02-03 13:35:38>解析：地址:00 00 00 00 00 01 控制码:C3 长度:02 数据标识: 数据:00 08
10-02-03 13:35:39>发送:68 01 00 00 00 00 00 68 03 20 32 33 33 3A 33 33 33 33 2C 19 3B 60 FD 67 98 45 97 68 46 B3 16 C1 42 36 34 33 33 33 33 33 33 33 93 16
10-02-03 13:35:40>接收：68 01 00 00 00 00 00 68 C3 02 3B 33 04 16
10-02-03 13:35:40>解析：地址:00 00 00 00 00 01 控制码:C3 长度:02 数据标识: 数据:00 08
10-02-03 13:35:40>发送:68 01 00 00 00 00 00 68 03 20 32 33 33 3A 33 33 33 33 6A 1C 24 2A 25 91 37 1A FE 29 5B E8 40 4D CA 4C 34 33 33 33 33 33 33 33 13 16
10-02-03 13:35:41>接收：68 01 00 00 00 00 00 68 83 0C 32 33 33 3A 56 FC 79 34 34 33 33 33 FE 16
10-02-03 13:35:41>解析：地址:00 00 00 00 00 01 控制码:83 长度:0C 数据标识:07 00 00 FF 数据:23 C9 46 01 01 00 00 00
10-02-03 13:35:42>发送:68 01 00 00 00 00 00 68 03 20 32 33 33 3A 33 33 33 33 B2 EC 33 A1 2A 5D D9 B9 4C 12 0C 6E 6D 05 12 1C 34 33 33 33 33 33 33 33 2E 16
10-02-03 13:35:42>接收：68 01 00 00 00 00 00 68 83 0C 32 33 33 3A A6 6F 30 AB 34 33 33 33 EF 16
10-02-03 13:35:42>解析：地址:00 00 00 00 00 01 控制码:83 长度:0C 数据标识:07 00 00 FF 数据:73 3C FD 78 01 00 00 00
10-02-03 13:35:56>发送:68 01 00 00 00 00 00 68 03 20 32 33 33 3A 33 33 33 33 3D CF 76 21 0C 50 98 1A 7F 74 45 7D F7 F7 C6 98 34 33 33 33 33 33 33 33 DD 16
10-02-03 13:35:58>接收：68 01 00 00 00 00 00 68 C3 02 3B 33 04 16
10-02-03 13:35:58>解析：地址:00 00 00 00 00 01 控制码:C3 长度:02 数据标识: 数据:00 08
10-02-03 13:36:07>发送:68 01 00 00 00 00 00 68 03 20 32 33 33 3A 33 33 33 33 53 D7 AF D0 42 5A 03 B1 30 B8 11 DF C9 37 60 8E 34 33 33 33 33 33 33 33 EA 16
10-02-03 13:36:22>接收：68 01 00 00 00 00 00 68 C3 02 3B 33 04 16
10-02-03 13:36:22>解析：地址:00 00 00 00 00 01 控制码:C3 长度:02 数据标识: 数据:00 08
10-02-03 13:36:26>发送:68 01 00 00 00 00 00 68 03 20 32 33 33 3A 33 33 33 33 79 4A 1D D2 44 0C 46 32 FD 2D 97 CF E9 01 B6 83 34 33 33 33 33 33 33 33 58 16
10-02-03 13:36:26>接收：68 01 00 00 00 00 00 68 C3 02 3B 33 04 16
10-02-03 13:36:26>解析：地址:00 00 00 00 00 01 控制码:C3 长度:02 数据标识: 数据:00 08
10-02-03 13:36:27>发送:68 01 00 00 00 00 00 68 03 20 32 33 33 3A 33 33 33 33 3D 57 B0 17 4A BD 25 04 DE F0 A1 34 08 5E 18 BD 34 33 33 33 33 33 33 33 94 16
10-02-03 13:37:07>接收：68 01 00 00 00 00 00 68 83 0C 32 33 33 3A A2 9F FD 24 34 33 33 33 61 16
10-02-03 13:37:07>解析：地址:00 00 00 00 00 01 控制码:83 长度:0C 数据标识:07 00 00 FF 数据:6F 6C CA F1 01 00 00 00
10-02-03 13:37:58>发送:68 01 00 00 00 00 00 68 03 20 32 33 33 3A 33 33 33 33 1A A7 A1 2A B1 31 74 78 5D 26 49 00 5F 80 6F CD 34 33 33 33 33 33 33 33 6C 16
10-02-03 13:39:03>接收：68 01 00 00 00 00 00 68 83 0C 32 33 33 3A 8D 89 5D 48 34 33 33 33 BA 16
10-02-03 13:39:03>解析：地址:00 00 00 00 00 01 控制码:83 长度:0C 数据标识:07 00 00 FF 数据:5A 56 2A 15 01 00 00 00
10-02-03 13:39:07>发送:68 01 00 00 00 00 00 68 03 20 32 33 33 3A 33 33 33 33 62 39 34 34 F2 2E 07 9F 6E F6 5F B5 36 03 88 2C 34 33 33 33 33 33 33 33 59 16
10-02-03 13:40:41>发送:68 01 00 00 00 00 00 68 03 20 32 33 33 3A 33 33 33 33 CB 14 C9 9E D7 63 92 57 6C 09 12 85 43 6E BF D6 34 33 33 33 33 33 33 33 E6 16
10-02-03 13:40:41>接收：68 01 00 00 00 00 00 68 C3 02 3B 33 04 16
10-02-03 13:40:41>解析：地址:00 00 00 00 00 01 控制码:C3 长度:02 数据标识: 数据:00 08
10-02-03 13:40:43>发送:68 01 00 00 00 00 00 68 03 20 32 33 33 3A 33 33 33 33 07 D7 4C 50 83 8D 39 6F 8D 04 CE F3 F3 F5 5D 36 34 33 33 33 33 33 33 33 2A 16
10-02-03 13:40:43>接收：68 01 00 00 00 00 00 68 C3 02 3B 33 04 16
10-02-03 13:40:43>解析：地址:00 00 00 00 00 01 控制码:C3 长度:02 数据标识: 数据:00 08
10-02-03 13:40:44>发送:68 01 00 00 00 00 00 68 03 20 32 33 33 3A 33 33 33 33 73 F8 71 A5 51 2F FA B9 19 AD 3D DB 6F 69 DF F1 34 33 33 33 33 33 33 33 65 16
10-02-03 13:40:45>接收：68 01 00 00 00 00 00 68 C3 02 3B 33 04 16
10-02-03 13:40:45>解析：地址:00 00 00 00 00 01 控制码:C3 长度:02 数据标识: 数据:00 08
10-02-03 13:40:46>发送:68 01 00 00 00 00 00 68 03 20 32 33 33 3A 33 33 33 33 88 9B EF BE 3D F6 6E D7 DF 70 01 A4 CC A3 A1 E3 34 33 33 33 33 33 33 33 5A 16
10-02-03 13:40:46>接收：68 01 00 00 00 00 00 68 C3 02 3B 33 04 16
10-02-03 13:40:46>解析：地址:00 00 00 00 00 01 控制码:C3 长度:02 数据标识: 数据:00 08
10-02-03 13:40:47>发送:68 01 00 00 00 00 00 68 03 20 32 33 33 3A 33 33 33 33 E3 BF 76 F4 F9 AB D0 9A B7 A3 F5 8F 1D 01 F6 34 34 33 33 33 33 33 33 33 6B 16
10-02-03 13:40:48>接收：68 01 00 00 00 00 00 68 C3 02 3B 33 04 16
10-02-03 13:40:48>解析：地址:00 00 00 00 00 01 控制码:C3 长度:02 数据标识: 数据:00 08
10-02-03 13:40:49>发送:68 01 00 00 00 00 00 68 03 20 32 33 33 3A 33 33 33 33 A3 A8 92 07 8C 05 49 6E CD 56 AF E4 66 4F 20 3A 34 33 33 33 33 33 33 33 1C 16
10-02-03 13:40:49>接收：68 01 00 00 00 00 00 68 C3 02 3B 33 04 16
10-02-03 13:40:49>解析：地址:00 00 00 00 00 01 控制码:C3 长度:02 数据标识: 数据:00 08
10-02-03 13:40:50>发送:68 01 00 00 00 00 00 68 03 20 32 33 33 3A 33 33 33 33 B1 D5 3D 6C 03 60 2F 2B 54 47 DE 5E 86 D5 4E D6 34 33 33 33 33 33 33 33 6D 16
10-02-03 13:40:51>接收：68 01 00 00 00 00 00 68 C3 02 3B 33 04 16
10-02-03 13:40:51>解析：地址:00 00 00 00 00 01 控制码:C3 长度:02 数据标识: 数据:00 08
10-02-03 13:40:52>发送:68 01 00 00 00 00 00 68 03 20 32 33 33 3A 33 33 33 33 68 81 72 4A 51 F5 46 4D 3E 55 A6 E5 DF F2 E6 FD 34 33 33 33 33 33 33 33 7B 16
10-02-03 13:40:52>接收：68 01 00 00 00 00 00 68 C3 02 3B 33 04 16
10-02-03 13:40:52>解析：地址:00 00 00 00 00 01 控制码:C3 长度:02 数据标识: 数据:00 08
10-02-03 13:40:53>发送:68 01 00 00 00 00 00 68 03 20 32 33 33 3A 33 33 33 33 0C B1 F2 38 A8 5F EC 77 62 A4 4A DF D7 D2 8F D6 34 33 33 33 33 33 33 33 B9 16
10-02-03 13:40:54>接收：68 01 00 00 00 00 00 68 C3 02 3B 33 04 16
10-02-03 13:40:54>解析：地址:00 00 00 00 00 01 控制码:C3 长度:02 数据标识: 数据:00 08
10-02-03 13:40:55>发送:68 01 00 00 00 00 00 68 03 20 32 33 33 3A 33 33 33 33 20 B1 28 91 A7 99 81 9E 1A 1D D6 FD B4 6B D3 4F 34 33 33 33 33 33 33 33 5F 16
10-02-03 13:40:55>接收：68 01 00 00 00 00 00 68 C3 02 3B 33 04 16
10-02-03 13:40:55>解析：地址:00 00 00 00 00 01 控制码:C3 长度:02 数据标识: 数据:00 08
10-02-03 13:40:56>发送:68 01 00 00 00 00 00 68 03 20 32 33 33 3A 33 33 33 33 36 53 38 25 DC 85 31 B3 DF 4A C1 D2 B6 80 57 83 34 33 33 33 33 33 33 33 22 16
10-02-03 13:40:56>接收：68 01 00 00 00 00 00 68 C3 02 3B 33 04 16
10-02-03 13:40:56>解析：地址:00 00 00 00 00 01 控制码:C3 长度:02 数据标识: 数据:00 08
10-02-03 13:40:57>发送:68 01 00 00 00 00 00 68 03 20 32 33 33 3A 33 33 33 33 92 A7 4D 09 96 39 59 10 0A 25 AC 05 E4 DF 4C E0 34 33 33 33 33 33 33 33 C1 16
10-02-03 13:40:58>接收：68 01 00 00 00 00 00 68 C3 02 3B 33 04 16
10-02-03 13:40:58>解析：地址:00 00 00 00 00 01 控制码:C3 长度:02 数据标识: 数据:00 08
10-02-03 13:40:59>发送:68 01 00 00 00 00 00 68 03 20 32 33 33 3A 33 33 33 33 2A E4 F2 36 B3 99 6F 3F 3A 21 61 F5 DE 79 8A 19 34 33 33 33 33 33 33 33 06 16
10-02-03 13:40:59>接收：68 01 00 00 00 00 00 68 C3 02 3B 33 04 16
10-02-03 13:40:59>解析：地址:00 00 00 00 00 01 控制码:C3 长度:02 数据标识: 数据:00 08
10-02-03 13:41:00>发送:68 01 00 00 00 00 00 68 03 20 32 33 33 3A 33 33 33 33 A1 41 09 36 A3 E6 8C 1A 83 57 0C 38 CD 2D 21 F4 34 33 33 33 33 33 33 33 A8 16
10-02-03 13:41:01>接收：68 01 00 00 00 00 00 68 C3 02 3B 33 04 16
10-02-03 13:41:01>解析：地址:00 00 00 00 00 01 控制码:C3 长度:02 数据标识: 数据:00 08
10-02-03 13:41:02>发送:68 01 00 00 00 00 00 68 03 20 32 33 33 3A 33 33 33 33 2C 53 43 0B E9 C1 1E EF EF 85 74 50 C1 0A FA A2 34 33 33 33 33 33 33 33 4E 16
10-02-03 13:41:02>接收：68 01 00 00 00 00 00 68 C3 02 3B 33 04 16
10-02-03 13:41:02>解析：地址:00 00 00 00 00 01 控制码:C3 长度:02 数据标识: 数据:00 08
10-02-03 13:41:03>发送:68 01 00 00 00 00 00 68 03 20 32 33 33 3A 33 33 33 33 B2 FB 37 6F 92 74 BE 25 3F 74 11 B6 51 4D E0 AF 34 33 33 33 33 33 33 33 0E 16
10-02-03 13:41:04>接收：68 01 00 00 00 00 00 68 C3 02 3B 33 04 16
10-02-03 13:41:04>解析：地址:00 00 00 00 00 01 控制码:C3 长度:02 数据标识: 数据:00 08
10-02-03 13:41:05>发送:68 01 00 00 00 00 00 68 03 20 32 33 33 3A 33 33 33 33 DD 37 25 19 3A BA 37 90 68 F1 7D 0F 43 5B 84 A2 34 33 33 33 33 33 33 33 E1 16
10-02-03 13:41:05>接收：68 01 00 00 00 00 00 68 C3 02 3B 33 04 16
10-02-03 13:41:05>解析：地址:00 00 00 00 00 01 控制码:C3 长度:02 数据标识: 数据:00 08
10-02-03 13:41:06>发送:68 01 00 00 00 00 00 68 03 20 32 33 33 3A 33 33 33 33 89 B5 9E F8 6D 25 4A AB 00 A4 D2 90 55 90 CF AA 34 33 33 33 33 33 33 33 EA 16
10-02-03 13:41:07>接收：68 01 00 00 00 00 00 68 C3 02 3B 33 04 16
10-02-03 13:41:07>解析：地址:00 00 00 00 00 01 控制码:C3 长度:02 数据标识: 数据:00 08
10-02-03 13:41:08>发送:68 01 00 00 00 00 00 68 03 20 32 33 33 3A 33 33 33 33 02 DF BF 43 B2 DF 8C C7 13 C6 14 0A D8 D5 DF 95 34 33 33 33 33 33 33 33 0A 16
10-02-03 13:41:08>接收：68 01 00 00 00 00 00 68 C3 02 3B 33 04 16
10-02-03 13:41:08>解析：地址:00 00 00 00 00 01 控制码:C3 长度:02 数据标识: 数据:00 08
10-02-03 13:41:09>发送:68 01 00 00 00 00 00 68 03 20 32 33 33 3A 33 33 33 33 9B DF AB DC DF CD D9 E0 24 D3 11 79 A1 9F F6 AF 34 33 33 33 33 33 33 33 F7 16
10-02-03 13:41:26>接收：68 01 00 00 00 00 00 68 83 10 32 33 33 3A 1E 1B B6 7B 34 33 33 33 33 33 33 43 49 16
10-02-03 13:41:26>解析：地址:00 00 00 00 00 01 控制码:83 长度:10 数据标识:07 00 00 FF 数据:EB E8 83 48 01 00 00 00 00 00 00 10
10-02-03 13:41:31>发送:68 01 00 00 00 00 00 68 03 20 32 33 33 3A 33 33 33 33 69 79 C9 8C 57 5E 5D 1A C8 9C 4C EB 11 54 CA A4 34 33 33 33 33 33 33 33 FC 16
10-02-03 13:41:31>接收：68 01 00 00 00 00 00 68 C3 02 3B 33 04 16
10-02-03 13:41:31>解析：地址:00 00 00 00 00 01 控制码:C3 长度:02 数据标识: 数据:00 08
10-02-03 13:41:32>发送:68 01 00 00 00 00 00 68 03 20 32 33 33 3A 33 33 33 33 FC 4B 84 96 1C 8C F0 FD 99 3F D0 63 FC 39 18 A7 34 33 33 33 33 33 33 33 20 16
10-02-03 13:41:33>接收：68 01 00 00 00 00 00 68 C3 02 3B 33 04 16
10-02-03 13:41:33>解析：地址:00 00 00 00 00 01 控制码:C3 长度:02 数据标识: 数据:00 08
10-02-03 13:41:34>发送:68 01 00 00 00 00 00 68 03 20 32 33 33 3A 33 33 33 33 9D 9E 0D 68 6D C9 9A E5 DE CC 7B 36 DF BD C7 E0 34 33 33 33 33 33 33 33 2E 16
10-02-03 13:41:34>接收：68 01 00 00 00 00 00 68 C3 02 3B 33 04 16
10-02-03 13:41:34>解析：地址:00 00 00 00 00 01 控制码:C3 长度:02 数据标识: 数据:00 08
10-02-03 13:41:35>发送:68 01 00 00 00 00 00 68 03 20 32 33 33 3A 33 33 33 33 2E E8 F0 CA CD 8D 01 DA 76 E2 15 F6 89 08 D8 54 34 33 33 33 33 33 33 33 50 16
10-02-03 13:41:36>接收：68 01 00 00 00 00 00 68 C3 02 3B 33 04 16
10-02-03 13:41:36>解析：地址:00 00 00 00 00 01 控制码:C3 长度:02 数据标识: 数据:00 08
10-02-03 13:56:18>发送:68 01 00 00 00 00 00 68 03 20 32 33 33 3A 33 33 33 33 F8 7F 8D 43 CC D4 83 60 CB 9C 0A 5C 84 76 A4 41 34 33 33 33 33 33 33 33 A1 16
10-02-03 13:56:18>接收：68 01 00 00 00 00 00 68 C3 02 3B 33 04 16
10-02-03 13:56:18>解析：地址:00 00 00 00 00 01 控制码:C3 长度:02 数据标识: 数据:00 08
10-02-03 13:56:20>发送:68 01 00 00 00 00 00 68 03 20 32 33 33 3A 33 33 33 33 D5 0C A1 C7 E4 7C 54 15 A1 4D 94 9C 3A 89 6C 59 34 33 33 33 33 33 33 33 E3 16
10-02-03 13:56:20>接收：68 01 00 00 00 00 00 68 C3 02 3B 33 04 16
10-02-03 13:56:20>解析：地址:00 00 00 00 00 01 控制码:C3 长度:02 数据标识: 数据:00 08
10-02-03 13:56:21>发送:68 01 00 00 00 00 00 68 03 20 32 33 33 3A 33 33 33 33 FB 41 49 EB 81 82 95 51 E9 70 5D 55 47 26 D9 3E 34 33 33 33 33 33 33 33 13 16
10-02-03 13:56:21>接收：68 01 00 00 00 00 00 68 C3 02 3B 33 04 16
10-02-03 13:56:21>解析：地址:00 00 00 00 00 01 控制码:C3 长度:02 数据标识: 数据:00 08
10-02-03 13:56:22>发送:68 01 00 00 00 00 00 68 03 20 32 33 33 3A 33 33 33 33 60 70 A4 CF AB BA 13 1E C1 0E 8E 63 6A FC C4 55 34 33 33 33 33 33 33 33 43 16
10-02-03 13:56:23>接收：68 01 00 00 00 00 00 68 C3 02 3B 33 04 16
10-02-03 13:56:23>解析：地址:00 00 00 00 00 01 控制码:C3 长度:02 数据标识: 数据:00 08
10-02-03 13:56:24>发送:68 01 00 00 00 00 00 68 03 20 32 33 33 3A 33 33 33 33 99 AA 63 2E 24 DC B6 72 6F 36 6D 2F B5 FE 57 7B 34 33 33 33 33 33 33 33 ED 16
10-02-03 13:56:24>接收：68 01 00 00 00 00 00 68 C3 02 3B 33 04 16
10-02-03 13:56:24>解析：地址:00 00 00 00 00 01 控制码:C3 长度:02 数据标识: 数据:00 08
10-02-03 13:56:25>发送:68 01 00 00 00 00 00 68 03 20 32 33 33 3A 33 33 33 33 A9 52 7C 6C E9 56 96 D2 E8 40 30 F1 80 15 4C 24 34 33 33 33 33 33 33 33 03 16
10-02-03 13:56:25>接收：68 01 00 00 00 00 00 68 C3 02 3B 33 04 16
10-02-03 13:56:25>解析：地址:00 00 00 00 00 01 控制码:C3 长度:02 数据标识: 数据:00 08
10-02-03 13:56:26>发送:68 01 00 00 00 00 00 68 03 20 32 33 33 3A 33 33 33 33 B2 E6 34 EF 8A 37 D2 82 05 05 2A 21 DD BB D9 06 34 33 33 33 33 33 33 33 C7 16
10-02-03 13:56:27>接收：68 01 00 00 00 00 00 68 C3 02 3B 33 04 16
10-02-03 13:56:27>解析：地址:00 00 00 00 00 01 控制码:C3 长度:02 数据标识: 数据:00 08
10-02-03 13:56:28>发送:68 01 00 00 00 00 00 68 03 20 32 33 33 3A 33 33 33 33 B9 BF 44 13 33 9E 6B F0 F1 9E 2F 85 4B 54 2B FD 34 33 33 33 33 33 33 33 30 16
10-02-03 13:56:28>接收：68 01 00 00 00 00 00 68 C3 02 3B 33 04 16
10-02-03 13:56:28>解析：地址:00 00 00 00 00 01 控制码:C3 长度:02 数据标识: 数据:00 08
10-02-03 13:56:29>发送:68 01 00 00 00 00 00 68 03 20 32 33 33 3A 33 33 33 33 8A 71 27 ED AA AF 2D C3 0D 24 A1 C3 A4 47 26 6D 34 33 33 33 33 33 33 33 96 16
10-02-03 13:56:29>接收：68 01 00 00 00 00 00 68 C3 02 3B 33 04 16
10-02-03 13:56:29>解析：地址:00 00 00 00 00 01 控制码:C3 长度:02 数据标识: 数据:00 08
10-02-03 13:56:30>发送:68 01 00 00 00 00 00 68 03 20 32 33 33 3A 33 33 33 33 7B 30 D2 C0 EB AE 31 0C 70 6F 31 6B 0E 5E D0 FC 34 33 33 33 33 33 33 33 F1 16
10-02-03 13:56:31>接收：68 01 00 00 00 00 00 68 C3 02 3B 33 04 16
10-02-03 13:56:31>解析：地址:00 00 00 00 00 01 控制码:C3 长度:02 数据标识: 数据:00 08
10-02-03 13:56:31>发送:68 01 00 00 00 00 00 68 03 20 32 33 33 3A 33 33 33 33 F7 5B B1 A2 77 F0 CE 33 2C DE A2 A9 57 4C D2 8D 34 33 33 33 33 33 33 33 8F 16
10-02-03 13:56:32>接收：68 01 00 00 00 00 00 68 C3 02 3B 33 04 16
10-02-03 13:56:32>解析：地址:00 00 00 00 00 01 控制码:C3 长度:02 数据标识: 数据:00 08
10-02-03 13:56:33>发送:68 01 00 00 00 00 00 68 03 20 32 33 33 3A 33 33 33 33 FD 6D 2F 32 73 90 81 98 9F 98 46 2F 34 8D 7F E3 34 33 33 33 33 33 33 33 E1 16
10-02-03 13:56:33>接收：68 01 00 00 00 00 00 68 C3 02 3B 33 04 16
10-02-03 13:56:33>解析：地址:00 00 00 00 00 01 控制码:C3 长度:02 数据标识: 数据:00 08
10-02-03 13:56:34>发送:68 01 00 00 00 00 00 68 03 20 32 33 33 3A 33 33 33 33 2E 66 F1 F6 DE E8 5A 6B 94 12 65 24 59 E0 4D E0 34 33 33 33 33 33 33 33 C6 16
10-02-03 13:56:34>接收：68 01 00 00 00 00 00 68 C3 02 3B 33 04 16
10-02-03 13:56:34>解析：地址:00 00 00 00 00 01 控制码:C3 长度:02 数据标识: 数据:00 08
10-02-03 13:56:35>发送:68 01 00 00 00 00 00 68 03 20 32 33 33 3A 33 33 33 33 97 42 40 B6 84 23 23 38 C9 38 98 9B 82 EA 47 67 34 33 33 33 33 33 33 33 4A 16
10-02-03 13:56:36>接收：68 01 00 00 00 00 00 68 C3 02 3B 33 04 16
10-02-03 13:56:36>解析：地址:00 00 00 00 00 01 控制码:C3 长度:02 数据标识: 数据:00 08
10-02-03 13:56:37>发送:68 01 00 00 00 00 00 68 03 20 32 33 33 3A 33 33 33 33 EE F3 94 B2 6F AE CA 36 BE 7C 01 57 8D 13 6A C7 34 33 33 33 33 33 33 33 D2 16
10-02-03 13:56:37>接收：68 01 00 00 00 00 00 68 C3 02 3B 33 04 16
10-02-03 13:56:37>解析：地址:00 00 00 00 00 01 控制码:C3 长度:02 数据标识: 数据:00 08
10-02-03 13:56:38>发送:68 01 00 00 00 00 00 68 03 20 32 33 33 3A 33 33 33 33 6F 37 1D C4 1B A1 94 1F 1A 55 20 A0 2A D9 A2 07 34 33 33 33 33 33 33 33 FC 16
10-02-03 13:56:38>接收：68 01 00 00 00 00 00 68 C3 02 3B 33 04 16
10-02-03 13:56:38>解析：地址:00 00 00 00 00 01 控制码:C3 长度:02 数据标识: 数据:00 08
10-02-03 13:56:39>发送:68 01 00 00 00 00 00 68 03 20 32 33 33 3A 33 33 33 33 1E 22 72 14 48 62 40 F6 42 7C B9 63 97 BE 53 C0 34 33 33 33 33 33 33 33 13 16
10-02-03 13:56:40>接收：68 01 00 00 00 00 00 68 C3 02 3B 33 04 16
10-02-03 13:56:40>解析：地址:00 00 00 00 00 01 控制码:C3 长度:02 数据标识: 数据:00 08
10-02-03 13:56:41>发送:68 01 00 00 00 00 00 68 03 20 32 33 33 3A 33 33 33 33 04 02 86 4A F0 24 37 CD 04 C8 E5 32 4A 3A A1 9A 34 33 33 33 33 33 33 33 BB 16
10-02-03 13:56:41>接收：68 01 00 00 00 00 00 68 C3 02 3B 33 04 16
10-02-03 13:56:41>解析：地址:00 00 00 00 00 01 控制码:C3 长度:02 数据标识: 数据:00 08
10-02-03 13:56:42>发送:68 01 00 00 00 00 00 68 03 20 32 33 33 3A 33 33 33 33 65 3A 34 A6 7F 80 14 80 20 04 3F 15 C8 34 9F B4 34 33 33 33 33 33 33 33 FE 16
10-02-03 13:56:42>接收：68 01 00 00 00 00 00 68 C3 02 3B 33 04 16
10-02-03 13:56:42>解析：地址:00 00 00 00 00 01 控制码:C3 长度:02 数据标识: 数据:00 08
10-02-03 13:56:43>发送:68 01 00 00 00 00 00 68 03 20 32 33 33 3A 33 33 33 33 65 3A 34 A6 7F 80 14 80 20 04 3F 15 C8 34 9F B4 34 33 33 33 33 33 33 33 FE 16
10-02-03 13:56:43>接收：68 01 00 00 00 00 00 68 C3 02 3B 33 04 16
10-02-03 13:56:43>解析：地址:00 00 00 00 00 01 控制码:C3 长度:02 数据标识: 数据:00 08
10-02-03 13:56:44>发送:68 01 00 00 00 00 00 68 03 20 32 33 33 3A 33 33 33 33 65 3A 34 A6 7F 80 14 80 20 04 3F 15 C8 34 9F B4 34 33 33 33 33 33 33 33 FE 16
10-02-03 13:56:44>接收：68 01 00 00 00 00 00 68 C3 02 3B 33 04 16
10-02-03 13:56:44>解析：地址:00 00 00 00 00 01 控制码:C3 长度:02 数据标识: 数据:00 08
10-02-03 13:56:45>发送:68 01 00 00 00 00 00 68 03 20 32 33 33 3A 33 33 33 33 65 3A 34 A6 7F 80 14 80 20 04 3F 15 C8 34 9F B4 34 33 33 33 33 33 33 33 FE 16
10-02-03 13:56:45>接收：68 01 00 00 00 00 00 68 C3 02 3B 33 04 16
10-02-03 13:56:45>解析：地址:00 00 00 00 00 01 控制码:C3 长度:02 数据标识: 数据:00 08
10-02-03 13:56:45>发送:68 01 00 00 00 00 00 68 03 20 32 33 33 3A 33 33 33 33 65 3A 34 A6 7F 80 14 80 20 04 3F 15 C8 34 9F B4 34 33 33 33 33 33 33 33 FE 16
10-02-03 13:56:46>接收：68 01 00 00 00 00 00 68 C3 02 3B 33 04 16
10-02-03 13:56:46>解析：地址:00 00 00 00 00 01 控制码:C3 长度:02 数据标识: 数据:00 08
10-02-03 13:56:46>发送:68 01 00 00 00 00 00 68 03 20 32 33 33 3A 33 33 33 33 65 3A 34 A6 7F 80 14 80 20 04 3F 15 C8 34 9F B4 34 33 33 33 33 33 33 33 FE 16
10-02-03 13:56:47>接收：68 01 00 00 00 00 00 68 C3 02 3B 33 04 16
10-02-03 13:56:47>解析：地址:00 00 00 00 00 01 控制码:C3 长度:02 数据标识: 数据:00 08
10-02-03 13:56:47>发送:68 01 00 00 00 00 00 68 03 20 32 33 33 3A 33 33 33 33 65 3A 34 A6 7F 80 14 80 20 04 3F 15 C8 34 9F B4 34 33 33 33 33 33 33 33 FE 16
10-02-03 13:56:47>接收：68 01 00 00 00 00 00 68 C3 02 3B 33 04 16
10-02-03 13:56:47>解析：地址:00 00 00 00 00 01 控制码:C3 长度:02 数据标识: 数据:00 08
10-02-03 13:56:48>发送:68 01 00 00 00 00 00 68 03 20 32 33 33 3A 33 33 33 33 65 3A 34 A6 7F 80 14 80 20 04 3F 15 C8 34 9F B4 34 33 33 33 33 33 33 33 FE 16
10-02-03 13:56:48>接收：68 01 00 00 00 00 00 68 C3 02 3B 33 04 16
10-02-03 13:56:48>解析：地址:00 00 00 00 00 01 控制码:C3 长度:02 数据标识: 数据:00 08
10-02-03 13:56:48>发送:68 01 00 00 00 00 00 68 03 20 32 33 33 3A 33 33 33 33 65 3A 34 A6 7F 80 14 80 20 04 3F 15 C8 34 9F B4 34 33 33 33 33 33 33 33 FE 16
10-02-03 13:56:49>接收：68 01 00 00 00 00 00 68 C3 02 3B 33 04 16
10-02-03 13:56:49>解析：地址:00 00 00 00 00 01 控制码:C3 长度:02 数据标识: 数据:00 08
10-02-03 13:56:49>发送:68 01 00 00 00 00 00 68 03 20 32 33 33 3A 33 33 33 33 65 3A 34 A6 7F 80 14 80 20 04 3F 15 C8 34 9F B4 34 33 33 33 33 33 33 33 FE 16
10-02-03 13:56:49>接收：68 01 00 00 00 00 00 68 C3 02 3B 33 04 16
10-02-03 13:56:49>解析：地址:00 00 00 00 00 01 控制码:C3 长度:02 数据标识: 数据:00 08
10-02-03 13:56:50>发送:68 01 00 00 00 00 00 68 03 20 32 33 33 3A 33 33 33 33 65 3A 34 A6 7F 80 14 80 20 04 3F 15 C8 34 9F B4 34 33 33 33 33 33 33 33 FE 16
10-02-03 13:56:50>接收：68 01 00 00 00 00 00 68 C3 02 3B 33 04 16
10-02-03 13:56:50>解析：地址:00 00 00 00 00 01 控制码:C3 长度:02 数据标识: 数据:00 08
10-02-03 13:56:50>发送:68 01 00 00 00 00 00 68 03 20 32 33 33 3A 33 33 33 33 65 3A 34 A6 7F 80 14 80 20 04 3F 15 C8 34 9F B4 34 33 33 33 33 33 33 33 FE 16
10-02-03 13:56:51>接收：68 01 00 00 00 00 00 68 C3 02 3B 33 04 16
10-02-03 13:56:51>解析：地址:00 00 00 00 00 01 控制码:C3 长度:02 数据标识: 数据:00 08
10-02-03 13:56:51>发送:68 01 00 00 00 00 00 68 03 20 32 33 33 3A 33 33 33 33 65 3A 34 A6 7F 80 14 80 20 04 3F 15 C8 34 9F B4 34 33 33 33 33 33 33 33 FE 16
10-02-03 13:56:51>接收：68 01 00 00 00 00 00 68 C3 02 3B 33 04 16
10-02-03 13:56:51>解析：地址:00 00 00 00 00 01 控制码:C3 长度:02 数据标识: 数据:00 08
10-02-03 13:56:52>发送:68 01 00 00 00 00 00 68 03 20 32 33 33 3A 33 33 33 33 65 3A 34 A6 7F 80 14 80 20 04 3F 15 C8 34 9F B4 34 33 33 33 33 33 33 33 FE 16
10-02-03 13:56:52>接收：68 01 00 00 00 00 00 68 C3 02 3B 33 04 16
10-02-03 13:56:52>解析：地址:00 00 00 00 00 01 控制码:C3 长度:02 数据标识: 数据:00 08
10-02-03 13:56:53>发送:68 01 00 00 00 00 00 68 03 20 32 33 33 3A 33 33 33 33 65 3A 34 A6 7F 80 14 80 20 04 3F 15 C8 34 9F B4 34 33 33 33 33 33 33 33 FE 16
10-02-03 13:56:53>接收：68 01 00 00 00 00 00 68 C3 02 3B 33 04 16
10-02-03 13:56:53>解析：地址:00 00 00 00 00 01 控制码:C3 长度:02 数据标识: 数据:00 08
10-02-03 13:56:53>发送:68 01 00 00 00 00 00 68 03 20 32 33 33 3A 33 33 33 33 65 3A 34 A6 7F 80 14 80 20 04 3F 15 C8 34 9F B4 34 33 33 33 33 33 33 33 FE 16
10-02-03 13:56:54>接收：68 01 00 00 00 00 00 68 C3 02 3B 33 04 16
10-02-03 13:56:54>解析：地址:00 00 00 00 00 01 控制码:C3 长度:02 数据标识: 数据:00 08
10-02-03 13:56:54>发送:68 01 00 00 00 00 00 68 03 20 32 33 33 3A 33 33 33 33 65 3A 34 A6 7F 80 14 80 20 04 3F 15 C8 34 9F B4 34 33 33 33 33 33 33 33 FE 16
10-02-03 13:56:54>接收：68 01 00 00 00 00 00 68 C3 02 3B 33 04 16
10-02-03 13:56:54>解析：地址:00 00 00 00 00 01 控制码:C3 长度:02 数据标识: 数据:00 08
10-02-03 13:56:55>发送:68 01 00 00 00 00 00 68 03 20 32 33 33 3A 33 33 33 33 65 3A 34 A6 7F 80 14 80 20 04 3F 15 C8 34 9F B4 34 33 33 33 33 33 33 33 FE 16
10-02-03 13:56:55>接收：68 01 00 00 00 00 00 68 C3 02 3B 33 04 16
10-02-03 13:56:55>解析：地址:00 00 00 00 00 01 控制码:C3 长度:02 数据标识: 数据:00 08
10-02-03 13:56:55>发送:68 01 00 00 00 00 00 68 03 20 32 33 33 3A 33 33 33 33 65 3A 34 A6 7F 80 14 80 20 04 3F 15 C8 34 9F B4 34 33 33 33 33 33 33 33 FE 16
10-02-03 13:56:56>接收：68 01 00 00 00 00 00 68 C3 02 3B 33 04 16
10-02-03 13:56:56>解析：地址:00 00 00 00 00 01 控制码:C3 长度:02 数据标识: 数据:00 08
10-02-03 13:56:56>发送:68 01 00 00 00 00 00 68 03 20 32 33 33 3A 33 33 33 33 65 3A 34 A6 7F 80 14 80 20 04 3F 15 C8 34 9F B4 34 33 33 33 33 33 33 33 FE 16
10-02-03 13:56:56>接收：68 01 00 00 00 00 00 68 C3 02 3B 33 04 16
10-02-03 13:56:56>解析：地址:00 00 00 00 00 01 控制码:C3 长度:02 数据标识: 数据:00 08
10-02-03 13:56:57>发送:68 01 00 00 00 00 00 68 03 20 32 33 33 3A 33 33 33 33 65 3A 34 A6 7F 80 14 80 20 04 3F 15 C8 34 9F B4 34 33 33 33 33 33 33 33 FE 16
10-02-03 13:56:57>接收：68 01 00 00 00 00 00 68 C3 02 3B 33 04 16
10-02-03 13:56:57>解析：地址:00 00 00 00 00 01 控制码:C3 长度:02 数据标识: 数据:00 08
10-02-03 13:56:57>发送:68 01 00 00 00 00 00 68 03 20 32 33 33 3A 33 33 33 33 65 3A 34 A6 7F 80 14 80 20 04 3F 15 C8 34 9F B4 34 33 33 33 33 33 33 33 FE 16
10-02-03 13:56:58>接收：68 01 00 00 00 00 00 68 C3 02 3B 33 04 16
10-02-03 13:56:58>解析：地址:00 00 00 00 00 01 控制码:C3 长度:02 数据标识: 数据:00 08
10-02-03 13:56:58>发送:68 01 00 00 00 00 00 68 03 20 32 33 33 3A 33 33 33 33 65 3A 34 A6 7F 80 14 80 20 04 3F 15 C8 34 9F B4 34 33 33 33 33 33 33 33 FE 16
10-02-03 13:56:58>接收：68 01 00 00 00 00 00 68 C3 02 3B 33 04 16
10-02-03 13:56:58>解析：地址:00 00 00 00 00 01 控制码:C3 长度:02 数据标识: 数据:00 08
10-02-03 13:56:59>发送:68 01 00 00 00 00 00 68 03 20 32 33 33 3A 33 33 33 33 65 3A 34 A6 7F 80 14 80 20 04 3F 15 C8 34 9F B4 34 33 33 33 33 33 33 33 FE 16
10-02-03 13:56:59>接收：68 01 00 00 00 00 00 68 C3 02 3B 33 04 16
10-02-03 13:56:59>解析：地址:00 00 00 00 00 01 控制码:C3 长度:02 数据标识: 数据:00 08
10-02-03 13:56:59>发送:68 01 00 00 00 00 00 68 03 20 32 33 33 3A 33 33 33 33 65 3A 34 A6 7F 80 14 80 20 04 3F 15 C8 34 9F B4 34 33 33 33 33 33 33 33 FE 16
10-02-03 13:57:00>接收：68 01 00 00 00 00 00 68 C3 02 3B 33 04 16
10-02-03 13:57:00>解析：地址:00 00 00 00 00 01 控制码:C3 长度:02 数据标识: 数据:00 08
10-02-03 13:57:00>发送:68 01 00 00 00 00 00 68 03 20 32 33 33 3A 33 33 33 33 65 3A 34 A6 7F 80 14 80 20 04 3F 15 C8 34 9F B4 34 33 33 33 33 33 33 33 FE 16
10-02-03 13:57:00>接收：68 01 00 00 00 00 00 68 C3 02 3B 33 04 16
10-02-03 13:57:00>解析：地址:00 00 00 00 00 01 控制码:C3 长度:02 数据标识: 数据:00 08
10-02-03 13:57:00>发送:68 01 00 00 00 00 00 68 03 20 32 33 33 3A 33 33 33 33 65 3A 34 A6 7F 80 14 80 20 04 3F 15 C8 34 9F B4 34 33 33 33 33 33 33 33 FE 16
10-02-03 13:57:01>接收：68 01 00 00 00 00 00 68 C3 02 3B 33 04 16
10-02-03 13:57:01>解析：地址:00 00 00 00 00 01 控制码:C3 长度:02 数据标识: 数据:00 08
10-02-03 13:57:01>发送:68 01 00 00 00 00 00 68 03 20 32 33 33 3A 33 33 33 33 65 3A 34 A6 7F 80 14 80 20 04 3F 15 C8 34 9F B4 34 33 33 33 33 33 33 33 FE 16
10-02-03 13:57:02>接收：68 01 00 00 00 00 00 68 C3 02 3B 33 04 16
10-02-03 13:57:02>解析：地址:00 00 00 00 00 01 控制码:C3 长度:02 数据标识: 数据:00 08
10-02-03 13:57:02>发送:68 01 00 00 00 00 00 68 03 20 32 33 33 3A 33 33 33 33 65 3A 34 A6 7F 80 14 80 20 04 3F 15 C8 34 9F B4 34 33 33 33 33 33 33 33 FE 16
10-02-03 13:57:02>接收：68 01 00 00 00 00 00 68 C3 02 3B 33 04 16
10-02-03 13:57:02>解析：地址:00 00 00 00 00 01 控制码:C3 长度:02 数据标识: 数据:00 08
10-02-03 13:57:02>发送:68 01 00 00 00 00 00 68 03 20 32 33 33 3A 33 33 33 33 65 3A 34 A6 7F 80 14 80 20 04 3F 15 C8 34 9F B4 34 33 33 33 33 33 33 33 FE 16
10-02-03 13:57:03>接收：68 01 00 00 00 00 00 68 C3 02 3B 33 04 16
10-02-03 13:57:03>解析：地址:00 00 00 00 00 01 控制码:C3 长度:02 数据标识: 数据:00 08
10-02-03 14:06:27>发送:68 01 00 00 00 00 00 68 03 20 32 33 33 3A 33 33 33 33 AD 55 FB A1 28 52 CA 6F 71 9F 12 6F F2 D2 AD 82 34 33 33 33 33 33 33 33 00 16
10-02-03 14:06:28>接收：68 01 00 00 00 00 00 68 83 10 32 33 33 3A 91 57 D1 CD 34 33 33 33 33 33 33 43 65 16
10-02-03 14:06:28>解析：地址:00 00 00 00 00 01 控制码:83 长度:10 数据标识:07 00 00 FF 数据:5E 24 9E 9A 01 00 00 00 00 00 00 10
10-02-03 14:06:30>发送:68 01 00 00 00 00 00 68 03 20 32 33 33 3A 33 33 33 33 A8 7A 24 E1 5E 90 A9 63 7F 82 2F 27 88 98 0B AF 34 33 33 33 33 33 33 33 7D 16
10-02-03 14:06:30>接收：68 01 00 00 00 00 00 68 83 10 32 33 33 3A AD D4 3D 00 34 33 33 33 33 33 33 43 9D 16
10-02-03 14:06:30>解析：地址:00 00 00 00 00 01 控制码:83 长度:10 数据标识:07 00 00 FF 数据:7A A1 0A CD 01 00 00 00 00 00 00 10
10-02-03 14:06:32>发送:68 01 00 00 00 00 00 68 03 20 32 33 33 3A 33 33 33 33 6C 23 E4 EA CD 2B D4 0C 1D EE 93 30 0B C9 15 53 34 33 33 33 33 33 33 33 6A 16
10-02-03 14:06:32>接收：68 01 00 00 00 00 00 68 83 10 32 33 33 3A 76 A2 FF F8 34 33 33 33 33 33 33 43 EE 16
10-02-03 14:06:32>解析：地址:00 00 00 00 00 01 控制码:83 长度:10 数据标识:07 00 00 FF 数据:43 6F CC C5 01 00 00 00 00 00 00 10
10-02-03 14:06:34>发送:68 01 00 00 00 00 00 68 03 20 32 33 33 3A 33 33 33 33 9F E7 7C FD 3E 16 90 89 1D 8C BB 42 FB 71 18 C8 34 33 33 33 33 33 33 33 89 16
10-02-03 14:06:34>接收：68 01 00 00 00 00 00 68 83 10 32 33 33 3A 21 D2 24 7D 34 33 33 33 33 33 33 43 73 16
10-02-03 14:06:34>解析：地址:00 00 00 00 00 01 控制码:83 长度:10 数据标识:07 00 00 FF 数据:EE 9F F1 4A 01 00 00 00 00 00 00 10
10-02-03 14:06:42>发送:68 01 00 00 00 00 00 68 03 20 32 33 33 3A 33 33 33 33 9F E7 7C FD 3E 16 90 89 1D 8C BB 42 FB 71 18 C8 34 33 33 33 33 33 33 33 89 16
10-02-03 14:06:42>接收：68 01 00 00 00 00 00 68 83 10 32 33 33 3A 5C 8A 42 A1 34 33 33 33 33 33 33 43 A8 16
10-02-03 14:06:42>解析：地址:00 00 00 00 00 01 控制码:83 长度:10 数据标识:07 00 00 FF 数据:29 57 0F 6E 01 00 00 00 00 00 00 10
10-02-03 14:06:43>发送:68 01 00 00 00 00 00 68 03 20 32 33 33 3A 33 33 33 33 9F E7 7C FD 3E 16 90 89 1D 8C BB 42 FB 71 18 C8 34 33 33 33 33 33 33 33 89 16
10-02-03 14:06:43>接收：68 01 00 00 00 00 00 68 83 10 32 33 33 3A D6 9E BE 0E 34 33 33 33 33 33 33 43 1F 16
10-02-03 14:06:43>解析：地址:00 00 00 00 00 01 控制码:83 长度:10 数据标识:07 00 00 FF 数据:A3 6B 8B DB 01 00 00 00 00 00 00 10
10-02-03 14:06:44>发送:68 01 00 00 00 00 00 68 03 20 32 33 33 3A 33 33 33 33 9F E7 7C FD 3E 16 90 89 1D 8C BB 42 FB 71 18 C8 34 33 33 33 33 33 33 33 89 16
10-02-03 14:06:45>接收：68 01 00 00 00 00 00 68 83 10 32 33 33 3A 55 E0 86 90 34 33 33 33 33 33 33 43 2A 16
10-02-03 14:06:45>解析：地址:00 00 00 00 00 01 控制码:83 长度:10 数据标识:07 00 00 FF 数据:22 AD 53 5D 01 00 00 00 00 00 00 10
10-02-03 14:56:16>发送:68 01 00 00 00 00 00 68 14 11 34 34 33 37 37 33 33 33 33 33 33 33 88 77 66 55 44 62 16
10-02-03 14:56:16>接收：68 01 00 00 00 00 00 68 D4 01 35 DB 16
10-02-03 14:56:16>解析：地址:00 00 00 00 00 01 控制码:D4 长度:01 数据标识: 数据:02
10-02-03 15:13:29>发送:68 01 00 00 00 00 00 68 14 10 34 34 33 37 37 33 33 33 33 33 33 33 36 36 35 43 47 16
10-02-03 15:13:29>接收：68 01 00 00 00 00 00 68 D4 01 37 DD 16
10-02-03 15:13:29>解析：地址:00 00 00 00 00 01 控制码:D4 长度:01 数据标识: 数据:04
10-02-03 15:13:57>发送:68 01 00 00 00 00 00 68 14 10 34 34 33 37 37 33 33 33 33 33 33 33 36 36 35 43 47 16
10-02-03 15:13:58>接收：68 01 00 00 00 00 00 68 94 00 65 16
10-02-03 15:13:58>解析：地址:00 00 00 00 00 01 控制码:94 长度:00 数据标识: 数据:
10-02-03 17:23:25>发送:68 AA AA AA AA AA AA 68 13 00 DF 16
10-02-03 17:23:25>接收：68 01 00 00 00 00 00 68 93 06 34 33 33 33 33 33 9D 16
10-02-03 17:23:25>解析：地址:00 00 00 00 00 01 控制码:93 长度:06 数据标识: 数据:01 00 00 00 00 00
