10-02-02 09:28:51>发送:68 01 00 00 00 00 00 68 03 08 34 35 B4 3A 33 33 33 33 FF 16
10-02-02 09:28:52>接收：68 01 00 00 00 00 00 68 C3 02 3B 33 04 16
10-02-02 09:28:52>解析：地址:00 00 00 00 00 01 控制码:C3 长度:02 数据标识: 数据:00 08
10-02-02 09:29:15>发送:68 01 00 00 00 00 00 68 03 20 32 33 33 3A 33 33 33 33 DC A7 3D AA C6 11 19 06 26 77 D9 09 B7 DD D3 AA 34 33 33 33 33 33 33 33 1B 16
10-02-02 09:29:16>接收：68 01 00 00 00 00 00 68 83 10 32 33 33 3A 89 EC F8 DF 34 33 33 33 33 33 33 43 2B 16
10-02-02 09:29:16>解析：地址:00 00 00 00 00 01 控制码:83 长度:10 数据标识:07 00 00 FF 数据:56 B9 C5 AC 01 00 00 00 00 00 00 10
10-02-02 09:29:19>发送:68 01 00 00 00 00 00 68 03 08 34 35 B4 3A 33 33 33 33 FF 16
10-02-02 09:29:20>接收：68 01 00 00 00 00 00 68 83 1E 34 35 B4 3A 33 33 33 33 D5 28 F5 58 33 33 33 33 D5 28 F5 58 33 33 33 33 33 33 33 33 33 33 F3 16
10-02-02 09:29:20>解析：地址:00 00 00 00 00 01 控制码:83 长度:1E 数据标识:07 81 02 01 数据:00 00 00 00 A2 F5 C2 25 00 00 00 00 A2 F5 C2 25 00 00 00 00 00 00 00 00 00 00
10-02-02 09:31:01>发送:68 01 00 00 00 00 00 68 03 10 32 34 B3 3A 33 33 33 33 5B 33 33 33 35 33 33 72 04 16
10-02-02 09:31:02>接收：68 01 00 00 00 00 00 68 83 38 32 34 B3 3A 5B 33 33 33 35 33 33 72 33 33 33 33 33 33 33 33 33 33 33 33 33 33 33 33 33 33 33 33 33 33 33 33 33 33 33 33 33 33 33 33 33 33 33 33 5C 33 34 9B 89 D8 7C C9 10 16
10-02-02 09:31:02>解析：地址:00 00 00 00 00 01 控制码:83 长度:38 数据标识:07 80 01 FF 数据:28 00 00 00 02 00 00 3F 00 00 00 00 00 00 00 00 00 00 00 00 00 00 00 00 00 00 00 00 00 00 00 00 00 00 00 00 00 00 00 00 00 00 00 00 29 00 01 68 56 A5 49 96
10-02-02 09:33:21>发送:68 01 00 00 00 00 00 68 03 08 34 35 B4 3A 33 33 33 33 FF 16
10-02-02 09:33:22>接收：68 01 00 00 00 00 00 68 83 1E 34 35 B4 3A 33 33 33 33 D5 28 F5 58 33 33 33 33 D5 28 F5 58 33 33 33 33 33 33 33 33 33 33 F3 16
10-02-02 09:33:22>解析：地址:00 00 00 00 00 01 控制码:83 长度:1E 数据标识:07 81 02 01 数据:00 00 00 00 A2 F5 C2 25 00 00 00 00 A2 F5 C2 25 00 00 00 00 00 00 00 00 00 00
10-02-02 09:34:56>发送:68 01 00 00 00 00 00 68 03 10 32 34 B3 3A 33 33 33 33 5B 33 33 33 35 33 33 72 04 16
10-02-02 09:34:56>接收：68 01 00 00 00 00 00 68 C3 02 3B 33 04 16
10-02-02 09:34:56>解析：地址:00 00 00 00 00 01 控制码:C3 长度:02 数据标识: 数据:00 08
10-02-02 09:35:02>发送:68 01 00 00 00 00 00 68 03 20 32 33 33 3A 33 33 33 33 58 D9 B9 D9 87 90 04 80 16 AB 0A B5 11 4B 8E 06 34 33 33 33 33 33 33 33 F9 16
10-02-02 09:35:03>接收：68 01 00 00 00 00 00 68 83 10 32 33 33 3A 3B 4E 51 70 34 33 33 33 33 33 33 43 29 16
10-02-02 09:35:03>解析：地址:00 00 00 00 00 01 控制码:83 长度:10 数据标识:07 00 00 FF 数据:08 1B 1E 3D 01 00 00 00 00 00 00 10
10-02-02 09:35:17>发送:68 01 00 00 00 00 00 68 03 10 32 34 B3 3A 33 33 33 33 5B 33 33 33 35 33 33 72 04 16
10-02-02 09:35:17>接收：68 01 00 00 00 00 00 68 83 38 32 34 B3 3A 5B 33 33 33 35 33 33 72 33 33 33 33 33 33 33 33 33 33 33 33 33 33 33 33 33 33 33 33 33 33 33 33 33 33 33 33 33 33 33 33 33 33 33 33 5C 33 34 9B 60 EA F4 AD 55 16
10-02-02 09:35:17>解析：地址:00 00 00 00 00 01 控制码:83 长度:38 数据标识:07 80 01 FF 数据:28 00 00 00 02 00 00 3F 00 00 00 00 00 00 00 00 00 00 00 00 00 00 00 00 00 00 00 00 00 00 00 00 00 00 00 00 00 00 00 00 00 00 00 00 29 00 01 68 2D B7 C1 7A
10-02-02 09:35:28>发送:68 01 00 00 00 00 00 68 03 10 32 34 B3 3A 33 33 33 33 5B 33 33 33 35 33 33 72 04 16
10-02-02 09:35:29>接收：68 01 00 00 00 00 00 68 83 38 32 34 B3 3A 5B 33 33 33 35 33 33 72 33 33 33 33 33 33 33 33 33 33 33 33 33 33 33 33 33 33 33 33 33 33 33 33 33 33 33 33 33 33 33 33 33 33 33 33 5C 33 34 9B 60 EA F4 AD 55 16
10-02-02 09:35:29>解析：地址:00 00 00 00 00 01 控制码:83 长度:38 数据标识:07 80 01 FF 数据:28 00 00 00 02 00 00 3F 00 00 00 00 00 00 00 00 00 00 00 00 00 00 00 00 00 00 00 00 00 00 00 00 00 00 00 00 00 00 00 00 00 00 00 00 29 00 01 68 2D B7 C1 7A
10-02-02 09:35:41>发送:68 01 00 00 00 00 00 68 03 10 32 34 B3 3A 33 33 33 33 5B 33 33 33 35 33 33 72 04 16
10-02-02 09:35:42>接收：68 01 00 00 00 00 00 68 83 38 32 34 B3 3A 5B 33 33 33 35 33 33 72 33 33 33 33 33 33 33 33 33 33 33 33 33 33 33 33 33 33 33 33 33 33 33 33 33 33 33 33 33 33 33 33 33 33 33 33 5C 33 34 9B 60 EA F4 AD 55 16
10-02-02 09:35:42>解析：地址:00 00 00 00 00 01 控制码:83 长度:38 数据标识:07 80 01 FF 数据:28 00 00 00 02 00 00 3F 00 00 00 00 00 00 00 00 00 00 00 00 00 00 00 00 00 00 00 00 00 00 00 00 00 00 00 00 00 00 00 00 00 00 00 00 29 00 01 68 2D B7 C1 7A
10-02-02 09:35:48>发送:68 01 00 00 00 00 00 68 03 08 34 35 B4 3A 33 33 33 33 FF 16
10-02-02 09:35:49>接收：68 01 00 00 00 00 00 68 83 1E 34 35 B4 3A 33 33 33 33 59 31 8C F7 33 33 33 33 59 31 8C F7 33 33 33 33 33 33 33 33 33 33 79 16
10-02-02 09:35:49>解析：地址:00 00 00 00 00 01 控制码:83 长度:1E 数据标识:07 81 02 01 数据:00 00 00 00 26 FE 59 C4 00 00 00 00 26 FE 59 C4 00 00 00 00 00 00 00 00 00 00
10-02-02 09:36:03>发送:68 01 00 00 00 00 00 68 03 10 32 34 B3 3A 33 33 33 33 5B 33 33 33 35 33 33 72 04 16
10-02-02 09:36:04>接收：68 01 00 00 00 00 00 68 83 38 32 34 B3 3A 5B 33 33 33 35 33 33 72 33 33 33 33 33 33 33 33 33 33 33 33 33 33 33 33 33 33 33 33 33 33 33 33 33 33 33 33 33 33 33 33 33 33 33 33 5C 33 34 9B 60 EA F4 AD 55 16
10-02-02 09:36:04>解析：地址:00 00 00 00 00 01 控制码:83 长度:38 数据标识:07 80 01 FF 数据:28 00 00 00 02 00 00 3F 00 00 00 00 00 00 00 00 00 00 00 00 00 00 00 00 00 00 00 00 00 00 00 00 00 00 00 00 00 00 00 00 00 00 00 00 29 00 01 68 2D B7 C1 7A
10-02-02 10:04:13>发送:68 01 00 00 00 00 00 68 03 10 32 34 B3 3A 33 33 33 33 5B 33 33 33 35 33 33 72 04 16
10-02-02 10:04:13>接收：68 01 00 00 00 00 00 68 C3 02 3B 33 04 16
10-02-02 10:04:13>解析：地址:00 00 00 00 00 01 控制码:C3 长度:02 数据标识: 数据:00 08
10-02-02 10:07:27>发送:68 01 00 00 00 00 00 68 03 20 32 33 33 3A 33 33 33 33 70 ED B8 11 8A 39 15 F4 7E 8C BA D9 8A 8D 98 D0 34 33 33 33 33 33 33 33 39 16
10-02-02 10:09:40>接收：68 01 00 00 00 00 00 68 C3 02 3B 33 04 16
10-02-02 10:09:40>解析：地址:00 00 00 00 00 01 控制码:C3 长度:02 数据标识: 数据:00 08
10-02-02 10:09:47>发送:68 01 00 00 00 00 00 68 03 20 32 33 33 3A 33 33 33 33 04 DA 69 CD BA 84 3F 2A F7 15 F4 79 1D 0F 52 74 34 33 33 33 33 33 33 33 51 16
10-02-02 10:12:07>接收：68 01 00 00 00 00 00 68 C3 02 3B 33 04 16
10-02-02 10:12:07>解析：地址:00 00 00 00 00 01 控制码:C3 长度:02 数据标识: 数据:00 08
10-02-02 10:12:11>发送:68 01 00 00 00 00 00 68 03 20 32 33 33 3A 33 33 33 33 75 7E 34 46 7F B8 9D 9B 38 F8 A3 31 BA 2E 36 C9 34 33 33 33 33 33 33 33 F2 16
10-02-02 10:12:12>接收：68 01 00 00 00 00 00 68 C3 02 3B 33 04 16
10-02-02 10:12:12>解析：地址:00 00 00 00 00 01 控制码:C3 长度:02 数据标识: 数据:00 08
10-02-02 10:12:13>发送:68 01 00 00 00 00 00 68 03 20 32 33 33 3A 33 33 33 33 EC 59 A5 DE C9 97 D4 FB A2 7E 97 F6 F9 F5 BB 98 34 33 33 33 33 33 33 33 10 16
10-02-02 10:12:14>接收：68 01 00 00 00 00 00 68 C3 02 3B 33 04 16
10-02-02 10:12:14>解析：地址:00 00 00 00 00 01 控制码:C3 长度:02 数据标识: 数据:00 08
10-02-02 10:12:15>发送:68 01 00 00 00 00 00 68 03 20 32 33 33 3A 33 33 33 33 E9 92 2A 84 D0 2B 4E 46 7F 9F E2 20 7F 66 DC 27 34 33 33 33 33 33 33 33 EB 16
10-02-02 10:12:15>接收：68 01 00 00 00 00 00 68 C3 02 3B 33 04 16
10-02-02 10:12:15>解析：地址:00 00 00 00 00 01 控制码:C3 长度:02 数据标识: 数据:00 08
10-02-02 10:12:58>发送:68 01 00 00 00 00 00 68 03 20 32 33 33 3A 33 33 33 33 3C 64 7D 0E 39 2B 69 B4 48 D6 93 E0 F6 1F 7E F2 34 33 33 33 33 33 33 33 ED 16
10-02-02 10:13:28>接收：68 01 00 00 00 00 00 68 C3 02 3B 33 04 16
10-02-02 10:13:28>解析：地址:00 00 00 00 00 01 控制码:C3 长度:02 数据标识: 数据:00 08
10-02-02 10:13:32>发送:68 01 00 00 00 00 00 68 03 20 32 33 33 3A 33 33 33 33 C2 7D 3C 79 E0 EA 59 23 7A 60 55 01 C2 62 F2 4A 34 33 33 33 33 33 33 33 F5 16
10-02-02 10:20:02>接收：68 01 00 00 00 00 00 68 C3 02 3B 33 04 16
10-02-02 10:20:02>解析：地址:00 00 00 00 00 01 控制码:C3 长度:02 数据标识: 数据:00 08
10-02-02 10:20:05>发送:68 01 00 00 00 00 00 68 03 20 32 33 33 3A 33 33 33 33 A6 15 3E FF 9F D5 01 9C 7D 66 B6 DC 7E 58 0B 5E 34 33 33 33 33 33 33 33 E8 16
10-02-02 10:25:21>发送:68 01 00 00 00 00 00 68 03 20 32 33 33 3A 33 33 33 33 BB 98 87 F3 DD 26 D9 F9 24 C9 C6 89 FD A4 9B 06 34 33 33 33 33 33 33 33 4B 16
10-02-02 10:27:44>接收：68 01 00 00 00 00 00 68 83 10 32 33 33 3A 14 29 0A 22 34 33 33 33 33 33 33 43 48 16
10-02-02 10:27:44>解析：地址:00 00 00 00 00 01 控制码:83 长度:10 数据标识:07 00 00 FF 数据:E1 F6 D7 EF 01 00 00 00 00 00 00 10
10-02-02 10:28:04>发送:68 01 00 00 00 00 00 68 03 20 32 33 33 3A 33 33 33 33 03 CC FB 34 20 20 85 C6 24 8F 43 1F 93 DE 05 86 34 33 33 33 33 33 33 33 C5 16
10-02-02 10:28:05>接收：68 01 00 00 00 00 00 68 83 10 32 33 33 3A D1 8F 8E B4 34 33 33 33 33 33 33 43 81 16
10-02-02 10:28:05>解析：地址:00 00 00 00 00 01 控制码:83 长度:10 数据标识:07 00 00 FF 数据:9E 5C 5B 81 01 00 00 00 00 00 00 10
10-02-02 10:28:06>发送:68 01 00 00 00 00 00 68 03 20 32 33 33 3A 33 33 33 33 B8 E2 C6 47 13 C5 86 E6 AE 19 F1 5F 31 2B E3 02 34 33 33 33 33 33 33 33 6E 16
10-02-02 10:28:07>接收：68 01 00 00 00 00 00 68 83 10 32 33 33 3A 77 49 78 6B 34 33 33 33 33 33 33 43 82 16
10-02-02 10:28:07>解析：地址:00 00 00 00 00 01 控制码:83 长度:10 数据标识:07 00 00 FF 数据:44 16 45 38 01 00 00 00 00 00 00 10
10-02-02 10:30:34>发送:68 01 00 00 00 00 00 68 1C 10 35 33 33 33 33 33 33 33 4D 33 59 65 43 35 35 43 C5 16
10-02-02 10:45:20>发送:68 01 00 00 00 00 00 68 1C 1C CB 33 33 33 33 33 33 33 5F CB 5D 3F D7 D1 CC 8B 5A 83 6F DE 0A 0C 56 58 92 D3 F3 4B 8F 16
10-02-02 10:55:57>发送:68 01 00 00 00 00 00 68 03 20 32 33 33 3A 33 33 33 33 5B 64 32 10 46 DF 0E E5 DB B6 30 53 AA 4A FD 87 34 33 33 33 33 33 33 33 D0 16
10-02-02 10:56:07>接收：68 01 00 00 00 00 00 68 83 10 32 33 33 3A E1 49 D4 29 34 33 33 33 33 33 33 43 06 16
10-02-02 10:56:07>解析：地址:00 00 00 00 00 01 控制码:83 长度:10 数据标识:07 00 00 FF 数据:AE 16 A1 F6 01 00 00 00 00 00 00 10
10-02-02 10:56:20>发送:68 01 00 00 00 00 00 68 1C 1C CB 33 33 33 33 33 33 33 59 30 6F 5A CF 0D 41 34 01 2D 36 67 5C 13 1F D3 D8 13 D3 7F 45 16
10-02-02 11:41:47>发送:68 01 00 00 00 00 00 68 14 0D 34 3E 33 37 37 33 33 33 33 33 33 33 33 9D 16
10-02-02 11:42:17>发送:68 01 00 00 00 00 00 68 14 0D 34 3E 33 37 37 33 33 33 33 33 33 33 34 9E 16
10-02-02 15:21:18>发送:68 01 00 00 00 00 00 68 16 04 54 48 35 CC 88 16
10-02-02 15:33:40>发送:68 01 00 00 00 00 00 68 14 0D 34 3E 33 37 37 33 33 33 33 33 33 33 33 9D 16
10-02-02 15:33:48>发送:68 01 00 00 00 00 00 68 14 0D 34 3E 33 37 35 33 33 33 33 33 33 33 33 9B 16
10-02-02 15:33:57>发送:68 01 00 00 00 00 00 68 14 20 34 3E 33 37 CB 33 33 33 33 33 33 33 96 4E 05 90 D8 EE E6 58 DB DC 31 39 06 7F F8 44 C0 74 0C FF AF 16
10-02-02 16:11:22>发送:68 01 00 00 00 00 00 68 14 20 34 3E 33 37 CB 33 33 33 33 33 33 33 96 4E 05 90 D8 EE E6 58 DB DC 31 39 06 7F F8 44 C0 74 0C FF AF 16
10-02-02 16:13:21>发送:68 01 00 00 00 00 00 68 14 20 34 3E 33 37 CB 33 33 33 33 33 33 33 96 4E 05 90 D8 EE E6 58 DB DC 31 39 06 7F F8 44 C0 74 0C FF AF 16
10-02-02 16:15:26>发送:68 01 00 00 00 00 00 68 14 20 34 3E 33 37 CB 33 33 33 33 33 33 33 96 4E 05 90 D8 EE E6 58 DB DC 31 39 06 7F F8 44 C0 74 0C FF AF 16
10-02-02 16:17:25>发送:68 01 00 00 00 00 00 68 14 20 34 3E 33 37 CB 33 33 33 33 33 33 33 96 4E 05 90 D8 EE E6 58 DB DC 31 39 06 7F F8 44 C0 74 0C FF AF 16
10-02-02 16:18:37>发送:68 01 00 00 00 00 00 68 14 20 34 3E 33 37 CB 33 33 33 33 33 33 33 96 4E 05 90 D8 EE E6 58 DB DC 31 39 06 7F F8 44 C0 74 0C FF AF 16
10-02-02 16:20:04>接收：00 00 00 00 00 00 00 00 00 00 72 92
10-02-02 16:20:10>发送:68 01 00 00 00 00 00 68 14 20 34 3E 33 37 CB 33 33 33 33 33 33 33 96 4E 05 90 D8 EE E6 58 DB DC 31 39 06 7F F8 44 C0 74 0C FF AF 16
10-02-02 16:32:55>发送:68 01 00 00 00 00 00 68 11 04 34 3E 33 37 C2 16
10-02-02 16:32:55>接收：68 01 00 00 00 00 00 68 91 06 34 3E 33 37 33 34 AB 16
10-02-02 16:32:55>解析：地址:00 00 00 00 00 01 控制码:91 长度:06 数据标识:04 00 0B 01 数据:01 00
10-02-02 16:33:02>发送:68 01 00 00 00 00 00 68 11 04 34 3E 33 37 C2 16
10-02-02 16:33:02>接收：68 01 00 00 00 00 00 68 91 06 34 3E 33 37 33 34 AB 16
10-02-02 16:33:02>解析：地址:00 00 00 00 00 01 控制码:91 长度:06 数据标识:04 00 0B 01 数据:01 00
10-02-02 16:33:45>发送:68 01 00 00 00 00 00 68 14 0E 34 3E 33 37 37 33 33 33 33 33 33 33 33 35 D3 16
10-02-02 16:33:45>接收：68 01 00 00 00 00 00 68 D4 01 37 DD 16
10-02-02 16:33:45>解析：地址:00 00 00 00 00 01 控制码:D4 长度:01 数据标识: 数据:04
10-02-02 16:34:42>发送:68 01 00 00 00 00 00 68 14 20 34 3E 33 37 CB 33 33 33 33 33 33 33 DD D9 3A 7A D3 E1 18 1A DD B0 27 B3 8D E9 C9 FB 60 F9 EC 3B 82 16
10-02-02 16:34:43>接收：68 01 00 00 00 00 00 68 D4 01 37 DD 16
10-02-02 16:34:43>解析：地址:00 00 00 00 00 01 控制码:D4 长度:01 数据标识: 数据:04
10-02-02 16:35:17>发送:68 01 00 00 00 00 00 68 14 0E 34 3E 33 37 35 33 33 33 33 33 33 33 33 35 D1 16
10-02-02 16:35:18>接收：68 01 00 00 00 00 00 68 D4 01 37 DD 16
10-02-02 16:35:18>解析：地址:00 00 00 00 00 01 控制码:D4 长度:01 数据标识: 数据:04
10-02-02 16:35:31>发送:68 01 00 00 00 00 00 68 14 0E 34 3E 33 37 35 44 44 44 33 33 33 33 33 35 04 16
10-02-02 16:35:32>接收：68 01 00 00 00 00 00 68 D4 01 37 DD 16
10-02-02 16:35:32>解析：地址:00 00 00 00 00 01 控制码:D4 长度:01 数据标识: 数据:04
10-02-02 16:35:41>发送:68 01 00 00 00 00 00 68 14 0E 34 3E 33 37 37 32 32 32 33 33 33 33 33 35 D0 16
10-02-02 16:35:42>接收：68 01 00 00 00 00 00 68 D4 01 37 DD 16
10-02-02 16:35:42>解析：地址:00 00 00 00 00 01 控制码:D4 长度:01 数据标识: 数据:04
10-02-02 16:38:24>发送:68 01 00 00 00 00 00 68 11 04 34 3E 33 37 C2 16
10-02-02 16:38:39>发送:68 01 00 00 00 00 00 68 11 04 34 3E 33 37 C2 16
10-02-02 16:38:42>发送:68 01 00 00 00 00 00 68 11 04 34 3E 33 37 C2 16
10-02-02 16:38:58>发送:68 01 00 00 00 00 00 68 11 04 34 3E 33 37 C2 16
10-02-02 16:39:02>发送:68 AA AA AA AA AA AA 68 13 00 DF 16
10-02-02 16:39:13>发送:68 AA AA AA AA AA AA 68 13 00 DF 16
10-02-02 16:39:14>发送:68 AA AA AA AA AA AA 68 13 00 DF 16
10-02-02 16:39:14>发送:68 AA AA AA AA AA AA 68 13 00 DF 16
10-02-02 16:39:14>发送:68 AA AA AA AA AA AA 68 13 00 DF 16
10-02-02 16:39:15>发送:68 AA AA AA AA AA AA 68 13 00 DF 16
10-02-02 16:39:23>发送:68 AA AA AA AA AA AA 68 13 00 DF 16
10-02-02 16:39:27>发送:68 AA AA AA AA AA AA 68 13 00 DF 16
10-02-02 16:39:49>接收：C0 EC
10-02-02 16:39:54>发送:68 AA AA AA AA AA AA 68 13 00 DF 16
10-02-02 16:39:54>接收：68 01 00 00 00 00 00 68 93 06 34 33 33 33 33 33 9D 16
10-02-02 16:39:54>解析：地址:00 00 00 00 00 01 控制码:93 长度:06 数据标识: 数据:01 00 00 00 00 00
10-02-02 16:40:03>发送:68 01 00 00 00 00 00 68 11 04 34 3E 33 37 C2 16
10-02-02 16:40:04>接收：68 01 00 00 00 00 00 68 91 06 34 3E 33 37 33 34 AB 16
10-02-02 16:40:04>解析：地址:00 00 00 00 00 01 控制码:91 长度:06 数据标识:04 00 0B 01 数据:01 00
10-02-02 16:40:26>发送:68 01 00 00 00 00 00 68 14 0E 34 3E 33 37 37 33 33 33 33 33 33 33 33 35 D3 16
10-02-02 16:40:26>接收：68 01 00 00 00 00 00 68 D4 01 37 DD 16
10-02-02 16:40:26>解析：地址:00 00 00 00 00 01 控制码:D4 长度:01 数据标识: 数据:04
10-02-02 16:40:31>发送:68 01 00 00 00 00 00 68 14 0D 34 3E 33 37 37 33 33 33 33 33 33 33 35 9F 16
10-02-02 16:40:31>接收：68 01 00 00 00 00 00 68 D4 01 37 DD 16
10-02-02 16:40:31>解析：地址:00 00 00 00 00 01 控制码:D4 长度:01 数据标识: 数据:04
10-02-02 16:40:42>发送:68 01 00 00 00 00 00 68 14 0D 34 3E 33 37 37 33 33 33 33 33 33 33 35 9F 16
10-02-02 16:40:43>接收：68 01 00 00 00 00 00 68 D4 01 37 DD 16
10-02-02 16:40:43>解析：地址:00 00 00 00 00 01 控制码:D4 长度:01 数据标识: 数据:04
10-02-02 16:40:59>发送:68 01 00 00 00 00 00 68 14 0D 34 3E 33 37 37 33 33 33 33 33 33 33 35 9F 16
10-02-02 16:40:59>接收：68 01 00 00 00 00 00 68 94 00 65 16
10-02-02 16:40:59>解析：地址:00 00 00 00 00 01 控制码:94 长度:00 数据标识: 数据:
10-02-02 16:41:11>发送:68 01 00 00 00 00 00 68 11 04 34 3E 33 37 C2 16
10-02-02 16:41:11>接收：68 01 00 00 00 00 00 68 91 06 34 3E 33 37 35 38 B1 16
10-02-02 16:41:11>解析：地址:00 00 00 00 00 01 控制码:91 长度:06 数据标识:04 00 0B 01 数据:05 02
10-02-02 16:41:31>发送:68 01 00 00 00 00 00 68 14 0E 34 3E 33 37 37 33 33 33 33 33 33 33 33 35 D3 16
10-02-02 16:41:31>接收：68 01 00 00 00 00 00 68 94 00 65 16
10-02-02 16:41:31>解析：地址:00 00 00 00 00 01 控制码:94 长度:00 数据标识: 数据:
10-02-02 16:41:35>发送:68 01 00 00 00 00 00 68 11 04 34 3E 33 37 C2 16
10-02-02 16:41:36>接收：68 01 00 00 00 00 00 68 91 06 34 3E 33 37 33 35 AC 16
10-02-02 16:41:36>解析：地址:00 00 00 00 00 01 控制码:91 长度:06 数据标识:04 00 0B 01 数据:02 00
10-02-02 16:41:53>发送:68 01 00 00 00 00 00 68 14 20 34 3E 33 37 CB 33 33 33 33 33 33 33 74 0E 11 1E 0D 22 06 1A B0 E7 07 91 D0 11 60 DB 9E 75 09 79 F1 16
10-02-02 16:41:54>接收：68 01 00 00 00 00 00 68 D4 01 34 DA 16
10-02-02 16:41:54>解析：地址:00 00 00 00 00 01 控制码:D4 长度:01 数据标识: 数据:01
10-02-02 16:41:59>发送:68 01 00 00 00 00 00 68 14 20 34 3E 33 37 CB 33 33 33 33 33 33 33 74 0E 11 1E 0D 22 06 1A B0 E7 07 91 D0 11 60 DB 9E 75 09 79 F1 16
10-02-02 16:41:59>接收：68 01 00 00 00 00 00 68 D4 01 34 DA 16
10-02-02 16:41:59>解析：地址:00 00 00 00 00 01 控制码:D4 长度:01 数据标识: 数据:01
10-02-02 16:42:17>发送:68 01 00 00 00 00 00 68 14 20 34 3E 33 37 CB 33 33 33 33 33 33 33 74 0E 11 1E 0D 22 06 1A B0 E7 07 91 D0 11 60 DB 9E 75 09 79 F1 16
10-02-02 16:42:18>接收：68 01 00 00 00 00 00 68 D4 01 34 DA 16
10-02-02 16:42:18>解析：地址:00 00 00 00 00 01 控制码:D4 长度:01 数据标识: 数据:01
10-02-02 16:42:21>发送:68 01 00 00 00 00 00 68 14 20 34 3E 33 37 CB 33 33 33 33 33 33 33 74 0E 11 1E 0D 22 06 1A B0 E7 07 91 D0 11 60 DB 9E 75 09 79 F1 16
10-02-02 16:42:21>接收：68 01 00 00 00 00 00 68 D4 01 34 DA 16
10-02-02 16:42:21>解析：地址:00 00 00 00 00 01 控制码:D4 长度:01 数据标识: 数据:01
10-02-02 17:22:20>发送:68 01 00 00 00 00 00 68 03 20 32 33 33 3A 33 33 33 33 A5 01 8C 3D 2B CC 42 AA 0B 8E 97 43 F8 0C 9D 23 34 33 33 33 33 33 33 33 B4 16
10-02-02 17:22:21>接收：68 01 00 00 00 00 00 68 83 10 32 33 33 3A 5B A2 F9 2D 34 33 33 33 33 33 33 43 02 16
10-02-02 17:22:21>解析：地址:00 00 00 00 00 01 控制码:83 长度:10 数据标识:07 00 00 FF 数据:28 6F C6 FA 01 00 00 00 00 00 00 10
10-02-02 17:23:28>发送:68 01 00 00 00 00 00 68 03 10 32 34 B3 3A 33 33 33 33 5B 33 33 33 35 33 33 72 04 16
10-02-02 17:23:29>接收：68 01 00 00 00 00 00 68 83 38 32 34 B3 3A 5B 33 33 33 35 33 33 72 33 33 33 33 33 33 33 33 33 33 33 33 33 33 33 33 33 33 33 33 33 33 33 33 33 33 33 33 33 33 33 33 33 33 33 33 5C 33 34 9B 6B 7F 2D AC 2D 16
10-02-02 17:23:29>解析：地址:00 00 00 00 00 01 控制码:83 长度:38 数据标识:07 80 01 FF 数据:28 00 00 00 02 00 00 3F 00 00 00 00 00 00 00 00 00 00 00 00 00 00 00 00 00 00 00 00 00 00 00 00 00 00 00 00 00 00 00 00 00 00 00 00 29 00 01 68 38 4C FA 79
