10-03-23 08:38:58>发送:68 AA AA AA AA AA AA 68 13 00 DF 16
10-03-23 08:38:58>接收：68 11 11 11 11 11 11 68 93 06 44 44 44 44 44 44 67 16
10-03-23 08:38:58>解析：地址:11 11 11 11 11 11 控制码:93 长度:06 数据标识: 数据:11 11 11 11 11 11
10-03-23 08:47:03>发送:68 11 11 11 11 11 11 68 11 04 34 39 33 37 22 16
10-03-23 08:47:03>接收：68 11 11 11 11 11 11 68 91 05 34 39 33 37 34 D7 16
10-03-23 08:47:03>解析：地址:11 11 11 11 11 11 控制码:91 长度:05 数据标识:04 00 06 01 数据:01
10-03-23 08:50:52>发送:68 11 11 11 11 11 11 68 14 0D 34 39 33 37 37 44 44 44 33 33 33 33 38 35 16
10-03-23 08:50:52>接收：68 11 11 11 11 11 11 68 D4 01 37 42 16
10-03-23 08:50:52>解析：地址:11 11 11 11 11 11 控制码:D4 长度:01 数据标识: 数据:04
10-03-23 08:50:56>发送:68 11 11 11 11 11 11 68 14 0D 34 39 33 37 37 44 44 44 33 33 33 33 38 35 16
10-03-23 08:50:56>接收：68 11 11 11 11 11 11 68 94 00 CA 16
10-03-23 08:50:56>解析：地址:11 11 11 11 11 11 控制码:94 长度:00 数据标识: 数据:
10-03-23 08:51:12>发送:68 11 11 11 11 11 11 68 11 04 33 33 33 33 17 16
10-03-23 08:51:12>接收：68 11 11 11 11 11 11 68 91 08 33 33 33 33 4B 34 33 33 80 16
10-03-23 08:51:12>解析：地址:11 11 11 11 11 11 控制码:91 长度:08 数据标识:00 00 00 00 数据:00 00 01 18
10-03-23 08:56:57>发送:68 11 11 11 11 11 11 68 1A 08 35 44 44 44 33 33 33 33 25 16
10-03-23 08:56:58>接收：68 11 11 11 11 11 11 68 DA 01 37 48 16
10-03-23 08:56:58>解析：地址:11 11 11 11 11 11 控制码:DA 长度:01 数据标识: 数据:04
10-03-23 08:57:07>发送:68 11 11 11 11 11 11 68 1A 08 35 33 33 33 33 33 33 33 F2 16
10-03-23 08:57:10>接收：68 11 11 11 11 11 11 68 9A 00 D0 16
10-03-23 08:57:10>解析：地址:11 11 11 11 11 11 控制码:9A 长度:00 数据标识: 数据:
10-03-23 17:04:51>发送:68 11 11 11 11 11 11 68 14 0D 34 39 33 37 37 44 44 44 33 33 33 33 38 35 16
10-03-23 17:05:26>发送:68 11 11 11 11 11 11 68 14 0D 34 39 33 37 37 44 44 44 33 33 33 33 38 35 16
10-03-23 17:05:26>接收：68 11 11 11 11 11 11 68 D4 01 37 42 16
10-03-23 17:05:26>解析：地址:11 11 11 11 11 11 控制码:D4 长度:01 数据标识: 数据:04
10-03-23 17:05:40>发送:68 11 11 11 11 11 11 68 14 0D 34 39 33 37 37 44 44 44 33 33 33 33 38 35 16
10-03-23 17:05:40>接收：68 11 11 11 11 11 11 68 D4 01 37 42 16
10-03-23 17:05:40>解析：地址:11 11 11 11 11 11 控制码:D4 长度:01 数据标识: 数据:04
10-03-23 17:05:53>发送:68 11 11 11 11 11 11 68 14 0D 34 39 33 37 35 33 33 33 33 33 33 33 38 00 16
10-03-23 17:05:54>接收：68 11 11 11 11 11 11 68 94 00 CA 16
10-03-23 17:05:54>解析：地址:11 11 11 11 11 11 控制码:94 长度:00 数据标识: 数据:
