10-02-10 08:53:55>发送:68 01 00 00 00 00 00 68 11 04 34 34 33 50 D1 16
10-02-10 08:54:03>发送:68 01 00 00 00 00 00 68 11 04 34 34 33 50 D1 16
10-02-10 08:54:03>接收：68 01 00 00 00 00 00 68 91 0A 34 34 33 50 56 38 49 3C 35 43 E2 16
10-02-10 08:54:03>解析：地址:00 00 00 00 00 01 控制码:91 长度:0A 数据标识:1D 00 01 01 数据:10 02 09 16 05 23
10-02-10 08:54:21>发送:68 01 00 00 00 00 00 68 11 04 35 34 33 50 D2 16
10-02-10 08:54:21>接收：68 01 00 00 00 00 00 68 91 0A 35 34 33 50 33 33 33 33 33 33 8A 16
10-02-10 08:54:21>解析：地址:00 00 00 00 00 01 控制码:91 长度:0A 数据标识:1D 00 01 02 数据:00 00 00 00 00 00
10-02-10 08:54:31>发送:68 01 00 00 00 00 00 68 11 04 34 34 33 51 D2 16
10-02-10 08:54:32>接收：68 01 00 00 00 00 00 68 91 0A 34 34 33 51 33 33 33 33 33 33 8A 16
10-02-10 08:54:32>解析：地址:00 00 00 00 00 01 控制码:91 长度:0A 数据标识:1E 00 01 01 数据:00 00 00 00 00 00
10-02-10 08:54:37>发送:68 01 00 00 00 00 00 68 11 04 35 34 33 51 D3 16
10-02-10 08:54:37>接收：68 01 00 00 00 00 00 68 91 0A 35 34 33 51 33 33 33 33 33 33 8B 16
10-02-10 08:54:37>解析：地址:00 00 00 00 00 01 控制码:91 长度:0A 数据标识:1E 00 01 02 数据:00 00 00 00 00 00
10-02-10 08:54:43>发送:68 01 00 00 00 00 00 68 1C 10 35 33 33 33 33 33 33 33 4D 33 74 89 3B 43 35 43 0A 16
10-02-10 08:54:44>接收：68 01 00 00 00 00 00 68 DC 01 34 E2 16
10-02-10 08:54:44>解析：地址:00 00 00 00 00 01 控制码:DC 长度:01 数据标识: 数据:01
10-02-10 08:54:54>发送:68 01 00 00 00 00 00 68 1C 10 35 33 33 33 33 33 33 33 4D 33 74 89 3B 43 35 43 0A 16
10-02-10 08:54:54>接收：68 01 00 00 00 00 00 68 DC 01 34 E2 16
10-02-10 08:54:54>解析：地址:00 00 00 00 00 01 控制码:DC 长度:01 数据标识: 数据:01
10-02-10 08:55:10>发送:68 01 00 00 00 00 00 68 1C 10 35 33 33 33 33 33 33 33 4D 33 74 89 3B 43 35 43 0A 16
10-02-10 08:55:10>接收：68 01 00 00 00 00 00 68 DC 01 34 E2 16
10-02-10 08:55:10>解析：地址:00 00 00 00 00 01 控制码:DC 长度:01 数据标识: 数据:01
10-02-10 08:55:25>发送:68 01 00 00 00 00 00 68 1C 10 35 33 33 33 33 33 33 33 4D 33 74 89 3B 43 35 43 0A 16
10-02-10 08:58:11>接收：68 01 00 00 00 00 00 68 DC 01 34 E2 16
10-02-10 08:58:11>解析：地址:00 00 00 00 00 01 控制码:DC 长度:01 数据标识: 数据:01
10-02-10 08:58:36>发送:68 01 00 00 00 00 00 68 11 04 35 34 33 37 B9 16
10-02-10 08:58:37>接收：68 01 00 00 00 00 00 68 91 07 35 34 33 37 8A 38 54 52 16
10-02-10 08:58:37>解析：地址:00 00 00 00 00 01 控制码:91 长度:07 数据标识:04 00 01 02 数据:21 05 57
10-02-10 08:58:42>发送:68 01 00 00 00 00 00 68 11 04 34 34 33 37 B8 16
10-02-10 08:58:42>接收：68 01 00 00 00 00 00 68 91 08 34 34 33 37 36 43 D2 43 CA 16
10-02-10 08:58:42>解析：地址:00 00 00 00 00 01 控制码:91 长度:08 数据标识:04 00 01 01 数据:10 9F 10 03
10-02-10 08:59:07>发送:68 01 00 00 00 00 00 68 14 10 34 34 33 37 37 33 33 33 33 33 33 33 36 43 35 43 54 16
10-02-10 08:59:08>接收：68 01 00 00 00 00 00 68 94 00 65 16
10-02-10 08:59:08>解析：地址:00 00 00 00 00 01 控制码:94 长度:00 数据标识: 数据:
10-02-10 08:59:23>发送:68 01 00 00 00 00 00 68 14 0F 35 34 33 37 37 33 33 33 33 33 33 33 33 8C 3B 5D 16
10-02-10 08:59:24>接收：68 01 00 00 00 00 00 68 94 00 65 16
10-02-10 08:59:24>解析：地址:00 00 00 00 00 01 控制码:94 长度:00 数据标识: 数据:
10-02-10 08:59:30>发送:68 01 00 00 00 00 00 68 11 04 35 34 33 37 B9 16
10-02-10 08:59:31>接收：68 01 00 00 00 00 00 68 91 07 35 34 33 37 39 8C 3B 3C 16
10-02-10 08:59:31>解析：地址:00 00 00 00 00 01 控制码:91 长度:07 数据标识:04 00 01 02 数据:08 59 06
10-02-10 08:59:34>发送:68 01 00 00 00 00 00 68 11 04 34 34 33 37 B8 16
10-02-10 08:59:34>接收：68 01 00 00 00 00 00 68 91 08 34 34 33 37 36 43 35 43 2D 16
10-02-10 08:59:34>解析：地址:00 00 00 00 00 01 控制码:91 长度:08 数据标识:04 00 01 01 数据:10 02 10 03
10-02-10 08:59:40>发送:68 01 00 00 00 00 00 68 1C 10 35 33 33 33 33 33 33 33 4D 33 6C 34 3B 43 35 43 AD 16
10-02-10 08:59:41>接收：68 01 00 00 00 00 00 68 DC 01 34 E2 16
10-02-10 08:59:41>解析：地址:00 00 00 00 00 01 控制码:DC 长度:01 数据标识: 数据:01
10-02-10 09:00:01>发送:68 01 00 00 00 00 00 68 1C 10 35 33 33 33 33 33 33 33 4D 33 7B 34 3C 43 35 43 BD 16
10-02-10 09:00:01>接收：68 01 00 00 00 00 00 68 DC 01 34 E2 16
10-02-10 09:00:01>解析：地址:00 00 00 00 00 01 控制码:DC 长度:01 数据标识: 数据:01
10-02-10 09:00:08>发送:68 01 00 00 00 00 00 68 1C 10 35 33 33 33 33 33 33 33 4D 33 39 35 3C 43 35 43 7C 16
10-02-10 09:00:09>接收：68 01 00 00 00 00 00 68 DC 01 34 E2 16
10-02-10 09:00:09>解析：地址:00 00 00 00 00 01 控制码:DC 长度:01 数据标识: 数据:01
10-02-10 09:00:10>发送:68 01 00 00 00 00 00 68 1C 10 35 33 33 33 33 33 33 33 4D 33 39 35 3C 43 35 43 7C 16
10-02-10 09:00:10>接收：68 01 00 00 00 00 00 68 DC 01 34 E2 16
10-02-10 09:00:10>解析：地址:00 00 00 00 00 01 控制码:DC 长度:01 数据标识: 数据:01
10-02-10 09:00:20>发送:68 01 00 00 00 00 00 68 1C 10 35 33 33 33 33 33 33 33 4D 33 39 35 3C 43 35 43 7C 16
10-02-10 09:01:40>接收：68 01 00 00 00 00 00 68 DC 01 34 E2 16
10-02-10 09:01:40>解析：地址:00 00 00 00 00 01 控制码:DC 长度:01 数据标识: 数据:01
10-02-10 09:01:50>发送:68 01 00 00 00 00 00 68 1C 10 35 33 33 33 33 33 33 33 6E 33 39 35 3C 43 35 43 9D 16
10-02-10 09:01:50>接收：68 01 00 00 00 00 00 68 9C 00 6D 16
10-02-10 09:01:50>解析：地址:00 00 00 00 00 01 控制码:9C 长度:00 数据标识: 数据:
10-02-10 09:02:07>发送:68 01 00 00 00 00 00 68 1C 10 35 33 33 33 33 33 33 33 4D 33 39 35 3C 43 35 43 7C 16
10-02-10 09:02:16>接收：68 01 00 00 00 00 00 68 9C 00 6D 16
10-02-10 09:02:16>解析：地址:00 00 00 00 00 01 控制码:9C 长度:00 数据标识: 数据:
10-02-10 09:02:27>发送:68 01 00 00 00 00 00 68 1C 10 35 33 33 33 33 33 33 33 6D 33 39 35 3C 43 35 43 9C 16
10-02-10 09:02:28>接收：68 01 00 00 00 00 00 68 9C 00 6D 16
10-02-10 09:02:28>解析：地址:00 00 00 00 00 01 控制码:9C 长度:00 数据标识: 数据:
10-02-10 09:02:33>发送:68 01 00 00 00 00 00 68 1C 10 35 33 33 33 33 33 33 33 6E 33 39 35 3C 43 35 43 9D 16
10-02-10 09:02:34>接收：68 01 00 00 00 00 00 68 DC 01 34 E2 16
10-02-10 09:02:34>解析：地址:00 00 00 00 00 01 控制码:DC 长度:01 数据标识: 数据:01
10-02-10 09:02:42>发送:68 01 00 00 00 00 00 68 1C 10 35 33 33 33 33 33 33 33 6E 33 39 36 3C 43 35 43 9E 16
10-02-10 09:02:42>接收：68 01 00 00 00 00 00 68 9C 00 6D 16
10-02-10 09:02:42>解析：地址:00 00 00 00 00 01 控制码:9C 长度:00 数据标识: 数据:
10-02-10 09:02:57>发送:68 01 00 00 00 00 00 68 11 04 35 34 33 50 D2 16
10-02-10 09:02:57>接收：68 01 00 00 00 00 00 68 91 0A 35 34 33 50 33 33 33 33 33 33 8A 16
10-02-10 09:02:57>解析：地址:00 00 00 00 00 01 控制码:91 长度:0A 数据标识:1D 00 01 02 数据:00 00 00 00 00 00
10-02-10 09:03:02>发送:68 01 00 00 00 00 00 68 11 04 34 34 33 50 D1 16
10-02-10 09:03:03>接收：68 01 00 00 00 00 00 68 91 0A 34 34 33 50 76 34 3C 43 35 43 F8 16
10-02-10 09:03:03>解析：地址:00 00 00 00 00 01 控制码:91 长度:0A 数据标识:1D 00 01 01 数据:10 02 10 09 01 43
10-02-10 09:05:53>发送:68 01 00 00 00 00 00 68 11 04 34 34 33 50 D1 16
10-02-10 09:10:25>接收：68 01 00 00 00 00 00 68 91 0A 34 34 33 50 76 34 3C 43 35 43 F8 16
10-02-10 09:10:25>解析：地址:00 00 00 00 00 01 控制码:91 长度:0A 数据标识:1D 00 01 01 数据:10 02 10 09 01 43
10-02-10 09:10:33>发送:68 01 00 00 00 00 00 68 1C 10 35 33 33 33 33 33 33 33 4D 33 5C 45 3C 43 35 43 AF 16
10-02-10 10:39:24>发送:68 01 00 00 00 00 00 68 1C 10 35 33 33 33 33 33 33 33 4D 33 5C 45 3C 43 35 43 AF 16
10-02-10 10:39:25>发送:68 01 00 00 00 00 00 68 1C 10 35 33 33 33 33 33 33 33 4D 33 5C 45 3C 43 35 43 AF 16
10-02-10 10:39:28>发送:68 01 00 00 00 00 00 68 1C 10 35 33 33 33 33 33 33 33 4D 33 5C 45 3C 43 35 43 AF 16
10-02-10 10:39:28>发送:68 01 00 00 00 00 00 68 1C 10 35 33 33 33 33 33 33 33 4D 33 5C 45 3C 43 35 43 AF 16
10-02-10 10:44:59>接收：68 01 00 00 00 00 00 68 9C 00 6D 16
10-02-10 10:44:59>解析：地址:00 00 00 00 00 01 控制码:9C 长度:00 数据标识: 数据:
10-02-10 10:46:56>发送:68 01 00 00 00 00 00 68 03 20 32 33 33 3A 33 33 33 33 1C 57 72 CE 03 4C 9B 52 00 9A 93 E4 51 B9 5A 60 34 33 33 33 33 33 33 33 EF 16
10-02-10 10:46:57>接收：68 01 00 00 00 00 00 68 C3 02 3B 33 04 16
10-02-10 10:46:57>解析：地址:00 00 00 00 00 01 控制码:C3 长度:02 数据标识: 数据:00 08
10-02-10 10:48:57>发送:68 01 00 00 00 00 00 68 03 20 32 33 33 3A 33 33 33 33 7B 18 10 1C C2 72 67 DE 2E 32 58 2F 60 AA 57 3C 34 33 33 33 33 33 33 33 E7 16
10-02-10 10:49:03>接收：68 01 00 00 00 00 00 68 83 10 32 33 33 3A D2 54 20 2A 34 33 33 33 33 33 33 43 4F 16
10-02-10 10:49:03>解析：地址:00 00 00 00 00 01 控制码:83 长度:10 数据标识:07 00 00 FF 数据:9F 21 ED F7 01 00 00 00 00 00 00 10
10-02-10 10:49:11>发送:68 01 00 00 00 00 00 68 03 10 32 34 B3 3A 33 33 33 33 5B 33 33 33 35 33 33 72 04 16
10-02-10 10:49:11>接收：68 01 00 00 00 00 00 68 C3 01 35 CA 16
10-02-10 10:49:11>解析：地址:00 00 00 00 00 01 控制码:C3 长度:01 数据标识: 数据:02
10-02-10 11:04:02>接收：FF DF FF FF BF FB FF FF FF BF FF
10-02-10 11:04:03>接收：6F 7E 36 6B FF E0 F4 FD F6 F1 F8 F0 F9 92 FF FB 19 F8 40 D6 81 06 40 A0 00 00 15 9A 90
10-02-10 11:04:03>接收：FF FF BF
10-02-10 11:04:03>接收：FC FD
10-02-10 11:04:03>接收：FF EF 8B F4
10-02-10 11:04:59>发送:68 01 00 00 00 00 00 68 03 10 32 34 B3 3A 33 33 33 33 5B 33 33 33 35 33 33 72 04 16
10-02-10 11:05:10>发送:68 01 00 00 00 00 00 68 03 20 32 33 33 3A 33 33 33 33 5E B2 F0 A4 8C B6 BF 6F 93 95 EB FC CB C8 E9 FD 34 33 33 33 33 33 33 33 C7 16
10-02-10 11:05:21>发送:68 01 00 00 00 00 00 68 03 20 32 33 33 3A 33 33 33 33 84 A7 04 C6 42 0A 1E 0A 91 B6 0E BA D1 DD 6F C2 34 33 33 33 33 33 33 33 82 16
10-02-10 11:05:24>发送:68 01 00 00 00 00 00 68 03 20 32 33 33 3A 33 33 33 33 84 A7 04 C6 42 0A 1E 0A 91 B6 0E BA D1 DD 6F C2 34 33 33 33 33 33 33 33 82 16
10-02-10 11:05:26>发送:68 01 00 00 00 00 00 68 03 20 32 33 33 3A 33 33 33 33 84 A7 04 C6 42 0A 1E 0A 91 B6 0E BA D1 DD 6F C2 34 33 33 33 33 33 33 33 82 16
10-02-10 11:05:27>发送:68 01 00 00 00 00 00 68 03 20 32 33 33 3A 33 33 33 33 84 A7 04 C6 42 0A 1E 0A 91 B6 0E BA D1 DD 6F C2 34 33 33 33 33 33 33 33 82 16
10-02-10 11:05:27>发送:68 01 00 00 00 00 00 68 03 20 32 33 33 3A 33 33 33 33 84 A7 04 C6 42 0A 1E 0A 91 B6 0E BA D1 DD 6F C2 34 33 33 33 33 33 33 33 82 16
10-02-10 11:05:27>发送:68 01 00 00 00 00 00 68 03 20 32 33 33 3A 33 33 33 33 84 A7 04 C6 42 0A 1E 0A 91 B6 0E BA D1 DD 6F C2 34 33 33 33 33 33 33 33 82 16
10-02-10 11:05:48>发送:68 01 00 00 00 00 00 68 03 20 32 33 33 3A 33 33 33 33 80 FD F1 40 AA B9 50 C5 E3 31 7E D4 28 33 4E 1B 34 33 33 33 33 33 33 33 7B 16
10-02-10 11:05:49>接收：68 01 00 00 00 00 00 68 83 10 32 33 33 3A 73 B9 71 0E 34 33 33 33 33 33 33 43 8A 16
10-02-10 11:05:49>解析：地址:00 00 00 00 00 01 控制码:83 长度:10 数据标识:07 00 00 FF 数据:40 86 3E DB 01 00 00 00 00 00 00 10
10-02-10 11:05:54>发送:68 01 00 00 00 00 00 68 03 10 32 34 B3 3A 33 33 33 33 5B 33 33 33 35 33 33 72 04 16
10-02-10 11:05:54>接收：68 01 00 00 00 00 00 68 83 38 32 34 B3 3A 5B 33 33 33 35 33 33 72 33 33 33 33 33 33 33 33 33 33 33 33 33 33 33 33 CB 34 33 33 33 33 33 33 33 33 33 33 33 33 33 33 33 33 33 33 5C 33 34 9B EA E0 03 60 30 16
10-02-10 11:05:54>解析：地址:00 00 00 00 00 01 控制码:83 长度:38 数据标识:07 80 01 FF 数据:28 00 00 00 02 00 00 3F 00 00 00 00 00 00 00 00 00 00 00 00 00 00 00 00 98 01 00 00 00 00 00 00 00 00 00 00 00 00 00 00 00 00 00 00 29 00 01 68 B7 AD D0 2D
10-02-10 11:11:09>接收：10 00 00 20 BC F5 C8 79
10-02-10 11:11:37>发送:68 01 00 00 00 00 00 68 03 08 32 35 33 3A 33 33 33 33 7C 16
10-02-10 11:11:38>接收：68 01 00 00 00 00 00 68 C3 01 35 CA 16
10-02-10 11:11:38>解析：地址:00 00 00 00 00 01 控制码:C3 长度:01 数据标识: 数据:02
10-02-10 11:11:43>发送:68 01 00 00 00 00 00 68 03 20 32 33 33 3A 33 33 33 33 1F 8D 71 E9 59 1B 6D B3 5E 33 33 26 B4 EB D5 C8 34 33 33 33 33 33 33 33 EB 16
10-02-10 11:11:43>接收：68 01 00 00 00 00 00 68 C3 02 3B 33 04 16
10-02-10 11:11:43>解析：地址:00 00 00 00 00 01 控制码:C3 长度:02 数据标识: 数据:00 08
10-02-10 11:11:45>发送:68 01 00 00 00 00 00 68 03 20 32 33 33 3A 33 33 33 33 2E FC 22 DC 70 AE F3 B2 53 8F D0 BA 07 67 96 88 34 33 33 33 33 33 33 33 0E 16
10-02-10 11:11:46>接收：68 01 00 00 00 00 00 68 C3 02 3B 33 04 16
10-02-10 11:11:46>解析：地址:00 00 00 00 00 01 控制码:C3 长度:02 数据标识: 数据:00 08
10-02-10 11:11:47>发送:68 01 00 00 00 00 00 68 03 20 32 33 33 3A 33 33 33 33 C1 AA 65 23 74 12 62 8D 31 2C 7C 3F 58 FA FB 78 34 33 33 33 33 33 33 33 70 16
10-02-10 11:11:48>接收：68 01 00 00 00 00 00 68 C3 02 3B 33 04 16
10-02-10 11:11:48>解析：地址:00 00 00 00 00 01 控制码:C3 长度:02 数据标识: 数据:00 08
10-02-10 11:11:50>发送:68 01 00 00 00 00 00 68 03 20 32 33 33 3A 33 33 33 33 24 3A E3 8C 14 7A 12 5E 10 EC 7F A4 1E 9B 45 C6 34 33 33 33 33 33 33 33 D9 16
10-02-10 11:11:50>接收：68 01 00 00 00 00 00 68 C3 02 3B 33 04 16
10-02-10 11:11:50>解析：地址:00 00 00 00 00 01 控制码:C3 长度:02 数据标识: 数据:00 08
10-02-10 11:11:54>发送:68 01 00 00 00 00 00 68 03 20 32 33 33 3A 33 33 33 33 24 3A E3 8C 14 7A 12 5E 10 EC 7F A4 1E 9B 45 C6 34 33 33 33 33 33 33 33 D9 16
10-02-10 11:11:54>接收：68 01 00 00 00 00 00 68 C3 02 3B 33 04 16
10-02-10 11:11:54>解析：地址:00 00 00 00 00 01 控制码:C3 长度:02 数据标识: 数据:00 08
10-02-10 11:11:55>发送:68 01 00 00 00 00 00 68 03 20 32 33 33 3A 33 33 33 33 24 3A E3 8C 14 7A 12 5E 10 EC 7F A4 1E 9B 45 C6 34 33 33 33 33 33 33 33 D9 16
10-02-10 11:11:55>接收：68 01 00 00 00 00 00 68 C3 02 3B 33 04 16
10-02-10 11:11:55>解析：地址:00 00 00 00 00 01 控制码:C3 长度:02 数据标识: 数据:00 08
10-02-10 11:11:56>发送:68 01 00 00 00 00 00 68 03 20 32 33 33 3A 33 33 33 33 24 3A E3 8C 14 7A 12 5E 10 EC 7F A4 1E 9B 45 C6 34 33 33 33 33 33 33 33 D9 16
10-02-10 11:11:56>接收：68 01 00 00 00 00 00 68 C3 02 3B 33 04 16
10-02-10 11:11:56>解析：地址:00 00 00 00 00 01 控制码:C3 长度:02 数据标识: 数据:00 08
10-02-10 11:11:59>发送:68 01 00 00 00 00 00 68 03 20 32 33 33 3A 33 33 33 33 24 3A E3 8C 14 7A 12 5E 10 EC 7F A4 1E 9B 45 C6 34 33 33 33 33 33 33 33 D9 16
10-02-10 11:12:00>接收：68 01 00 00 00 00 00 68 C3 02 3B 33 04 16
10-02-10 11:12:00>解析：地址:00 00 00 00 00 01 控制码:C3 长度:02 数据标识: 数据:00 08
10-02-10 11:12:31>发送:68 01 00 00 00 00 00 68 03 20 32 33 33 3A 33 33 33 33 B6 73 4B 3B 59 93 51 59 7D CA 13 EE 77 1E 20 84 34 33 33 33 33 33 33 33 F1 16
10-02-10 11:12:32>接收：68 01 00 00 00 00 00 68 83 10 32 33 33 3A CA 72 8D B4 34 33 33 33 33 33 33 43 5C 16
10-02-10 11:12:32>解析：地址:00 00 00 00 00 01 控制码:83 长度:10 数据标识:07 00 00 FF 数据:97 3F 5A 81 01 00 00 00 00 00 00 10
10-02-10 11:12:44>发送:68 01 00 00 00 00 00 68 03 20 32 33 33 3A 33 33 33 33 8F D5 DA 01 7A 36 AB 60 3F 2E CA D4 61 33 53 55 34 33 33 33 33 33 33 33 6C 16
10-02-10 11:12:45>接收：68 01 00 00 00 00 00 68 C3 02 3B 33 04 16
10-02-10 11:12:45>解析：地址:00 00 00 00 00 01 控制码:C3 长度:02 数据标识: 数据:00 08
10-02-10 11:12:46>发送:68 01 00 00 00 00 00 68 03 20 32 33 33 3A 33 33 33 33 51 9F 50 6D 99 AB B3 58 51 2A 62 58 AE 1A F4 0B 34 33 33 33 33 33 33 33 23 16
10-02-10 11:12:47>接收：68 01 00 00 00 00 00 68 C3 02 3B 33 04 16
10-02-10 11:12:47>解析：地址:00 00 00 00 00 01 控制码:C3 长度:02 数据标识: 数据:00 08
10-02-10 11:12:51>发送:68 01 00 00 00 00 00 68 03 10 32 34 B3 3A 33 33 33 33 5B 33 33 33 35 33 33 72 04 16
10-02-10 11:13:04>发送:68 01 00 00 00 00 00 68 03 10 32 34 B3 3A 33 33 33 33 5B 33 33 33 35 33 33 72 04 16
10-02-10 11:13:08>发送:68 01 00 00 00 00 00 68 03 20 32 33 33 3A 33 33 33 33 96 42 08 EE A5 EC 46 81 7A 17 35 A7 01 9E 2F 14 34 33 33 33 33 33 33 33 A0 16
10-02-10 11:13:12>发送:68 01 00 00 00 00 00 68 03 20 32 33 33 3A 33 33 33 33 CA 9B 55 87 3B 0C 87 17 AA AE EE BE CE A8 96 41 34 33 33 33 33 33 33 33 A2 16
10-02-10 11:13:17>接收：68 00 00 68 01 00 00 68 80 0C 9B 36 43 32 32 34 B3 3A 33 33 5E EC 0E 16
10-02-10 11:13:17>解析：地址:00 00 01 68 00 00 控制码:80 长度:0C 数据标识:FF 10 03 68 数据:B9 2B 00 00 07 80 01 FF
10-02-10 11:13:20>发送:68 01 00 00 00 00 00 68 03 20 32 33 33 3A 33 33 33 33 92 34 CF ED 41 89 49 9F 9B EC 04 F6 1C 8C 10 8D 34 33 33 33 33 33 33 33 25 16
10-02-10 11:13:21>接收：68 01 00 00 00 00 00 68 C3 02 3B 33 04 16
10-02-10 11:13:21>解析：地址:00 00 00 00 00 01 控制码:C3 长度:02 数据标识: 数据:00 08
10-02-10 11:13:45>发送:68 01 00 00 00 00 00 68 03 20 32 33 33 3A 33 33 33 33 63 1B 9F 4F F4 A2 BE E4 CE 39 7D BD E7 99 53 71 34 33 33 33 33 33 33 33 54 16
10-02-10 11:20:00>接收：68 01 00 00 00 00 00 68 C3 02 3B 33 04 16
10-02-10 11:20:00>解析：地址:00 00 00 00 00 01 控制码:C3 长度:02 数据标识: 数据:00 08
10-02-10 11:20:11>发送:68 01 00 00 00 00 00 68 03 20 32 33 33 3A 33 33 33 33 63 1B 9F 4F F4 A2 BE E4 CE 39 7D BD E7 99 53 71 34 33 33 33 33 33 33 33 54 16
10-02-10 11:20:11>接收：68 01 00 00 00 00 00 68 C3 02 3B 33 04 16
10-02-10 11:20:11>解析：地址:00 00 00 00 00 01 控制码:C3 长度:02 数据标识: 数据:00 08
10-02-10 11:20:30>发送:68 01 00 00 00 00 00 68 03 20 32 33 33 3A 33 33 33 33 F2 EB CA 68 2F BE A7 C2 98 50 6D FB 7C A3 74 70 34 33 33 33 33 33 33 33 E3 16
10-02-10 11:22:41>发送:68 01 00 00 00 00 00 68 03 20 32 33 33 3A 33 33 33 33 EE 6D 4F F9 31 E4 D8 D2 06 26 07 FC 09 77 03 5D 34 33 33 33 33 33 33 33 9C 16
10-02-10 11:22:44>接收：68 01 00 00 00 00 00 68 83 10 32 33 33 3A 79 6B 1D EC 34 33 33 33 33 33 33 43 CC 16
10-02-10 11:22:44>解析：地址:00 00 00 00 00 01 控制码:83 长度:10 数据标识:07 00 00 FF 数据:46 38 EA B9 01 00 00 00 00 00 00 10
10-02-10 11:22:48>发送:68 01 00 00 00 00 00 68 03 10 32 34 B3 3A 33 33 33 33 5B 33 33 33 35 33 33 72 04 16
10-02-10 11:22:49>接收：68 2B B9 2B B9 56 14 68 80 10 EC 7C 33 89 32 34 B3 3A 33 33 33 33 33 33 C3 33 31 16
10-02-10 11:22:49>解析：地址:14 56 B9 2B B9 2B 控制码:80 长度:10 数据标识:56 00 49 B9 数据:00 90 00 00 00 00 00 00 07 80 01 FF
10-02-10 11:23:16>发送:68 01 00 00 00 00 00 68 03 10 32 34 B3 3A 33 33 33 33 5B 33 33 33 35 33 33 72 04 16
10-02-10 11:28:01>发送:68 01 00 00 00 00 00 68 03 20 32 33 33 3A 33 33 33 33 42 91 1C 00 C6 5B 51 B8 25 6C D7 B6 1A F5 DF 0F 34 33 33 33 33 33 33 33 5F 16
10-02-10 11:28:06>接收：68 01 00 00 00 00 00 68 83 10 32 33 33 3A 2A 04 C0 F7 34 33 33 33 33 33 33 43 C4 16
10-02-10 11:28:06>解析：地址:00 00 00 00 00 01 控制码:83 长度:10 数据标识:07 00 00 FF 数据:F7 D1 8D C4 01 00 00 00 00 00 00 10
10-02-10 11:28:09>发送:68 01 00 00 00 00 00 68 03 10 32 34 B3 3A 33 33 33 33 5B 33 33 33 35 33 33 72 04 16
10-02-10 11:28:10>接收：68 01 00 00 00 00 00 68 83 34 32 34 B3 3A 32 34 B3 3A 33 33 33 33 33 33 C3 33 33 33 33 33 33 33 33 32 34 B3 3A 33 33 33 33 33 33 C3 33 33 33 33 33 33 33 33 32 34 B3 3A 33 33 33 33 33 33 20 16
10-02-10 11:28:10>解析：地址:00 00 00 00 00 01 控制码:83 长度:34 数据标识:07 80 01 FF 数据:FF 01 80 07 00 00 00 00 00 00 90 00 00 00 00 00 00 00 00 FF 01 80 07 00 00 00 00 00 00 90 00 00 00 00 00 00 00 00 FF 01 80 07 00 00 00 00 00 00
10-02-10 11:29:07>发送:68 01 00 00 00 00 00 68 03 10 32 34 B3 3A 33 33 33 33 5B 33 33 33 35 33 33 72 04 16
10-02-10 11:31:36>发送:68 01 00 00 00 00 00 68 03 10 32 34 B3 3A 33 33 33 33 5B 33 33 33 35 33 33 72 04 16
10-02-10 11:33:05>发送:68 01 00 00 00 00 00 68 03 10 32 34 B3 3A 33 33 33 33 5B 33 33 33 35 33 33 72 04 16
10-02-10 11:33:28>接收：68 01 00 00 00 00 00 68 83 34 32 34 B3 3A 5B 33 33 33 35 33 33 72 33 33 33 33 33 33 33 33 33 33 33 33 33 33 33 33 33 33 33 33 33 33 33 33 33 33 33 33 33 33 33 33 33 33 33 5C 33 34 9B E3 16 16
10-02-10 11:33:28>解析：地址:00 00 00 00 00 01 控制码:83 长度:34 数据标识:07 80 01 FF 数据:28 00 00 00 02 00 00 3F 00 00 00 00 00 00 00 00 00 00 00 00 00 00 00 00 00 00 00 00 00 00 00 00 00 00 00 00 00 00 00 00 00 00 00 29 00 01 68 B0
10-02-10 11:34:23>发送:68 01 00 00 00 00 00 68 03 10 32 34 B3 3A 33 33 33 33 5B 33 33 33 35 33 33 72 04 16
10-02-10 11:34:23>接收：68 01 00 00 00 00 00 68 C3 02 3B 33 04 16
10-02-10 11:34:23>解析：地址:00 00 00 00 00 01 控制码:C3 长度:02 数据标识: 数据:00 08
10-02-10 11:34:29>发送:68 01 00 00 00 00 00 68 03 20 32 33 33 3A 33 33 33 33 BD 73 8C 4C 42 21 85 1C FE D3 3F 75 86 CB CA DE 34 33 33 33 33 33 33 33 B5 16
10-02-10 11:34:29>接收：68 01 00 00 00 00 00 68 83 10 32 33 33 3A B2 BE 44 6D 34 33 33 33 33 33 33 43 00 16
10-02-10 11:34:29>解析：地址:00 00 00 00 00 01 控制码:83 长度:10 数据标识:07 00 00 FF 数据:7F 8B 11 3A 01 00 00 00 00 00 00 10
10-02-10 11:34:33>发送:68 01 00 00 00 00 00 68 03 10 32 34 B3 3A 33 33 33 33 5B 33 33 33 35 33 33 72 04 16
10-02-10 11:34:33>接收：68 01 00 00 00 00 00 68 83 38 32 34 B3 3A 5B 33 33 33 35 33 33 72 33 33 33 33 33 33 33 33 33 33 33 33 33 33 33 33 CB 34 33 33 33 33 33 33 33 33 33 33 33 33 33 33 33 33 33 33 5C 33 34 9B 8F D6 99 B4 B5 16
10-02-10 11:34:33>解析：地址:00 00 00 00 00 01 控制码:83 长度:38 数据标识:07 80 01 FF 数据:28 00 00 00 02 00 00 3F 00 00 00 00 00 00 00 00 00 00 00 00 00 00 00 00 98 01 00 00 00 00 00 00 00 00 00 00 00 00 00 00 00 00 00 00 29 00 01 68 5C A3 66 81
10-02-10 14:19:32>发送:68 01 00 00 00 00 00 68 03 20 32 33 33 3A 33 33 33 33 4F 86 46 04 AB 13 F8 A2 29 8F 8A 05 0E D6 D2 65 34 33 33 33 33 33 33 33 04 16
10-02-10 14:19:33>接收：68 01 00 00 00 00 00 68 83 10 32 33 33 3A 9A 39 C3 C9 34 33 33 33 33 33 33 43 3E 16
10-02-10 14:19:33>解析：地址:00 00 00 00 00 01 控制码:83 长度:10 数据标识:07 00 00 FF 数据:67 06 90 96 01 00 00 00 00 00 00 10
10-02-10 14:19:54>发送:68 01 00 00 00 00 00 68 03 20 32 33 33 3A 33 33 33 33 1D 8E 4B 00 2B F1 CF 58 8D 2F 00 65 85 90 39 94 34 33 33 33 33 33 33 33 67 16
10-02-10 14:20:10>接收：68 01 00 00 00 00 00 68 C3 02 3B 33 04 16
10-02-10 14:20:10>解析：地址:00 00 00 00 00 01 控制码:C3 长度:02 数据标识: 数据:00 08
10-02-10 14:20:26>发送:68 01 00 00 00 00 00 68 03 20 32 33 33 3A 33 33 33 33 07 EB 10 57 10 35 AB A2 5B 58 48 91 72 B5 55 58 34 33 33 33 33 33 33 33 76 16
10-02-10 14:20:32>接收：68 01 00 00 00 00 00 68 C3 02 3B 33 04 16
10-02-10 14:20:32>解析：地址:00 00 00 00 00 01 控制码:C3 长度:02 数据标识: 数据:00 08
10-02-10 14:21:39>发送:68 01 00 00 00 00 00 68 03 20 32 33 33 3A 33 33 33 33 10 AF DE DF 62 1C C2 93 54 2F 2F 00 4A AC BF 8E 34 33 33 33 33 33 33 33 6F 16
10-02-10 14:21:42>接收：68 01 00 00 00 00 00 68 83 10 32 33 33 3A 4C 23 DA B7 34 33 33 33 33 33 33 43 DF 16
10-02-10 14:21:42>解析：地址:00 00 00 00 00 01 控制码:83 长度:10 数据标识:07 00 00 FF 数据:19 F0 A7 84 01 00 00 00 00 00 00 10
10-02-10 14:21:52>发送:68 01 00 00 00 00 00 68 03 10 32 34 B3 3A 33 33 33 33 5B 33 33 33 35 33 33 72 04 16
10-02-10 14:23:48>发送:68 01 00 00 00 00 00 68 03 10 32 34 B3 3A 33 33 33 33 5B 33 33 33 35 33 33 72 04 16
10-02-10 14:23:51>接收：68 01 00 00 00 00 00 68 C3 02 3B 33 04 16
10-02-10 14:23:51>解析：地址:00 00 00 00 00 01 控制码:C3 长度:02 数据标识: 数据:00 08
10-02-10 14:23:54>发送:68 01 00 00 00 00 00 68 03 10 32 34 B3 3A 33 33 33 33 5B 33 33 33 35 33 33 72 04 16
10-02-10 14:23:54>接收：68 01 00 00 00 00 00 68 C3 02 3B 33 04 16
10-02-10 14:23:54>解析：地址:00 00 00 00 00 01 控制码:C3 长度:02 数据标识: 数据:00 08
10-02-10 14:23:55>发送:68 01 00 00 00 00 00 68 03 10 32 34 B3 3A 33 33 33 33 5B 33 33 33 35 33 33 72 04 16
10-02-10 14:23:55>接收：68 01 00 00 00 00 00 68 C3 02 3B 33 04 16
10-02-10 14:23:55>解析：地址:00 00 00 00 00 01 控制码:C3 长度:02 数据标识: 数据:00 08
10-02-10 14:23:56>发送:68 01 00 00 00 00 00 68 03 10 32 34 B3 3A 33 33 33 33 5B 33 33 33 35 33 33 72 04 16
10-02-10 14:23:56>接收：68 01 00 00 00 00 00 68 C3 02 3B 33 04 16
10-02-10 14:23:56>解析：地址:00 00 00 00 00 01 控制码:C3 长度:02 数据标识: 数据:00 08
10-02-10 14:24:00>发送:68 01 00 00 00 00 00 68 03 20 32 33 33 3A 33 33 33 33 AE D4 6E 97 EA 7D DE 4D F5 4C 87 F5 DC FF 08 3F 34 33 33 33 33 33 33 33 23 16
10-02-10 14:24:01>接收：68 01 00 00 00 00 00 68 83 10 32 33 33 3A 87 8A 28 B7 34 33 33 33 33 33 33 43 CF 16
10-02-10 14:24:01>解析：地址:00 00 00 00 00 01 控制码:83 长度:10 数据标识:07 00 00 FF 数据:54 57 F5 84 01 00 00 00 00 00 00 10
10-02-10 14:24:03>发送:68 01 00 00 00 00 00 68 03 10 32 34 B3 3A 33 33 33 33 5B 33 33 33 35 33 33 72 04 16
10-02-10 14:40:04>发送:68 01 00 00 00 00 00 68 03 20 32 33 33 3A 33 33 33 33 D8 47 41 16 77 62 B1 E3 9E E9 D4 23 DD 19 E4 4F 34 33 33 33 33 33 33 33 B5 16
10-02-10 14:40:07>接收：68 01 00 00 00 00 00 68 83 10 32 33 33 3A 84 4A 5A B7 34 33 33 33 33 33 33 43 BE 16
10-02-10 14:40:07>解析：地址:00 00 00 00 00 01 控制码:83 长度:10 数据标识:07 00 00 FF 数据:51 17 27 84 01 00 00 00 00 00 00 10
10-02-10 14:40:16>发送:68 01 00 00 00 00 00 68 03 10 32 34 B3 3A 33 33 33 33 5B 33 33 33 35 33 33 72 04 16
10-02-10 14:42:49>发送:68 01 00 00 00 00 00 68 03 10 32 34 B3 3A 33 33 33 33 5B 33 33 33 35 33 33 72 04 16
10-02-10 14:42:54>接收：68 01 00 00 00 00 00 68 C3 02 3B 33 04 16
10-02-10 14:42:54>解析：地址:00 00 00 00 00 01 控制码:C3 长度:02 数据标识: 数据:00 08
10-02-10 14:42:59>发送:68 01 00 00 00 00 00 68 03 20 32 33 33 3A 33 33 33 33 57 15 47 D2 11 53 9B 6C 71 FD 62 1C F3 EF CE 68 34 33 33 33 33 33 33 33 1F 16
10-02-10 14:43:00>接收：68 01 00 00 00 00 00 68 83 10 32 33 33 3A 10 01 EF B7 34 33 33 33 33 33 33 43 96 16
10-02-10 14:43:00>解析：地址:00 00 00 00 00 01 控制码:83 长度:10 数据标识:07 00 00 FF 数据:DD CE BC 84 01 00 00 00 00 00 00 10
10-02-10 14:43:02>发送:68 01 00 00 00 00 00 68 03 10 32 34 B3 3A 33 33 33 33 5B 33 33 33 35 33 33 72 04 16
10-02-10 14:52:39>发送:68 01 00 00 00 00 00 68 03 20 32 33 33 3A 33 33 33 33 11 1A 3F 95 F8 5E CD D1 24 A1 78 26 90 4A 98 5C 34 33 33 33 33 33 33 33 4F 16
10-02-10 14:52:44>接收：68 01 00 00 00 00 00 68 83 10 32 33 33 3A 07 33 41 B7 34 33 33 33 33 33 33 43 16
10-02-10 14:52:49>发送:68 01 00 00 00 00 00 68 03 20 32 33 33 3A 33 33 33 33 02 20 D0 71 3D 79 3C E3 3F 2B 03 B9 53 5A 7B EB 34 33 33 33 33 33 33 33 9C 16
10-02-10 14:52:50>接收：68 01 00 00 00 00 00 68 83 10 32 33 33 3A 84 1D B5 B7 34 33 33 33 33 33 33 43 EC 16
10-02-10 14:52:50>解析：地址:00 00 00 00 00 01 控制码:83 长度:10 数据标识:07 00 00 FF 数据:51 EA 82 84 01 00 00 00 00 00 00 10
10-02-10 14:52:53>发送:68 01 00 00 00 00 00 68 03 10 32 34 B3 3A 33 33 33 33 5B 33 33 33 35 33 33 72 04 16
10-02-10 15:06:16>发送:68 01 00 00 00 00 00 68 03 10 32 34 B3 3A 33 33 33 33 5B 33 33 33 35 33 33 72 04 16
10-02-10 15:06:16>接收：68 01 00 00 00 00 00 68 C3 02 3B 33 04 16
10-02-10 15:06:16>解析：地址:00 00 00 00 00 01 控制码:C3 长度:02 数据标识: 数据:00 08
10-02-10 15:06:19>发送:68 01 00 00 00 00 00 68 03 20 32 33 33 3A 33 33 33 33 D8 CC A2 B6 84 5F 59 AB 33 0A 9E 8B 73 2A 67 73 34 33 33 33 33 33 33 33 EB 16
10-02-10 15:06:20>接收：68 01 00 00 00 00 00 68 83 10 32 33 33 3A 21 F3 78 61 34 33 33 33 33 33 33 43 CC 16
10-02-10 15:06:20>解析：地址:00 00 00 00 00 01 控制码:83 长度:10 数据标识:07 00 00 FF 数据:EE C0 45 2E 01 00 00 00 00 00 00 10
10-02-10 15:06:30>发送:68 01 00 00 00 00 00 68 03 10 32 34 B3 3A 33 33 33 33 6B 33 33 33 35 33 33 72 14 16
10-02-10 15:06:40>发送:68 01 00 00 00 00 00 68 03 10 32 34 B3 3A 33 33 33 33 63 33 33 33 35 33 33 72 0C 16
10-02-10 15:06:42>接收：68 01 00 00 00 00 00 68 C3 02 34 33 FD 16
10-02-10 15:06:42>解析：地址:00 00 00 00 00 01 控制码:C3 长度:02 数据标识: 数据:00 01
10-02-10 15:06:45>发送:68 01 00 00 00 00 00 68 03 10 32 34 B3 3A 33 33 33 33 63 33 33 33 35 33 33 72 0C 16
10-02-10 15:06:46>接收：68 01 00 00 00 00 00 68 C3 02 34 33 FD 16
10-02-10 15:06:46>解析：地址:00 00 00 00 00 01 控制码:C3 长度:02 数据标识: 数据:00 01
10-02-10 15:06:48>发送:68 01 00 00 00 00 00 68 03 10 32 34 B3 3A 33 33 33 33 63 33 33 33 35 33 33 72 0C 16
10-02-10 15:06:50>接收：68 01 00 00 00 00 00 68 C3 02 34 33 FD 16
10-02-10 15:06:50>解析：地址:00 00 00 00 00 01 控制码:C3 长度:02 数据标识: 数据:00 01
10-02-10 15:07:05>发送:68 01 00 00 00 00 00 68 03 10 32 34 B3 3A 33 33 33 33 61 33 33 33 35 33 33 72 0A 16
10-02-10 15:07:06>接收：68 01 00 00 00 00 00 68 83 3E 32 34 B3 3A 61 33 33 33 35 33 33 72 33 38 33 33 33 33 33 33 33 33 33 33 33 33 33 33 33 33 33 33 33 33 CB 34 33 33 33 33 33 33 33 33 33 33 33 33 33 33 33 33 33 33 5C 33 34 9B 8E AD 90 09 1A 16
10-02-10 15:07:06>解析：地址:00 00 00 00 00 01 控制码:83 长度:3E 数据标识:07 80 01 FF 数据:2E 00 00 00 02 00 00 3F 00 05 00 00 00 00 00 00 00 00 00 00 00 00 00 00 00 00 00 00 00 00 98 01 00 00 00 00 00 00 00 00 00 00 00 00 00 00 00 00 00 00 29 00 01 68 5B 7A 5D D6
10-02-10 15:07:14>发送:68 01 00 00 00 00 00 68 03 10 32 34 B3 3A 33 33 33 33 62 33 33 33 35 33 33 72 0B 16
10-02-10 15:07:15>接收：68 01 00 00 00 00 00 68 83 3F 32 34 B3 3A 62 33 33 33 35 33 33 72 49 33 38 33 33 33 33 33 33 33 33 33 33 33 33 33 33 33 33 33 33 33 33 CB 34 33 33 33 33 33 33 33 33 33 33 33 33 33 33 33 33 33 33 5C 33 34 9B 6C 24 7B AC 48 16
10-02-10 15:07:15>解析：地址:00 00 00 00 00 01 控制码:83 长度:3F 数据标识:07 80 01 FF 数据:2F 00 00 00 02 00 00 3F 16 00 05 00 00 00 00 00 00 00 00 00 00 00 00 00 00 00 00 00 00 00 00 98 01 00 00 00 00 00 00 00 00 00 00 00 00 00 00 00 00 00 00 29 00 01 68 39 F1 48 79
10-02-10 15:22:01>发送:68 01 00 00 00 00 00 68 03 20 32 33 33 3A 33 33 33 33 DB C9 9C 14 CB 89 96 DF F6 AA F1 71 6F 9D FB DE 34 33 33 33 33 33 33 33 2F 16
10-02-10 15:22:02>接收：68 01 00 00 00 00 00 68 83 10 32 33 33 3A 61 7A 09 EF 34 33 33 33 33 33 33 43 B2 16
10-02-10 15:22:02>解析：地址:00 00 00 00 00 01 控制码:83 长度:10 数据标识:07 00 00 FF 数据:2E 47 D6 BC 01 00 00 00 00 00 00 10
10-02-10 15:22:08>发送:68 01 00 00 00 00 00 68 03 10 32 34 B3 3A 33 33 33 33 5B 33 33 33 35 33 33 72 04 16
10-02-10 15:22:08>接收：68 01 00 00 00 00 00 68 83 38 32 34 B3 3A 5B 33 33 33 35 33 33 72 33 33 33 33 33 33 33 33 33 33 33 33 33 33 33 33 CB 34 33 33 33 33 33 33 33 33 33 33 33 33 33 33 33 33 33 33 5C 33 34 9B 08 71 AD 0D 36 16
10-02-10 15:22:08>解析：地址:00 00 00 00 00 01 控制码:83 长度:38 数据标识:07 80 01 FF 数据:28 00 00 00 02 00 00 3F 00 00 00 00 00 00 00 00 00 00 00 00 00 00 00 00 98 01 00 00 00 00 00 00 00 00 00 00 00 00 00 00 00 00 00 00 29 00 01 68 D5 3E 7A DA
10-02-10 15:22:25>发送:68 01 00 00 00 00 00 68 03 10 32 34 B3 3A 33 33 33 33 62 33 33 33 35 33 33 72 0B 16
10-02-10 15:22:25>接收：68 01 00 00 00 00 00 68 83 3F 32 34 B3 3A 62 33 33 33 35 33 33 72 49 33 38 33 33 33 33 33 33 33 33 33 33 33 33 33 33 33 33 33 33 33 33 CB 34 33 33 33 33 33 33 33 33 33 33 33 33 33 33 33 33 33 33 5C 33 34 9B 68 C2 B9 DD 51 16
10-02-10 15:22:25>解析：地址:00 00 00 00 00 01 控制码:83 长度:3F 数据标识:07 80 01 FF 数据:2F 00 00 00 02 00 00 3F 16 00 05 00 00 00 00 00 00 00 00 00 00 00 00 00 00 00 00 00 00 00 00 98 01 00 00 00 00 00 00 00 00 00 00 00 00 00 00 00 00 00 00 29 00 01 68 35 8F 86 AA
10-02-10 15:22:35>发送:68 01 00 00 00 00 00 68 03 10 32 34 B3 3A 33 33 33 33 77 33 33 33 35 33 33 72 20 16
10-02-10 15:22:36>接收：68 01 00 00 00 00 00 68 C3 02 34 33 FD 16
10-02-10 15:22:36>解析：地址:00 00 00 00 00 01 控制码:C3 长度:02 数据标识: 数据:00 01
10-02-10 15:22:49>接收：FF FF FF FF FF FF
10-02-10 15:22:56>发送:68 01 00 00 00 00 00 68 03 20 32 33 33 3A 33 33 33 33 B5 1B 0B E5 A1 1E 5D CE 73 73 DC 77 A8 89 8F AE 34 33 33 33 33 33 33 33 7C 16
10-02-10 15:22:56>接收：68 01 00 00 00 00 00 68 83 10 32 33 33 3A 29 54 2E B7 34 33 33 33 33 33 33 43 41 16
10-02-10 15:22:56>解析：地址:00 00 00 00 00 01 控制码:83 长度:10 数据标识:07 00 00 FF 数据:F6 21 FB 84 01 00 00 00 00 00 00 10
10-02-10 15:22:59>发送:68 01 00 00 00 00 00 68 03 10 32 34 B3 3A 33 33 33 33 5B 33 33 33 35 33 33 72 04 16
10-02-10 15:23:19>发送:68 01 00 00 00 00 00 68 03 20 32 33 33 3A 33 33 33 33 6D A0 17 CE 44 EC B0 18 F8 E4 BE C1 6E 39 EE 14 34 33 33 33 33 33 33 33 19 16
10-02-10 15:23:19>接收：68 01 00 00 00 00 00 68 83 10 32 33 33 3A D7 26 49 B7 34 33 33 33 33 33 33 43 DC 16
10-02-10 15:23:19>解析：地址:00 00 00 00 00 01 控制码:83 长度:10 数据标识:07 00 00 FF 数据:A4 F3 16 84 01 00 00 00 00 00 00 10
10-02-10 15:23:22>发送:68 01 00 00 00 00 00 68 03 10 32 34 B3 3A 33 33 33 33 5B 33 33 33 35 33 33 72 04 16
10-02-10 15:25:00>接收：68 01 00 00 00 00 00 68 83 38 32 34 B3 3A 5B 33 33 33 35 33 33 72 33 33 33 33 33 33 33 33 33 33 33 33 33 33 33 33 33 33 33 33 33 33 33 33 33 33 33 33 33 33 33 33 33 33 33 33 5C 33 34 9B 26 7D C9 42 18 16
10-02-10 15:25:00>解析：地址:00 00 00 00 00 01 控制码:83 长度:38 数据标识:07 80 01 FF 数据:28 00 00 00 02 00 00 3F 00 00 00 00 00 00 00 00 00 00 00 00 00 00 00 00 00 00 00 00 00 00 00 00 00 00 00 00 00 00 00 00 00 00 00 00 29 00 01 68 F3 4A 96 0F
10-02-10 15:25:10>发送:68 01 00 00 00 00 00 68 03 10 32 34 B3 3A 33 33 33 33 62 33 33 33 35 33 33 72 0B 16
10-02-10 15:25:13>接收：68 01 00 00 00 00 00 68 83 3F 32 34 B3 3A 62 33 33 33 35 33 33 72 49 33 38 33 33 33 33 33 33 33 33 33 33 33 33 33 33 33 33 33 33 33 33 33 33 33 33 33 33 33 33 33 33 33 33 33 33 33 33 33 33 33 33 5C 33 34 9B DF 23 EF F0 D9 16
10-02-10 15:25:13>解析：地址:00 00 00 00 00 01 控制码:83 长度:3F 数据标识:07 80 01 FF 数据:2F 00 00 00 02 00 00 3F 16 00 05 00 00 00 00 00 00 00 00 00 00 00 00 00 00 00 00 00 00 00 00 00 00 00 00 00 00 00 00 00 00 00 00 00 00 00 00 00 00 00 00 29 00 01 68 AC F0 BC BD
10-02-10 15:25:24>发送:68 01 00 00 00 00 00 68 03 10 32 34 B3 3A 33 33 33 33 77 33 33 33 35 33 33 72 20 16
10-02-10 15:25:31>接收：68 01 00 00 00 00 00 68 83 3F 32 34 B3 3A 62 33 33 33 35 33 33 72 49 33 38 33 33 33 33 33 33 33 33 33 33 33 33 33 33 33 33 33 33 33 33 33 33 33 33 33 33 33 33 33 33 33 33 33 33 33 33 33 33 33 33 5C 33 34 9B BD 61 00 DD F3 16
10-02-10 15:25:31>解析：地址:00 00 00 00 00 01 控制码:83 长度:3F 数据标识:07 80 01 FF 数据:2F 00 00 00 02 00 00 3F 16 00 05 00 00 00 00 00 00 00 00 00 00 00 00 00 00 00 00 00 00 00 00 00 00 00 00 00 00 00 00 00 00 00 00 00 00 00 00 00 00 00 00 29 00 01 68 8A 2E CD AA
10-02-10 15:25:40>发送:68 01 00 00 00 00 00 68 03 10 32 34 B3 3A 33 33 33 33 77 33 33 33 35 33 33 72 20 16
10-02-10 15:25:46>接收：68 01 00 00 00 00 00 68 83 3F 32 34 B3 3A 62 33 33 33 35 33 33 72 49 33 38 33 33 33 33 33 33 33 33 33 33 33 33 33 33 33 33 33 33 33 33 33 33 33 33 33 33 33 33 33 33 33 33 33 33 33 33 33 33 33 33 5C 33 34 9B BD 61 00 DD F3 16
10-02-10 15:25:46>解析：地址:00 00 00 00 00 01 控制码:83 长度:3F 数据标识:07 80 01 FF 数据:2F 00 00 00 02 00 00 3F 16 00 05 00 00 00 00 00 00 00 00 00 00 00 00 00 00 00 00 00 00 00 00 00 00 00 00 00 00 00 00 00 00 00 00 00 00 00 00 00 00 00 00 29 00 01 68 8A 2E CD AA
10-02-10 15:25:51>发送:68 01 00 00 00 00 00 68 03 10 32 34 B3 3A 33 33 33 33 77 33 33 33 35 33 33 72 20 16
10-02-10 15:25:51>接收：68 01 00 00 00 00 00 68 83 3F 32 34 B3 3A 62 33 33 33 35 33 33 72 49 33 38 33 33 33 33 33 33 33 33 33 33 33 33 33 33 33 33 33 33 33 33 33 33 33 33 33 33 33 33 33 33 33 33 33 33 33 33 33 33 33 33 5C 33 34 9B BD 61 00 DD F3 16
10-02-10 15:25:51>解析：地址:00 00 00 00 00 01 控制码:83 长度:3F 数据标识:07 80 01 FF 数据:2F 00 00 00 02 00 00 3F 16 00 05 00 00 00 00 00 00 00 00 00 00 00 00 00 00 00 00 00 00 00 00 00 00 00 00 00 00 00 00 00 00 00 00 00 00 00 00 00 00 00 00 29 00 01 68 8A 2E CD AA
10-02-10 15:25:52>发送:68 01 00 00 00 00 00 68 03 10 32 34 B3 3A 33 33 33 33 77 33 33 33 35 33 33 72 20 16
10-02-10 15:25:53>接收：68 01 00 00 00 00 00 68 83 3F 32 34 B3 3A 62 33 33 33 35 33 33 72 49 33 38 33 33 33 33 33 33 33 33 33 33 33 33 33 33 33 33 33 33 33 33 33 33 33 33 33 33 33 33 33 33 33 33 33 33 33 33 33 33 33 33 5C 33 34 9B BD 61 00 DD F3 16
10-02-10 15:25:53>解析：地址:00 00 00 00 00 01 控制码:83 长度:3F 数据标识:07 80 01 FF 数据:2F 00 00 00 02 00 00 3F 16 00 05 00 00 00 00 00 00 00 00 00 00 00 00 00 00 00 00 00 00 00 00 00 00 00 00 00 00 00 00 00 00 00 00 00 00 00 00 00 00 00 00 29 00 01 68 8A 2E CD AA
10-02-10 15:29:34>发送:68 01 00 00 00 00 00 68 03 10 32 34 B3 3A 33 33 33 33 77 33 33 33 35 33 33 72 20 16
10-02-10 15:29:34>接收：68 01 00 00 00 00 00 68 C3 02 3B 33 04 16
10-02-10 15:29:34>解析：地址:00 00 00 00 00 01 控制码:C3 长度:02 数据标识: 数据:00 08
10-02-10 15:29:39>发送:68 01 00 00 00 00 00 68 03 20 32 33 33 3A 33 33 33 33 EC C6 ED FC 03 5F 3D DB 4B A1 E4 6A 76 C4 86 2D 34 33 33 33 33 33 33 33 67 16
10-02-10 15:29:40>接收：68 01 00 00 00 00 00 68 83 10 32 33 33 3A 9D 30 DC B7 34 33 33 33 33 33 33 43 3F 16
10-02-10 15:29:40>解析：地址:00 00 00 00 00 01 控制码:83 长度:10 数据标识:07 00 00 FF 数据:6A FD A9 84 01 00 00 00 00 00 00 10
10-02-10 15:29:43>发送:68 01 00 00 00 00 00 68 03 10 32 34 B3 3A 33 33 33 33 5B 33 33 33 35 33 33 72 04 16
10-02-10 15:29:44>接收：68 01 00 00 00 00 00 68 83 38 32 34 B3 3A 5B 33 33 33 35 33 33 72 33 33 33 33 33 33 33 33 33 33 33 33 33 33 33 33 33 33 33 33 33 33 33 33 33 33 33 33 33 33 33 33 33 33 33 33 5C 33 34 9B 67 A1 8C DA D8 16
10-02-10 15:29:44>解析：地址:00 00 00 00 00 01 控制码:83 长度:38 数据标识:07 80 01 FF 数据:28 00 00 00 02 00 00 3F 00 00 00 00 00 00 00 00 00 00 00 00 00 00 00 00 00 00 00 00 00 00 00 00 00 00 00 00 00 00 00 00 00 00 00 00 29 00 01 68 34 6E 59 A7
10-02-10 15:29:51>发送:68 01 00 00 00 00 00 68 03 10 32 34 B3 3A 33 33 33 33 62 33 33 33 35 33 33 72 0B 16
10-02-10 15:29:52>接收：68 01 00 00 00 00 00 68 83 3F 32 34 B3 3A 62 33 33 33 35 33 33 72 49 33 38 33 33 33 33 33 33 33 33 33 33 33 33 33 33 33 33 33 33 33 33 33 33 33 33 33 33 33 33 33 33 33 33 33 33 33 33 33 33 33 33 5C 33 34 9B D7 D1 8E 2A 58 16
10-02-10 15:29:52>解析：地址:00 00 00 00 00 01 控制码:83 长度:3F 数据标识:07 80 01 FF 数据:2F 00 00 00 02 00 00 3F 16 00 05 00 00 00 00 00 00 00 00 00 00 00 00 00 00 00 00 00 00 00 00 00 00 00 00 00 00 00 00 00 00 00 00 00 00 00 00 00 00 00 00 29 00 01 68 A4 9E 5B F7
10-02-10 15:29:59>发送:68 01 00 00 00 00 00 68 03 10 32 34 B3 3A 33 33 33 33 77 33 33 33 35 33 33 72 20 16
10-02-10 15:30:00>接收：68 01 00 00 00 00 00 68 83 54 32 34 B3 3A 77 33 33 33 35 33 33 72 49 33 38 33 33 33 33 33 33 33 33 33 33 33 33 33 33 33 33 33 33 33 33 33 33 33 33 33 33 33 33 33 33 33 33 33 33 33 33 33 33 33 33 5C 33 34 9B 67 01 D1 29 31 58 30 E7 CB 9E A3 58 34 7D B9 69 31 84 31 33 83 67 16 47 33 67 16
10-02-10 15:30:24>发送:68 01 00 00 00 00 00 68 03 10 32 34 B3 3A 33 33 33 33 77 33 33 33 35 33 33 72 20 16
10-02-10 15:30:25>接收：68 01 00 00 00 00 00 68 83 54 32 34 B3 3A 77 33 33 33 35 33 33 72 49 33 38 33 33 33 33 33 33 33 33 33 33 33 33 33 33 33 33 33 33 33 33 33 33 33 33 33 33 33 33 33 33 33 33 33 33 33 33 33 33 33 33 5C 33 34 9B 67 01 D1 29 31 58 30 E7 CB 9E A3 58 34 7D B9 69 31 84 31 33 83 67 16 47 33 67 16
10-02-10 15:30:30>发送:68 01 00 00 00 00 00 68 03 10 32 34 B3 3A 33 33 33 33 73 33 33 33 35 33 33 72 1C 16
10-02-10 15:30:31>接收：68 01 00 00 00 00 00 68 83 50 32 34 B3 3A 73 33 33 33 35 33 33 72 49 33 38 33 33 33 33 33 33 33 33 33 33 33 33 33 33 33 33 33 33 33 33 33 33 33 33 33 33 33 33 33 33 33 33 33 33 33 33 33 33 33 33 5C 33 34 9B CC AB A9 3D 31 58 30 E7 CB 9E A3 58 34 7D B9 69 31 84 31 33 38 9F 16
10-02-10 15:30:31>解析：地址:00 00 00 00 00 01 控制码:83 长度:50 数据标识:07 80 01 FF 数据:40 00 00 00 02 00 00 3F 16 00 05 00 00 00 00 00 00 00 00 00 00 00 00 00 00 00 00 00 00 00 00 00 00 00 00 00 00 00 00 00 00 00 00 00 00 00 00 00 00 00 00 29 00 01 68 99 78 76 0A FE 25 FD B4 98 6B 70 25 01 4A 86 36 FE 51 FE 00 05
10-02-10 15:30:59>发送:68 01 00 00 00 00 00 68 03 10 32 34 B3 3A 33 33 33 33 44 33 33 33 35 33 33 72 ED 16
10-02-10 15:31:00>接收：68 01 00 00 00 00 00 68 83 21 32 34 B3 3A 44 33 33 33 35 33 33 72 33 33 33 33 33 33 33 33 33 33 33 33 33 5C 33 34 9B 55 38 AB 32 16
10-02-10 15:32:26>发送:68 01 00 00 00 00 00 68 03 20 32 33 33 3A 33 33 33 33 E2 A5 A1 77 B8 40 62 AB 55 B3 10 8E 20 B0 0E E0 34 33 33 33 33 33 33 33 33 16
10-02-10 15:32:29>接收：68 01 00 00 00 00 00 68 83 10 32 33 33 3A 7E 2A F5 B7 34 33 33 33 33 33 33 43 33 16
10-02-10 15:32:29>解析：地址:00 00 00 00 00 01 控制码:83 长度:10 数据标识:07 00 00 FF 数据:4B F7 C2 84 01 00 00 00 00 00 00 10
10-02-10 15:32:37>发送:68 01 00 00 00 00 00 68 03 10 32 34 B3 3A 33 33 33 33 5B 33 33 33 35 33 33 72 04 16
10-02-10 15:32:38>接收：68 01 00 00 00 00 00 68 83 38 32 34 B3 3A 5B 33 33 33 35 33 33 72 33 33 33 33 33 33 33 33 33 33 33 33 33 33 33 33 33 33 33 33 33 33 33 33 33 33 33 33 33 33 33 33 33 33 33 33 5C 33 34 9B 9C 16 77 FA 8D 16
10-02-10 15:32:38>解析：地址:00 00 00 00 00 01 控制码:83 长度:38 数据标识:07 80 01 FF 数据:28 00 00 00 02 00 00 3F 00 00 00 00 00 00 00 00 00 00 00 00 00 00 00 00 00 00 00 00 00 00 00 00 00 00 00 00 00 00 00 00 00 00 00 00 29 00 01 68 69 E3 44 C7
10-02-10 15:32:42>发送:68 01 00 00 00 00 00 68 03 10 32 34 B3 3A 33 33 33 33 44 33 33 33 35 33 33 72 ED 16
10-02-10 15:32:43>接收：68 01 00 00 00 00 00 68 83 21 32 34 B3 3A 44 33 33 33 35 33 33 72 33 33 33 33 33 33 33 33 33 33 33 33 33 5C 33 34 9B DF 05 F8 E7 6A 16
10-02-10 15:32:43>解析：地址:00 00 00 00 00 01 控制码:83 长度:21 数据标识:07 80 01 FF 数据:11 00 00 00 02 00 00 3F 00 00 00 00 00 00 00 00 00 00 00 00 00 29 00 01 68 AC D2 C5 B4
10-02-10 15:32:48>发送:68 01 00 00 00 00 00 68 03 10 32 34 B3 3A 33 33 33 33 77 33 33 33 35 33 33 72 20 16
10-02-10 15:32:49>接收：68 01 00 00 00 00 00 68 83 3F 32 34 B3 3A 77 33 33 33 35 33 33 72 49 33 38 33 33 33 33 33 33 33 33 33 33 33 33 33 33 33 33 33 33 33 33 33 33 33 33 33 33 33 33 33 33 33 33 33 33 33 33 33 33 33 33 5C 33 34 9B 4A 69 EE 40 EE 16
10-02-10 15:32:49>解析：地址:00 00 00 00 00 01 控制码:83 长度:3F 数据标识:07 80 01 FF 数据:44 00 00 00 02 00 00 3F 16 00 05 00 00 00 00 00 00 00 00 00 00 00 00 00 00 00 00 00 00 00 00 00 00 00 00 00 00 00 00 00 00 00 00 00 00 00 00 00 00 00 00 29 00 01 68 17 36 BB 0D
10-02-10 15:44:23>发送:68 01 00 00 00 00 00 68 03 08 32 35 33 3A 33 33 33 33 7C 16
10-02-10 15:44:23>接收：68 01 00 00 00 00 00 68 C3 01 35 CA 16
10-02-10 15:44:23>解析：地址:00 00 00 00 00 01 控制码:C3 长度:01 数据标识: 数据:02
10-02-10 15:46:24>发送:68 01 00 00 00 00 00 68 03 08 32 35 33 3A 33 33 33 33 7C 16
10-02-10 15:46:24>接收：68 01 00 00 00 00 00 68 C3 02 3B 33 04 16
10-02-10 15:46:24>解析：地址:00 00 00 00 00 01 控制码:C3 长度:02 数据标识: 数据:00 08
10-02-10 15:46:28>发送:68 01 00 00 00 00 00 68 03 20 32 33 33 3A 33 33 33 33 8A 45 57 F7 52 20 CA 10 06 39 F8 58 A9 91 7C 1B 34 33 33 33 33 33 33 33 F4 16
10-02-10 15:46:29>接收：68 01 00 00 00 00 00 68 83 10 32 33 33 3A B4 08 97 34 33 33 33 33 33 33 43 43 16
10-02-10 15:46:37>发送:68 01 00 00 00 00 00 68 03 20 32 33 33 3A 33 33 33 33 F9 56 80 8F DB E2 17 C4 AF 0D 8E 58 37 E8 2F C2 34 33 33 33 33 33 33 33 D3 16
10-02-10 15:46:38>接收：68 01 00 00 00 00 00 68 83 10 32 33 33 3A F6 F9 27 7A 34 33 33 33 33 33 33 43 6F 16
10-02-10 15:46:38>解析：地址:00 00 00 00 00 01 控制码:83 长度:10 数据标识:07 00 00 FF 数据:C3 C6 F4 47 01 00 00 00 00 00 00 10
10-02-10 15:46:41>发送:68 01 00 00 00 00 00 68 03 08 32 35 33 3A 33 33 33 33 7C 16
10-02-10 15:46:42>接收：68 01 00 00 00 00 00 68 83 16 32 35 33 3A 33 33 33 33 33 33 33 33 33 33 33 33 33 33 33 33 33 33 D4 16
10-02-10 15:46:42>解析：地址:00 00 00 00 00 01 控制码:83 长度:16 数据标识:07 00 02 FF 数据:00 00 00 00 00 00 00 00 00 00 00 00 00 00 00 00 00 00
10-02-10 15:46:54>发送:68 01 00 00 00 00 00 68 03 08 32 35 33 3A 33 33 33 33 7C 16
10-02-10 15:46:55>接收：68 01 00 00 00 00 00 68 C3 02 3B 33 04 16
10-02-10 15:46:55>解析：地址:00 00 00 00 00 01 控制码:C3 长度:02 数据标识: 数据:00 08
10-02-10 16:09:55>发送:68 01 00 00 00 00 00 68 03 20 32 33 33 3A 33 33 33 33 5A BC D7 C4 76 90 16 B4 97 DE 7A DC B8 AF C4 92 34 33 33 33 33 33 33 33 34 16
10-02-10 16:09:56>接收：68 01 00 00 00 00 00 68 83 10 32 33 33 3A F8 88 17 45 34 33 33 33 33 33 33 43 BB 16
10-02-10 16:09:56>解析：地址:00 00 00 00 00 01 控制码:83 长度:10 数据标识:07 00 00 FF 数据:C5 55 E4 12 01 00 00 00 00 00 00 10
10-02-10 16:10:03>发送:68 01 00 00 00 00 00 68 03 10 32 34 B3 3A 33 33 33 33 5B 33 33 33 35 33 33 72 04 16
10-02-10 16:10:03>接收：68 01 00 00 00 00 00 68 83 38 32 34 B3 3A 5B 33 33 33 35 33 33 72 33 33 33 33 33 33 33 33 33 33 33 33 33 33 33 33 CB 34 33 33 33 33 33 33 33 33 33 33 33 33 33 33 33 33 33 33 5C 33 34 9B C4 A3 72 8C 68 16
10-02-10 16:10:03>解析：地址:00 00 00 00 00 01 控制码:83 长度:38 数据标识:07 80 01 FF 数据:28 00 00 00 02 00 00 3F 00 00 00 00 00 00 00 00 00 00 00 00 00 00 00 00 98 01 00 00 00 00 00 00 00 00 00 00 00 00 00 00 00 00 00 00 29 00 01 68 91 70 3F 59
10-02-10 16:10:05>发送:68 01 00 00 00 00 00 68 03 08 32 35 33 3A 33 33 33 33 7C 16
10-02-10 16:10:06>接收：68 01 00 00 00 00 00 68 83 16 32 35 33 3A 33 33 33 33 33 33 33 33 33 33 33 33 33 33 33 33 33 33 D4 16
10-02-10 16:10:06>解析：地址:00 00 00 00 00 01 控制码:83 长度:16 数据标识:07 00 02 FF 数据:00 00 00 00 00 00 00 00 00 00 00 00 00 00 00 00 00 00
10-02-10 16:10:10>发送:68 01 00 00 00 00 00 68 03 08 32 35 33 3A 33 33 33 33 7C 16
10-02-10 16:10:10>接收：68 01 00 00 00 00 00 68 C3 02 3B 33 04 16
10-02-10 16:10:10>解析：地址:00 00 00 00 00 01 控制码:C3 长度:02 数据标识: 数据:00 08
10-02-10 16:10:19>发送:68 01 00 00 00 00 00 68 1C 10 35 33 33 33 33 33 33 33 4D 33 4A 45 49 43 35 43 AA 16
10-02-10 16:10:19>接收：68 01 00 00 00 00 00 68 DC 01 34 E2 16
10-02-10 16:10:19>解析：地址:00 00 00 00 00 01 控制码:DC 长度:01 数据标识: 数据:01
10-02-10 16:10:44>发送:68 01 00 00 00 00 00 68 1C 10 35 33 33 33 33 33 33 33 6E 33 4A 45 49 43 35 43 CB 16
10-02-10 16:10:44>接收：68 01 00 00 00 00 00 68 9C 00 6D 16
10-02-10 16:10:44>解析：地址:00 00 00 00 00 01 控制码:9C 长度:00 数据标识: 数据:
10-02-10 16:11:01>发送:68 01 00 00 00 00 00 68 1C 10 35 33 33 33 33 33 33 33 4D 33 4A 45 49 43 35 43 AA 16
10-02-10 16:11:01>接收：68 01 00 00 00 00 00 68 9C 00 6D 16
10-02-10 16:11:01>解析：地址:00 00 00 00 00 01 控制码:9C 长度:00 数据标识: 数据:
10-02-10 16:11:25>发送:68 01 00 00 00 00 00 68 03 20 32 33 33 3A 33 33 33 33 99 84 15 DA DA CE 24 C7 3C EB 13 9A 75 31 E3 36 34 33 33 33 33 33 33 33 5D 16
10-02-10 16:11:25>接收：68 01 00 00 00 00 00 68 C3 02 3B 33 04 16
10-02-10 16:11:25>解析：地址:00 00 00 00 00 01 控制码:C3 长度:02 数据标识: 数据:00 08
10-02-10 16:11:30>发送:68 01 00 00 00 00 00 68 03 20 32 33 33 3A 33 33 33 33 69 52 92 C7 DC 0D 41 9D 2D 3D 54 B8 0C 2D BF E0 34 33 33 33 33 33 33 33 54 16
10-02-10 16:11:31>接收：68 01 00 00 00 00 00 68 83 10 32 33 33 3A 06 5D 0D B7 34 33 33 33 33 33 33 43 06 16
10-02-10 16:11:31>解析：地址:00 00 00 00 00 01 控制码:83 长度:10 数据标识:07 00 00 FF 数据:D3 2A DA 84 01 00 00 00 00 00 00 10
10-02-10 16:11:39>发送:68 01 00 00 00 00 00 68 03 10 32 34 B3 3A 33 33 33 33 5B 33 33 33 35 33 33 72 04 16
10-02-10 16:11:40>接收：68 01 00 00 00 00 00 68 83 38 32 34 B3 3A 5B 33 33 33 35 33 33 72 33 33 33 33 33 33 33 33 33 33 33 33 33 33 33 33 33 33 33 33 33 33 33 33 33 33 33 33 33 33 33 33 33 33 33 33 5C 33 34 9B E4 04 51 9E 41 16
10-02-10 16:11:40>解析：地址:00 00 00 00 00 01 控制码:83 长度:38 数据标识:07 80 01 FF 数据:28 00 00 00 02 00 00 3F 00 00 00 00 00 00 00 00 00 00 00 00 00 00 00 00 00 00 00 00 00 00 00 00 00 00 00 00 00 00 00 00 00 00 00 00 29 00 01 68 B1 D1 1E 6B
10-02-10 16:11:42>发送:68 01 00 00 00 00 00 68 03 08 32 35 33 3A 33 33 33 33 7C 16
10-02-10 16:11:42>接收：68 01 00 00 00 00 00 68 C3 01 35 CA 16
10-02-10 16:11:42>解析：地址:00 00 00 00 00 01 控制码:C3 长度:01 数据标识: 数据:02
10-02-10 16:11:45>发送:68 01 00 00 00 00 00 68 03 08 32 35 33 3A 33 33 33 33 7C 16
10-02-10 16:11:46>接收：68 01 00 00 00 00 00 68 C3 01 35 CA 16
10-02-10 16:11:46>解析：地址:00 00 00 00 00 01 控制码:C3 长度:01 数据标识: 数据:02
10-02-10 16:12:00>发送:68 01 00 00 00 00 00 68 1C 10 35 33 33 33 33 33 33 33 4D 33 8B 46 49 43 35 43 EC 16
10-02-10 16:12:00>接收：68 01 00 00 00 00 00 68 DC 01 34 E2 16
10-02-10 16:12:00>解析：地址:00 00 00 00 00 01 控制码:DC 长度:01 数据标识: 数据:01
10-02-10 16:12:07>发送:68 01 00 00 00 00 00 68 1C 10 35 33 33 33 33 33 33 33 6E 33 8B 46 49 43 35 43 0D 16
10-02-10 16:12:07>接收：68 01 00 00 00 00 00 68 9C 00 6D 16
10-02-10 16:12:07>解析：地址:00 00 00 00 00 01 控制码:9C 长度:00 数据标识: 数据:
10-02-10 16:12:12>发送:68 01 00 00 00 00 00 68 1C 10 35 33 33 33 33 33 33 33 4D 33 8B 46 49 43 35 43 EC 16
10-02-10 16:12:13>接收：68 01 00 00 00 00 00 68 9C 00 6D 16
10-02-10 16:12:13>解析：地址:00 00 00 00 00 01 控制码:9C 长度:00 数据标识: 数据:
10-02-10 16:12:21>发送:68 01 00 00 00 00 00 68 1C 10 35 33 33 33 33 33 33 33 6D 33 8B 46 49 43 35 43 0C 16
10-02-10 16:12:22>接收：68 01 00 00 00 00 00 68 9C 00 6D 16
10-02-10 16:12:22>解析：地址:00 00 00 00 00 01 控制码:9C 长度:00 数据标识: 数据:
10-02-10 16:12:34>发送:68 01 00 00 00 00 00 68 11 04 34 34 33 50 D1 16
10-02-10 16:12:34>接收：68 01 00 00 00 00 00 68 91 0A 34 34 33 50 7A 44 49 43 35 43 19 16
10-02-10 16:12:34>解析：地址:00 00 00 00 00 01 控制码:91 长度:0A 数据标识:1D 00 01 01 数据:10 02 10 16 11 47
10-02-10 16:12:44>发送:68 01 00 00 00 00 00 68 11 04 35 34 33 50 D2 16
10-02-10 16:12:44>接收：68 01 00 00 00 00 00 68 91 0A 35 34 33 50 3C 43 3C 43 35 43 CE 16
10-02-10 16:12:44>解析：地址:00 00 00 00 00 01 控制码:91 长度:0A 数据标识:1D 00 01 02 数据:10 02 10 09 10 09
10-02-10 16:13:01>发送:68 01 00 00 00 00 00 68 11 04 34 34 33 51 D2 16
10-02-10 16:13:01>接收：68 01 00 00 00 00 00 68 91 0A 34 34 33 51 89 44 49 43 35 43 29 16
10-02-10 16:13:01>解析：地址:00 00 00 00 00 01 控制码:91 长度:0A 数据标识:1E 00 01 01 数据:10 02 10 16 11 56
10-02-10 16:13:08>发送:68 01 00 00 00 00 00 68 11 04 35 34 33 51 D3 16
10-02-10 16:13:09>接收：68 01 00 00 00 00 00 68 91 0A 35 34 33 51 33 33 33 33 33 33 8B 16
10-02-10 16:13:09>解析：地址:00 00 00 00 00 01 控制码:91 长度:0A 数据标识:1E 00 01 02 数据:00 00 00 00 00 00
10-02-10 16:13:21>发送:68 01 00 00 00 00 00 68 1C 10 35 33 33 33 33 33 33 33 6E 33 48 48 49 43 35 43 CC 16
10-02-10 16:13:22>接收：68 01 00 00 00 00 00 68 9C 00 6D 16
10-02-10 16:13:22>解析：地址:00 00 00 00 00 01 控制码:9C 长度:00 数据标识: 数据:
10-02-10 16:13:25>发送:68 01 00 00 00 00 00 68 1C 10 35 33 33 33 33 33 33 33 4D 33 48 48 49 43 35 43 AB 16
10-02-10 16:13:26>接收：68 01 00 00 00 00 00 68 9C 00 6D 16
10-02-10 16:13:26>解析：地址:00 00 00 00 00 01 控制码:9C 长度:00 数据标识: 数据:
10-02-10 16:13:36>发送:68 01 00 00 00 00 00 68 11 04 34 34 33 50 D1 16
10-02-10 16:13:37>接收：68 01 00 00 00 00 00 68 91 0A 34 34 33 50 34 46 49 43 35 43 D5 16
10-02-10 16:13:37>解析：地址:00 00 00 00 00 01 控制码:91 长度:0A 数据标识:1D 00 01 01 数据:10 02 10 16 13 01
10-02-10 16:13:44>发送:68 01 00 00 00 00 00 68 11 04 35 34 33 50 D2 16
10-02-10 16:13:45>接收：68 01 00 00 00 00 00 68 91 0A 35 34 33 50 7A 44 49 43 35 43 1A 16
10-02-10 16:13:45>解析：地址:00 00 00 00 00 01 控制码:91 长度:0A 数据标识:1D 00 01 02 数据:10 02 10 16 11 47
10-02-10 16:13:50>发送:68 01 00 00 00 00 00 68 11 04 36 34 33 50 D3 16
10-02-10 16:13:51>接收：68 01 00 00 00 00 00 68 91 0A 36 34 33 50 3C 43 3C 43 35 43 CF 16
10-02-10 16:13:51>解析：地址:00 00 00 00 00 01 控制码:91 长度:0A 数据标识:1D 00 01 03 数据:10 02 10 09 10 09
10-02-10 16:14:06>发送:68 01 00 00 00 00 00 68 1C 10 35 33 33 33 33 33 33 33 6D 33 8B 48 49 43 35 43 0E 16
10-02-10 16:14:07>接收：68 01 00 00 00 00 00 68 9C 00 6D 16
10-02-10 16:14:07>解析：地址:00 00 00 00 00 01 控制码:9C 长度:00 数据标识: 数据:
10-02-10 16:14:10>发送:68 01 00 00 00 00 00 68 1C 10 35 33 33 33 33 33 33 33 6E 33 8B 48 49 43 35 43 0F 16
10-02-10 16:14:11>接收：68 01 00 00 00 00 00 68 9C 00 6D 16
10-02-10 16:14:11>解析：地址:00 00 00 00 00 01 控制码:9C 长度:00 数据标识: 数据:
10-02-10 16:14:19>发送:68 01 00 00 00 00 00 68 11 04 34 34 33 51 D2 16
10-02-10 16:14:19>接收：68 01 00 00 00 00 00 68 91 0A 34 34 33 51 75 46 49 43 35 43 17 16
10-02-10 16:14:19>解析：地址:00 00 00 00 00 01 控制码:91 长度:0A 数据标识:1E 00 01 01 数据:10 02 10 16 13 42
10-02-10 16:14:26>发送:68 01 00 00 00 00 00 68 11 04 35 34 33 51 D3 16
10-02-10 16:14:26>接收：68 01 00 00 00 00 00 68 91 0A 35 34 33 51 89 44 49 43 35 43 2A 16
10-02-10 16:14:26>解析：地址:00 00 00 00 00 01 控制码:91 长度:0A 数据标识:1E 00 01 02 数据:10 02 10 16 11 56
10-02-10 16:14:52>发送:68 01 00 00 00 00 00 68 11 04 34 33 33 51 D1 16
10-02-10 16:14:52>接收：68 01 00 00 00 00 00 68 91 07 34 33 33 51 33 33 35 EF 16
10-02-10 16:14:52>解析：地址:00 00 00 00 00 01 控制码:91 长度:07 数据标识:1E 00 00 01 数据:02 00 00
10-02-10 16:15:11>发送:68 01 00 00 00 00 00 68 11 04 34 33 33 50 D0 16
10-02-10 16:15:12>接收：68 01 00 00 00 00 00 68 91 07 34 33 33 50 33 33 35 EE 16
10-02-10 16:15:12>解析：地址:00 00 00 00 00 01 控制码:91 长度:07 数据标识:1D 00 00 01 数据:02 00 00
10-02-10 16:16:10>发送:68 01 00 00 00 00 00 68 03 08 32 35 33 3A 33 33 33 33 7C 16
10-02-10 16:16:11>接收：68 01 00 00 00 00 00 68 C3 01 35 CA 16
10-02-10 16:16:11>解析：地址:00 00 00 00 00 01 控制码:C3 长度:01 数据标识: 数据:02
10-02-10 16:16:20>发送:68 01 00 00 00 00 00 68 03 08 32 35 33 3A 33 33 33 33 7C 16
10-02-10 16:16:20>接收：68 01 00 00 00 00 00 68 C3 01 35 CA 16
10-02-10 16:16:20>解析：地址:00 00 00 00 00 01 控制码:C3 长度:01 数据标识: 数据:02
10-02-10 16:44:48>发送:68 01 00 00 00 00 00 68 03 20 32 33 33 3A 33 33 33 33 EA 42 CE 4C EE 10 5E BA AD 2F 73 18 DA 64 69 13 34 33 33 33 33 33 33 33 A8 16
10-02-10 16:44:50>接收：68 01 00 00 00 00 00 68 83 10 32 33 33 3A 9F CA D3 B7 34 33 33 33 33 33 33 43 D2 16
10-02-10 16:44:50>解析：地址:00 00 00 00 00 01 控制码:83 长度:10 数据标识:07 00 00 FF 数据:6C 97 A0 84 01 00 00 00 00 00 00 10
10-02-10 16:44:56>发送:68 01 00 00 00 00 00 68 03 08 32 35 33 3A 33 33 33 33 7C 16
10-02-10 16:44:56>接收：C2 07 68 FE 8A 14 00 00 00 02 00 00 84 ED
10-02-10 16:45:01>发送:68 01 00 00 00 00 00 68 03 08 32 35 33 3A 33 33 33 33 7C 16
10-02-10 16:45:01>接收：8A 14 00 00 00 01 00 00 00 01 D7 FB AC
10-02-10 16:45:11>发送:68 01 00 00 00 00 00 68 03 08 32 35 33 3A 33 33 33 33 7C 16
10-02-10 16:45:12>接收：8A 14 00 00 00 01 00 00 00 01 D7 01 00
10-02-10 16:45:14>发送:68 01 00 00 00 00 00 68 03 10 32 34 B3 3A 33 33 33 33 5B 33 33 33 35 33 33 72 04 16
10-02-10 16:45:14>接收：68 01 00 00 00 00 00 68 C3 02 3B 33 04 16
10-02-10 16:45:14>解析：地址:00 00 00 00 00 01 控制码:C3 长度:02 数据标识: 数据:00 08
10-02-10 16:45:18>发送:68 01 00 00 00 00 00 68 03 20 32 33 33 3A 33 33 33 33 44 6A 40 AB D4 34 72 95 97 A2 E4 30 A6 21 63 49 34 33 33 33 33 33 33 33 93 16
10-02-10 16:45:18>接收：68 01 00 00 00 00 00 68 C3 02 3B 33 04 16
10-02-10 16:45:18>解析：地址:00 00 00 00 00 01 控制码:C3 长度:02 数据标识: 数据:00 08
10-02-10 16:45:20>发送:68 01 00 00 00 00 00 68 03 20 32 33 33 3A 33 33 33 33 65 16 8A 26 9F 74 99 ED 54 E8 8D 13 48 FC 07 BC 34 33 33 33 33 33 33 33 D2 16
10-02-10 16:45:21>接收：68 01 00 00 00 00 00 68 C3 02 3B 33 04 16
10-02-10 16:45:21>解析：地址:00 00 00 00 00 01 控制码:C3 长度:02 数据标识: 数据:00 08
10-02-10 16:45:22>发送:68 01 00 00 00 00 00 68 03 20 32 33 33 3A 33 33 33 33 ED 6A 66 09 C6 29 9B 6E 4B 04 15 EA 20 E2 83 E2 34 33 33 33 33 33 33 33 9E 16
10-02-10 16:45:23>接收：68 01 00 00 00 00 00 68 83 10 32 33 33 3A 71 53 CE B7 34 33 33 33 33 33 33 43 28 16
10-02-10 16:45:23>解析：地址:00 00 00 00 00 01 控制码:83 长度:10 数据标识:07 00 00 FF 数据:3E 20 9B 84 01 00 00 00 00 00 00 10
10-02-10 16:45:24>发送:68 01 00 00 00 00 00 68 03 20 32 33 33 3A 33 33 33 33 B9 06 23 30 5A 38 DD 20 D1 72 96 05 04 71 84 8C 34 33 33 33 33 33 33 33 2F 16
10-02-10 16:45:25>接收：68 01 00 00 00 00 00 68 C3 02 3B 33 04 16
10-02-10 16:45:25>解析：地址:00 00 00 00 00 01 控制码:C3 长度:02 数据标识: 数据:00 08
10-02-10 16:45:26>发送:68 01 00 00 00 00 00 68 03 20 32 33 33 3A 33 33 33 33 C9 59 9E FF A4 59 AC D3 E8 B3 CF BF 1B 42 DA F8 34 33 33 33 33 33 33 33 BE 16
10-02-10 16:45:26>接收：68 01 00 00 00 00 00 68 C3 02 3B 33 04 16
10-02-10 16:45:26>解析：地址:00 00 00 00 00 01 控制码:C3 长度:02 数据标识: 数据:00 08
10-02-10 16:51:48>发送:68 01 00 00 00 00 00 68 03 20 32 33 33 3A 33 33 33 33 0F 1A 4A 43 10 26 6E 6D F8 F2 24 3B BA 94 1C 52 34 33 33 33 33 33 33 33 F7 16
10-02-10 16:51:53>接收：68 01 00 00 00 00 00 68 C3 02 3B 33 04 16
10-02-10 16:51:53>解析：地址:00 00 00 00 00 01 控制码:C3 长度:02 数据标识: 数据:00 08
10-02-10 16:51:56>发送:68 01 00 00 00 00 00 68 03 20 32 33 33 3A 33 33 33 33 CA 01 6B 53 DC 3F 9E 9F 1F D4 C6 30 A8 48 D4 A5 34 33 33 33 33 33 33 33 5E 16
10-02-10 16:51:57>接收：68 01 00 00 00 00 00 68 C3 02 3B 33 04 16
10-02-10 16:51:57>解析：地址:00 00 00 00 00 01 控制码:C3 长度:02 数据标识: 数据:00 08
10-02-10 16:51:58>发送:68 01 00 00 00 00 00 68 03 20 32 33 33 3A 33 33 33 33 88 C6 58 59 7D B5 84 3B 46 02 9F 71 C0 33 06 C9 34 33 33 33 33 33 33 33 35 16
10-02-10 16:51:59>接收：68 01 00 00 00 00 00 68 C3 02 3B 33 04 16
10-02-10 16:51:59>解析：地址:00 00 00 00 00 01 控制码:C3 长度:02 数据标识: 数据:00 08
10-02-10 16:52:00>发送:68 01 00 00 00 00 00 68 03 20 32 33 33 3A 33 33 33 33 14 19 2A 70 FE 76 1B D7 38 C9 C6 E1 C6 2D B0 1B 34 33 33 33 33 33 33 33 BE 16
10-02-10 16:52:00>接收：68 01 00 00 00 00 00 68 C3 02 3B 33 04 16
10-02-10 16:52:00>解析：地址:00 00 00 00 00 01 控制码:C3 长度:02 数据标识: 数据:00 08
10-02-10 16:55:26>发送:68 01 00 00 00 00 00 68 03 20 32 33 33 3A 33 33 33 33 91 90 46 7A 3E BC 0B 9C 04 14 09 04 1A 08 D7 40 34 33 33 33 33 33 33 33 0B 16
10-02-10 16:55:27>接收：68 01 00 00 00 00 00 68 C3 02 3B 33 04 16
10-02-10 16:55:27>解析：地址:00 00 00 00 00 01 控制码:C3 长度:02 数据标识: 数据:00 08
10-02-10 16:55:28>发送:68 01 00 00 00 00 00 68 03 20 32 33 33 3A 33 33 33 33 C8 BE F0 AA AA 11 E3 57 87 0E EB AF 74 67 DC D9 34 33 33 33 33 33 33 33 FF 16
10-02-10 16:55:29>接收：68 01 00 00 00 00 00 68 C3 02 3B 33 04 16
10-02-10 16:55:29>解析：地址:00 00 00 00 00 01 控制码:C3 长度:02 数据标识: 数据:00 08
10-02-10 16:55:30>发送:68 01 00 00 00 00 00 68 03 20 32 33 33 3A 33 33 33 33 54 D9 AE 5B BB 44 51 D8 A1 88 F5 2B B9 AA E6 12 34 33 33 33 33 33 33 33 2D 16
10-02-10 16:55:31>接收：68 01 00 00 00 00 00 68 C3 02 3B 33 04 16
10-02-10 16:55:31>解析：地址:00 00 00 00 00 01 控制码:C3 长度:02 数据标识: 数据:00 08
10-02-10 16:56:20>发送:68 01 00 00 00 00 00 68 11 04 33 33 34 33 B3 16
10-02-10 16:56:21>接收：68 01 00 00 00 00 00 68 91 08 33 33 34 33 33 33 33 33 03 16
10-02-10 16:56:21>解析：地址:00 00 00 00 00 01 控制码:91 长度:08 数据标识:00 01 00 00 数据:00 00 00 00
10-02-10 16:56:28>发送:68 01 00 00 00 00 00 68 03 20 32 33 33 3A 33 33 33 33 50 CD 69 FB 25 9F 66 6F 91 5D 35 38 3B 06 1A EB 34 33 33 33 33 33 33 33 E6 16
10-02-10 16:56:28>接收：68 01 00 00 00 00 00 68 C3 02 3B 33 04 16
10-02-10 16:56:28>解析：地址:00 00 00 00 00 01 控制码:C3 长度:02 数据标识: 数据:00 08
10-02-10 17:04:37>发送:68 01 00 00 00 00 00 68 03 20 32 33 33 3A 33 33 33 33 46 DD 6F 57 3D 51 FB C1 DF B7 65 27 28 84 C0 8A 34 33 33 33 33 33 33 33 76 16
10-02-10 17:04:39>接收：68 01 00 00 00 00 00 68 83 10 32 33 33 3A 2A 70 33 B7 34 33 33 33 33 33 33 43 63 16
10-02-10 17:04:39>解析：地址:00 00 00 00 00 01 控制码:83 长度:10 数据标识:07 00 00 FF 数据:F7 3D 00 84 01 00 00 00 00 00 00 10
10-02-10 17:04:42>发送:68 01 00 00 00 00 00 68 03 20 32 33 33 3A 33 33 33 33 CF 3F BA E7 A4 B8 90 50 EB FF 19 6F 33 39 89 6B 34 33 33 33 33 33 33 33 E8 16
10-02-10 17:04:43>接收：68 01 00 00 00 00 00 68 83 10 32 33 33 3A 53 69 FF B7 34 33 33 33 33 33 33 43 51 16
10-02-10 17:04:43>解析：地址:00 00 00 00 00 01 控制码:83 长度:10 数据标识:07 00 00 FF 数据:20 36 CC 84 01 00 00 00 00 00 00 10
10-02-10 17:04:46>发送:68 01 00 00 00 00 00 68 03 08 32 35 33 3A 33 33 33 33 7C 16
10-02-10 17:04:46>接收：68 01 00 00 00 00 00 68 83 16 32 35 33 3A 33 33 33 33 33 33 33 33 33 33 33 33 33 33 33 33 33 33 D4 16
10-02-10 17:04:46>解析：地址:00 00 00 00 00 01 控制码:83 长度:16 数据标识:07 00 02 FF 数据:00 00 00 00 00 00 00 00 00 00 00 00 00 00 00 00 00 00
10-02-10 17:04:53>发送:68 01 00 00 00 00 00 68 03 08 32 35 33 3A 33 33 33 33 7C 16
10-02-10 17:04:53>接收：00 68 FE 00 00 00 00 00 01 00 84 ED
10-02-10 17:06:40>发送:68 01 00 00 00 00 00 68 03 08 32 35 33 3A 33 33 33 33 7C 16
10-02-10 17:06:41>接收：68 01 00 00 00 00 00 68 C3 02 3B 33 04 16
10-02-10 17:06:41>解析：地址:00 00 00 00 00 01 控制码:C3 长度:02 数据标识: 数据:00 08
10-02-10 17:06:44>发送:68 01 00 00 00 00 00 68 03 20 32 33 33 3A 33 33 33 33 4D 2E 32 C1 AD 18 6B C5 FE C8 A1 8C C7 83 55 AB 34 33 33 33 33 33 33 33 CB 16
10-02-10 17:06:44>接收：68 01 00 00 00 00 00 68 83 10 32 33 33 3A 03 8A 59 B7 34 33 33 33 33 33 33 43 7C 16
10-02-10 17:06:44>解析：地址:00 00 00 00 00 01 控制码:83 长度:10 数据标识:07 00 00 FF 数据:D0 57 26 84 01 00 00 00 00 00 00 10
10-02-10 17:06:46>发送:68 01 00 00 00 00 00 68 03 08 32 35 33 3A 33 33 33 33 7C 16
10-02-10 17:06:47>接收：68 01 00 00 00 00 00 68 83 16 32 35 33 3A 33 33 33 33 33 33 33 33 33 33 33 33 33 33 33 33 33 33 D4 16
10-02-10 17:06:47>解析：地址:00 00 00 00 00 01 控制码:83 长度:16 数据标识:07 00 02 FF 数据:00 00 00 00 00 00 00 00 00 00 00 00 00 00 00 00 00 00
10-02-10 17:06:48>发送:68 01 00 00 00 00 00 68 03 08 32 35 33 3A 33 33 33 33 7C 16
10-02-10 17:06:49>接收：68 01 00 00 00 00 00 68 C3 02 3B 33 04 16
10-02-10 17:06:49>解析：地址:00 00 00 00 00 01 控制码:C3 长度:02 数据标识: 数据:00 08
10-02-10 17:39:43>发送:68 01 00 00 00 00 00 68 11 04 33 33 34 33 B3 16
10-02-10 17:39:43>接收：68 01 00 00 00 00 00 68 91 08 33 33 34 33 33 33 33 33 03 16
10-02-10 17:39:43>解析：地址:00 00 00 00 00 01 控制码:91 长度:08 数据标识:00 01 00 00 数据:00 00 00 00
10-02-10 17:39:47>发送:68 01 00 00 00 00 00 68 03 20 32 33 33 3A 33 33 33 33 83 8F D1 E0 51 BA 56 3A 11 7E BB 0F BD 93 73 F9 34 33 33 33 33 33 33 33 9E 16
10-02-10 17:39:47>接收：68 01 00 00 00 00 00 68 83 10 32 33 33 3A ED 1F F9 B7 34 33 33 33 33 33 33 43 9B 16
10-02-10 17:39:47>解析：地址:00 00 00 00 00 01 控制码:83 长度:10 数据标识:07 00 00 FF 数据:BA EC C6 84 01 00 00 00 00 00 00 10
