10-03-25 09:29:49>发送:68 11 11 11 11 11 11 68 11 04 34 33 33 33 18 16
10-03-25 09:29:49>接收：68 11 11 11 11 11 11 68 91 08 34 33 33 33 49 48 33 33 93 16
10-03-25 09:29:49>解析：地址:11 11 11 11 11 11 控制码:91 长度:08 数据标识:00 00 00 01 数据:00 00 15 16
10-03-25 09:29:58>发送:68 11 11 11 11 11 11 68 11 04 34 34 33 33 19 16
10-03-25 09:30:03>发送:68 11 11 11 11 11 11 68 11 04 34 34 33 33 19 16
10-03-25 09:30:04>接收：68 11 11 11 11 11 11 68 91 08 34 34 33 33 33 3A 33 33 70 16
10-03-25 09:30:04>解析：地址:11 11 11 11 11 11 控制码:91 长度:08 数据标识:00 00 01 01 数据:00 00 07 00
10-03-25 09:30:09>发送:68 11 11 11 11 11 11 68 11 04 34 34 33 33 19 16
10-03-25 09:30:19>发送:68 11 11 11 11 11 11 68 11 04 34 34 33 33 19 16
10-03-25 09:30:19>接收：68 11 11 11 11 11 11 68 91 08 34 34 33 33 33 3A 33 33 70 16
10-03-25 09:30:19>解析：地址:11 11 11 11 11 11 控制码:91 长度:08 数据标识:00 00 01 01 数据:00 00 07 00
10-03-25 09:31:18>发送:68 11 11 11 11 11 11 68 11 04 34 33 33 33 18 16
10-03-25 09:31:49>发送:68 11 11 11 11 11 11 68 11 04 34 33 33 33 18 16
10-03-25 09:31:51>发送:68 11 11 11 11 11 11 68 11 04 34 33 33 33 18 16
10-03-25 09:31:52>接收：68 11 11 11 11 11 11 68 91 08 34 33 33 33 49 48 33 33 93 16
10-03-25 09:31:52>解析：地址:11 11 11 11 11 11 控制码:91 长度:08 数据标识:00 00 00 01 数据:00 00 15 16
10-03-25 09:31:53>发送:68 11 11 11 11 11 11 68 11 04 34 33 33 33 18 16
10-03-25 09:31:53>接收：68 11 11 11 11 11 11 68 91 08 34 33 33 33 49 48 33 33 93 16
10-03-25 09:31:53>解析：地址:11 11 11 11 11 11 控制码:91 长度:08 数据标识:00 00 00 01 数据:00 00 15 16
10-03-25 09:31:54>发送:68 11 11 11 11 11 11 68 11 04 34 33 33 33 18 16
10-03-25 09:31:55>发送:68 11 11 11 11 11 11 68 11 04 34 33 33 33 18 16
10-03-25 09:31:55>接收：68 11 11 11 11 11 11 68 91 08 34 33 33 33 49 48 33 33 93 16
10-03-25 09:31:55>解析：地址:11 11 11 11 11 11 控制码:91 长度:08 数据标识:00 00 00 01 数据:00 00 15 16
10-03-25 09:31:56>发送:68 11 11 11 11 11 11 68 11 04 34 33 33 33 18 16
10-03-25 09:31:58>发送:68 11 11 11 11 11 11 68 11 04 34 33 33 33 18 16
10-03-25 09:31:59>发送:68 11 11 11 11 11 11 68 11 04 34 33 33 33 18 16
10-03-25 09:32:01>发送:68 11 11 11 11 11 11 68 11 04 34 33 33 33 18 16
10-03-25 09:32:02>接收：68 11 11 11 11 11 11 68 91 08 34 33 33 33 49 48 33 33 93 16
10-03-25 09:32:02>解析：地址:11 11 11 11 11 11 控制码:91 长度:08 数据标识:00 00 00 01 数据:00 00 15 16
10-03-25 09:32:03>发送:68 11 11 11 11 11 11 68 11 04 34 33 33 33 18 16
10-03-25 09:32:03>接收：68 11 11 11 11 11 11 68 91 08 34 33 33 33 49 48 33 33 93 16
10-03-25 09:32:03>解析：地址:11 11 11 11 11 11 控制码:91 长度:08 数据标识:00 00 00 01 数据:00 00 15 16
10-03-25 09:32:04>发送:68 11 11 11 11 11 11 68 11 04 34 33 33 33 18 16
10-03-25 09:32:05>发送:68 11 11 11 11 11 11 68 11 04 34 33 33 33 18 16
10-03-25 09:32:06>发送:68 11 11 11 11 11 11 68 11 04 34 33 33 33 18 16
10-03-25 09:32:08>发送:68 11 11 11 11 11 11 68 11 04 34 33 33 33 18 16
10-03-25 09:32:09>发送:68 11 11 11 11 11 11 68 11 04 34 33 33 33 18 16
10-03-25 09:32:12>发送:68 11 11 11 11 11 11 68 11 04 34 33 33 33 18 16
10-03-25 09:32:15>发送:68 11 11 11 11 11 11 68 11 04 34 33 33 33 18 16
10-03-25 09:32:15>接收：68 11 11 11 11 11 11 68 91 08 34 33 33 33 49 48 33 33 93 16
10-03-25 09:32:15>解析：地址:11 11 11 11 11 11 控制码:91 长度:08 数据标识:00 00 00 01 数据:00 00 15 16
10-03-25 09:32:16>发送:68 11 11 11 11 11 11 68 11 04 34 33 33 33 18 16
10-03-25 09:32:21>发送:68 11 11 11 11 11 11 68 11 04 34 33 33 33 18 16
10-03-25 09:32:22>接收：68 11 11 11 11 11 11 68 91 08 34 33 33 33 49 48 33 33 93 16
10-03-25 09:32:22>解析：地址:11 11 11 11 11 11 控制码:91 长度:08 数据标识:00 00 00 01 数据:00 00 15 16
10-03-25 09:32:22>发送:68 11 11 11 11 11 11 68 11 04 34 33 33 33 18 16
10-03-25 09:32:23>接收：68 11 11 11 11 11 11 68 91 08 34 33 33 33 49 48 33 33 93 16
10-03-25 09:32:23>解析：地址:11 11 11 11 11 11 控制码:91 长度:08 数据标识:00 00 00 01 数据:00 00 15 16
10-03-25 09:32:23>发送:68 11 11 11 11 11 11 68 11 04 34 33 33 33 18 16
10-03-25 09:32:24>接收：68 11 11 11 11 11 11 68 91 08 34 33 33 33 49 48 33 33 93 16
10-03-25 09:32:24>解析：地址:11 11 11 11 11 11 控制码:91 长度:08 数据标识:00 00 00 01 数据:00 00 15 16
10-03-25 09:32:25>发送:68 11 11 11 11 11 11 68 11 04 34 33 33 33 18 16
10-03-25 09:32:25>接收：68 11 11 11 11 11 11 68 91 08 34 33 33 33 49 48 33 33 93 16
10-03-25 09:32:25>解析：地址:11 11 11 11 11 11 控制码:91 长度:08 数据标识:00 00 00 01 数据:00 00 15 16
10-03-25 09:32:26>发送:68 11 11 11 11 11 11 68 11 04 34 33 33 33 18 16
10-03-25 09:32:27>发送:68 11 11 11 11 11 11 68 11 04 34 33 33 33 18 16
10-03-25 09:32:28>接收：68 11 11 11 11 11 11 68 91 08 34 33 33 33 49 48 33 33 93 16
10-03-25 09:32:28>解析：地址:11 11 11 11 11 11 控制码:91 长度:08 数据标识:00 00 00 01 数据:00 00 15 16
10-03-25 09:32:29>发送:68 11 11 11 11 11 11 68 11 04 34 33 33 33 18 16
10-03-25 09:32:29>接收：68 11 11 11 11 11 11 68 91 08 34 33 33 33 49 48 33 33 93 16
10-03-25 09:32:29>解析：地址:11 11 11 11 11 11 控制码:91 长度:08 数据标识:00 00 00 01 数据:00 00 15 16
10-03-25 09:32:30>发送:68 11 11 11 11 11 11 68 11 04 34 33 33 33 18 16
10-03-25 09:32:30>接收：68 11 11 11 11 11 11 68 91 08 34 33 33 33 49 48 33 33 93 16
10-03-25 09:32:30>解析：地址:11 11 11 11 11 11 控制码:91 长度:08 数据标识:00 00 00 01 数据:00 00 15 16
10-03-25 09:32:31>发送:68 11 11 11 11 11 11 68 11 04 34 33 33 33 18 16
10-03-25 09:32:31>接收：68 11 11 11 11 11 11 68 91 08 34 33 33 33 49 48 33 33 93 16
10-03-25 09:32:31>解析：地址:11 11 11 11 11 11 控制码:91 长度:08 数据标识:00 00 00 01 数据:00 00 15 16
10-03-25 09:32:32>发送:68 11 11 11 11 11 11 68 11 04 34 33 33 33 18 16
10-03-25 09:32:35>发送:68 11 11 11 11 11 11 68 11 04 34 33 33 33 18 16
10-03-25 09:32:42>发送:68 11 11 11 11 11 11 68 11 04 34 33 33 33 18 16
10-03-25 09:32:43>接收：68 11 11 11 11 11 11 68 91 08 34 33 33 33 49 48 33 33 93 16
10-03-25 09:32:43>解析：地址:11 11 11 11 11 11 控制码:91 长度:08 数据标识:00 00 00 01 数据:00 00 15 16
10-03-25 09:32:43>发送:68 11 11 11 11 11 11 68 11 04 34 33 33 33 18 16
10-03-25 09:35:51>发送:68 11 11 11 11 11 11 68 11 04 34 33 33 33 18 16
10-03-25 09:35:57>发送:68 11 11 11 11 11 11 68 11 04 34 33 33 33 18 16
10-03-25 09:35:57>接收：68 11 11 11 11 11 11 68 91 08 34 33 33 33 49 48 33 33 93 16
10-03-25 09:35:57>解析：地址:11 11 11 11 11 11 控制码:91 长度:08 数据标识:00 00 00 01 数据:00 00 15 16
10-03-25 09:35:58>发送:68 11 11 11 11 11 11 68 11 04 34 33 33 33 18 16
10-03-25 09:36:04>发送:68 11 11 11 11 11 11 68 11 04 34 33 33 33 18 16
10-03-25 09:36:09>发送:68 11 11 11 11 11 11 68 11 04 34 33 33 33 18 16
10-03-25 09:36:09>接收：68 11 11 11 11 11 11 68 91 08 34 33 33 33 49 48 33 33 93 16
10-03-25 09:36:09>解析：地址:11 11 11 11 11 11 控制码:91 长度:08 数据标识:00 00 00 01 数据:00 00 15 16
10-03-25 09:36:41>发送:68 11 11 11 11 11 11 68 11 04 34 33 33 33 18 16
10-03-25 09:36:41>接收：68 11 11 11 11 11 11 68 91 08 34 33 33 33 49 48 33 33 93 16
10-03-25 09:36:41>解析：地址:11 11 11 11 11 11 控制码:91 长度:08 数据标识:00 00 00 01 数据:00 00 15 16
10-03-25 09:36:43>发送:68 11 11 11 11 11 11 68 11 04 34 33 33 33 18 16
10-03-25 09:36:43>接收：68 11 11 11 11 11 11 68 91 08 34 33 33 33 49 48 33 33 93 16
10-03-25 09:36:43>解析：地址:11 11 11 11 11 11 控制码:91 长度:08 数据标识:00 00 00 01 数据:00 00 15 16
10-03-25 09:36:44>发送:68 11 11 11 11 11 11 68 11 04 34 33 33 33 18 16
10-03-25 09:36:44>接收：68 11 11 11 11 11 11 68 91 08 34 33 33 33 49 48 33 33 93 16
10-03-25 09:36:44>解析：地址:11 11 11 11 11 11 控制码:91 长度:08 数据标识:00 00 00 01 数据:00 00 15 16
10-03-25 09:36:45>发送:68 11 11 11 11 11 11 68 11 04 34 33 33 33 18 16
10-03-25 09:36:45>接收：68 11 11 11 11 11 11 68 91 08 34 33 33 33 49 48 33 33 93 16
10-03-25 09:36:45>解析：地址:11 11 11 11 11 11 控制码:91 长度:08 数据标识:00 00 00 01 数据:00 00 15 16
10-03-25 09:36:46>发送:68 11 11 11 11 11 11 68 11 04 34 33 33 33 18 16
10-03-25 09:36:50>发送:68 11 11 11 11 11 11 68 11 04 34 33 33 33 18 16
10-03-25 09:36:50>接收：68 11 11 11 11 11 11 68 91 08 34 33 33 33 49 48 33 33 93 16
10-03-25 09:36:50>解析：地址:11 11 11 11 11 11 控制码:91 长度:08 数据标识:00 00 00 01 数据:00 00 15 16
10-03-25 09:37:24>发送:68 11 11 11 11 11 11 68 11 04 34 33 33 33 18 16
10-03-25 09:37:25>接收：68 11 11 11 11 11 11 68 91 08 34 33 33 33 49 48 33 33 93 16
10-03-25 09:37:25>解析：地址:11 11 11 11 11 11 控制码:91 长度:08 数据标识:00 00 00 01 数据:00 00 15 16
10-03-25 09:37:25>发送:68 11 11 11 11 11 11 68 11 04 34 33 33 33 18 16
10-03-25 09:37:26>接收：68 11 11 11 11 11 11 68 91 08 34 33 33 33 49 48 33 33 93 16
10-03-25 09:37:26>解析：地址:11 11 11 11 11 11 控制码:91 长度:08 数据标识:00 00 00 01 数据:00 00 15 16
10-03-25 09:37:27>发送:68 11 11 11 11 11 11 68 11 04 34 33 33 33 18 16
10-03-25 09:37:27>接收：68 11 11 11 11 11 11 68 91 08 34 33 33 33 49 48 33 33 93 16
10-03-25 09:37:27>解析：地址:11 11 11 11 11 11 控制码:91 长度:08 数据标识:00 00 00 01 数据:00 00 15 16
10-03-25 09:37:27>发送:68 11 11 11 11 11 11 68 11 04 34 33 33 33 18 16
10-03-25 09:37:32>发送:68 11 11 11 11 11 11 68 11 04 34 33 33 33 18 16
10-03-25 09:37:36>发送:68 11 11 11 11 11 11 68 11 04 34 33 33 33 18 16
10-03-25 09:37:36>接收：68 11 11 11 11 11 11 68 91 08 34 33 33 33 49 48 33 33 93 16
10-03-25 09:37:36>解析：地址:11 11 11 11 11 11 控制码:91 长度:08 数据标识:00 00 00 01 数据:00 00 15 16
10-03-25 09:37:37>发送:68 11 11 11 11 11 11 68 11 04 34 33 33 33 18 16
10-03-25 09:44:28>发送:68 11 11 11 11 11 11 68 11 04 34 33 33 33 18 16
10-03-25 09:44:35>发送:68 11 11 11 11 11 11 68 11 04 34 33 33 33 18 16
10-03-25 09:44:36>发送:68 11 11 11 11 11 11 68 11 04 34 33 33 33 18 16
10-03-25 14:55:02>发送:68 11 11 11 11 11 11 68 03 20 32 33 33 3A 33 33 33 33 F2 8E A0 E7 60 96 95 DE D4 D9 85 D3 0C EA 6F 33 34 33 33 33 33 33 33 33 9D 16
10-03-25 14:55:02>接收：68 11 11 11 11 11 11 68 83 10 32 33 33 3A C0 AF D9 20 34 33 33 33 33 33 33 43 AC 16
10-03-25 14:55:02>解析：地址:11 11 11 11 11 11 控制码:83 长度:10 数据标识:07 00 00 FF 数据:8D 7C A6 ED 01 00 00 00 00 00 00 10
10-03-25 14:56:01>发送:68 11 11 11 11 11 11 68 14 20 35 3E 33 37 CB 44 44 44 33 33 33 33 D8 B7 88 C7 34 75 68 FF 36 18 69 1F 85 C4 D9 3C 02 2A E2 EC C6 16
10-03-25 14:56:02>接收：68 11 11 11 11 11 11 68 94 00 CA 16
10-03-25 14:56:02>解析：地址:11 11 11 11 11 11 控制码:94 长度:00 数据标识: 数据:
10-03-25 14:57:21>发送:68 11 11 11 11 11 11 68 11 04 35 3E 33 37 28 16
10-03-25 14:57:21>接收：68 11 11 11 11 11 11 68 91 06 35 3E 33 37 55 59 58 16
10-03-25 14:57:21>解析：地址:11 11 11 11 11 11 控制码:91 长度:06 数据标识:04 00 0B 02 数据:26 22
10-03-25 14:57:26>发送:68 11 11 11 11 11 11 68 11 04 36 3E 33 37 29 16
10-03-25 14:57:27>接收：68 11 11 11 11 11 11 68 91 06 36 3E 33 37 CC CC 43 16
10-03-25 14:57:27>解析：地址:11 11 11 11 11 11 控制码:91 长度:06 数据标识:04 00 0B 03 数据:99 99
10-03-25 14:57:42>发送:68 11 11 11 11 11 11 68 14 20 35 3E 33 37 CB 44 44 44 33 33 33 33 E0 7F 0E 1B 32 79 4D D1 A4 A4 30 26 F0 14 7E 36 00 24 E3 96 EE 16
10-03-25 14:57:42>接收：68 11 11 11 11 11 11 68 94 00 CA 16
10-03-25 14:57:42>解析：地址:11 11 11 11 11 11 控制码:94 长度:00 数据标识: 数据:
10-03-25 15:01:20>发送:68 11 11 11 11 11 11 68 11 04 35 3E 33 37 28 16
10-03-25 15:01:20>接收：68 11 11 11 11 11 11 68 91 06 35 3E 33 37 CC CC 42 16
10-03-25 15:01:20>解析：地址:11 11 11 11 11 11 控制码:91 长度:06 数据标识:04 00 0B 02 数据:99 99
10-03-25 15:01:42>发送:68 11 11 11 11 11 11 68 11 04 34 33 33 33 18 16
10-03-25 15:01:42>接收：68 11 11 11 11 11 11 68 91 08 34 33 33 33 54 48 33 33 9E 16
10-03-25 15:01:42>解析：地址:11 11 11 11 11 11 控制码:91 长度:08 数据标识:00 00 00 01 数据:00 00 15 21
10-03-25 15:21:33>发送:68 11 11 11 11 11 11 68 03 20 32 33 33 3A 33 33 33 33 0F 6C 21 72 6B 63 38 63 D4 66 6F 67 16 1C 60 B6 34 33 33 33 33 33 33 33 5F 16
10-03-25 15:21:34>接收：68 11 11 11 11 11 11 68 83 10 32 33 33 3A 95 61 AD 5D 34 33 33 33 33 33 33 43 44 16
10-03-25 15:21:34>解析：地址:11 11 11 11 11 11 控制码:83 长度:10 数据标识:07 00 00 FF 数据:62 2E 7A 2A 01 00 00 00 00 00 00 10
10-03-25 15:21:53>发送:68 11 11 11 11 11 11 68 14 20 34 35 33 37 CB 44 44 44 33 33 33 33 31 2E 16 62 C1 FA 91 85 F3 51 3E 26 08 9E B7 8D 3C 47 0F 26 92 16
10-03-25 15:21:53>接收：68 11 11 11 11 11 11 68 94 00 CA 16
10-03-25 15:21:53>解析：地址:11 11 11 11 11 11 控制码:94 长度:00 数据标识: 数据:
10-03-25 15:21:59>发送:68 11 11 11 11 11 11 68 11 04 34 35 33 37 1E 16
10-03-25 15:21:59>接收：68 11 11 11 11 11 11 68 91 05 34 35 33 37 35 D4 16
10-03-25 15:21:59>解析：地址:11 11 11 11 11 11 控制码:91 长度:05 数据标识:04 00 02 01 数据:02
10-03-25 15:22:16>发送:68 11 11 11 11 11 11 68 14 20 34 35 33 37 CB 44 44 44 33 33 33 33 3B 6A E9 C6 28 01 4D 56 97 B4 12 99 09 95 5F 81 81 29 46 02 26 16
10-03-25 15:22:17>接收：68 11 11 11 11 11 11 68 94 00 CA 16
10-03-25 15:22:17>解析：地址:11 11 11 11 11 11 控制码:94 长度:00 数据标识: 数据:
10-03-25 15:22:47>发送:68 11 11 11 11 11 11 68 11 04 34 35 33 37 1E 16
10-03-25 15:22:47>接收：68 11 11 11 11 11 11 68 91 05 34 35 33 37 35 D4 16
10-03-25 15:22:47>解析：地址:11 11 11 11 11 11 控制码:91 长度:05 数据标识:04 00 02 01 数据:02
10-03-25 15:23:13>发送:68 11 11 11 11 11 11 68 14 20 34 35 33 37 CB 44 44 44 33 33 33 33 3B 6A E9 C6 28 01 4D 56 97 B4 12 99 09 95 5F 81 81 29 46 02 26 16
10-03-25 15:23:14>接收：68 11 11 11 11 11 11 68 94 00 CA 16
10-03-25 15:23:14>解析：地址:11 11 11 11 11 11 控制码:94 长度:00 数据标识: 数据:
10-03-25 15:23:19>发送:68 11 11 11 11 11 11 68 11 04 34 35 33 37 1E 16
10-03-25 15:23:20>接收：68 11 11 11 11 11 11 68 91 05 34 35 33 37 37 D6 16
10-03-25 15:23:20>解析：地址:11 11 11 11 11 11 控制码:91 长度:05 数据标识:04 00 02 01 数据:04
10-03-25 15:23:34>发送:68 11 11 11 11 11 11 68 14 20 34 35 33 37 CB 44 44 44 33 33 33 33 31 2E 16 62 C1 FA 91 85 F3 51 3E 26 08 9E B7 8D 3C 47 0F 26 92 16
10-03-25 15:23:35>接收：68 11 11 11 11 11 11 68 94 00 CA 16
10-03-25 15:23:35>解析：地址:11 11 11 11 11 11 控制码:94 长度:00 数据标识: 数据:
10-03-25 15:23:40>发送:68 11 11 11 11 11 11 68 11 04 34 35 33 37 1E 16
10-03-25 15:23:40>接收：68 11 11 11 11 11 11 68 91 05 34 35 33 37 35 D4 16
10-03-25 15:23:40>解析：地址:11 11 11 11 11 11 控制码:91 长度:05 数据标识:04 00 02 01 数据:02
10-03-25 15:23:54>发送:68 11 11 11 11 11 11 68 14 20 34 35 33 37 CB 44 44 44 33 33 33 33 3B 6A E9 C6 28 01 4D 56 97 B4 12 99 09 95 5F 81 81 29 46 02 26 16
10-03-25 15:23:54>接收：68 11 11 11 11 11 11 68 94 00 CA 16
10-03-25 15:23:54>解析：地址:11 11 11 11 11 11 控制码:94 长度:00 数据标识: 数据:
10-03-25 15:24:01>发送:68 11 11 11 11 11 11 68 11 04 34 35 33 37 1E 16
10-03-25 15:24:01>接收：68 11 11 11 11 11 11 68 91 05 34 35 33 37 37 D6 16
10-03-25 15:24:01>解析：地址:11 11 11 11 11 11 控制码:91 长度:05 数据标识:04 00 02 01 数据:04
10-03-25 15:24:15>发送:68 11 11 11 11 11 11 68 14 20 34 35 33 37 CB 44 44 44 33 33 33 33 31 2E 16 62 C1 FA 91 85 F3 51 3E 26 08 9E B7 8D 3C 47 0F 26 92 16
10-03-25 15:24:16>接收：68 11 11 11 11 11 11 68 94 00 CA 16
10-03-25 15:24:16>解析：地址:11 11 11 11 11 11 控制码:94 长度:00 数据标识: 数据:
10-03-25 15:24:23>发送:68 11 11 11 11 11 11 68 11 04 34 35 33 37 1E 16
10-03-25 15:24:23>接收：68 11 11 11 11 11 11 68 91 05 34 35 33 37 35 D4 16
10-03-25 15:24:23>解析：地址:11 11 11 11 11 11 控制码:91 长度:05 数据标识:04 00 02 01 数据:02
10-03-25 15:24:36>发送:68 11 11 11 11 11 11 68 14 20 34 35 33 37 CB 44 44 44 33 33 33 33 3B 6A E9 C6 28 01 4D 56 97 B4 12 99 09 95 5F 81 81 29 46 02 26 16
10-03-25 15:24:37>接收：68 11 11 11 11 11 11 68 94 00 CA 16
10-03-25 15:24:37>解析：地址:11 11 11 11 11 11 控制码:94 长度:00 数据标识: 数据:
10-03-25 15:24:41>发送:68 11 11 11 11 11 11 68 14 20 34 35 33 37 CB 44 44 44 33 33 33 33 3B 6A E9 C6 28 01 4D 56 97 B4 12 99 09 95 5F 81 81 29 46 02 26 16
10-03-25 15:24:42>接收：68 11 11 11 11 11 11 68 94 00 CA 16
10-03-25 15:24:42>解析：地址:11 11 11 11 11 11 控制码:94 长度:00 数据标识: 数据:
10-03-25 15:24:50>发送:68 11 11 11 11 11 11 68 11 04 34 35 33 37 1E 16
10-03-25 15:24:51>接收：68 11 11 11 11 11 11 68 91 05 34 35 33 37 35 D4 16
10-03-25 15:24:51>解析：地址:11 11 11 11 11 11 控制码:91 长度:05 数据标识:04 00 02 01 数据:02
10-03-25 15:25:08>发送:68 11 11 11 11 11 11 68 14 20 34 35 33 37 CB 44 44 44 33 33 33 33 3B 6A E9 C6 28 01 4D 56 97 B4 12 99 09 95 5F 81 81 29 46 02 26 16
10-03-25 15:25:08>接收：68 11 11 11 11 11 11 68 94 00 CA 16
10-03-25 15:25:08>解析：地址:11 11 11 11 11 11 控制码:94 长度:00 数据标识: 数据:
10-03-25 15:25:14>发送:68 11 11 11 11 11 11 68 11 04 34 35 33 37 1E 16
10-03-25 15:25:15>接收：68 11 11 11 11 11 11 68 91 05 34 35 33 37 35 D4 16
10-03-25 15:25:15>解析：地址:11 11 11 11 11 11 控制码:91 长度:05 数据标识:04 00 02 01 数据:02
10-03-25 15:27:04>发送:68 11 11 11 11 11 11 68 11 04 34 35 33 37 1E 16
10-03-25 15:27:04>接收：68 11 11 11 11 11 11 68 91 05 34 35 33 37 35 D4 16
10-03-25 15:27:04>解析：地址:11 11 11 11 11 11 控制码:91 长度:05 数据标识:04 00 02 01 数据:02
10-03-25 15:27:16>发送:68 11 11 11 11 11 11 68 14 20 34 35 33 37 CB 44 44 44 33 33 33 33 21 D7 E2 75 89 07 C4 C2 55 BF 98 EA 83 F2 A7 4D 4A 45 E5 17 8F 16
10-03-25 15:27:17>接收：68 11 11 11 11 11 11 68 94 00 CA 16
10-03-25 15:27:17>解析：地址:11 11 11 11 11 11 控制码:94 长度:00 数据标识: 数据:
10-03-25 15:27:20>发送:68 11 11 11 11 11 11 68 11 04 33 33 34 33 18 16
10-03-25 15:27:21>接收：68 11 11 11 11 11 11 68 91 08 33 33 34 33 34 33 33 33 69 16
10-03-25 15:27:21>解析：地址:11 11 11 11 11 11 控制码:91 长度:08 数据标识:00 01 00 00 数据:00 00 00 01
10-03-25 15:27:25>发送:68 11 11 11 11 11 11 68 11 04 34 35 33 37 1E 16
10-03-25 15:27:25>接收：68 11 11 11 11 11 11 68 91 05 34 35 33 37 34 D3 16
10-03-25 15:27:25>解析：地址:11 11 11 11 11 11 控制码:91 长度:05 数据标识:04 00 02 01 数据:01
10-03-25 15:27:48>发送:68 11 11 11 11 11 11 68 11 04 34 35 33 37 1E 16
10-03-25 15:27:49>接收：68 11 11 11 11 11 11 68 91 05 34 35 33 37 34 D3 16
10-03-25 15:27:49>解析：地址:11 11 11 11 11 11 控制码:91 长度:05 数据标识:04 00 02 01 数据:01
10-03-25 15:28:02>发送:68 11 11 11 11 11 11 68 14 20 34 35 33 37 CB 44 44 44 33 33 33 33 21 F5 3F A0 2A BA BC A4 96 2C 7A 25 25 7F 2F EB 65 36 5E 2C 1D 16
10-03-25 15:28:02>接收：68 11 11 11 11 11 11 68 94 00 CA 16
10-03-25 15:28:02>解析：地址:11 11 11 11 11 11 控制码:94 长度:00 数据标识: 数据:
10-03-25 15:28:07>发送:68 11 11 11 11 11 11 68 11 04 33 33 34 33 18 16
10-03-25 15:28:08>接收：68 11 11 11 11 11 11 68 91 08 33 33 34 33 34 33 33 33 69 16
10-03-25 15:28:08>解析：地址:11 11 11 11 11 11 控制码:91 长度:08 数据标识:00 01 00 00 数据:00 00 00 01
10-03-25 15:28:11>发送:68 11 11 11 11 11 11 68 11 04 34 35 33 37 1E 16
10-03-25 15:28:12>接收：68 11 11 11 11 11 11 68 91 05 34 35 33 37 34 D3 16
10-03-25 15:28:12>解析：地址:11 11 11 11 11 11 控制码:91 长度:05 数据标识:04 00 02 01 数据:01
10-03-25 15:34:13>发送:68 11 11 11 11 11 11 68 11 04 34 35 33 37 1E 16
10-03-25 15:34:14>接收：68 11 11 11 11 11 11 68 91 05 34 35 33 37 34 D3 16
10-03-25 15:34:14>解析：地址:11 11 11 11 11 11 控制码:91 长度:05 数据标识:04 00 02 01 数据:01
10-03-25 15:34:58>发送:68 11 11 11 11 11 11 68 11 04 34 35 33 37 1E 16
10-03-25 15:34:59>接收：68 11 11 11 11 11 11 68 91 05 34 35 33 37 34 D3 16
10-03-25 15:34:59>解析：地址:11 11 11 11 11 11 控制码:91 长度:05 数据标识:04 00 02 01 数据:01
10-03-25 15:35:11>发送:68 11 11 11 11 11 11 68 03 20 32 33 33 3A 33 33 33 33 FB 7C 4E A0 3B E2 55 A3 3F C8 D6 CA 18 1C A1 76 34 33 33 33 33 33 33 33 FC 16
10-03-25 15:35:12>接收：68 11 11 11 11 11 11 68 83 10 32 33 33 3A 32 F3 F7 C0 34 33 33 33 33 33 33 43 20 16
10-03-25 15:35:12>解析：地址:11 11 11 11 11 11 控制码:83 长度:10 数据标识:07 00 00 FF 数据:FF C0 C4 8D 01 00 00 00 00 00 00 10
10-03-25 15:35:22>发送:68 11 11 11 11 11 11 68 14 20 34 35 33 37 CB 44 44 44 33 33 33 33 21 F5 3F A0 2A BA BC A4 96 2C 7A 25 25 7F 2F EB B0 9C E3 48 6F 16
10-03-25 15:35:23>接收：68 11 11 11 11 11 11 68 94 00 CA 16
10-03-25 15:35:23>解析：地址:11 11 11 11 11 11 控制码:94 长度:00 数据标识: 数据:
10-03-25 15:35:26>发送:68 11 11 11 11 11 11 68 11 04 34 35 33 37 1E 16
10-03-25 15:35:27>接收：68 11 11 11 11 11 11 68 91 05 34 35 33 37 34 D3 16
10-03-25 15:35:27>解析：地址:11 11 11 11 11 11 控制码:91 长度:05 数据标识:04 00 02 01 数据:01
10-03-25 15:35:47>发送:68 11 11 11 11 11 11 68 14 20 34 35 33 37 CB 44 44 44 33 33 33 33 56 02 17 D3 49 07 49 C2 DB 6C 14 E9 9F 46 5D 25 7A F0 E3 EC 21 16
10-03-25 15:35:48>接收：68 11 11 11 11 11 11 68 94 00 CA 16
10-03-25 15:35:48>解析：地址:11 11 11 11 11 11 控制码:94 长度:00 数据标识: 数据:
10-03-25 15:35:50>发送:68 11 11 11 11 11 11 68 11 04 33 33 34 33 18 16
10-03-25 15:35:50>接收：68 11 11 11 11 11 11 68 91 08 33 33 34 33 34 33 33 33 69 16
10-03-25 15:35:50>解析：地址:11 11 11 11 11 11 控制码:91 长度:08 数据标识:00 01 00 00 数据:00 00 00 01
10-03-25 15:35:53>发送:68 11 11 11 11 11 11 68 11 04 34 35 33 37 1E 16
10-03-25 15:35:54>接收：68 11 11 11 11 11 11 68 91 05 34 35 33 37 34 D3 16
10-03-25 15:35:54>解析：地址:11 11 11 11 11 11 控制码:91 长度:05 数据标识:04 00 02 01 数据:01
10-03-25 15:37:50>发送:68 11 11 11 11 11 11 68 03 20 32 33 33 3A 33 33 33 33 5F 04 0A 29 92 21 9C 28 84 5C 1A B3 00 DB DE 4F 34 33 33 33 33 33 33 33 52 16
10-03-25 15:37:51>接收：68 11 11 11 11 11 11 68 83 10 32 33 33 3A 46 3E DC 62 34 33 33 33 33 33 33 43 06 16
10-03-25 15:37:51>解析：地址:11 11 11 11 11 11 控制码:83 长度:10 数据标识:07 00 00 FF 数据:13 0B A9 2F 01 00 00 00 00 00 00 10
10-03-25 15:37:57>发送:68 11 11 11 11 11 11 68 11 04 34 35 33 37 1E 16
10-03-25 15:37:57>接收：68 11 11 11 11 11 11 68 91 05 34 35 33 37 34 D3 16
10-03-25 15:37:57>解析：地址:11 11 11 11 11 11 控制码:91 长度:05 数据标识:04 00 02 01 数据:01
10-03-25 15:38:12>发送:68 11 11 11 11 11 11 68 14 20 34 35 33 37 CB 44 44 44 33 33 33 33 21 F5 3F A0 2A BA BC A4 96 2C 7A 25 25 7F 2F EB 2D 61 29 E8 97 16
10-03-25 15:39:35>接收：68 11 11 11 11 11 11 68 94 00 CA 16
10-03-25 15:39:35>解析：地址:11 11 11 11 11 11 控制码:94 长度:00 数据标识: 数据:
10-03-25 15:39:48>发送:68 11 11 11 11 11 11 68 11 04 34 35 33 37 1E 16
10-03-25 15:39:48>接收：68 11 11 11 11 11 11 68 91 05 34 35 33 37 44 E3 16
10-03-25 15:39:48>解析：地址:11 11 11 11 11 11 控制码:91 长度:05 数据标识:04 00 02 01 数据:11
10-03-25 15:40:19>发送:68 11 11 11 11 11 11 68 14 20 34 35 33 37 CB 44 44 44 33 33 33 33 2B 42 EF 6E DE 3E CD 13 BE 51 12 D5 4C 63 50 20 52 8A 10 A0 07 16
10-03-25 15:40:30>接收：68 11 11 11 11 11 11 68 94 00 CA 16
10-03-25 15:40:30>解析：地址:11 11 11 11 11 11 控制码:94 长度:00 数据标识: 数据:
10-03-25 15:40:41>发送:68 11 11 11 11 11 11 68 11 04 34 35 33 37 1E 16
10-03-25 15:40:41>接收：68 11 11 11 11 11 11 68 91 05 34 35 33 37 39 D8 16
10-03-25 15:40:41>解析：地址:11 11 11 11 11 11 控制码:91 长度:05 数据标识:04 00 02 01 数据:06
10-03-25 15:41:31>发送:68 11 11 11 11 11 11 68 11 04 34 35 33 37 1E 16
10-03-25 15:41:31>接收：68 11 11 11 11 11 11 68 91 05 34 35 33 37 39 D8 16
10-03-25 15:41:31>解析：地址:11 11 11 11 11 11 控制码:91 长度:05 数据标识:04 00 02 01 数据:06
10-03-25 15:41:46>发送:68 11 11 11 11 11 11 68 14 20 34 35 33 37 CB 44 44 44 33 33 33 33 79 0F D0 68 F8 F0 0E BA 68 55 29 BA 9F CC 5E 47 0C 60 32 AB 09 16
10-03-25 15:41:47>接收：68 11 11 11 11 11 11 68 94 00 CA 16
10-03-25 15:41:47>解析：地址:11 11 11 11 11 11 控制码:94 长度:00 数据标识: 数据:
10-03-25 15:41:53>发送:68 11 11 11 11 11 11 68 11 04 34 35 33 37 1E 16
10-03-25 15:41:53>接收：68 11 11 11 11 11 11 68 91 05 34 35 33 37 45 E4 16
10-03-25 15:41:53>解析：地址:11 11 11 11 11 11 控制码:91 长度:05 数据标识:04 00 02 01 数据:12
10-03-25 15:42:21>发送:68 11 11 11 11 11 11 68 14 20 34 35 33 37 CB 44 44 44 33 33 33 33 F3 3A FC AE DF 2B 26 E6 D0 DA CF 8B BA 07 D1 82 C5 67 CC 47 E4 16
10-03-25 15:42:22>接收：68 11 11 11 11 11 11 68 94 00 CA 16
10-03-25 15:42:22>解析：地址:11 11 11 11 11 11 控制码:94 长度:00 数据标识: 数据:
10-03-25 15:42:30>发送:68 11 11 11 11 11 11 68 11 04 34 35 33 37 1E 16
10-03-25 15:42:30>接收：68 11 11 11 11 11 11 68 91 05 34 35 33 37 36 D5 16
10-03-25 15:42:30>解析：地址:11 11 11 11 11 11 控制码:91 长度:05 数据标识:04 00 02 01 数据:03
10-03-25 15:49:48>发送:68 11 11 11 11 11 11 68 14 20 34 35 33 37 CB 44 44 44 33 33 33 33 0F AF 41 8F AF 16 1F 43 54 5B 37 B9 EB 14 3E CD AA 19 E6 DD 84 16
10-03-25 15:49:49>接收：68 11 11 11 11 11 11 68 94 00 CA 16
10-03-25 15:49:49>解析：地址:11 11 11 11 11 11 控制码:94 长度:00 数据标识: 数据:
10-03-25 15:49:54>发送:68 11 11 11 11 11 11 68 11 04 34 35 33 37 1E 16
10-03-25 15:49:55>接收：68 11 11 11 11 11 11 68 91 05 34 35 33 37 34 D3 16
10-03-25 15:49:55>解析：地址:11 11 11 11 11 11 控制码:91 长度:05 数据标识:04 00 02 01 数据:01
10-03-25 15:50:10>发送:68 11 11 11 11 11 11 68 14 20 34 35 33 37 CB 44 44 44 33 33 33 33 31 2E 16 62 C1 FA 91 85 F3 51 3E 26 08 9E B7 8D A9 0F 3C D5 A3 16
10-03-25 15:50:10>接收：68 11 11 11 11 11 11 68 94 00 CA 16
10-03-25 15:50:10>解析：地址:11 11 11 11 11 11 控制码:94 长度:00 数据标识: 数据:
10-03-25 15:50:18>发送:68 11 11 11 11 11 11 68 11 04 34 35 33 37 1E 16
10-03-25 15:50:18>接收：68 11 11 11 11 11 11 68 91 05 34 35 33 37 34 D3 16
10-03-25 15:50:18>解析：地址:11 11 11 11 11 11 控制码:91 长度:05 数据标识:04 00 02 01 数据:01
10-03-25 15:50:35>发送:68 11 11 11 11 11 11 68 14 20 34 35 33 37 CB 44 44 44 33 33 33 33 31 2E 16 62 C1 FA 91 85 F3 51 3E 26 08 9E B7 8D A9 0F 3C D5 A3 16
10-03-25 15:50:36>接收：68 11 11 11 11 11 11 68 94 00 CA 16
10-03-25 15:50:36>解析：地址:11 11 11 11 11 11 控制码:94 长度:00 数据标识: 数据:
10-03-25 15:50:39>发送:68 11 11 11 11 11 11 68 11 04 33 33 34 33 18 16
10-03-25 15:50:39>接收：68 11 11 11 11 11 11 68 91 08 33 33 34 33 34 33 33 33 69 16
10-03-25 15:50:39>解析：地址:11 11 11 11 11 11 控制码:91 长度:08 数据标识:00 01 00 00 数据:00 00 00 01
10-03-25 15:50:43>发送:68 11 11 11 11 11 11 68 11 04 34 35 33 37 1E 16
10-03-25 15:50:43>接收：68 11 11 11 11 11 11 68 91 05 34 35 33 37 34 D3 16
10-03-25 15:50:43>解析：地址:11 11 11 11 11 11 控制码:91 长度:05 数据标识:04 00 02 01 数据:01
10-03-25 15:51:10>发送:68 11 11 11 11 11 11 68 14 0D 34 35 33 37 37 44 44 44 33 33 33 33 35 2E 16
10-03-25 15:51:10>接收：68 11 11 11 11 11 11 68 D4 01 37 42 16
10-03-25 15:51:10>解析：地址:11 11 11 11 11 11 控制码:D4 长度:01 数据标识: 数据:04
10-03-25 15:51:34>发送:68 11 11 11 11 11 11 68 14 0D 34 35 33 37 35 33 33 33 33 33 33 33 35 F9 16
10-03-25 15:51:34>接收：68 11 11 11 11 11 11 68 94 00 CA 16
10-03-25 15:51:34>解析：地址:11 11 11 11 11 11 控制码:94 长度:00 数据标识: 数据:
10-03-25 15:51:39>发送:68 11 11 11 11 11 11 68 11 04 34 35 33 37 1E 16
10-03-25 15:51:39>接收：68 11 11 11 11 11 11 68 91 05 34 35 33 37 35 D4 16
10-03-25 15:51:39>解析：地址:11 11 11 11 11 11 控制码:91 长度:05 数据标识:04 00 02 01 数据:02
10-03-25 15:52:01>发送:68 11 11 11 11 11 11 68 14 20 34 35 33 37 CB 44 44 44 33 33 33 33 12 97 21 11 F9 FE A5 4E CC D8 D0 3E 73 C9 5C B8 36 EA 2B 8E 40 16
10-03-25 15:52:02>接收：68 11 11 11 11 11 11 68 94 00 CA 16
10-03-25 15:52:02>解析：地址:11 11 11 11 11 11 控制码:94 长度:00 数据标识: 数据:
10-03-25 15:52:08>发送:68 11 11 11 11 11 11 68 11 04 34 35 33 37 1E 16
10-03-25 15:52:09>接收：68 11 11 11 11 11 11 68 91 05 34 35 33 37 34 D3 16
10-03-25 15:52:09>解析：地址:11 11 11 11 11 11 控制码:91 长度:05 数据标识:04 00 02 01 数据:01
10-03-25 15:52:22>发送:68 11 11 11 11 11 11 68 14 20 34 35 33 37 CB 44 44 44 33 33 33 33 31 2E 16 62 C1 FA 91 85 F3 51 3E 26 08 9E B7 8D A9 0F 3C D5 A3 16
10-03-25 15:52:23>接收：68 11 11 11 11 11 11 68 94 00 CA 16
10-03-25 15:52:23>解析：地址:11 11 11 11 11 11 控制码:94 长度:00 数据标识: 数据:
10-03-25 15:52:29>发送:68 11 11 11 11 11 11 68 11 04 34 35 33 37 1E 16
10-03-25 15:52:29>接收：68 11 11 11 11 11 11 68 91 05 34 35 33 37 34 D3 16
10-03-25 15:52:29>解析：地址:11 11 11 11 11 11 控制码:91 长度:05 数据标识:04 00 02 01 数据:01
10-03-25 15:53:08>发送:68 11 11 11 11 11 11 68 14 20 34 35 33 37 CB 44 44 44 33 33 33 33 31 2E 16 62 C1 FA 91 85 F3 51 3E 26 08 9E B7 8D A9 0F 3C D5 A3 16
10-03-25 15:55:30>接收：68 11 11 11 11 11 11 68 94 00 CA 16
10-03-25 15:55:30>解析：地址:11 11 11 11 11 11 控制码:94 长度:00 数据标识: 数据:
10-03-25 15:55:43>发送:68 11 11 11 11 11 11 68 14 20 34 35 33 37 CB 44 44 44 33 33 33 33 31 2E 16 62 C1 FA 91 85 F3 51 3E 26 08 9E B7 8D A9 0F 3C D5 A3 16
10-03-25 15:55:58>接收：68 11 11 11 11 11 11 68 94 00 CA 16
10-03-25 15:55:58>解析：地址:11 11 11 11 11 11 控制码:94 长度:00 数据标识: 数据:
10-03-25 15:56:07>发送:68 11 11 11 11 11 11 68 14 20 34 35 33 37 CB 44 44 44 33 33 33 33 31 2E 16 62 C1 FA 91 85 F3 51 3E 26 08 9E B7 8D A9 0F 3C D5 A3 16
10-03-25 15:56:24>接收：68 11 11 11 11 11 11 68 94 00 CA 16
10-03-25 15:56:24>解析：地址:11 11 11 11 11 11 控制码:94 长度:00 数据标识: 数据:
10-03-25 15:56:29>发送:68 11 11 11 11 11 11 68 14 20 34 35 33 37 CB 44 44 44 33 33 33 33 31 2E 16 62 C1 FA 91 85 F3 51 3E 26 08 9E B7 8D A9 0F 3C D5 A3 16
10-03-25 15:57:33>接收：68 11 11 11 11 11 11 68 94 00 CA 16
10-03-25 15:57:33>解析：地址:11 11 11 11 11 11 控制码:94 长度:00 数据标识: 数据:
10-03-25 15:57:37>发送:68 11 11 11 11 11 11 68 14 20 34 35 33 37 CB 44 44 44 33 33 33 33 31 2E 16 62 C1 FA 91 85 F3 51 3E 26 08 9E B7 8D A9 0F 3C D5 A3 16
10-03-25 15:57:46>接收：68 11 11 11 11 11 11 68 94 00 CA 16
10-03-25 15:57:46>解析：地址:11 11 11 11 11 11 控制码:94 长度:00 数据标识: 数据:
10-03-25 15:57:50>发送:68 11 11 11 11 11 11 68 14 20 34 35 33 37 CB 44 44 44 33 33 33 33 F3 3A FC AE DF 2B 26 E6 D0 DA CF 8B BA 07 D1 82 C5 67 CC 47 E4 16
10-03-25 15:57:57>接收：68 11 11 11 11 11 11 68 94 00 CA 16
10-03-25 15:57:57>解析：地址:11 11 11 11 11 11 控制码:94 长度:00 数据标识: 数据:
10-03-25 15:58:05>发送:68 11 11 11 11 11 11 68 14 20 34 35 33 37 CB 44 44 44 33 33 33 33 3B 6A E9 C6 28 01 4D 56 97 B4 12 99 09 95 5F 81 31 FC A1 D2 D4 16
10-03-25 16:04:32>接收：68 11 11 11 11 11 11 68 94 00 CA 16
10-03-25 16:04:32>解析：地址:11 11 11 11 11 11 控制码:94 长度:00 数据标识: 数据:
10-03-25 16:04:36>发送:68 11 11 11 11 11 11 68 14 20 34 35 33 37 CB 44 44 44 33 33 33 33 3B 6A E9 C6 28 01 4D 56 97 B4 12 99 09 95 5F 81 31 FC A1 D2 D4 16
10-03-25 16:04:47>接收：68 11 11 11 11 11 11 68 94 00 CA 16
10-03-25 16:04:47>解析：地址:11 11 11 11 11 11 控制码:94 长度:00 数据标识: 数据:
10-03-25 16:04:52>发送:68 11 11 11 11 11 11 68 14 20 34 35 33 37 CB 44 44 44 33 33 33 33 3B 6A E9 C6 28 01 4D 56 97 B4 12 99 09 95 5F 81 31 FC A1 D2 D4 16
10-03-25 16:05:07>接收：68 11 11 11 11 11 11 68 94 00 CA 16
10-03-25 16:05:07>解析：地址:11 11 11 11 11 11 控制码:94 长度:00 数据标识: 数据:
10-03-25 16:05:17>发送:68 11 11 11 11 11 11 68 14 20 34 35 33 37 CB 44 44 44 33 33 33 33 3B 6A E9 C6 28 01 4D 56 97 B4 12 99 09 95 5F 81 31 FC A1 D2 D4 16
10-03-25 16:11:27>发送:68 11 11 11 11 11 11 68 11 04 33 33 34 33 18 16
10-03-25 16:11:28>接收：68 11 11 11 11 11 11 68 91 08 33 33 34 33 34 33 33 33 69 16
10-03-25 16:11:28>解析：地址:11 11 11 11 11 11 控制码:91 长度:08 数据标识:00 01 00 00 数据:00 00 00 01
10-03-25 16:11:31>发送:68 11 11 11 11 11 11 68 11 04 34 35 33 37 1E 16
10-03-25 16:11:32>接收：68 11 11 11 11 11 11 68 91 05 34 35 33 37 36 D5 16
10-03-25 16:11:32>解析：地址:11 11 11 11 11 11 控制码:91 长度:05 数据标识:04 00 02 01 数据:03
10-03-25 16:11:43>发送:68 11 11 11 11 11 11 68 03 20 32 33 33 3A 33 33 33 33 6B 25 CC 50 77 2B E5 1B 19 E1 67 24 5A ED F3 B8 34 33 33 33 33 33 33 33 55 16
10-03-25 16:11:44>接收：68 11 11 11 11 11 11 68 C3 02 3B 33 69 16
10-03-25 16:11:44>解析：地址:11 11 11 11 11 11 控制码:C3 长度:02 数据标识: 数据:00 08
10-03-25 16:11:47>发送:68 11 11 11 11 11 11 68 03 20 32 33 33 3A 33 33 33 33 0F D5 DE F0 45 75 FB 2B B3 5E 7D 81 87 05 09 F1 34 33 33 33 33 33 33 33 B7 16
10-03-25 16:11:48>接收：68 11 11 11 11 11 11 68 83 10 32 33 33 3A E9 7F 5F 43 34 33 33 33 33 33 33 43 4E 16
10-03-25 16:11:48>解析：地址:11 11 11 11 11 11 控制码:83 长度:10 数据标识:07 00 00 FF 数据:B6 4C 2C 10 01 00 00 00 00 00 00 10
10-03-25 16:12:06>发送:68 11 11 11 11 11 11 68 14 20 34 35 33 37 CB 44 44 44 33 33 33 33 3B 6A E9 C6 28 01 4D 56 97 B4 12 99 09 95 5F 81 5D 85 47 25 82 16
10-03-25 16:12:19>接收：68 11 11 11 11 11 11 68 94 00 CA 16
10-03-25 16:12:19>解析：地址:11 11 11 11 11 11 控制码:94 长度:00 数据标识: 数据:
10-03-25 16:12:27>发送:68 11 11 11 11 11 11 68 14 20 34 35 33 37 CB 44 44 44 33 33 33 33 15 E5 FB D7 83 D8 BA 07 4B BC 39 2E 7C F8 C6 E5 7F 6F 64 40 A7 16
10-03-25 16:12:30>接收：68 11 11 11 11 11 11 68 94 00 CA 16
10-03-25 16:12:30>解析：地址:11 11 11 11 11 11 控制码:94 长度:00 数据标识: 数据:
10-03-25 16:12:37>发送:68 11 11 11 11 11 11 68 14 20 34 35 33 37 CB 44 44 44 33 33 33 33 2B 42 EF 6E DE 3E CD 13 BE 51 12 D5 4C 63 50 20 23 C8 B1 21 38 16
10-03-25 16:12:43>接收：68 11 11 11 11 11 11 68 94 00 CA 16
10-03-25 16:12:43>解析：地址:11 11 11 11 11 11 控制码:94 长度:00 数据标识: 数据:
10-03-25 16:12:49>发送:68 11 11 11 11 11 11 68 14 20 34 35 33 37 CB 44 44 44 33 33 33 33 FA 38 BE CD F7 E4 51 57 EF 51 AE B1 C6 42 70 1B 34 85 6E 33 6C 16
10-03-25 16:13:05>接收：68 11 11 11 11 11 11 68 94 00 CA 16
10-03-25 16:13:05>解析：地址:11 11 11 11 11 11 控制码:94 长度:00 数据标识: 数据:
10-03-25 16:13:10>发送:68 11 11 11 11 11 11 68 14 20 34 35 33 37 CB 44 44 44 33 33 33 33 FA 38 BE CD F7 E4 51 57 EF 51 AE B1 C6 42 70 1B 34 85 6E 33 6C 16
10-03-25 16:13:57>接收：68 11 11 11 11 11 11 68 94 00 CA 16
10-03-25 16:13:57>解析：地址:11 11 11 11 11 11 控制码:94 长度:00 数据标识: 数据:
10-03-25 16:14:09>发送:68 11 11 11 11 11 11 68 14 20 34 35 33 37 CB 44 44 44 33 33 33 33 FA 38 BE CD F7 E4 51 57 EF 51 AE B1 C6 42 70 1B 34 85 6E 33 6C 16
10-03-25 16:14:48>接收：68 11 11 11 11 11 11 68 94 00 CA 16
10-03-25 16:14:48>解析：地址:11 11 11 11 11 11 控制码:94 长度:00 数据标识: 数据:
10-03-25 16:14:55>发送:68 11 11 11 11 11 11 68 14 20 34 35 33 37 CB 44 44 44 33 33 33 33 C4 57 B8 5F F1 47 78 A8 C2 10 CE E4 D3 29 34 36 C3 27 5E 27 83 16
10-03-25 16:15:33>接收：68 11 11 11 11 11 11 68 94 00 CA 16
10-03-25 16:15:33>解析：地址:11 11 11 11 11 11 控制码:94 长度:00 数据标识: 数据:
10-03-25 16:15:37>发送:68 11 11 11 11 11 11 68 14 20 34 35 33 37 CB 44 44 44 33 33 33 33 C4 57 B8 5F F1 47 78 A8 C2 10 CE E4 D3 29 34 36 C3 27 5E 27 83 16
10-03-25 16:17:53>发送:68 11 11 11 11 11 11 68 03 20 32 33 33 3A 33 33 33 33 19 35 48 9E 91 11 01 E0 EC BD B0 13 2E F4 EA 93 34 33 33 33 33 33 33 33 52 16
10-03-25 16:17:54>接收：68 11 11 11 11 11 11 68 83 10 32 33 33 3A AD 5F 1A 8C 34 33 33 33 33 33 33 43 F6 16
10-03-25 16:17:54>解析：地址:11 11 11 11 11 11 控制码:83 长度:10 数据标识:07 00 00 FF 数据:7A 2C E7 59 01 00 00 00 00 00 00 10
10-03-25 16:18:05>发送:68 11 11 11 11 11 11 68 14 20 34 35 33 37 CB 44 44 44 33 33 33 33 41 12 2E BA 83 99 02 11 F7 12 3A 2C 06 75 6D A9 1B 78 5B 7B 73 16
10-03-25 16:18:15>接收：68 11 11 11 11 11 11 68 94 00 CA 16
10-03-25 16:18:15>解析：地址:11 11 11 11 11 11 控制码:94 长度:00 数据标识: 数据:
10-03-25 16:18:23>发送:68 11 11 11 11 11 11 68 14 20 34 35 33 37 CB 44 44 44 33 33 33 33 31 2E 16 62 C1 FA 91 85 F3 51 3E 26 08 9E B7 8D 86 BD C8 CB B0 16
10-03-25 16:18:26>接收：68 11 11 11 11 11 11 68 94 00 CA 16
10-03-25 16:18:26>解析：地址:11 11 11 11 11 11 控制码:94 长度:00 数据标识: 数据:
10-03-25 16:18:34>发送:68 11 11 11 11 11 11 68 14 20 34 35 33 37 CB 44 44 44 33 33 33 33 F3 3A FC AE DF 2B 26 E6 D0 DA CF 8B BA 07 D1 82 82 A8 B2 A5 26 16
10-03-25 16:18:41>接收：68 11 11 11 11 11 11 68 94 00 CA 16
10-03-25 16:18:41>解析：地址:11 11 11 11 11 11 控制码:94 长度:00 数据标识: 数据:
10-03-25 16:18:44>发送:68 11 11 11 11 11 11 68 14 20 34 35 33 37 CB 44 44 44 33 33 33 33 F3 3A FC AE DF 2B 26 E6 D0 DA CF 8B BA 07 D1 82 82 A8 B2 A5 26 16
10-03-25 16:22:59>发送:68 11 11 11 11 11 11 68 03 20 32 33 33 3A 33 33 33 33 37 01 B0 44 06 3F 69 A8 7C 11 8D B9 AA 92 63 60 34 33 33 33 33 33 33 33 E4 16
10-03-25 16:23:00>接收：68 11 11 11 11 11 11 68 83 10 32 33 33 3A 8D A3 AA 91 34 33 33 33 33 33 33 43 AF 16
10-03-25 16:23:00>解析：地址:11 11 11 11 11 11 控制码:83 长度:10 数据标识:07 00 00 FF 数据:5A 70 77 5E 01 00 00 00 00 00 00 10
10-03-25 16:23:11>发送:68 11 11 11 11 11 11 68 14 20 34 35 33 37 CB 44 44 44 33 33 33 33 69 6C 0C 4F 85 BF 41 84 0B B9 68 23 30 DA D7 62 DD 55 E6 4B CE 16
10-03-25 16:23:22>接收：68 11 11 11 11 11 11 68 94 00 CA 16
10-03-25 16:23:22>解析：地址:11 11 11 11 11 11 控制码:94 长度:00 数据标识: 数据:
10-03-25 16:23:28>发送:68 11 11 11 11 11 11 68 14 20 34 35 33 37 CB 44 44 44 33 33 33 33 31 2E 16 62 C1 FA 91 85 F3 51 3E 26 08 9E B7 8D 9D 78 13 CF D1 16
10-03-25 16:23:32>接收：68 11 11 11 11 11 11 68 94 00 CA 16
10-03-25 16:23:32>解析：地址:11 11 11 11 11 11 控制码:94 长度:00 数据标识: 数据:
10-03-25 16:23:39>发送:68 11 11 11 11 11 11 68 14 20 34 35 33 37 CB 44 44 44 33 33 33 33 F3 3A FC AE DF 2B 26 E6 D0 DA CF 8B BA 07 D1 82 4C 85 71 43 2A 16
10-03-25 16:23:57>接收：68 11 11 11 11 11 11 68 94 00 CA 16
10-03-25 16:23:57>解析：地址:11 11 11 11 11 11 控制码:94 长度:00 数据标识: 数据:
10-03-25 16:24:01>发送:68 11 11 11 11 11 11 68 14 20 34 35 33 37 CB 44 44 44 33 33 33 33 F3 3A FC AE DF 2B 26 E6 D0 DA CF 8B BA 07 D1 82 4C 85 71 43 2A 16
10-03-25 16:24:14>接收：68 11 11 11 11 11 11 68 94 00 CA 16
10-03-25 16:24:14>解析：地址:11 11 11 11 11 11 控制码:94 长度:00 数据标识: 数据:
10-03-25 16:24:18>发送:68 11 11 11 11 11 11 68 14 20 34 35 33 37 CB 44 44 44 33 33 33 33 F3 3A FC AE DF 2B 26 E6 D0 DA CF 8B BA 07 D1 82 4C 85 71 43 2A 16
10-03-25 16:24:51>发送:68 11 11 11 11 11 11 68 14 20 34 35 33 37 CB 44 44 44 33 33 33 33 F3 3A FC AE DF 2B 26 E6 D0 DA CF 8B BA 07 D1 82 4C 85 71 43 2A 16
10-03-25 16:24:57>接收：68 11 11 11 11 11 11 68 94 00 CA 16
10-03-25 16:24:57>解析：地址:11 11 11 11 11 11 控制码:94 长度:00 数据标识: 数据:
10-03-25 16:25:01>发送:68 11 11 11 11 11 11 68 14 20 34 35 33 37 CB 44 44 44 33 33 33 33 F3 3A FC AE DF 2B 26 E6 D0 DA CF 8B BA 07 D1 82 4C 85 71 43 2A 16
10-03-25 16:25:44>发送:68 11 11 11 11 11 11 68 14 20 34 35 33 37 CB 44 44 44 33 33 33 33 3B 6A E9 C6 28 01 4D 56 97 B4 12 99 09 95 5F 81 9E ED E3 9A 3C 16
10-03-25 16:25:53>接收：68 11 11 11 11 11 11 68 94 00 CA 16
10-03-25 16:25:53>解析：地址:11 11 11 11 11 11 控制码:94 长度:00 数据标识: 数据:
10-03-25 16:25:56>发送:68 11 11 11 11 11 11 68 14 20 34 35 33 37 CB 44 44 44 33 33 33 33 3B 6A E9 C6 28 01 4D 56 97 B4 12 99 09 95 5F 81 9E ED E3 9A 3C 16
10-03-25 16:26:37>接收：68 11 11 11 11 11 11 68 94 00 CA 16
10-03-25 16:26:37>解析：地址:11 11 11 11 11 11 控制码:94 长度:00 数据标识: 数据:
10-03-25 16:26:40>发送:68 11 11 11 11 11 11 68 14 20 34 35 33 37 CB 44 44 44 33 33 33 33 3B 6A E9 C6 28 01 4D 56 97 B4 12 99 09 95 5F 81 9E ED E3 9A 3C 16
10-03-25 16:32:40>发送:68 11 11 11 11 11 11 68 03 20 32 33 33 3A 33 33 33 33 B5 AC 10 A3 1E 09 F4 A9 2E 89 A7 06 6A 3F E6 73 34 33 33 33 33 33 33 33 CE 16
10-03-25 16:32:41>接收：68 11 11 11 11 11 11 68 83 10 32 33 33 3A FB F8 60 69 34 33 33 33 33 33 33 43 00 16
10-03-25 16:32:41>解析：地址:11 11 11 11 11 11 控制码:83 长度:10 数据标识:07 00 00 FF 数据:C8 C5 2D 36 01 00 00 00 00 00 00 10
10-03-25 16:32:56>发送:68 11 11 11 11 11 11 68 14 20 34 35 33 37 CB 44 44 44 33 33 33 33 69 6C 0C 4F 85 BF 41 84 0B B9 68 23 30 DA D7 62 B3 F8 4C 7B DD 16
10-03-25 16:33:22>发送:68 11 11 11 11 11 11 68 14 20 34 35 33 37 CB 44 44 44 33 33 33 33 31 2E 16 62 C1 FA 91 85 F3 51 3E 26 08 9E B7 8D B9 46 44 34 51 16
10-03-25 16:33:31>发送:68 11 11 11 11 11 11 68 14 20 34 35 33 37 CB 44 44 44 33 33 33 33 31 2E 16 62 C1 FA 91 85 F3 51 3E 26 08 9E B7 8D B9 46 44 34 51 16
10-03-25 16:33:39>接收：68 11 11 11 11 11 11 68 94 00 CA 16
10-03-25 16:33:39>解析：地址:11 11 11 11 11 11 控制码:94 长度:00 数据标识: 数据:
10-03-25 16:33:43>发送:68 11 11 11 11 11 11 68 14 20 34 35 33 37 CB 44 44 44 33 33 33 33 31 2E 16 62 C1 FA 91 85 F3 51 3E 26 08 9E B7 8D B9 46 44 34 51 16
10-03-25 16:33:47>接收：68 11 11 11 11 11 11 68 94 00 CA 16
10-03-25 16:33:47>解析：地址:11 11 11 11 11 11 控制码:94 长度:00 数据标识: 数据:
10-03-25 16:33:54>发送:68 11 11 11 11 11 11 68 14 20 34 35 33 37 CB 44 44 44 33 33 33 33 F3 3A FC AE DF 2B 26 E6 D0 DA CF 8B BA 07 D1 82 56 77 27 C6 5F 16
10-03-25 16:34:00>接收：68 11 11 11 11 11 11 68 94 00 CA 16
10-03-25 16:34:00>解析：地址:11 11 11 11 11 11 控制码:94 长度:00 数据标识: 数据:
10-03-25 16:34:07>发送:68 11 11 11 11 11 11 68 14 20 34 35 33 37 CB 44 44 44 33 33 33 33 3B 6A E9 C6 28 01 4D 56 97 B4 12 99 09 95 5F 81 0D D8 E1 7C 76 16
10-03-25 16:34:12>接收：68 11 11 11 11 11 11 68 94 00 CA 16
10-03-25 16:34:12>解析：地址:11 11 11 11 11 11 控制码:94 长度:00 数据标识: 数据:
10-03-25 16:34:18>发送:68 11 11 11 11 11 11 68 14 20 34 35 33 37 CB 44 44 44 33 33 33 33 15 E5 FB D7 83 D8 BA 07 4B BC 39 2E 7C F8 C6 E5 56 53 6F 01 2E 16
10-03-25 16:34:21>接收：68 11 11 11 11 11 11 68 94 00 CA 16
10-03-25 16:34:21>解析：地址:11 11 11 11 11 11 控制码:94 长度:00 数据标识: 数据:
10-03-25 16:34:32>发送:68 11 11 11 11 11 11 68 14 20 34 35 33 37 CB 44 44 44 33 33 33 33 2B 42 EF 6E DE 3E CD 13 BE 51 12 D5 4C 63 50 20 41 3C 30 29 51 16
10-03-25 16:34:35>接收：68 11 11 11 11 11 11 68 94 00 CA 16
10-03-25 16:34:35>解析：地址:11 11 11 11 11 11 控制码:94 长度:00 数据标识: 数据:
10-03-25 16:34:42>发送:68 11 11 11 11 11 11 68 14 20 34 35 33 37 CB 44 44 44 33 33 33 33 FA 38 BE CD F7 E4 51 57 EF 51 AE B1 C6 42 70 1B 92 C9 2E 85 20 16
10-03-25 16:34:43>接收：68 11 11 11 11 11 11 68 D4 02 37 33 76 16
10-03-25 16:34:43>解析：地址:11 11 11 11 11 11 控制码:D4 长度:02 数据标识: 数据:00 04
10-03-25 16:34:46>发送:68 11 11 11 11 11 11 68 14 20 34 35 33 37 CB 44 44 44 33 33 33 33 FA 38 BE CD F7 E4 51 57 EF 51 AE B1 C6 42 70 1B 92 C9 2E 85 20 16
10-03-25 16:34:56>接收：68 11 11 11 11 11 11 68 94 00 CA 16
10-03-25 16:34:56>解析：地址:11 11 11 11 11 11 控制码:94 长度:00 数据标识: 数据:
10-03-25 16:35:04>发送:68 11 11 11 11 11 11 68 14 20 34 35 33 37 CB 44 44 44 33 33 33 33 C4 57 B8 5F F1 47 78 A8 C2 10 CE E4 D3 29 34 36 CB A7 F7 D3 50 16
10-03-25 16:35:08>接收：68 11 11 11 11 11 11 68 94 00 CA 16
10-03-25 16:35:08>解析：地址:11 11 11 11 11 11 控制码:94 长度:00 数据标识: 数据:
10-03-25 16:35:15>发送:68 11 11 11 11 11 11 68 14 20 34 35 33 37 CB 44 44 44 33 33 33 33 5A CA F5 44 ED AE 64 50 E6 81 4E 05 00 B4 EE E6 C6 D1 3D 7A DC 16
10-03-25 16:35:16>接收：68 11 11 11 11 11 11 68 D4 02 37 33 76 16
10-03-25 16:35:16>解析：地址:11 11 11 11 11 11 控制码:D4 长度:02 数据标识: 数据:00 04
10-03-25 16:35:21>发送:68 11 11 11 11 11 11 68 14 20 34 35 33 37 CB 44 44 44 33 33 33 33 5A CA F5 44 ED AE 64 50 E6 81 4E 05 00 B4 EE E6 C6 D1 3D 7A DC 16
10-03-25 16:35:22>接收：68 11 11 11 11 11 11 68 D4 02 37 33 76 16
10-03-25 16:35:22>解析：地址:11 11 11 11 11 11 控制码:D4 长度:02 数据标识: 数据:00 04
10-03-25 16:35:23>发送:68 11 11 11 11 11 11 68 14 20 34 35 33 37 CB 44 44 44 33 33 33 33 5A CA F5 44 ED AE 64 50 E6 81 4E 05 00 B4 EE E6 C6 D1 3D 7A DC 16
10-03-25 16:35:23>接收：68 11 11 11 11 11 11 68 D4 02 37 33 76 16
10-03-25 16:35:23>解析：地址:11 11 11 11 11 11 控制码:D4 长度:02 数据标识: 数据:00 04
10-03-25 16:35:24>发送:68 11 11 11 11 11 11 68 14 20 34 35 33 37 CB 44 44 44 33 33 33 33 5A CA F5 44 ED AE 64 50 E6 81 4E 05 00 B4 EE E6 C6 D1 3D 7A DC 16
10-03-25 16:35:24>接收：68 11 11 11 11 11 11 68 D4 02 37 33 76 16
10-03-25 16:35:24>解析：地址:11 11 11 11 11 11 控制码:D4 长度:02 数据标识: 数据:00 04
10-03-25 16:35:25>发送:68 11 11 11 11 11 11 68 14 20 34 35 33 37 CB 44 44 44 33 33 33 33 5A CA F5 44 ED AE 64 50 E6 81 4E 05 00 B4 EE E6 C6 D1 3D 7A DC 16
10-03-25 16:35:33>接收：68 11 11 11 11 11 11 68 94 00 CA 16
10-03-25 16:35:33>解析：地址:11 11 11 11 11 11 控制码:94 长度:00 数据标识: 数据:
10-03-25 16:35:40>发送:68 11 11 11 11 11 11 68 14 20 34 35 33 37 CB 44 44 44 33 33 33 33 34 39 2A 82 89 90 80 BC 40 76 1E 42 BE 2B 37 B8 BB 08 AF 5C CA 16
10-03-25 16:35:41>接收：68 11 11 11 11 11 11 68 D4 02 37 33 76 16
10-03-25 16:35:41>解析：地址:11 11 11 11 11 11 控制码:D4 长度:02 数据标识: 数据:00 04
10-03-25 16:35:42>发送:68 11 11 11 11 11 11 68 14 20 34 35 33 37 CB 44 44 44 33 33 33 33 34 39 2A 82 89 90 80 BC 40 76 1E 42 BE 2B 37 B8 BB 08 AF 5C CA 16
10-03-25 16:35:43>接收：68 11 11 11 11 11 11 68 D4 02 37 33 76 16
10-03-25 16:35:43>解析：地址:11 11 11 11 11 11 控制码:D4 长度:02 数据标识: 数据:00 04
10-03-25 16:35:44>发送:68 11 11 11 11 11 11 68 14 20 34 35 33 37 CB 44 44 44 33 33 33 33 34 39 2A 82 89 90 80 BC 40 76 1E 42 BE 2B 37 B8 BB 08 AF 5C CA 16
10-03-25 16:35:45>接收：68 11 11 11 11 11 11 68 D4 02 37 33 76 16
10-03-25 16:35:45>解析：地址:11 11 11 11 11 11 控制码:D4 长度:02 数据标识: 数据:00 04
10-03-25 16:35:46>发送:68 11 11 11 11 11 11 68 14 20 34 35 33 37 CB 44 44 44 33 33 33 33 34 39 2A 82 89 90 80 BC 40 76 1E 42 BE 2B 37 B8 BB 08 AF 5C CA 16
10-03-25 16:35:46>接收：68 11 11 11 11 11 11 68 D4 02 37 33 76 16
10-03-25 16:35:46>解析：地址:11 11 11 11 11 11 控制码:D4 长度:02 数据标识: 数据:00 04
10-03-25 16:35:47>发送:68 11 11 11 11 11 11 68 14 20 34 35 33 37 CB 44 44 44 33 33 33 33 34 39 2A 82 89 90 80 BC 40 76 1E 42 BE 2B 37 B8 BB 08 AF 5C CA 16
10-03-25 16:35:48>接收：68 11 11 11 11 11 11 68 D4 02 37 33 76 16
10-03-25 16:35:48>解析：地址:11 11 11 11 11 11 控制码:D4 长度:02 数据标识: 数据:00 04
10-03-25 16:35:48>发送:68 11 11 11 11 11 11 68 14 20 34 35 33 37 CB 44 44 44 33 33 33 33 34 39 2A 82 89 90 80 BC 40 76 1E 42 BE 2B 37 B8 BB 08 AF 5C CA 16
10-03-25 16:35:49>接收：68 11 11 11 11 11 11 68 D4 02 37 33 76 16
10-03-25 16:35:49>解析：地址:11 11 11 11 11 11 控制码:D4 长度:02 数据标识: 数据:00 04
10-03-25 16:35:50>发送:68 11 11 11 11 11 11 68 14 20 34 35 33 37 CB 44 44 44 33 33 33 33 34 39 2A 82 89 90 80 BC 40 76 1E 42 BE 2B 37 B8 BB 08 AF 5C CA 16
10-03-25 16:35:50>接收：68 11 11 11 11 11 11 68 D4 02 37 33 76 16
10-03-25 16:35:50>解析：地址:11 11 11 11 11 11 控制码:D4 长度:02 数据标识: 数据:00 04
10-03-25 16:35:51>发送:68 11 11 11 11 11 11 68 14 20 34 35 33 37 CB 44 44 44 33 33 33 33 34 39 2A 82 89 90 80 BC 40 76 1E 42 BE 2B 37 B8 BB 08 AF 5C CA 16
10-03-25 16:35:51>接收：68 11 11 11 11 11 11 68 D4 02 37 33 76 16
10-03-25 16:35:51>解析：地址:11 11 11 11 11 11 控制码:D4 长度:02 数据标识: 数据:00 04
10-03-25 16:35:56>发送:68 11 11 11 11 11 11 68 14 20 34 35 33 37 CB 44 44 44 33 33 33 33 34 39 2A 82 89 90 80 BC 40 76 1E 42 BE 2B 37 B8 BB 08 AF 5C CA 16
10-03-25 16:35:57>接收：68 11 11 11 11 11 11 68 D4 02 37 33 76 16
10-03-25 16:35:57>解析：地址:11 11 11 11 11 11 控制码:D4 长度:02 数据标识: 数据:00 04
10-03-25 16:35:58>发送:68 11 11 11 11 11 11 68 14 20 34 35 33 37 CB 44 44 44 33 33 33 33 34 39 2A 82 89 90 80 BC 40 76 1E 42 BE 2B 37 B8 BB 08 AF 5C CA 16
10-03-25 16:35:58>接收：68 11 11 11 11 11 11 68 D4 02 37 33 76 16
10-03-25 16:35:58>解析：地址:11 11 11 11 11 11 控制码:D4 长度:02 数据标识: 数据:00 04
10-03-25 16:35:59>发送:68 11 11 11 11 11 11 68 14 20 34 35 33 37 CB 44 44 44 33 33 33 33 34 39 2A 82 89 90 80 BC 40 76 1E 42 BE 2B 37 B8 BB 08 AF 5C CA 16
10-03-25 16:35:59>接收：68 11 11 11 11 11 11 68 D4 02 37 33 76 16
10-03-25 16:35:59>解析：地址:11 11 11 11 11 11 控制码:D4 长度:02 数据标识: 数据:00 04
10-03-25 16:36:00>发送:68 11 11 11 11 11 11 68 14 20 34 35 33 37 CB 44 44 44 33 33 33 33 34 39 2A 82 89 90 80 BC 40 76 1E 42 BE 2B 37 B8 BB 08 AF 5C CA 16
10-03-25 16:36:01>接收：68 11 11 11 11 11 11 68 D4 02 37 33 76 16
10-03-25 16:36:01>解析：地址:11 11 11 11 11 11 控制码:D4 长度:02 数据标识: 数据:00 04
10-03-25 16:36:01>发送:68 11 11 11 11 11 11 68 14 20 34 35 33 37 CB 44 44 44 33 33 33 33 34 39 2A 82 89 90 80 BC 40 76 1E 42 BE 2B 37 B8 BB 08 AF 5C CA 16
10-03-25 16:36:02>接收：68 11 11 11 11 11 11 68 D4 02 37 33 76 16
10-03-25 16:36:02>解析：地址:11 11 11 11 11 11 控制码:D4 长度:02 数据标识: 数据:00 04
10-03-25 16:36:03>发送:68 11 11 11 11 11 11 68 14 20 34 35 33 37 CB 44 44 44 33 33 33 33 34 39 2A 82 89 90 80 BC 40 76 1E 42 BE 2B 37 B8 BB 08 AF 5C CA 16
10-03-25 16:36:03>接收：68 11 11 11 11 11 11 68 D4 02 37 33 76 16
10-03-25 16:36:03>解析：地址:11 11 11 11 11 11 控制码:D4 长度:02 数据标识: 数据:00 04
10-03-25 16:36:04>发送:68 11 11 11 11 11 11 68 14 20 34 35 33 37 CB 44 44 44 33 33 33 33 34 39 2A 82 89 90 80 BC 40 76 1E 42 BE 2B 37 B8 BB 08 AF 5C CA 16
10-03-25 16:36:04>接收：68 11 11 11 11 11 11 68 D4 02 37 33 76 16
10-03-25 16:36:04>解析：地址:11 11 11 11 11 11 控制码:D4 长度:02 数据标识: 数据:00 04
10-03-25 16:36:05>发送:68 11 11 11 11 11 11 68 14 20 34 35 33 37 CB 44 44 44 33 33 33 33 34 39 2A 82 89 90 80 BC 40 76 1E 42 BE 2B 37 B8 BB 08 AF 5C CA 16
10-03-25 16:36:06>接收：68 11 11 11 11 11 11 68 D4 02 37 33 76 16
10-03-25 16:36:06>解析：地址:11 11 11 11 11 11 控制码:D4 长度:02 数据标识: 数据:00 04
10-03-25 16:36:06>发送:68 11 11 11 11 11 11 68 14 20 34 35 33 37 CB 44 44 44 33 33 33 33 34 39 2A 82 89 90 80 BC 40 76 1E 42 BE 2B 37 B8 BB 08 AF 5C CA 16
10-03-25 16:36:07>接收：68 11 11 11 11 11 11 68 D4 02 37 33 76 16
10-03-25 16:36:07>解析：地址:11 11 11 11 11 11 控制码:D4 长度:02 数据标识: 数据:00 04
10-03-25 16:36:07>发送:68 11 11 11 11 11 11 68 14 20 34 35 33 37 CB 44 44 44 33 33 33 33 34 39 2A 82 89 90 80 BC 40 76 1E 42 BE 2B 37 B8 BB 08 AF 5C CA 16
10-03-25 16:36:08>接收：68 11 11 11 11 11 11 68 D4 02 37 33 76 16
10-03-25 16:36:08>解析：地址:11 11 11 11 11 11 控制码:D4 长度:02 数据标识: 数据:00 04
10-03-25 16:36:09>发送:68 11 11 11 11 11 11 68 14 20 34 35 33 37 CB 44 44 44 33 33 33 33 34 39 2A 82 89 90 80 BC 40 76 1E 42 BE 2B 37 B8 BB 08 AF 5C CA 16
10-03-25 16:36:09>接收：68 11 11 11 11 11 11 68 D4 02 37 33 76 16
10-03-25 16:36:09>解析：地址:11 11 11 11 11 11 控制码:D4 长度:02 数据标识: 数据:00 04
10-03-25 16:36:10>发送:68 11 11 11 11 11 11 68 14 20 34 35 33 37 CB 44 44 44 33 33 33 33 34 39 2A 82 89 90 80 BC 40 76 1E 42 BE 2B 37 B8 BB 08 AF 5C CA 16
10-03-25 16:36:10>接收：68 11 11 11 11 11 11 68 D4 02 37 33 76 16
10-03-25 16:36:10>解析：地址:11 11 11 11 11 11 控制码:D4 长度:02 数据标识: 数据:00 04
10-03-25 16:36:11>发送:68 11 11 11 11 11 11 68 14 20 34 35 33 37 CB 44 44 44 33 33 33 33 34 39 2A 82 89 90 80 BC 40 76 1E 42 BE 2B 37 B8 BB 08 AF 5C CA 16
10-03-25 16:36:11>接收：68 11 11 11 11 11 11 68 D4 02 37 33 76 16
10-03-25 16:36:11>解析：地址:11 11 11 11 11 11 控制码:D4 长度:02 数据标识: 数据:00 04
10-03-25 16:36:12>发送:68 11 11 11 11 11 11 68 14 20 34 35 33 37 CB 44 44 44 33 33 33 33 34 39 2A 82 89 90 80 BC 40 76 1E 42 BE 2B 37 B8 BB 08 AF 5C CA 16
10-03-25 16:36:13>接收：68 11 11 11 11 11 11 68 D4 02 37 33 76 16
10-03-25 16:36:13>解析：地址:11 11 11 11 11 11 控制码:D4 长度:02 数据标识: 数据:00 04
10-03-25 16:36:13>发送:68 11 11 11 11 11 11 68 14 20 34 35 33 37 CB 44 44 44 33 33 33 33 34 39 2A 82 89 90 80 BC 40 76 1E 42 BE 2B 37 B8 BB 08 AF 5C CA 16
10-03-25 16:36:14>接收：68 11 11 11 11 11 11 68 D4 02 37 33 76 16
10-03-25 16:36:14>解析：地址:11 11 11 11 11 11 控制码:D4 长度:02 数据标识: 数据:00 04
10-03-25 16:36:15>发送:68 11 11 11 11 11 11 68 14 20 34 35 33 37 CB 44 44 44 33 33 33 33 34 39 2A 82 89 90 80 BC 40 76 1E 42 BE 2B 37 B8 BB 08 AF 5C CA 16
10-03-25 16:36:15>接收：68 11 11 11 11 11 11 68 D4 02 37 33 76 16
10-03-25 16:36:15>解析：地址:11 11 11 11 11 11 控制码:D4 长度:02 数据标识: 数据:00 04
10-03-25 16:36:19>发送:68 11 11 11 11 11 11 68 03 20 32 33 33 3A 33 33 33 33 73 57 FD 00 61 26 75 41 EF 20 13 EA FF 79 66 44 34 33 33 33 33 33 33 33 C2 16
10-03-25 16:36:20>接收：68 11 11 11 11 11 11 68 C3 02 37 33 65 16
10-03-25 16:36:20>解析：地址:11 11 11 11 11 11 控制码:C3 长度:02 数据标识: 数据:00 04
10-03-25 16:36:22>发送:68 11 11 11 11 11 11 68 03 20 32 33 33 3A 33 33 33 33 CB C0 A1 F2 6D D9 BD 4F CB AB F3 6B F0 24 10 75 34 33 33 33 33 33 33 33 6D 16
10-03-25 16:36:23>接收：68 11 11 11 11 11 11 68 C3 02 3B 33 69 16
10-03-25 16:36:23>解析：地址:11 11 11 11 11 11 控制码:C3 长度:02 数据标识: 数据:00 08
10-03-25 16:36:25>发送:68 11 11 11 11 11 11 68 03 20 32 33 33 3A 33 33 33 33 7F 9C 0D 74 AE 72 5C F2 0D 20 D9 AD A9 9A E3 A2 34 33 33 33 33 33 33 33 15 16
10-03-25 16:36:26>接收：68 11 11 11 11 11 11 68 C3 02 37 33 65 16
10-03-25 16:36:26>解析：地址:11 11 11 11 11 11 控制码:C3 长度:02 数据标识: 数据:00 04
10-03-25 16:36:27>发送:68 11 11 11 11 11 11 68 03 20 32 33 33 3A 33 33 33 33 17 39 BC 35 DE 63 59 81 B9 EF 7E CB 17 7D B3 47 34 33 33 33 33 33 33 33 6B 16
10-03-25 16:36:28>接收：68 11 11 11 11 11 11 68 C3 02 3B 33 69 16
10-03-25 16:36:28>解析：地址:11 11 11 11 11 11 控制码:C3 长度:02 数据标识: 数据:00 08
10-03-25 16:36:29>发送:68 11 11 11 11 11 11 68 03 20 32 33 33 3A 33 33 33 33 60 80 9A 94 1C 9A FB 7C 25 8F 90 F5 80 90 AE 36 34 33 33 33 33 33 33 33 F8 16
10-03-25 16:36:30>接收：68 11 11 11 11 11 11 68 C3 02 3B 33 69 16
10-03-25 16:36:30>解析：地址:11 11 11 11 11 11 控制码:C3 长度:02 数据标识: 数据:00 08
10-03-25 16:36:31>发送:68 11 11 11 11 11 11 68 03 20 32 33 33 3A 33 33 33 33 00 4C 4B B9 37 83 C2 F5 50 90 FF D7 E8 7C 56 2B 34 33 33 33 33 33 33 33 EC 16
10-03-25 16:36:31>接收：68 11 11 11 11 11 11 68 C3 02 3B 33 69 16
10-03-25 16:36:31>解析：地址:11 11 11 11 11 11 控制码:C3 长度:02 数据标识: 数据:00 08
10-03-25 16:36:33>发送:68 11 11 11 11 11 11 68 03 20 32 33 33 3A 33 33 33 33 57 B8 13 25 E3 15 E2 77 81 4F 75 E3 BA F1 71 92 34 33 33 33 33 33 33 33 FE 16
10-03-25 16:36:33>接收：68 11 11 11 11 11 11 68 83 10 32 33 33 3A 64 89 90 1F 34 33 33 33 33 33 33 43 E0 16
10-03-25 16:36:33>解析：地址:11 11 11 11 11 11 控制码:83 长度:10 数据标识:07 00 00 FF 数据:31 56 5D EC 01 00 00 00 00 00 00 10
10-03-25 16:36:48>发送:68 11 11 11 11 11 11 68 14 20 34 35 33 37 CB 44 44 44 33 33 33 33 21 F5 3F A0 2A BA BC A4 96 2C 7A 25 25 7F 2F EB A5 14 66 75 8C 16
10-03-25 16:36:49>接收：68 11 11 11 11 11 11 68 D4 02 37 33 76 16
10-03-25 16:36:49>解析：地址:11 11 11 11 11 11 控制码:D4 长度:02 数据标识: 数据:00 04
10-03-25 16:36:50>发送:68 11 11 11 11 11 11 68 14 20 34 35 33 37 CB 44 44 44 33 33 33 33 21 F5 3F A0 2A BA BC A4 96 2C 7A 25 25 7F 2F EB A5 14 66 75 8C 16
10-03-25 16:36:51>接收：68 11 11 11 11 11 11 68 D4 02 37 33 76 16
10-03-25 16:36:51>解析：地址:11 11 11 11 11 11 控制码:D4 长度:02 数据标识: 数据:00 04
10-03-25 16:36:54>发送:68 11 11 11 11 11 11 68 14 20 34 35 33 37 CB 44 44 44 33 33 33 33 21 F5 3F A0 2A BA BC A4 96 2C 7A 25 25 7F 2F EB A5 14 66 75 8C 16
10-03-25 16:36:55>接收：68 11 11 11 11 11 11 68 D4 02 37 33 76 16
10-03-25 16:36:55>解析：地址:11 11 11 11 11 11 控制码:D4 长度:02 数据标识: 数据:00 04
10-03-25 16:36:58>发送:68 11 11 11 11 11 11 68 14 20 34 35 33 37 CB 44 44 44 33 33 33 33 21 F5 3F A0 2A BA BC A4 96 2C 7A 25 25 7F 2F EB A5 14 66 75 8C 16
10-03-25 16:36:59>接收：68 11 11 11 11 11 11 68 D4 02 37 33 76 16
10-03-25 16:36:59>解析：地址:11 11 11 11 11 11 控制码:D4 长度:02 数据标识: 数据:00 04
10-03-25 16:37:18>发送:68 11 11 11 11 11 11 68 14 20 34 35 33 37 CB 44 44 44 33 33 33 33 21 F5 3F A0 2A BA BC A4 96 2C 7A 25 25 7F 2F EB A5 14 66 75 8C 16
10-03-25 17:06:15>发送:68 11 11 11 11 11 11 68 11 04 33 33 34 33 18 16
10-03-25 17:06:16>接收：68 11 11 11 11 11 11 68 91 08 33 33 34 33 34 33 33 33 69 16
10-03-25 17:06:16>解析：地址:11 11 11 11 11 11 控制码:91 长度:08 数据标识:00 01 00 00 数据:00 00 00 01
10-03-25 17:06:20>发送:68 11 11 11 11 11 11 68 11 04 34 35 33 37 1E 16
10-03-25 17:06:21>接收：68 11 11 11 11 11 11 68 91 05 34 35 33 37 3C DB 16
10-03-25 17:06:21>解析：地址:11 11 11 11 11 11 控制码:91 长度:05 数据标识:04 00 02 01 数据:09
10-03-25 17:06:34>发送:68 11 11 11 11 11 11 68 14 0D 34 35 33 37 37 44 44 44 33 33 33 33 35 2E 16
10-03-25 17:06:34>接收：68 11 11 11 11 11 11 68 D4 01 37 42 16
10-03-25 17:06:34>解析：地址:11 11 11 11 11 11 控制码:D4 长度:01 数据标识: 数据:04
10-03-25 17:07:05>发送:68 11 11 11 11 11 11 68 14 0D 34 35 33 37 35 33 33 33 33 33 33 33 35 F9 16
10-03-25 17:07:05>接收：68 11 11 11 11 11 11 68 94 00 CA 16
10-03-25 17:07:05>解析：地址:11 11 11 11 11 11 控制码:94 长度:00 数据标识: 数据:
10-03-25 17:07:11>发送:68 11 11 11 11 11 11 68 11 04 34 35 33 37 1E 16
10-03-25 17:07:11>接收：68 11 11 11 11 11 11 68 91 05 34 35 33 37 35 D4 16
10-03-25 17:07:11>解析：地址:11 11 11 11 11 11 控制码:91 长度:05 数据标识:04 00 02 01 数据:02
10-03-25 17:12:10>发送:68 11 11 11 11 11 11 68 11 04 34 35 33 37 1E 16
10-03-25 17:12:10>接收：68 11 11 11 11 11 11 68 91 05 34 35 33 37 35 D4 16
10-03-25 17:12:10>解析：地址:11 11 11 11 11 11 控制码:91 长度:05 数据标识:04 00 02 01 数据:02
10-03-25 17:12:32>发送:68 11 11 11 11 11 11 68 03 20 32 33 33 3A 33 33 33 33 91 1A 0F 85 9C E7 DB F8 37 FF 76 D7 7C F5 F9 2A 34 33 33 33 33 33 33 33 3C 16
10-03-25 17:12:33>接收：68 11 11 11 11 11 11 68 C3 02 3B 33 69 16
10-03-25 17:12:33>解析：地址:11 11 11 11 11 11 控制码:C3 长度:02 数据标识: 数据:00 08
10-03-25 17:12:37>发送:68 11 11 11 11 11 11 68 03 20 32 33 33 3A 33 33 33 33 32 6E 40 68 E7 9D 3D 3F A9 E9 8B 55 71 8E C2 88 34 33 33 33 33 33 33 33 93 16
10-03-25 17:12:38>接收：68 11 11 11 11 11 11 68 83 10 32 33 33 3A 8E 6A 15 3C 34 33 33 33 33 33 33 43 8D 16
10-03-25 17:12:38>解析：地址:11 11 11 11 11 11 控制码:83 长度:10 数据标识:07 00 00 FF 数据:5B 37 E2 09 01 00 00 00 00 00 00 10
10-03-25 17:12:54>发送:68 11 11 11 11 11 11 68 14 20 34 35 33 37 CB 44 44 44 33 33 33 33 3B 6A E9 C6 28 01 4D 56 97 B4 12 99 09 95 5F 81 BE 88 CB 14 59 16
10-03-25 17:12:55>接收：68 11 11 11 11 11 11 68 94 00 CA 16
10-03-25 17:12:55>解析：地址:11 11 11 11 11 11 控制码:94 长度:00 数据标识: 数据:
10-03-25 17:13:01>发送:68 11 11 11 11 11 11 68 11 04 34 35 33 37 1E 16
10-03-25 17:13:01>接收：68 11 11 11 11 11 11 68 91 05 34 35 33 37 37 D6 16
10-03-25 17:13:01>解析：地址:11 11 11 11 11 11 控制码:91 长度:05 数据标识:04 00 02 01 数据:04
10-03-25 17:13:13>发送:68 11 11 11 11 11 11 68 14 20 34 35 33 37 CB 44 44 44 33 33 33 33 31 2E 16 62 C1 FA 91 85 F3 51 3E 26 08 9E B7 8D E2 13 EE 0B C8 16
10-03-25 17:13:14>接收：68 11 11 11 11 11 11 68 94 00 CA 16
10-03-25 17:13:14>解析：地址:11 11 11 11 11 11 控制码:94 长度:00 数据标识: 数据:
10-03-25 17:13:20>发送:68 11 11 11 11 11 11 68 11 04 34 35 33 37 1E 16
10-03-25 17:13:20>接收：68 11 11 11 11 11 11 68 91 05 34 35 33 37 35 D4 16
10-03-25 17:13:20>解析：地址:11 11 11 11 11 11 控制码:91 长度:05 数据标识:04 00 02 01 数据:02
10-03-25 17:13:33>发送:68 11 11 11 11 11 11 68 14 20 34 35 33 37 CB 44 44 44 33 33 33 33 3B 6A E9 C6 28 01 4D 56 97 B4 12 99 09 95 5F 81 BE 88 CB 14 59 16
10-03-25 17:13:34>接收：68 11 11 11 11 11 11 68 94 00 CA 16
10-03-25 17:13:34>解析：地址:11 11 11 11 11 11 控制码:94 长度:00 数据标识: 数据:
10-03-25 17:13:38>发送:68 11 11 11 11 11 11 68 11 04 34 35 33 37 1E 16
10-03-25 17:13:38>接收：68 11 11 11 11 11 11 68 91 05 34 35 33 37 37 D6 16
10-03-25 17:13:38>解析：地址:11 11 11 11 11 11 控制码:91 长度:05 数据标识:04 00 02 01 数据:04
10-03-25 17:13:51>发送:68 11 11 11 11 11 11 68 14 20 34 35 33 37 CB 44 44 44 33 33 33 33 31 2E 16 62 C1 FA 91 85 F3 51 3E 26 08 9E B7 8D E2 13 EE 0B C8 16
10-03-25 17:13:52>接收：68 11 11 11 11 11 11 68 94 00 CA 16
10-03-25 17:13:52>解析：地址:11 11 11 11 11 11 控制码:94 长度:00 数据标识: 数据:
10-03-25 17:13:56>发送:68 11 11 11 11 11 11 68 11 04 34 35 33 37 1E 16
10-03-25 17:13:57>接收：68 11 11 11 11 11 11 68 91 05 34 35 33 37 35 D4 16
10-03-25 17:13:57>解析：地址:11 11 11 11 11 11 控制码:91 长度:05 数据标识:04 00 02 01 数据:02
10-03-25 17:14:08>发送:68 11 11 11 11 11 11 68 14 20 34 35 33 37 CB 44 44 44 33 33 33 33 3B 6A E9 C6 28 01 4D 56 97 B4 12 99 09 95 5F 81 BE 88 CB 14 59 16
10-03-25 17:14:09>接收：68 11 11 11 11 11 11 68 94 00 CA 16
10-03-25 17:14:09>解析：地址:11 11 11 11 11 11 控制码:94 长度:00 数据标识: 数据:
10-03-25 17:14:15>发送:68 11 11 11 11 11 11 68 11 04 34 35 33 37 1E 16
10-03-25 17:14:15>接收：68 11 11 11 11 11 11 68 91 05 34 35 33 37 37 D6 16
10-03-25 17:14:15>解析：地址:11 11 11 11 11 11 控制码:91 长度:05 数据标识:04 00 02 01 数据:04
10-03-25 17:14:27>发送:68 11 11 11 11 11 11 68 14 20 34 35 33 37 CB 44 44 44 33 33 33 33 31 2E 16 62 C1 FA 91 85 F3 51 3E 26 08 9E B7 8D E2 13 EE 0B C8 16
10-03-25 17:14:28>接收：68 11 11 11 11 11 11 68 94 00 CA 16
10-03-25 17:14:28>解析：地址:11 11 11 11 11 11 控制码:94 长度:00 数据标识: 数据:
10-03-25 17:14:32>发送:68 11 11 11 11 11 11 68 11 04 34 35 33 37 1E 16
10-03-25 17:14:32>接收：68 11 11 11 11 11 11 68 91 05 34 35 33 37 35 D4 16
10-03-25 17:14:32>解析：地址:11 11 11 11 11 11 控制码:91 长度:05 数据标识:04 00 02 01 数据:02
10-03-25 17:14:44>发送:68 11 11 11 11 11 11 68 11 04 38 35 33 37 22 16
10-03-25 17:14:44>接收：68 11 11 11 11 11 11 68 91 06 38 35 33 37 33 33 0A 16
10-03-25 17:14:44>解析：地址:11 11 11 11 11 11 控制码:91 长度:06 数据标识:04 00 02 05 数据:00 00
10-03-25 17:14:57>发送:68 11 11 11 11 11 11 68 14 20 38 35 33 37 CB 44 44 44 33 33 33 33 34 00 BD 51 7F 78 56 89 08 5C F1 99 55 80 C9 F2 C3 5B 6B FB BE 16
10-03-25 17:14:58>接收：68 11 11 11 11 11 11 68 94 00 CA 16
10-03-25 17:14:58>解析：地址:11 11 11 11 11 11 控制码:94 长度:00 数据标识: 数据:
10-03-25 17:15:02>发送:68 11 11 11 11 11 11 68 11 04 38 35 33 37 22 16
10-03-25 17:15:03>接收：68 11 11 11 11 11 11 68 91 06 38 35 33 37 58 33 2F 16
10-03-25 17:15:03>解析：地址:11 11 11 11 11 11 控制码:91 长度:06 数据标识:04 00 02 05 数据:00 25
10-03-25 17:15:49>发送:68 11 11 11 11 11 11 68 14 0E 38 35 33 37 35 33 33 33 33 33 33 33 83 33 7F 16
10-03-25 17:15:49>接收：68 11 11 11 11 11 11 68 94 00 CA 16
10-03-25 17:15:49>解析：地址:11 11 11 11 11 11 控制码:94 长度:00 数据标识: 数据:
10-03-25 17:19:48>发送:68 11 11 11 11 11 11 68 11 04 38 35 33 37 22 16
10-03-25 17:19:49>接收：68 11 11 11 11 11 11 68 91 06 38 35 33 37 83 33 5A 16
10-03-25 17:19:49>解析：地址:11 11 11 11 11 11 控制码:91 长度:06 数据标识:04 00 02 05 数据:00 50
10-03-25 17:20:47>发送:68 11 11 11 11 11 11 68 11 04 38 35 33 37 22 16
10-03-25 17:20:47>接收：68 11 11 11 11 11 11 68 91 06 38 35 33 37 83 33 5A 16
10-03-25 17:20:47>解析：地址:11 11 11 11 11 11 控制码:91 长度:06 数据标识:04 00 02 05 数据:00 50
10-03-25 17:21:00>发送:68 11 11 11 11 11 11 68 14 0E 38 35 33 37 37 44 44 44 33 33 33 33 83 33 B4 16
10-03-25 17:21:01>接收：68 11 11 11 11 11 11 68 D4 01 37 42 16
10-03-25 17:21:01>解析：地址:11 11 11 11 11 11 控制码:D4 长度:01 数据标识: 数据:04
10-03-25 17:21:31>发送:68 11 11 11 11 11 11 68 14 0E 38 35 33 37 35 33 33 33 33 33 33 33 83 33 7F 16
10-03-25 17:21:31>接收：68 11 11 11 11 11 11 68 94 00 CA 16
10-03-25 17:21:31>解析：地址:11 11 11 11 11 11 控制码:94 长度:00 数据标识: 数据:
10-03-25 17:21:34>发送:68 11 11 11 11 11 11 68 11 04 33 33 34 33 18 16
10-03-25 17:21:35>接收：68 11 11 11 11 11 11 68 91 08 33 33 34 33 34 33 33 33 69 16
10-03-25 17:21:35>解析：地址:11 11 11 11 11 11 控制码:91 长度:08 数据标识:00 01 00 00 数据:00 00 00 01
10-03-25 17:21:38>发送:68 11 11 11 11 11 11 68 11 04 38 35 33 37 22 16
10-03-25 17:21:38>接收：68 11 11 11 11 11 11 68 91 06 38 35 33 37 83 33 5A 16
10-03-25 17:21:38>解析：地址:11 11 11 11 11 11 控制码:91 长度:06 数据标识:04 00 02 05 数据:00 50
10-03-25 17:24:55>发送:68 11 11 11 11 11 11 68 14 20 37 35 33 37 CB 44 44 44 33 33 33 33 63 C1 B2 B9 BE 5F 06 07 18 05 8A 4F 7C BE DC 6B 69 93 7F 68 B6 16
10-03-25 17:24:56>接收：68 11 11 11 11 11 11 68 D4 01 73 7E 16
10-03-25 17:24:56>解析：地址:11 11 11 11 11 11 控制码:D4 长度:01 数据标识: 数据:40
10-03-25 17:25:19>发送:68 11 11 11 11 11 11 68 14 20 37 35 33 37 CB 44 44 44 33 33 33 33 A9 2D 43 3B A3 3B CD 03 62 D2 D2 77 CB 80 10 EA 9D D7 0E 80 69 16
10-03-25 17:25:19>接收：68 11 11 11 11 11 11 68 94 00 CA 16
10-03-25 17:25:19>解析：地址:11 11 11 11 11 11 控制码:94 长度:00 数据标识: 数据:
10-03-25 17:25:26>发送:68 11 11 11 11 11 11 68 11 04 37 35 33 37 21 16
10-03-25 17:25:26>接收：68 11 11 11 11 11 11 68 91 05 37 35 33 37 37 D9 16
10-03-25 17:25:26>解析：地址:11 11 11 11 11 11 控制码:91 长度:05 数据标识:04 00 02 04 数据:04
10-03-25 17:26:34>发送:68 11 11 11 11 11 11 68 14 20 37 35 33 37 CB 44 44 44 33 33 33 33 1D 91 AC 6C A7 94 A5 FA F3 C1 F4 54 86 01 78 A4 74 4E 79 E2 FF 16
10-03-25 17:26:35>接收：68 11 11 11 11 11 11 68 94 00 CA 16
10-03-25 17:26:35>解析：地址:11 11 11 11 11 11 控制码:94 长度:00 数据标识: 数据:
10-03-25 17:29:30>发送:68 11 11 11 11 11 11 68 14 20 37 35 33 37 CB 44 44 44 33 33 33 33 D8 9E 95 3B 1D 33 C5 9F 1A EC 9E 80 B0 22 0D FF D4 C9 C2 CF CD 16
10-03-25 17:29:31>接收：68 11 11 11 11 11 11 68 94 00 CA 16
10-03-25 17:29:31>解析：地址:11 11 11 11 11 11 控制码:94 长度:00 数据标识: 数据:
10-03-25 17:29:40>发送:68 11 11 11 11 11 11 68 11 04 37 35 33 37 21 16
10-03-25 17:29:40>接收：68 11 11 11 11 11 11 68 91 05 37 35 33 37 35 D7 16
10-03-25 17:29:40>解析：地址:11 11 11 11 11 11 控制码:91 长度:05 数据标识:04 00 02 04 数据:02
10-03-25 17:31:02>发送:68 11 11 11 11 11 11 68 14 20 37 35 33 37 CB 44 44 44 33 33 33 33 1D 91 AC 6C A7 94 A5 FA F3 C1 F4 54 86 01 78 A4 74 4E 79 E2 FF 16
10-03-25 17:31:03>接收：68 11 11 11 11 11 11 68 94 00 CA 16
10-03-25 17:31:03>解析：地址:11 11 11 11 11 11 控制码:94 长度:00 数据标识: 数据:
10-03-25 17:31:08>发送:68 11 11 11 11 11 11 68 11 04 37 35 33 37 21 16
10-03-25 17:31:09>接收：68 11 11 11 11 11 11 68 91 05 37 35 33 37 37 D9 16
10-03-25 17:31:09>解析：地址:11 11 11 11 11 11 控制码:91 长度:05 数据标识:04 00 02 04 数据:04
10-03-25 17:32:31>发送:68 11 11 11 11 11 11 68 11 04 34 34 33 37 1D 16
10-03-25 17:32:31>接收：68 11 11 11 11 11 11 68 91 08 34 34 33 37 37 58 36 43 A9 16
10-03-25 17:32:31>解析：地址:11 11 11 11 11 11 控制码:91 长度:08 数据标识:04 00 01 01 数据:10 03 25 04
