10-03-10 11:15:07>发送:68 11 11 11 11 11 11 68 11 04 34 39 33 37 22 16
10-03-10 11:15:08>接收：68 11 11 11 11 11 11 68 91 05 34 39 33 37 38 DB 16
10-03-10 11:15:08>解析：地址:11 11 11 11 11 11 控制码:91 长度:05 数据标识:04 00 06 01 数据:05
10-03-10 11:26:36>发送:68 11 11 11 11 11 11 68 14 0D 34 39 33 37 37 44 44 44 33 33 33 33 34 31 16
10-03-10 11:26:36>接收：68 11 11 11 11 11 11 68 D4 01 37 42 16
10-03-10 11:26:36>解析：地址:11 11 11 11 11 11 控制码:D4 长度:01 数据标识: 数据:04
10-03-10 11:28:07>发送:68 11 11 11 11 11 11 68 14 0D 34 39 33 37 37 44 44 44 33 33 33 33 34 31 16
10-03-10 11:28:07>接收：68 11 11 11 11 11 11 68 94 00 CA 16
10-03-10 11:28:07>解析：地址:11 11 11 11 11 11 控制码:94 长度:00 数据标识: 数据:
10-03-10 11:28:31>发送:68 11 11 11 11 11 11 68 14 0D 34 39 33 37 37 44 44 44 33 33 33 33 38 35 16
10-03-10 11:28:31>接收：68 11 11 11 11 11 11 68 94 00 CA 16
10-03-10 11:28:31>解析：地址:11 11 11 11 11 11 控制码:94 长度:00 数据标识: 数据:
10-03-10 11:29:08>发送:68 11 11 11 11 11 11 68 14 0D 34 39 33 37 37 44 44 44 33 33 33 33 37 34 16
10-03-10 11:29:08>接收：68 11 11 11 11 11 11 68 94 00 CA 16
10-03-10 11:29:08>解析：地址:11 11 11 11 11 11 控制码:94 长度:00 数据标识: 数据:
10-03-10 11:45:13>发送:68 11 11 11 11 11 11 68 11 04 34 39 33 37 22 16
10-03-10 11:45:14>接收：68 11 11 11 11 11 11 68 91 05 34 39 33 37 37 DA 16
10-03-10 11:45:14>解析：地址:11 11 11 11 11 11 控制码:91 长度:05 数据标识:04 00 06 01 数据:04
10-03-10 17:07:04>接收：00
10-03-10 17:26:05>发送:68 11 11 11 11 11 11 68 11 04 34 39 33 37 22 16
10-03-10 17:26:12>发送:68 11 11 11 11 11 11 68 11 04 33 33 34 33 18 16
10-03-10 17:26:15>发送:68 AA AA AA AA AA AA 68 13 00 DF 16
10-03-10 17:26:31>发送:68 AA AA AA AA AA AA 68 13 00 DF 16
10-03-10 17:26:31>接收：68 11 11 11 11 11 11 68 93 06 44 44 44 44 44 44 67 16
10-03-10 17:26:31>解析：地址:11 11 11 11 11 11 控制码:93 长度:06 数据标识: 数据:11 11 11 11 11 11
10-03-10 17:27:02>发送:68 11 11 11 11 11 11 68 11 04 34 39 33 37 22 16
10-03-10 17:27:03>接收：68 11 11 11 11 11 11 68 91 05 34 39 33 37 34 D7 16
10-03-10 17:27:03>解析：地址:11 11 11 11 11 11 控制码:91 长度:05 数据标识:04 00 06 01 数据:01
10-03-10 17:27:41>发送:68 11 11 11 11 11 11 68 11 04 34 39 33 37 22 16
10-03-10 17:27:41>接收：68 11 11 11 11 11 11 68 91 05 34 39 33 37 34 D7 16
10-03-10 17:27:41>解析：地址:11 11 11 11 11 11 控制码:91 长度:05 数据标识:04 00 06 01 数据:01
10-03-10 17:27:52>发送:68 11 11 11 11 11 11 68 11 04 33 33 33 33 17 16
10-03-10 17:27:52>接收：68 11 11 11 11 11 11 68 91 08 33 33 33 33 73 33 33 33 A7 16
10-03-10 17:27:52>解析：地址:11 11 11 11 11 11 控制码:91 长度:08 数据标识:00 00 00 00 数据:00 00 00 40
10-03-10 17:28:03>发送:68 11 11 11 11 11 11 68 11 04 33 33 34 33 18 16
10-03-10 17:28:03>接收：68 11 11 11 11 11 11 68 91 08 33 33 34 33 33 33 33 33 68 16
10-03-10 17:28:03>解析：地址:11 11 11 11 11 11 控制码:91 长度:08 数据标识:00 01 00 00 数据:00 00 00 00
