10-03-12 15:34:49>发送:68 11 11 11 11 11 11 68 11 04 33 33 34 33 18 16
10-03-12 15:34:49>接收：68 11 11 11 11 11 11 68 91 08 33 33 34 33 33 53 33 33 88 16
10-03-12 15:34:49>解析：地址:11 11 11 11 11 11 控制码:91 长度:08 数据标识:00 01 00 00 数据:00 00 20 00
10-03-12 15:34:56>发送:68 11 11 11 11 11 11 68 11 04 36 38 33 37 23 16
10-03-12 15:34:57>接收：68 11 11 11 11 11 11 68 91 06 36 38 33 37 43 33 1B 16
10-03-12 15:34:57>解析：地址:11 11 11 11 11 11 控制码:91 长度:06 数据标识:04 00 05 03 数据:00 10
10-03-12 15:42:22>发送:68 11 11 11 11 11 11 68 11 04 36 38 33 37 23 16
10-03-12 15:42:23>接收：68 11 11 11 11 11 11 68 91 06 36 38 33 37 53 33 2B 16
10-03-12 15:42:23>解析：地址:11 11 11 11 11 11 控制码:91 长度:06 数据标识:04 00 05 03 数据:00 20
10-03-12 15:43:20>发送:68 11 11 11 11 11 11 68 11 04 36 38 33 37 23 16
10-03-12 15:43:20>接收：68 11 11 11 11 11 11 68 91 06 36 38 33 37 5B 33 33 16
10-03-12 15:43:20>解析：地址:11 11 11 11 11 11 控制码:91 长度:06 数据标识:04 00 05 03 数据:00 28
10-03-12 16:50:42>发送:68 11 11 11 11 11 11 68 14 10 34 34 33 37 37 44 44 44 33 33 33 33 38 45 36 43 F1 16
10-03-12 16:50:42>接收：68 11 11 11 11 11 11 68 94 00 CA 16
10-03-12 16:50:42>解析：地址:11 11 11 11 11 11 控制码:94 长度:00 数据标识: 数据:
10-03-12 16:51:08>发送:68 11 11 11 11 11 11 68 14 0F 35 34 33 37 37 44 44 44 33 33 33 33 33 83 49 FA 16
10-03-12 16:51:08>接收：68 11 11 11 11 11 11 68 94 00 CA 16
10-03-12 16:51:08>解析：地址:11 11 11 11 11 11 控制码:94 长度:00 数据标识: 数据:
10-03-12 17:37:36>发送:68 AA AA AA AA AA AA 68 13 00 DF 16
10-03-12 17:37:36>接收：68 11 11 11 11 11 11 68 93 06 44 44 44 44 44 44 67 16
10-03-12 17:37:36>解析：地址:11 11 11 11 11 11 控制码:93 长度:06 数据标识: 数据:11 11 11 11 11 11
10-03-12 17:37:42>发送:68 11 11 11 11 11 11 68 1B 0C 35 44 44 44 33 33 33 33 32 32 32 32 F2 16
10-03-12 17:37:42>接收：68 11 11 11 11 11 11 68 DB 01 37 49 16
10-03-12 17:37:42>解析：地址:11 11 11 11 11 11 控制码:DB 长度:01 数据标识: 数据:04
10-03-12 17:37:51>发送:68 11 11 11 11 11 11 68 1B 0C 37 44 44 44 33 33 33 33 32 32 32 32 F4 16
10-03-12 17:37:52>接收：68 11 11 11 11 11 11 68 DB 01 37 49 16
10-03-12 17:37:52>解析：地址:11 11 11 11 11 11 控制码:DB 长度:01 数据标识: 数据:04
10-03-12 17:38:03>发送:68 11 11 11 11 11 11 68 1B 0C 35 33 33 33 33 33 33 33 32 32 32 32 BF 16
10-03-12 17:38:06>接收：68 11 11 11 11 11 11 68 9B 00 D1 16
10-03-12 17:38:06>解析：地址:11 11 11 11 11 11 控制码:9B 长度:00 数据标识: 数据:
10-03-12 17:38:44>发送:68 11 11 11 11 11 11 68 11 04 33 33 34 33 18 16
10-03-12 17:38:45>接收：68 11 11 11 11 11 11 68 91 08 33 33 34 33 33 33 33 33 68 16
10-03-12 17:38:45>解析：地址:11 11 11 11 11 11 控制码:91 长度:08 数据标识:00 01 00 00 数据:00 00 00 00
10-03-12 17:38:58>发送:68 11 11 11 11 11 11 68 11 04 33 36 63 36 4D 16
10-03-12 17:38:58>接收：68 11 11 11 11 11 11 68 91 07 33 36 63 36 35 33 33 6B 16
10-03-12 17:38:58>解析：地址:11 11 11 11 11 11 控制码:91 长度:07 数据标识:03 30 03 00 数据:00 00 02
10-03-12 17:39:09>发送:68 11 11 11 11 11 11 68 11 04 33 33 63 36 4A 16
10-03-12 17:39:09>接收：68 11 11 11 11 11 11 68 91 07 33 33 63 36 33 33 33 66 16
10-03-12 17:39:09>解析：地址:11 11 11 11 11 11 控制码:91 长度:07 数据标识:03 30 00 00 数据:00 00 00
10-03-12 17:39:28>发送:68 11 11 11 11 11 11 68 1A 08 35 44 44 44 33 33 33 33 25 16
10-03-12 17:39:29>接收：68 11 11 11 11 11 11 68 DA 01 37 48 16
10-03-12 17:39:29>解析：地址:11 11 11 11 11 11 控制码:DA 长度:01 数据标识: 数据:04
10-03-12 17:39:35>发送:68 11 11 11 11 11 11 68 1A 08 35 33 33 33 33 33 33 33 F2 16
10-03-12 17:39:50>发送:68 11 11 11 11 11 11 68 1A 08 35 33 33 33 33 33 33 33 F2 16
10-03-12 17:40:27>发送:68 11 11 11 11 11 11 68 1A 08 35 33 33 33 33 33 33 33 F2 16
10-03-12 17:40:47>发送:68 11 11 11 11 11 11 68 1B 0C 35 44 44 44 33 33 33 33 32 32 32 32 F2 16
10-03-12 17:40:47>接收：68 11 11 11 11 11 11 68 DB 01 37 49 16
10-03-12 17:40:47>解析：地址:11 11 11 11 11 11 控制码:DB 长度:01 数据标识: 数据:04
10-03-12 17:41:00>发送:68 11 11 11 11 11 11 68 1B 0C 35 33 33 33 33 33 33 33 32 32 32 32 BF 16
10-03-12 17:41:02>接收：68 11 11 11 11 11 11 68 9B 00 D1 16
10-03-12 17:41:02>解析：地址:11 11 11 11 11 11 控制码:9B 长度:00 数据标识: 数据:
10-03-12 17:41:25>发送:68 11 11 11 11 11 11 68 1A 08 35 33 33 33 33 33 33 33 F2 16
10-03-12 17:43:37>发送:68 11 11 11 11 11 11 68 1A 08 35 33 33 33 33 33 33 33 F2 16
10-03-12 17:43:37>接收：68 11 11 11 11 11 11 68 DA 01 37 48 16
10-03-12 17:43:37>解析：地址:11 11 11 11 11 11 控制码:DA 长度:01 数据标识: 数据:04
10-03-12 17:43:47>发送:68 11 11 11 11 11 11 68 1A 08 35 33 33 33 33 33 33 33 F2 16
10-03-12 17:44:41>发送:68 11 11 11 11 11 11 68 1A 08 35 33 33 33 33 33 33 33 F2 16
10-03-12 17:47:02>发送:68 11 11 11 11 11 11 68 1A 08 35 33 33 33 33 33 33 33 F2 16
10-03-12 17:47:33>发送:68 11 11 11 11 11 11 68 1A 08 35 33 33 33 33 33 33 33 F2 16
10-03-12 17:47:34>接收：68 11 11 11 11 11 11 68 DA 01 37 48 16
10-03-12 17:47:34>解析：地址:11 11 11 11 11 11 控制码:DA 长度:01 数据标识: 数据:04
10-03-12 17:47:57>发送:68 11 11 11 11 11 11 68 1A 08 35 33 33 33 33 33 33 33 F2 16
10-03-12 18:04:30>发送:68 11 11 11 11 11 11 68 1A 08 35 33 33 33 33 33 33 33 F2 16
10-03-12 18:04:31>接收：68 11 11 11 11 11 11 68 DA 01 37 48 16
10-03-12 18:04:31>解析：地址:11 11 11 11 11 11 控制码:DA 长度:01 数据标识: 数据:04
10-03-12 18:04:35>发送:68 11 11 11 11 11 11 68 1A 08 35 33 33 33 33 33 33 33 F2 16
10-03-12 18:05:31>发送:68 11 11 11 11 11 11 68 1A 08 35 33 33 33 33 33 33 33 F2 16
10-03-12 18:21:10>发送:68 11 11 11 11 11 11 68 1A 08 35 33 33 33 33 33 33 33 F2 16
10-03-12 18:21:54>接收：68 11 11 11 11 11 11 68 9A 00 D0 16
10-03-12 18:21:54>解析：地址:11 11 11 11 11 11 控制码:9A 长度:00 数据标识: 数据:
10-03-12 18:28:18>发送:68 11 11 11 11 11 11 68 1A 08 35 33 33 33 33 33 33 33 F2 16
10-03-12 18:28:21>接收：68 11 11 11 11 11 11 68 9A 00 D0 16
10-03-12 18:28:21>解析：地址:11 11 11 11 11 11 控制码:9A 长度:00 数据标识: 数据:
10-03-12 18:31:34>发送:68 11 11 11 11 11 11 68 1A 08 35 33 33 33 33 33 33 33 F2 16
10-03-12 18:31:38>接收：68 11 11 11 11 11 11 68 9A 00 D0 16
10-03-12 18:31:38>解析：地址:11 11 11 11 11 11 控制码:9A 长度:00 数据标识: 数据:
10-03-12 18:37:12>发送:68 11 11 11 11 11 11 68 1A 08 35 33 33 33 33 33 33 33 F2 16
10-03-12 18:37:15>接收：68 11 11 11 11 11 11 68 9A 00 D0 16
10-03-12 18:37:15>解析：地址:11 11 11 11 11 11 控制码:9A 长度:00 数据标识: 数据:
10-03-12 18:38:37>发送:68 11 11 11 11 11 11 68 1A 08 35 33 33 33 33 33 33 33 F2 16
10-03-12 18:38:40>接收：68 11 11 11 11 11 11 68 9A 00 D0 16
10-03-12 18:38:40>解析：地址:11 11 11 11 11 11 控制码:9A 长度:00 数据标识: 数据:
