10-03-30 08:42:00>发送:68 11 11 11 11 11 11 68 11 04 3E 33 B3 35 A4 16
10-03-30 08:42:14>发送:68 AA AA AA AA AA AA 68 13 00 DF 16
10-03-30 08:42:15>接收：68 FF FF FF FF FF FF 68 93 06 32 32 32 32 32 32 8F 16
10-03-30 08:42:15>解析：地址:FF FF FF FF FF FF 控制码:93 长度:06 数据标识: 数据:FF FF FF FF FF FF
10-03-30 08:43:44>发送:68 AA AA AA AA AA AA 68 11 04 3E 33 B3 35 3A 16
10-03-30 08:43:44>接收：68 FF FF FF FF FF FF 68 91 08 3E 33 B3 35 33 33 33 33 88 16
10-03-30 08:43:44>解析：地址:FF FF FF FF FF FF 控制码:91 长度:08 数据标识:02 80 00 0B 数据:00 00 00 00
10-03-30 08:43:54>发送:68 AA AA AA AA AA AA 68 11 04 34 3B C3 33 46 16
10-03-30 08:43:54>接收：68 FF FF FF FF FF FF 68 91 08 34 3B C3 33 33 33 33 33 94 16
10-03-30 08:43:54>解析：地址:FF FF FF FF FF FF 控制码:91 长度:08 数据标识:00 90 08 01 数据:00 00 00 00
10-03-30 08:44:02>发送:68 AA AA AA AA AA AA 68 11 04 3E 33 B3 35 3A 16
10-03-30 08:44:02>接收：68 FF FF FF FF FF FF 68 91 08 3E 33 B3 35 33 33 33 33 88 16
10-03-30 08:44:02>解析：地址:FF FF FF FF FF FF 控制码:91 长度:08 数据标识:02 80 00 0B 数据:00 00 00 00
10-03-30 08:45:07>发送:68 AA AA AA AA AA AA 68 11 04 34 42 33 37 C1 16
10-03-30 08:45:07>接收：68 FF FF FF FF FF FF 68 D1 01 35 D1 16
10-03-30 08:45:07>解析：地址:FF FF FF FF FF FF 控制码:D1 长度:01 数据标识: 数据:02
10-03-30 08:45:16>发送:68 AA AA AA AA AA AA 68 11 04 35 42 33 37 C2 16
10-03-30 08:45:16>接收：68 FF FF FF FF FF FF 68 D1 01 35 D1 16
10-03-30 08:45:16>解析：地址:FF FF FF FF FF FF 控制码:D1 长度:01 数据标识: 数据:02
10-03-30 08:45:20>发送:68 AA AA AA AA AA AA 68 11 04 36 42 33 37 C3 16
10-03-30 08:45:20>接收：68 FF FF FF FF FF FF 68 D1 01 35 D1 16
10-03-30 08:45:20>解析：地址:FF FF FF FF FF FF 控制码:D1 长度:01 数据标识: 数据:02
10-03-30 08:45:24>发送:68 AA AA AA AA AA AA 68 11 04 37 42 33 37 C4 16
10-03-30 08:45:24>接收：68 FF FF FF FF FF FF 68 D1 01 35 D1 16
10-03-30 08:45:24>解析：地址:FF FF FF FF FF FF 控制码:D1 长度:01 数据标识: 数据:02
10-03-30 08:45:27>发送:68 AA AA AA AA AA AA 68 11 04 34 43 33 37 C2 16
10-03-30 08:45:27>接收：68 FF FF FF FF FF FF 68 91 08 34 43 33 37 33 38 33 33 15 16
10-03-30 08:45:27>解析：地址:FF FF FF FF FF FF 控制码:91 长度:08 数据标识:04 00 10 01 数据:00 00 05 00
10-03-30 08:45:34>发送:68 AA AA AA AA AA AA 68 11 04 35 43 33 37 C3 16
10-03-30 08:45:34>接收：68 FF FF FF FF FF FF 68 91 08 35 43 33 37 33 33 33 33 11 16
10-03-30 08:45:34>解析：地址:FF FF FF FF FF FF 控制码:91 长度:08 数据标识:04 00 10 02 数据:00 00 00 00
10-03-30 08:46:41>发送:68 AA AA AA AA AA AA 68 11 04 37 43 33 37 C5 16
10-03-30 08:46:41>接收：68 FF FF FF FF FF FF 68 91 08 37 43 33 37 33 33 33 33 13 16
10-03-30 08:46:41>解析：地址:FF FF FF FF FF FF 控制码:91 长度:08 数据标识:04 00 10 04 数据:00 00 00 00
10-03-30 08:48:03>发送:68 AA AA AA AA AA AA 68 11 04 36 43 33 37 C4 16
10-03-30 08:48:04>接收：68 FF FF FF FF FF FF 68 91 08 36 43 33 37 33 33 33 33 12 16
10-03-30 08:48:04>解析：地址:FF FF FF FF FF FF 控制码:91 长度:08 数据标识:04 00 10 03 数据:00 00 00 00
10-03-30 08:48:23>发送:68 AA AA AA AA AA AA 68 11 04 63 36 38 37 E9 16
10-03-30 08:48:23>接收：68 FF FF FF FF FF FF 68 D1 01 35 D1 16
10-03-30 08:48:23>解析：地址:FF FF FF FF FF FF 控制码:D1 长度:01 数据标识: 数据:02
10-03-30 08:48:27>发送:68 AA AA AA AA AA AA 68 11 04 33 34 C3 33 3E 16
10-03-30 08:48:28>接收：68 FF FF FF FF FF FF 68 D1 01 35 D1 16
10-03-30 08:48:28>解析：地址:FF FF FF FF FF FF 控制码:D1 长度:01 数据标识: 数据:02
10-03-30 08:48:31>发送:68 AA AA AA AA AA AA 68 11 04 34 34 C3 33 3F 16
10-03-30 08:48:32>接收：68 FF FF FF FF FF FF 68 D1 01 35 D1 16
10-03-30 08:48:32>解析：地址:FF FF FF FF FF FF 控制码:D1 长度:01 数据标识: 数据:02
10-03-30 08:48:34>发送:68 AA AA AA AA AA AA 68 11 04 33 35 C3 33 3F 16
10-03-30 08:48:35>接收：68 FF FF FF FF FF FF 68 91 08 33 35 C3 33 33 33 43 33 9D 16
10-03-30 08:48:35>解析：地址:FF FF FF FF FF FF 控制码:91 长度:08 数据标识:00 90 02 00 数据:00 10 00 00
10-03-30 08:48:39>发送:68 AA AA AA AA AA AA 68 11 04 34 35 C3 33 40 16
10-03-30 08:48:40>接收：68 FF FF FF FF FF FF 68 91 08 34 35 C3 33 33 33 33 33 8E 16
10-03-30 08:48:40>解析：地址:FF FF FF FF FF FF 控制码:91 长度:08 数据标识:00 90 02 01 数据:00 00 00 00
10-03-30 08:49:13>发送:68 AA AA AA AA AA AA 68 11 04 34 3B C3 33 46 16
10-03-30 08:49:14>接收：68 FF FF FF FF FF FF 68 91 08 34 3B C3 33 33 33 33 33 94 16
10-03-30 08:49:14>解析：地址:FF FF FF FF FF FF 控制码:91 长度:08 数据标识:00 90 08 01 数据:00 00 00 00
10-03-30 08:49:30>发送:68 AA AA AA AA AA AA 68 11 04 35 3B C3 33 47 16
10-03-30 08:49:30>接收：68 FF FF FF FF FF FF 68 91 08 35 3B C3 33 33 33 43 33 A5 16
10-03-30 08:49:30>解析：地址:FF FF FF FF FF FF 控制码:91 长度:08 数据标识:00 90 08 02 数据:00 10 00 00
10-03-30 08:49:47>发送:68 AA AA AA AA AA AA 68 11 04 36 3B C3 33 48 16
10-03-30 08:49:47>接收：68 FF FF FF FF FF FF 68 91 08 36 3B C3 33 33 33 33 33 96 16
10-03-30 08:49:47>解析：地址:FF FF FF FF FF FF 控制码:91 长度:08 数据标识:00 90 08 03 数据:00 00 00 00
10-03-30 08:49:51>发送:68 AA AA AA AA AA AA 68 11 04 36 3B C3 33 48 16
10-03-30 08:49:52>接收：68 FF FF FF FF FF FF 68 91 08 36 3B C3 33 33 33 33 33 96 16
10-03-30 08:49:52>解析：地址:FF FF FF FF FF FF 控制码:91 长度:08 数据标识:00 90 08 03 数据:00 00 00 00
10-03-30 08:50:09>发送:68 AA AA AA AA AA AA 68 11 04 38 43 33 37 C6 16
10-03-30 08:50:10>接收：68 FF FF FF FF FF FF 68 91 08 38 43 33 37 33 33 33 33 14 16
10-03-30 08:50:10>解析：地址:FF FF FF FF FF FF 控制码:91 长度:08 数据标识:04 00 10 05 数据:00 00 00 00
10-03-30 08:50:28>发送:68 AA AA AA AA AA AA 68 11 04 41 37 33 37 C3 16
10-03-30 08:50:28>接收：68 FF FF FF FF FF FF 68 91 0A 41 37 33 37 33 33 33 33 33 33 79 16
10-03-30 08:50:28>解析：地址:FF FF FF FF FF FF 控制码:91 长度:0A 数据标识:04 00 04 0E 数据:00 00 00 00 00 00
10-03-30 08:53:09>发送:68 AA AA AA AA AA AA 68 11 04 38 43 33 37 C6 16
10-03-30 08:53:10>接收：68 FF FF FF FF FF FF 68 91 08 38 43 33 37 33 33 33 33 14 16
10-03-30 08:53:10>解析：地址:FF FF FF FF FF FF 控制码:91 长度:08 数据标识:04 00 10 05 数据:00 00 00 00
10-03-30 08:53:32>发送:68 AA AA AA AA AA AA 68 11 04 36 43 38 37 C9 16
10-03-30 08:53:32>接收：68 FF FF FF FF FF FF 68 91 05 36 43 38 37 35 7D 16
10-03-30 08:53:32>解析：地址:FF FF FF FF FF FF 控制码:91 长度:05 数据标识:04 05 10 03 数据:02
10-03-30 08:53:36>发送:68 AA AA AA AA AA AA 68 11 04 39 36 33 37 BA 16
10-03-30 08:53:37>接收：68 FF FF FF FF FF FF 68 91 07 39 36 33 37 33 33 33 D4 16
10-03-30 08:53:37>解析：地址:FF FF FF FF FF FF 控制码:91 长度:07 数据标识:04 00 03 06 数据:00 00 00
10-03-30 08:53:42>发送:68 AA AA AA AA AA AA 68 11 04 3A 36 33 37 BB 16
10-03-30 08:53:42>接收：68 FF FF FF FF FF FF 68 91 07 3A 36 33 37 33 33 33 D5 16
10-03-30 08:53:42>解析：地址:FF FF FF FF FF FF 控制码:91 长度:07 数据标识:04 00 03 07 数据:00 00 00
10-03-30 08:53:45>发送:68 AA AA AA AA AA AA 68 11 04 34 42 33 37 C1 16
10-03-30 08:53:46>接收：68 FF FF FF FF FF FF 68 D1 01 35 D1 16
10-03-30 08:53:46>解析：地址:FF FF FF FF FF FF 控制码:D1 长度:01 数据标识: 数据:02
10-03-30 08:55:37>发送:68 AA AA AA AA AA AA 68 11 04 3B 34 33 37 BA 16
10-03-30 08:55:37>接收：68 FF FF FF FF FF FF 68 91 09 3B 34 33 37 33 33 33 33 33 3C 16
10-03-30 08:55:37>解析：地址:FF FF FF FF FF FF 控制码:91 长度:09 数据标识:04 00 01 08 数据:00 00 00 00 00
10-03-30 08:55:41>发送:68 AA AA AA AA AA AA 68 11 04 34 34 38 37 B8 16
10-03-30 08:55:41>接收：68 FF FF FF FF FF FF 68 91 08 34 34 38 37 33 33 33 33 06 16
10-03-30 08:55:41>解析：地址:FF FF FF FF FF FF 控制码:91 长度:08 数据标识:04 05 01 01 数据:00 00 00 00
10-03-30 08:55:50>发送:68 AA AA AA AA AA AA 68 11 04 35 34 38 37 B9 16
10-03-30 08:55:50>接收：68 FF FF FF FF FF FF 68 91 08 35 34 38 37 33 33 33 33 07 16
10-03-30 08:55:50>解析：地址:FF FF FF FF FF FF 控制码:91 长度:08 数据标识:04 05 01 02 数据:00 00 00 00
10-03-30 08:55:58>发送:68 AA AA AA AA AA AA 68 11 04 3B 35 38 37 C0 16
10-03-30 08:55:58>接收：68 FF FF FF FF FF FF 68 91 08 3B 35 38 37 33 33 33 33 0E 16
10-03-30 08:55:58>解析：地址:FF FF FF FF FF FF 控制码:91 长度:08 数据标识:04 05 02 08 数据:00 00 00 00
10-03-30 08:56:36>发送:68 AA AA AA AA AA AA 68 11 04 34 46 38 37 CA 16
10-03-30 08:56:36>接收：68 FF FF FF FF FF FF 68 D1 01 35 D1 16
10-03-30 08:56:36>解析：地址:FF FF FF FF FF FF 控制码:D1 长度:01 数据标识: 数据:02
10-03-30 08:56:53>发送:68 AA AA AA AA AA AA 68 11 04 34 33 39 37 B8 16
10-03-30 08:56:54>接收：68 FF FF FF FF FF FF 68 91 08 34 33 39 37 33 33 33 33 06 16
10-03-30 08:56:54>解析：地址:FF FF FF FF FF FF 控制码:91 长度:08 数据标识:04 06 00 01 数据:00 00 00 00
10-03-30 08:56:58>发送:68 AA AA AA AA AA AA 68 11 04 3C 34 33 37 BB 16
10-03-30 08:56:59>接收：68 FF FF FF FF FF FF 68 91 09 3C 34 33 37 33 33 33 33 33 3D 16
10-03-30 08:56:59>解析：地址:FF FF FF FF FF FF 控制码:91 长度:09 数据标识:04 00 01 09 数据:00 00 00 00 00
10-03-30 08:59:09>发送:68 AA AA AA AA AA AA 68 11 04 34 34 39 37 B9 16
10-03-30 08:59:09>接收：68 FF FF FF FF FF FF 68 91 08 34 34 39 37 33 33 33 33 07 16
10-03-30 08:59:09>解析：地址:FF FF FF FF FF FF 控制码:91 长度:08 数据标识:04 06 01 01 数据:00 00 00 00
10-03-30 08:59:17>发送:68 AA AA AA AA AA AA 68 11 04 36 43 38 37 C9 16
10-03-30 08:59:18>接收：68 FF FF FF FF FF FF 68 91 05 36 43 38 37 35 7D 16
10-03-30 08:59:18>解析：地址:FF FF FF FF FF FF 控制码:91 长度:05 数据标识:04 05 10 03 数据:02
10-03-30 09:00:05>发送:68 AA AA AA AA AA AA 68 11 04 34 42 33 37 C1 16
10-03-30 09:00:06>接收：68 FF FF FF FF FF FF 68 D1 01 35 D1 16
10-03-30 09:00:06>解析：地址:FF FF FF FF FF FF 控制码:D1 长度:01 数据标识: 数据:02
10-03-30 09:01:22>发送:68 AA AA AA AA AA AA 68 11 04 35 42 33 37 C2 16
10-03-30 09:01:23>接收：68 FF FF FF FF FF FF 68 D1 01 35 D1 16
10-03-30 09:01:23>解析：地址:FF FF FF FF FF FF 控制码:D1 长度:01 数据标识: 数据:02
10-03-30 09:01:28>发送:68 AA AA AA AA AA AA 68 11 04 34 42 33 37 C1 16
10-03-30 09:01:28>接收：68 FF FF FF FF FF FF 68 D1 01 35 D1 16
10-03-30 09:01:28>解析：地址:FF FF FF FF FF FF 控制码:D1 长度:01 数据标识: 数据:02
10-03-30 09:01:32>发送:68 AA AA AA AA AA AA 68 11 04 36 42 33 37 C3 16
10-03-30 09:01:33>接收：68 FF FF FF FF FF FF 68 D1 01 35 D1 16
10-03-30 09:01:33>解析：地址:FF FF FF FF FF FF 控制码:D1 长度:01 数据标识: 数据:02
10-03-30 09:01:43>发送:68 AA AA AA AA AA AA 68 11 04 63 36 38 37 E9 16
10-03-30 09:01:44>接收：68 FF FF FF FF FF FF 68 D1 01 35 D1 16
10-03-30 09:01:44>解析：地址:FF FF FF FF FF FF 控制码:D1 长度:01 数据标识: 数据:02
10-03-30 09:01:58>发送:68 AA AA AA AA AA AA 68 11 04 33 34 C3 33 3E 16
10-03-30 09:01:59>接收：68 FF FF FF FF FF FF 68 D1 01 35 D1 16
10-03-30 09:01:59>解析：地址:FF FF FF FF FF FF 控制码:D1 长度:01 数据标识: 数据:02
10-03-30 09:06:25>发送:68 AA AA AA AA AA AA 68 11 04 33 3A 63 36 E7 16
10-03-30 09:06:25>接收：68 FF FF FF FF FF FF 68 D1 01 35 D1 16
10-03-30 09:06:25>解析：地址:FF FF FF FF FF FF 控制码:D1 长度:01 数据标识: 数据:02
10-03-30 09:07:19>发送:68 AA AA AA AA AA AA 68 11 04 33 3B 63 36 E8 16
10-03-30 09:07:19>接收：68 FF FF FF FF FF FF 68 D1 01 35 D1 16
10-03-30 09:07:19>解析：地址:FF FF FF FF FF FF 控制码:D1 长度:01 数据标识: 数据:02
10-03-30 09:09:20>发送:68 AA AA AA AA AA AA 68 11 04 33 3C 63 36 E9 16
10-03-30 09:09:20>接收：68 FF FF FF FF FF FF 68 D1 01 35 D1 16
10-03-30 09:09:20>解析：地址:FF FF FF FF FF FF 控制码:D1 长度:01 数据标识: 数据:02
10-03-30 09:09:50>发送:68 AA AA AA AA AA AA 68 11 04 34 34 65 36 E4 16
10-03-30 09:09:51>接收：68 FF FF FF FF FF FF 68 D1 01 35 D1 16
10-03-30 09:09:51>解析：地址:FF FF FF FF FF FF 控制码:D1 长度:01 数据标识: 数据:02
10-03-30 09:11:17>发送:68 AA AA AA AA AA AA 68 11 04 34 35 65 36 E5 16
10-03-30 09:11:18>接收：68 FF FF FF FF FF FF 68 D1 01 35 D1 16
10-03-30 09:11:18>解析：地址:FF FF FF FF FF FF 控制码:D1 长度:01 数据标识: 数据:02
10-03-30 09:11:52>发送:68 AA AA AA AA AA AA 68 11 04 33 33 0E 36 8B 16
10-03-30 09:11:52>接收：68 FF FF FF FF FF FF 68 D1 01 35 D1 16
10-03-30 09:11:52>解析：地址:FF FF FF FF FF FF 控制码:D1 长度:01 数据标识: 数据:02
10-03-30 09:11:56>发送:68 AA AA AA AA AA AA 68 11 04 34 33 0E 36 8C 16
10-03-30 09:11:56>接收：68 FF FF FF FF FF FF 68 D1 01 35 D1 16
10-03-30 09:11:56>解析：地址:FF FF FF FF FF FF 控制码:D1 长度:01 数据标识: 数据:02
10-03-30 09:13:27>发送:68 AA AA AA AA AA AA 68 11 04 34 34 66 36 E5 16
10-03-30 09:13:27>接收：68 FF FF FF FF FF FF 68 91 09 34 34 66 36 33 33 33 33 33 67 16
10-03-30 09:13:27>解析：地址:FF FF FF FF FF FF 控制码:91 长度:09 数据标识:03 33 01 01 数据:00 00 00 00 00
10-03-30 09:16:53>发送:68 AA AA AA AA AA AA 68 11 04 34 34 65 36 E4 16
10-03-30 09:16:54>接收：68 FF FF FF FF FF FF 68 D1 01 35 D1 16
10-03-30 09:16:54>解析：地址:FF FF FF FF FF FF 控制码:D1 长度:01 数据标识: 数据:02
10-03-30 09:17:05>发送:68 AA AA AA AA AA AA 68 11 04 34 34 66 36 E5 16
10-03-30 09:17:05>接收：68 FF FF FF FF FF FF 68 91 09 34 34 66 36 33 33 33 33 33 67 16
10-03-30 09:17:05>解析：地址:FF FF FF FF FF FF 控制码:91 长度:09 数据标识:03 33 01 01 数据:00 00 00 00 00
10-03-30 10:49:51>接收：FF 00 03
10-03-30 10:50:20>接收：03
10-03-30 10:52:43>发送:68 AA AA AA AA AA AA 68 13 00 DF 16
10-03-30 10:52:43>接收：C9 D5 D5 D5 D5 D5 D5 49 E7 41 3A
10-03-30 10:52:49>接收：00 02 00
10-03-30 10:53:02>接收：00 00 00 00 80
10-03-30 10:53:14>发送:68 AA AA AA AA AA AA 68 13 00 DF 16
10-03-30 10:53:14>接收：68 11 11 11 11 11 11 68 93 06 44 44 44 44 44 44 67 16
10-03-30 10:53:14>解析：地址:11 11 11 11 11 11 控制码:93 长度:06 数据标识: 数据:11 11 11 11 11 11
10-03-30 10:53:58>发送:68 11 11 11 11 11 11 68 14 0D 38 35 33 37 37 44 44 44 33 33 33 33 34 31 16
10-03-30 10:53:59>接收：68 11 11 11 11 11 11 68 D4 01 37 42 16
10-03-30 10:53:59>解析：地址:11 11 11 11 11 11 控制码:D4 长度:01 数据标识: 数据:04
10-03-30 11:02:26>发送:68 11 11 11 11 11 11 68 14 0D 38 35 33 37 37 44 44 44 33 33 33 33 34 31 16
10-03-30 11:06:43>接收：68 11 11 11 11 11 11 68 D4 01 37 42 16
10-03-30 11:06:43>解析：地址:11 11 11 11 11 11 控制码:D4 长度:01 数据标识: 数据:04
10-03-30 11:07:00>发送:68 11 11 11 11 11 11 68 14 0D 38 35 33 37 37 44 44 44 33 33 33 33 34 31 16
10-03-30 11:12:51>发送:68 11 11 11 11 11 11 68 14 0D 38 35 33 37 37 44 44 44 33 33 33 33 34 31 16
10-03-30 11:22:25>接收：68 11 11 11 11 11 11 68 D4 01 37 42 16
10-03-30 11:22:25>解析：地址:11 11 11 11 11 11 控制码:D4 长度:01 数据标识: 数据:04
10-03-30 11:22:35>发送:68 11 11 11 11 11 11 68 14 0D 38 35 33 37 37 44 44 44 33 33 33 33 34 31 16
10-03-30 11:32:02>发送:68 11 11 11 11 11 11 68 14 0D 38 35 33 37 37 44 44 44 33 33 33 33 34 31 16
10-03-30 11:36:16>接收：68 11 11 11 11 11 11 68 94 00 CA 16
10-03-30 11:36:16>解析：地址:11 11 11 11 11 11 控制码:94 长度:00 数据标识: 数据:
10-03-30 11:40:40>发送:68 11 11 11 11 11 11 68 14 0D 38 35 33 37 37 44 44 44 33 33 33 33 34 31 16
10-03-30 11:40:47>接收：68 11 11 11 11 11 11 68 94 00 CA 16
10-03-30 11:40:47>解析：地址:11 11 11 11 11 11 控制码:94 长度:00 数据标识: 数据:
10-03-30 11:41:39>接收：60 01 00 EC FF
10-03-30 11:41:39>接收：BB F8 08 FF ED
10-03-30 11:41:40>接收：06 00 84 00 00 00 04 00 8B 02 FC 00 E0 DF DA 98 87 FF 00 FF 00 FF 21 BF 18 0A B4
10-03-30 11:41:40>接收：04 00 02 0C 01
10-03-30 11:41:41>接收：00 F0 02 FF 30
10-03-30 11:41:41>接收：05 00 00
10-03-30 11:41:42>接收：00 A0 F8 00 E0 00 D8 F0 78 75 00 63 EF 00 00 00 00 00 00 F6 00 12 FF 05 7E FC FF FE DF EE FF FF 7F 39 00 F0 7F 00 00 FE FC 00 00 E1 EF 1F 7F 00 A0 F5 F9 ED 00
10-03-30 11:41:42>接收：00
10-03-30 11:41:42>接收：C0
10-03-30 11:41:42>接收：00 00
10-03-30 11:41:43>接收：00
10-03-30 11:41:43>接收：FF 00 C0 00 00 00 F8 00 00
10-03-30 11:41:43>接收：00
10-03-30 11:41:43>接收：00 00 F0 CF EF 7D EF 9C 87
10-03-30 11:41:44>接收：10 00 F8
10-03-30 11:41:46>接收：00 E0 00 00 88 80 00
10-03-30 11:41:46>接收：00 00 00 00
10-03-30 11:41:46>接收：00
10-03-30 11:41:52>接收：67 FF
10-03-30 11:41:53>接收：00
10-03-30 11:41:53>接收：73 8C 0E F0 F8
10-03-30 11:41:54>接收：08 9A 00 00 40 61 80 00 B7 03 89 D2 01 00 11 00
10-03-30 11:42:13>接收：00
10-03-30 11:42:13>接收：00
10-03-30 11:42:13>接收：FF 88 E7 FC 00 00 00 FF 00 06 00
10-03-30 11:42:14>接收：00 FC 00 00 04 00 F0 00 00 FE 00 00 FF 00 00 FF 3D 01 FE 00 00 00 00 00 82 0F E0 32 FF 1F 0F EC FB 65 FF 00 FC FC 78 00 0E 00 00 F8 00 00 00 30 00
10-03-30 11:42:14>接收：00 00 00
10-03-30 11:42:44>接收：00
10-03-30 11:42:46>接收：00
10-03-30 11:42:46>接收：00
10-03-30 11:42:47>接收：00 F0 F8
10-03-30 11:42:48>接收：00
10-03-30 11:42:49>接收：00
10-03-30 11:42:49>接收：00
10-03-30 11:42:51>接收：00 00
10-03-30 11:42:51>接收：17 10 FE FE D8 0E F0 F0 00
10-03-30 11:42:51>接收：00 00 00
10-03-30 11:42:52>接收：00 5F 1F 00 C2 00 00 1A 80 E0 D9 E0 FC 00 00 00 FE 00
10-03-30 11:42:52>接收：FC 00 FC FF 00 C0 00 00 00
10-03-30 11:42:52>接收：00
10-03-30 11:42:53>接收：7F E0 DF 6F 7F DE BD 30 00 60 6F 00
10-03-30 11:43:07>接收：E3 01 9C 00 01 8C 00 00 00 17 00 00 FE 08 00 00 F0 00 09 7E 80 FF 00 FE
10-03-30 11:43:07>接收：0C 0F 42 01 63 FE
10-03-30 11:43:29>发送:68 11 11 11 11 11 11 68 14 0D 38 35 33 37 37 44 44 44 33 33 33 33 33 30 16
10-03-30 11:43:29>接收：68 11 11 11 11 11 11 68 94 00 CA 16
10-03-30 11:43:29>解析：地址:11 11 11 11 11 11 控制码:94 长度:00 数据标识: 数据:
10-03-30 11:43:41>接收：0C E7 83 03 00 00 02 E7 91 35 BD A4 F2 B6 00 40 20 76 88 10 00 1E 7C 0E 08 87 8A FD
10-03-30 11:43:42>接收：7F 7F 19 FB 03 DC FC 12 04 76 01 FC
10-03-30 11:43:43>接收：00 00 00 84 04 00
10-03-30 11:43:43>接收：23 FE 00 90 2B
10-03-30 11:43:48>接收：FF ED FF
10-03-30 11:43:48>接收：FF FF 78 D0 FA FF EF 5B FF
10-03-30 14:32:09>接收：A1 3A C2
10-03-30 14:58:27>接收：7F 01 01 10 00 00 00 00 50 00 C4
10-03-30 14:58:27>接收：FF FF
10-03-30 14:58:27>接收：FF
