10-02-09 08:32:13>接收：00
10-02-09 08:32:13>接收：80 00 FF 00 00 00
10-02-09 08:32:13>接收：FC FF 09 FF FA 3C FF 1C FF FE D9 FD FF FE FF 06 00 7F 10 FF BC FF 7C 00 FF FF A0 0E 0E FF FD FF
10-02-09 08:32:13>接收：FE F8 FC FC FF FF FF FF 8B FE 00 1C 07 BC FF BD EB 0F
10-02-09 08:32:13>接收：FF 00 F3 63 FA DF FE FC F8 FE
10-02-09 08:32:14>接收：E0 08 02 C4 95 C9 0F 9C 00 5F 58 1E D6 0E FD FF FF FA FE FF 80 80 EF FF 9E FF 67 03 2D BF FC 16 3F FE FB 7F FA FF FF 0B 00 16 01 FF FF 3B F7 9F DC FF FF FF FF FF FC FF FF FF BF FF 7B FE DF DD 7F F7 F4 FF FF FF FF FF F9 8F BF FE CD FF FF FB 06 FA BF FD FE FC FD 87 FA E0 C6 FF C4 FF FE F4 F7 FF
10-02-09 08:32:14>接收：6C E3 F3 1F FF 00 00 80 FF F0 F0
10-02-09 08:32:14>接收：EF FF 00 00 70 FF 00 00 FF FF BB
10-02-09 08:32:15>接收：10 8E 00 00 00 10 00 00 00 FC 80 FF 00 00 00 00 00 C0 00
10-02-09 08:32:16>接收：FE 00
10-02-09 08:32:16>接收：FE 00
10-02-09 08:32:16>接收：00 00 00
10-02-09 08:32:17>接收：00 E0 70 38 00 7D FF 00 00 FF 00 00
10-02-09 08:32:17>接收：00 00 80
10-02-09 08:32:17>接收：FF 00 F8 00
10-02-09 08:32:18>接收：C0 00 8D 0E 00 01 F8 80 00 80 00 00
10-02-09 08:32:18>接收：00 00
10-02-09 08:32:19>接收：00 FF 00 00 00 FF FF 38 E0 FE 00
10-02-09 08:32:19>接收：FF 00 FF 01 12 FF FE C3 FE C0 C0 00 00 80 FD FF 00 F8 FE 00 E0 00 00 00 8C C0 F8 FF BC 0F FF FC FD FC FE
10-02-09 08:32:20>接收：F9 C0 FC FC F8 00 E0 00 00 3E 00 00 00 00 FF F0
10-02-09 08:32:21>接收：F0 EF 80
10-02-09 08:32:21>接收：00 00 FC FF F8 02 00 7C 82 94 FC F3 00 01 FE 9F 7F FF FE
10-02-09 08:32:22>接收：FF FF FF
10-02-09 08:32:22>接收：FF FE F4 00 18 98 00 37 FE FF 07 FF 0F FE FB FF FE BF E6 FD 23 30 FF F8 00 F0
10-02-09 08:32:22>接收：00
10-02-09 08:32:23>接收：00 C0 00 C0 00
10-02-09 08:32:23>接收：0C DF FF BF 00 FF FF
10-02-09 08:32:23>接收：00 00 00 00 E0 00 00 00 03 E0 FF FF FF 00
10-02-09 08:32:24>接收：FF 58 FE FF
10-02-09 08:32:25>接收：FE
10-02-09 08:32:25>接收：FE FC FF
10-02-09 08:32:26>接收：C0 7F B7 C0 F7 10
10-02-09 08:32:26>接收：FF 09 05 00 78 00 0E C0 00
10-02-09 08:32:27>接收：00 00
10-02-09 08:32:27>接收：C0 80 00 00 3E 00 FE 00 FC 00 01 E0 80
10-02-09 08:32:28>接收：C0 00 BB 00 FE
10-02-09 08:32:29>接收：E0 00
10-02-09 08:32:30>接收：00 00 00 00
10-02-09 08:32:30>接收：FC 80 FB F8 60 F0
10-02-09 08:32:30>接收：00 FC 00 00 FE E0 F0 00 FF FF CF F7
10-02-09 08:32:30>接收：FE
10-02-09 08:32:31>接收：00
10-02-09 08:32:32>接收：00
10-02-09 08:32:32>接收：04
10-02-09 08:32:32>接收：00
10-02-09 08:32:33>接收：00
10-02-09 08:32:35>接收：F0 00
10-02-09 08:32:36>接收：FF
10-02-09 08:32:36>接收：F8
10-02-09 08:32:37>接收：00 01
10-02-09 08:32:37>接收：FD 00 00 FF FF FF
10-02-09 08:33:06>接收：00 FB
10-02-09 08:33:17>接收：FF 00 FF FF FF
10-02-09 08:33:31>接收：00 FE 03
10-02-09 08:33:32>接收：BF FF 00
10-02-09 08:33:35>接收：FF 00 FF FC F0 FF FE F0 F6 FE 00 FF 00
10-02-09 08:33:36>发送:68 01 00 00 00 00 00 68 11 04 33 33 34 33 B3 16
10-02-09 08:33:36>接收：49 FE FF FF FF FF 2F F7 9F 2E EE 26 2E 62 07
10-02-09 08:33:40>接收：F8 EF 02 F0 00
10-02-09 08:33:42>接收：00 FF E2 FD 7F 7B BF 40 F0 07 28 F8 22 D0 27 2B F7 F5 0C 1B B0 F0 FF CF FF
10-02-09 08:34:09>发送:68 01 00 00 00 00 00 68 11 04 33 33 34 33 B3 16
10-02-09 08:34:16>发送:68 01 00 00 00 00 00 68 11 04 33 33 34 33 B3 16
10-02-09 08:34:20>接收：68 01 00 00 00 00 00 68 91 08 33 33 34 33 37 33 33 33 07 16
10-02-09 08:34:20>解析：地址:00 00 00 00 00 01 控制码:91 长度:08 数据标识:00 01 00 00 数据:00 00 00 04
10-02-09 08:34:24>发送:68 01 00 00 00 00 00 68 11 04 33 33 34 33 B3 16
10-02-09 08:34:24>接收：68 01 00 00 00 00 00 68 91 08 33 33 34 33 37 33 33 33 07 16
10-02-09 08:34:24>解析：地址:00 00 00 00 00 01 控制码:91 长度:08 数据标识:00 01 00 00 数据:00 00 00 04
10-02-09 08:34:25>发送:68 01 00 00 00 00 00 68 11 04 33 33 34 33 B3 16
10-02-09 08:34:25>接收：68 01 00 00 00 00 00 68 91 08 33 33 34 33 37 33 33 33 07 16
10-02-09 08:34:25>解析：地址:00 00 00 00 00 01 控制码:91 长度:08 数据标识:00 01 00 00 数据:00 00 00 04
10-02-09 08:34:31>发送:68 01 00 00 00 00 00 68 1C 10 35 33 33 33 33 33 33 33 4D 33 63 69 3B 3C 35 43 D2 16
10-02-09 08:34:31>接收：68 01 00 00 00 00 00 68 DC 01 34 E2 16
10-02-09 08:34:31>解析：地址:00 00 00 00 00 01 控制码:DC 长度:01 数据标识: 数据:01
10-02-09 08:39:23>发送:68 01 00 00 00 00 00 68 11 04 35 34 33 37 B9 16
10-02-09 08:39:24>接收：68 01 00 00 00 00 00 68 91 07 35 34 33 37 67 45 4A 32 16
10-02-09 08:39:24>解析：地址:00 00 00 00 00 01 控制码:91 长度:07 数据标识:04 00 01 02 数据:17 12 34
10-02-09 08:40:15>发送:68 01 00 00 00 00 00 68 11 04 35 34 33 37 B9 16
10-02-09 08:40:15>接收：68 01 00 00 00 00 00 68 91 07 35 34 33 37 58 46 4A 24 16
10-02-09 08:40:15>解析：地址:00 00 00 00 00 01 控制码:91 长度:07 数据标识:04 00 01 02 数据:17 13 25
10-02-09 08:40:25>发送:68 01 00 00 00 00 00 68 11 04 34 34 33 37 B8 16
10-02-09 08:40:25>接收：68 01 00 00 00 00 00 68 91 08 34 34 33 37 38 34 34 43 1F 16
10-02-09 08:40:25>解析：地址:00 00 00 00 00 01 控制码:91 长度:08 数据标识:04 00 01 01 数据:10 01 01 05
10-02-09 08:41:08>发送:68 01 00 00 00 00 00 68 14 0F 34 34 33 37 37 33 33 33 33 33 33 33 3C 35 43 16 16
10-02-09 08:41:09>接收：68 01 00 00 00 00 00 68 D4 01 35 DB 16
10-02-09 08:41:09>解析：地址:00 00 00 00 00 01 控制码:D4 长度:01 数据标识: 数据:02
10-02-09 08:41:32>发送:68 01 00 00 00 00 00 68 14 0F 35 34 33 37 37 33 33 33 33 33 33 33 3C 35 43 17 16
10-02-09 08:41:32>接收：68 01 00 00 00 00 00 68 D4 01 35 DB 16
10-02-09 08:41:32>解析：地址:00 00 00 00 00 01 控制码:D4 长度:01 数据标识: 数据:02
10-02-09 08:46:04>发送:68 01 00 00 00 00 00 68 11 04 34 34 33 37 B8 16
10-02-09 08:46:04>接收：68 01 00 00 00 00 00 68 91 08 34 34 33 37 38 34 34 43 1F 16
10-02-09 08:46:04>解析：地址:00 00 00 00 00 01 控制码:91 长度:08 数据标识:04 00 01 01 数据:10 01 01 05
10-02-09 08:46:11>发送:68 01 00 00 00 00 00 68 11 04 35 34 33 37 B9 16
10-02-09 08:46:11>接收：68 01 00 00 00 00 00 68 91 07 35 34 33 37 54 4C 4A 26 16
10-02-09 08:46:11>解析：地址:00 00 00 00 00 01 控制码:91 长度:07 数据标识:04 00 01 02 数据:17 19 21
10-02-09 08:46:36>发送:68 01 00 00 00 00 00 68 11 04 35 34 33 37 B9 16
10-02-09 08:46:37>接收：68 01 00 00 00 00 00 68 91 07 35 34 33 37 7A 4C 4A 4C 16
10-02-09 08:46:37>解析：地址:00 00 00 00 00 01 控制码:91 长度:07 数据标识:04 00 01 02 数据:17 19 47
10-02-09 10:47:35>发送:68 01 00 00 00 00 00 68 11 04 33 33 34 33 B3 16
10-02-09 10:47:36>接收：68 01 00 00 00 00 00 68 91 08 33 33 34 33 37 33 33 33 07 16
10-02-09 10:47:36>解析：地址:00 00 00 00 00 01 控制码:91 长度:08 数据标识:00 01 00 00 数据:00 00 00 04
10-02-09 10:47:37>发送:68 01 00 00 00 00 00 68 11 04 33 33 34 33 B3 16
10-02-09 10:47:37>接收：68 01 00 00 00 00 00 68 91 08 33 33 34 33 37 33 33 33 07 16
10-02-09 10:47:37>解析：地址:00 00 00 00 00 01 控制码:91 长度:08 数据标识:00 01 00 00 数据:00 00 00 04
10-02-09 10:48:15>发送:68 01 00 00 00 00 00 68 14 10 34 34 33 37 37 33 33 33 33 33 33 33 36 3C 35 43 4D 16
10-02-09 10:48:15>接收：68 01 00 00 00 00 00 68 D4 01 35 DB 16
10-02-09 10:48:15>解析：地址:00 00 00 00 00 01 控制码:D4 长度:01 数据标识: 数据:02
10-02-09 10:48:28>发送:68 01 00 00 00 00 00 68 14 10 34 34 33 37 37 33 33 33 33 33 33 33 36 3C 35 43 4D 16
10-02-09 11:05:10>发送:68 01 00 00 00 00 00 68 14 10 34 34 33 37 37 33 33 33 33 33 33 33 35 3C 35 43 4C 16
10-02-09 11:05:18>发送:68 01 00 00 00 00 00 68 14 10 34 34 33 37 37 33 33 33 33 33 33 33 35 3C 35 43 4C 16
10-02-09 11:05:24>接收：68 01 00 00 00 00 00 68 D4 01 37 DD 16
10-02-09 11:05:24>解析：地址:00 00 00 00 00 01 控制码:D4 长度:01 数据标识: 数据:04
10-02-09 11:05:30>发送:68 01 00 00 00 00 00 68 14 10 34 34 33 37 37 33 33 33 33 33 33 33 35 3C 35 43 4C 16
10-02-09 11:05:31>接收：68 01 00 00 00 00 00 68 D4 01 37 DD 16
10-02-09 11:05:31>解析：地址:00 00 00 00 00 01 控制码:D4 长度:01 数据标识: 数据:04
10-02-09 11:05:38>发送:68 01 00 00 00 00 00 68 14 10 34 34 33 37 37 33 33 33 33 33 33 33 35 3C 35 43 4C 16
10-02-09 11:05:38>接收：68 01 00 00 00 00 00 68 D4 01 37 DD 16
10-02-09 11:05:38>解析：地址:00 00 00 00 00 01 控制码:D4 长度:01 数据标识: 数据:04
10-02-09 11:06:21>发送:68 01 00 00 00 00 00 68 14 10 34 34 33 37 37 33 33 33 33 33 33 33 35 3C 35 43 4C 16
10-02-09 11:13:28>接收：68 01 00 00 00 00 00 68 D4 01 37 DD 16
10-02-09 11:13:28>解析：地址:00 00 00 00 00 01 控制码:D4 长度:01 数据标识: 数据:04
10-02-09 11:13:31>发送:68 01 00 00 00 00 00 68 14 10 34 34 33 37 37 33 33 33 33 33 33 33 35 3C 35 43 4C 16
10-02-09 11:22:24>发送:68 01 00 00 00 00 00 68 14 10 34 34 33 37 37 33 33 33 33 33 33 33 35 3C 35 43 4C 16
10-02-09 11:22:36>发送:68 01 00 00 00 00 00 68 14 10 34 34 33 37 37 33 33 33 33 33 33 33 35 3C 35 43 4C 16
10-02-09 11:22:43>发送:68 01 00 00 00 00 00 68 14 10 34 34 33 37 37 33 33 33 33 33 33 33 35 3C 35 43 4C 16
10-02-09 11:24:33>发送:68 01 00 00 00 00 00 68 14 10 34 34 33 37 37 33 33 33 33 33 33 33 35 3C 35 43 4C 16
10-02-09 11:25:19>发送:68 AA AA AA AA AA AA 68 15 06 34 33 33 33 33 33 1A 16
10-02-09 11:25:28>接收：68 01 00 00 00 00 00 68 95 00 66 16
10-02-09 11:25:28>解析：地址:00 00 00 00 00 01 控制码:95 长度:00 数据标识: 数据:
10-02-09 11:25:46>发送:68 AA AA AA AA AA AA 68 13 00 DF 16
10-02-09 11:25:51>接收：68 01 00 00 00 00 00 68 93 06 34 33 33 33 33 33 9D 16
10-02-09 11:25:51>解析：地址:00 00 00 00 00 01 控制码:93 长度:06 数据标识: 数据:01 00 00 00 00 00
10-02-09 11:26:14>发送:68 01 00 00 00 00 00 68 14 10 34 34 33 37 37 33 33 33 33 33 33 33 35 3C 35 43 4C 16
10-02-09 11:29:00>接收：68 01 00 00 00 00 00 68 94 00 65 16
10-02-09 11:29:00>解析：地址:00 00 00 00 00 01 控制码:94 长度:00 数据标识: 数据:
10-02-09 11:29:08>发送:68 01 00 00 00 00 00 68 11 04 34 34 33 37 B8 16
10-02-09 11:29:08>接收：68 01 00 00 00 00 00 68 91 08 34 34 33 37 35 3C 35 43 25 16
10-02-09 11:29:08>解析：地址:00 00 00 00 00 01 控制码:91 长度:08 数据标识:04 00 01 01 数据:10 02 09 02
10-02-09 11:29:54>发送:68 01 00 00 00 00 00 68 14 0F 35 34 33 37 37 33 33 33 33 33 33 33 63 5C 44 66 16
10-02-09 11:29:54>接收：68 01 00 00 00 00 00 68 94 00 65 16
10-02-09 11:29:54>解析：地址:00 00 00 00 00 01 控制码:94 长度:00 数据标识: 数据:
10-02-09 11:30:59>发送:68 01 00 00 00 00 00 68 1C 10 35 33 33 33 33 33 33 33 4D 33 8B 65 44 3C 35 43 FF 16
10-02-09 11:31:00>接收：68 01 00 00 00 00 00 68 9C 00 6D 16
10-02-09 11:31:00>解析：地址:00 00 00 00 00 01 控制码:9C 长度:00 数据标识: 数据:
10-02-09 11:32:15>发送:68 99 99 99 99 99 99 68 08 06 7B 63 44 3C 35 43 4A 16
10-02-09 11:32:25>发送:68 99 99 99 99 99 99 68 08 06 7B 58 44 3C 35 43 3F 16
10-02-09 11:32:31>发送:68 99 99 99 99 99 99 68 08 06 7B 59 44 3C 35 43 40 16
10-02-09 11:32:36>发送:68 99 99 99 99 99 99 68 08 06 7B 59 44 3C 35 43 40 16
10-02-09 11:32:37>发送:68 99 99 99 99 99 99 68 08 06 7B 59 44 3C 35 43 40 16
10-02-09 11:32:50>发送:68 99 99 99 99 99 99 68 08 06 7B 59 44 3C 35 43 40 16
10-02-09 11:32:57>发送:68 99 99 99 99 99 99 68 08 06 7B 63 44 3C 35 43 4A 16
10-02-09 11:33:03>发送:68 99 99 99 99 99 99 68 08 06 7B 5B 44 3C 35 43 42 16
10-02-09 11:33:10>发送:68 99 99 99 99 99 99 68 08 06 7B 58 44 3C 35 43 3F 16
10-02-09 11:33:16>发送:68 99 99 99 99 99 99 68 08 06 7B 53 44 3C 35 43 3A 16
10-02-09 11:33:20>发送:68 99 99 99 99 99 99 68 08 06 7B 54 44 3C 35 43 3B 16
10-02-09 11:33:43>发送:68 99 99 99 99 99 99 68 08 06 7B 5A 44 3C 35 43 41 16
10-02-09 11:33:51>发送:68 99 99 99 99 99 99 68 08 06 7B 63 44 3C 35 43 4A 16
10-02-09 11:33:56>发送:68 99 99 99 99 99 99 68 08 06 7B 69 44 3C 35 43 50 16
10-02-09 11:34:20>发送:68 99 99 99 99 99 99 68 08 06 7B 69 44 3C 35 43 50 16
10-02-09 11:34:22>发送:68 99 99 99 99 99 99 68 08 06 7B 69 44 3C 35 43 50 16
10-02-09 11:34:23>发送:68 99 99 99 99 99 99 68 08 06 7B 69 44 3C 35 43 50 16
10-02-09 11:34:24>发送:68 99 99 99 99 99 99 68 08 06 7B 69 44 3C 35 43 50 16
10-02-09 11:34:25>发送:68 99 99 99 99 99 99 68 08 06 7B 69 44 3C 35 43 50 16
10-02-09 11:34:27>发送:68 99 99 99 99 99 99 68 08 06 7B 69 44 3C 35 43 50 16
10-02-09 11:34:28>发送:68 99 99 99 99 99 99 68 08 06 7B 69 44 3C 35 43 50 16
10-02-09 11:34:29>发送:68 99 99 99 99 99 99 68 08 06 7B 69 44 3C 35 43 50 16
10-02-09 11:34:29>发送:68 99 99 99 99 99 99 68 08 06 7B 69 44 3C 35 43 50 16
10-02-09 11:34:30>发送:68 99 99 99 99 99 99 68 08 06 7B 69 44 3C 35 43 50 16
10-02-09 11:34:31>发送:68 99 99 99 99 99 99 68 08 06 7B 69 44 3C 35 43 50 16
10-02-09 11:34:32>发送:68 99 99 99 99 99 99 68 08 06 7B 69 44 3C 35 43 50 16
10-02-09 11:34:32>发送:68 99 99 99 99 99 99 68 08 06 7B 69 44 3C 35 43 50 16
10-02-09 11:34:33>发送:68 99 99 99 99 99 99 68 08 06 7B 69 44 3C 35 43 50 16
10-02-09 11:34:34>发送:68 99 99 99 99 99 99 68 08 06 7B 69 44 3C 35 43 50 16
10-02-09 11:34:34>发送:68 99 99 99 99 99 99 68 08 06 7B 69 44 3C 35 43 50 16
10-02-09 11:34:35>发送:68 99 99 99 99 99 99 68 08 06 7B 69 44 3C 35 43 50 16
10-02-09 11:34:35>发送:68 99 99 99 99 99 99 68 08 06 7B 69 44 3C 35 43 50 16
10-02-09 11:34:36>发送:68 99 99 99 99 99 99 68 08 06 7B 69 44 3C 35 43 50 16
10-02-09 11:34:36>发送:68 99 99 99 99 99 99 68 08 06 7B 69 44 3C 35 43 50 16
10-02-09 11:34:37>发送:68 99 99 99 99 99 99 68 08 06 7B 69 44 3C 35 43 50 16
10-02-09 11:34:37>发送:68 99 99 99 99 99 99 68 08 06 7B 69 44 3C 35 43 50 16
10-02-09 11:34:38>发送:68 99 99 99 99 99 99 68 08 06 7B 69 44 3C 35 43 50 16
10-02-09 11:34:38>发送:68 99 99 99 99 99 99 68 08 06 7B 69 44 3C 35 43 50 16
10-02-09 11:34:39>发送:68 99 99 99 99 99 99 68 08 06 7B 69 44 3C 35 43 50 16
10-02-09 11:34:39>发送:68 99 99 99 99 99 99 68 08 06 7B 69 44 3C 35 43 50 16
10-02-09 11:34:40>发送:68 99 99 99 99 99 99 68 08 06 7B 69 44 3C 35 43 50 16
10-02-09 11:34:40>发送:68 99 99 99 99 99 99 68 08 06 7B 69 44 3C 35 43 50 16
10-02-09 11:34:41>发送:68 99 99 99 99 99 99 68 08 06 7B 69 44 3C 35 43 50 16
10-02-09 11:34:41>发送:68 99 99 99 99 99 99 68 08 06 7B 69 44 3C 35 43 50 16
10-02-09 11:34:42>发送:68 99 99 99 99 99 99 68 08 06 7B 69 44 3C 35 43 50 16
10-02-09 11:34:42>发送:68 99 99 99 99 99 99 68 08 06 7B 69 44 3C 35 43 50 16
10-02-09 11:34:43>发送:68 99 99 99 99 99 99 68 08 06 7B 69 44 3C 35 43 50 16
10-02-09 11:34:43>发送:68 99 99 99 99 99 99 68 08 06 7B 69 44 3C 35 43 50 16
10-02-09 11:34:43>发送:68 99 99 99 99 99 99 68 08 06 7B 69 44 3C 35 43 50 16
10-02-09 11:34:44>发送:68 99 99 99 99 99 99 68 08 06 7B 69 44 3C 35 43 50 16
10-02-09 11:34:44>发送:68 99 99 99 99 99 99 68 08 06 7B 69 44 3C 35 43 50 16
10-02-09 11:34:44>发送:68 99 99 99 99 99 99 68 08 06 7B 69 44 3C 35 43 50 16
10-02-09 11:34:45>发送:68 99 99 99 99 99 99 68 08 06 7B 69 44 3C 35 43 50 16
10-02-09 11:34:45>发送:68 99 99 99 99 99 99 68 08 06 7B 69 44 3C 35 43 50 16
10-02-09 11:34:46>发送:68 99 99 99 99 99 99 68 08 06 7B 69 44 3C 35 43 50 16
10-02-09 11:34:46>发送:68 99 99 99 99 99 99 68 08 06 7B 69 44 3C 35 43 50 16
10-02-09 11:34:47>发送:68 99 99 99 99 99 99 68 08 06 7B 69 44 3C 35 43 50 16
10-02-09 11:35:00>发送:68 99 99 99 99 99 99 68 08 06 7B 69 44 3C 35 43 50 16
10-02-09 11:35:02>发送:68 99 99 99 99 99 99 68 08 06 7B 69 44 3C 35 43 50 16
10-02-09 11:35:02>发送:68 99 99 99 99 99 99 68 08 06 7B 69 44 3C 35 43 50 16
10-02-09 11:35:03>发送:68 99 99 99 99 99 99 68 08 06 7B 69 44 3C 35 43 50 16
10-02-09 11:35:04>发送:68 99 99 99 99 99 99 68 08 06 7B 69 44 3C 35 43 50 16
10-02-09 11:40:15>发送:68 99 99 99 99 99 99 68 08 06 39 79 44 3C 35 43 1E 16
10-02-09 11:40:26>发送:68 99 99 99 99 99 99 68 08 06 33 74 44 3C 35 43 13 16
10-02-09 11:40:31>发送:68 99 99 99 99 99 99 68 08 06 53 74 44 3C 35 43 33 16
10-02-09 11:40:37>发送:68 99 99 99 99 99 99 68 08 06 66 74 44 3C 35 43 46 16
10-02-09 11:40:38>发送:68 99 99 99 99 99 99 68 08 06 66 74 44 3C 35 43 46 16
10-02-09 11:41:01>发送:68 99 99 99 99 99 99 68 08 06 66 74 44 3C 35 43 46 16
10-02-09 11:41:03>发送:68 99 99 99 99 99 99 68 08 06 66 74 44 3C 35 43 46 16
10-02-09 11:41:03>发送:68 99 99 99 99 99 99 68 08 06 66 74 44 3C 35 43 46 16
10-02-09 11:41:04>发送:68 99 99 99 99 99 99 68 08 06 66 74 44 3C 35 43 46 16
10-02-09 11:41:05>发送:68 99 99 99 99 99 99 68 08 06 66 74 44 3C 35 43 46 16
10-02-09 11:41:07>发送:68 99 99 99 99 99 99 68 08 06 66 74 44 3C 35 43 46 16
10-02-09 11:41:08>发送:68 99 99 99 99 99 99 68 08 06 66 74 44 3C 35 43 46 16
10-02-09 11:41:09>发送:68 99 99 99 99 99 99 68 08 06 66 74 44 3C 35 43 46 16
10-02-09 11:41:10>发送:68 99 99 99 99 99 99 68 08 06 66 74 44 3C 35 43 46 16
10-02-09 11:41:11>发送:68 99 99 99 99 99 99 68 08 06 66 74 44 3C 35 43 46 16
10-02-09 11:41:11>发送:68 99 99 99 99 99 99 68 08 06 66 74 44 3C 35 43 46 16
10-02-09 11:41:12>发送:68 99 99 99 99 99 99 68 08 06 66 74 44 3C 35 43 46 16
10-02-09 11:41:12>发送:68 99 99 99 99 99 99 68 08 06 66 74 44 3C 35 43 46 16
10-02-09 11:41:12>发送:68 99 99 99 99 99 99 68 08 06 66 74 44 3C 35 43 46 16
10-02-09 11:41:12>发送:68 99 99 99 99 99 99 68 08 06 66 74 44 3C 35 43 46 16
10-02-09 11:41:13>发送:68 99 99 99 99 99 99 68 08 06 66 74 44 3C 35 43 46 16
10-02-09 11:41:13>发送:68 99 99 99 99 99 99 68 08 06 66 74 44 3C 35 43 46 16
10-02-09 11:41:13>发送:68 99 99 99 99 99 99 68 08 06 66 74 44 3C 35 43 46 16
10-02-09 11:41:13>发送:68 99 99 99 99 99 99 68 08 06 66 74 44 3C 35 43 46 16
10-02-09 11:41:13>发送:68 99 99 99 99 99 99 68 08 06 66 74 44 3C 35 43 46 16
10-02-09 11:41:13>发送:68 99 99 99 99 99 99 68 08 06 66 74 44 3C 35 43 46 16
10-02-09 11:41:14>发送:68 99 99 99 99 99 99 68 08 06 66 74 44 3C 35 43 46 16
10-02-09 11:41:14>发送:68 99 99 99 99 99 99 68 08 06 66 74 44 3C 35 43 46 16
10-02-09 11:41:14>发送:68 99 99 99 99 99 99 68 08 06 66 74 44 3C 35 43 46 16
10-02-09 11:41:14>发送:68 99 99 99 99 99 99 68 08 06 66 74 44 3C 35 43 46 16
10-02-09 11:41:14>发送:68 99 99 99 99 99 99 68 08 06 66 74 44 3C 35 43 46 16
10-02-09 11:41:18>发送:68 99 99 99 99 99 99 68 08 06 66 75 44 3C 35 43 47 16
10-02-09 11:41:19>发送:68 99 99 99 99 99 99 68 08 06 66 75 44 3C 35 43 47 16
10-02-09 11:41:19>发送:68 99 99 99 99 99 99 68 08 06 66 75 44 3C 35 43 47 16
10-02-09 11:41:19>发送:68 99 99 99 99 99 99 68 08 06 66 75 44 3C 35 43 47 16
10-02-09 11:41:20>发送:68 99 99 99 99 99 99 68 08 06 66 75 44 3C 35 43 47 16
10-02-09 11:41:20>发送:68 99 99 99 99 99 99 68 08 06 66 75 44 3C 35 43 47 16
10-02-09 11:41:20>发送:68 99 99 99 99 99 99 68 08 06 66 75 44 3C 35 43 47 16
10-02-09 11:41:20>发送:68 99 99 99 99 99 99 68 08 06 66 75 44 3C 35 43 47 16
10-02-09 11:41:20>发送:68 99 99 99 99 99 99 68 08 06 66 75 44 3C 35 43 47 16
10-02-09 11:41:20>发送:68 99 99 99 99 99 99 68 08 06 66 75 44 3C 35 43 47 16
10-02-09 11:41:30>发送:68 99 99 99 99 99 99 68 08 06 66 76 44 3C 35 43 48 16
10-02-09 11:42:51>发送:68 99 99 99 99 99 99 68 08 06 66 76 44 3C 35 43 48 16
10-02-09 14:31:24>发送:68 99 99 99 99 99 99 68 08 06 66 76 44 3C 35 43 48 16
10-02-09 15:07:53>发送:68 99 99 99 99 99 99 68 08 06 66 4C 45 3C 35 43 1F 16
10-02-09 15:12:27>发送:68 99 99 99 99 99 99 68 08 06 66 57 45 3C 35 43 2A 16
10-02-09 15:13:49>发送:68 99 99 99 99 99 99 68 08 06 66 57 45 3C 35 43 2A 16
10-02-09 15:14:08>发送:68 99 99 99 99 99 99 68 08 06 66 53 45 3C 35 43 26 16
10-02-09 15:14:26>发送:68 99 99 99 99 99 99 68 08 06 66 48 45 3C 35 43 1B 16
10-02-09 15:14:36>发送:68 99 99 99 99 99 99 68 08 06 33 49 45 3C 35 43 E9 16
10-02-09 15:14:38>发送:68 99 99 99 99 99 99 68 08 06 33 49 45 3C 35 43 E9 16
10-02-09 15:14:45>发送:68 99 99 99 99 99 99 68 08 06 33 49 45 3C 35 43 E9 16
10-02-09 15:14:54>发送:68 99 99 99 99 99 99 68 08 06 33 48 45 3C 35 43 E8 16
10-02-09 15:14:54>发送:68 99 99 99 99 99 99 68 08 06 33 48 45 3C 35 43 E8 16
10-02-09 15:20:14>发送:68 01 00 00 00 00 00 68 16 04 53 48 3C CC 8E 16
10-02-09 15:56:37>发送:68 01 00 00 00 00 00 68 14 0F 35 34 33 37 37 33 33 33 33 33 33 33 33 89 48 67 16
10-02-09 15:56:38>接收：68 01 00 00 00 00 00 68 94 00 65 16
10-02-09 15:56:38>解析：地址:00 00 00 00 00 01 控制码:94 长度:00 数据标识: 数据:
10-02-09 15:58:08>发送:68 01 00 00 00 00 00 68 11 04 34 34 33 50 D1 16
10-02-09 15:58:09>接收：68 01 00 00 00 00 00 68 91 0A 34 34 33 50 33 33 33 33 33 33 89 16
10-02-09 15:58:09>解析：地址:00 00 00 00 00 01 控制码:91 长度:0A 数据标识:1D 00 01 01 数据:00 00 00 00 00 00
10-02-09 15:59:51>发送:68 01 00 00 00 00 00 68 11 04 34 35 33 50 D2 16
10-02-09 15:59:51>接收：68 01 00 00 00 00 00 68 91 08 34 35 33 50 33 33 33 33 22 16
10-02-09 15:59:51>解析：地址:00 00 00 00 00 01 控制码:91 长度:08 数据标识:1D 00 02 01 数据:00 00 00 00
10-02-09 15:59:55>发送:68 01 00 00 00 00 00 68 11 04 34 36 33 50 D3 16
10-02-09 15:59:55>接收：68 01 00 00 00 00 00 68 91 08 34 36 33 50 33 33 33 33 23 16
10-02-09 15:59:55>解析：地址:00 00 00 00 00 01 控制码:91 长度:08 数据标识:1D 00 03 01 数据:00 00 00 00
10-02-09 15:59:59>发送:68 01 00 00 00 00 00 68 11 04 34 34 33 50 D1 16
10-02-09 15:59:59>接收：68 01 00 00 00 00 00 68 91 0A 34 34 33 50 33 33 33 33 33 33 89 16
10-02-09 15:59:59>解析：地址:00 00 00 00 00 01 控制码:91 长度:0A 数据标识:1D 00 01 01 数据:00 00 00 00 00 00
10-02-09 16:00:33>发送:68 01 00 00 00 00 00 68 11 04 34 34 33 51 D2 16
10-02-09 16:00:34>接收：68 01 00 00 00 00 00 68 91 0A 34 34 33 51 33 33 33 33 33 33 8A 16
10-02-09 16:00:34>解析：地址:00 00 00 00 00 01 控制码:91 长度:0A 数据标识:1E 00 01 01 数据:00 00 00 00 00 00
10-02-09 16:00:36>发送:68 01 00 00 00 00 00 68 11 04 34 34 33 51 D2 16
10-02-09 16:00:36>接收：68 01 00 00 00 00 00 68 91 0A 34 34 33 51 33 33 33 33 33 33 8A 16
10-02-09 16:00:36>解析：地址:00 00 00 00 00 01 控制码:91 长度:0A 数据标识:1E 00 01 01 数据:00 00 00 00 00 00
10-02-09 16:01:11>发送:68 01 00 00 00 00 00 68 1C 10 35 33 33 33 33 33 33 33 6D 33 33 36 49 3C 35 43 9D 16
10-02-09 16:01:11>接收：68 01 00 00 00 00 00 68 9C 00 6D 16
10-02-09 16:01:11>解析：地址:00 00 00 00 00 01 控制码:9C 长度:00 数据标识: 数据:
10-02-09 16:02:26>发送:68 01 00 00 00 00 00 68 1C 10 35 33 33 33 33 33 33 33 6E 33 33 36 49 3C 35 43 9E 16
10-02-09 16:02:26>接收：68 01 00 00 00 00 00 68 9C 00 6D 16
10-02-09 16:02:26>解析：地址:00 00 00 00 00 01 控制码:9C 长度:00 数据标识: 数据:
10-02-09 16:05:26>发送:68 01 00 00 00 00 00 68 1C 10 35 33 33 33 33 33 33 33 4D 33 33 36 49 3C 35 43 7D 16
10-02-09 16:05:26>接收：68 01 00 00 00 00 00 68 DC 01 34 E2 16
10-02-09 16:05:26>解析：地址:00 00 00 00 00 01 控制码:DC 长度:01 数据标识: 数据:01
10-02-09 16:05:32>发送:68 01 00 00 00 00 00 68 1C 10 35 33 33 33 33 33 33 33 4D 33 33 36 49 3C 35 43 7D 16
10-02-09 16:05:32>接收：68 01 00 00 00 00 00 68 DC 01 34 E2 16
10-02-09 16:05:32>解析：地址:00 00 00 00 00 01 控制码:DC 长度:01 数据标识: 数据:01
10-02-09 16:05:48>发送:68 01 00 00 00 00 00 68 1C 10 35 33 33 33 33 33 33 33 4D 33 33 3A 49 3C 35 43 81 16
10-02-09 16:05:49>接收：68 01 00 00 00 00 00 68 9C 00 6D 16
10-02-09 16:05:49>解析：地址:00 00 00 00 00 01 控制码:9C 长度:00 数据标识: 数据:
10-02-09 16:06:01>发送:68 01 00 00 00 00 00 68 1C 10 35 33 33 33 33 33 33 33 6D 33 33 3A 49 3C 35 43 A1 16
10-02-09 16:06:02>接收：68 01 00 00 00 00 00 68 9C 00 6D 16
10-02-09 16:06:02>解析：地址:00 00 00 00 00 01 控制码:9C 长度:00 数据标识: 数据:
10-02-09 16:06:25>发送:68 01 00 00 00 00 00 68 12 05 34 34 33 51 34 08 16
10-02-09 16:06:25>接收：68 01 00 00 00 00 00 68 D2 01 34 D8 16
10-02-09 16:06:25>解析：地址:00 00 00 00 00 01 控制码:D2 长度:01 数据标识: 数据:01
10-02-09 16:06:31>发送:68 01 00 00 00 00 00 68 11 04 34 34 33 51 D2 16
10-02-09 16:06:32>接收：68 01 00 00 00 00 00 68 91 0A 34 34 33 51 33 33 33 33 33 33 8A 16
10-02-09 16:06:32>解析：地址:00 00 00 00 00 01 控制码:91 长度:0A 数据标识:1E 00 01 01 数据:00 00 00 00 00 00
10-02-09 16:06:44>发送:68 01 00 00 00 00 00 68 11 04 3D 34 33 51 DB 16
10-02-09 16:06:44>接收：68 01 00 00 00 00 00 68 91 0A 3D 34 33 51 33 33 33 33 33 33 93 16
10-02-09 16:06:44>解析：地址:00 00 00 00 00 01 控制码:91 长度:0A 数据标识:1E 00 01 0A 数据:00 00 00 00 00 00
10-02-09 16:07:01>发送:68 01 00 00 00 00 00 68 11 04 34 34 33 50 D1 16
10-02-09 16:07:01>接收：68 01 00 00 00 00 00 68 91 0A 34 34 33 50 56 38 49 3C 35 43 E2 16
10-02-09 16:07:01>解析：地址:00 00 00 00 00 01 控制码:91 长度:0A 数据标识:1D 00 01 01 数据:10 02 09 16 05 23
10-02-09 16:07:58>发送:68 01 00 00 00 00 00 68 11 04 34 35 33 50 D2 16
10-02-09 16:07:58>接收：68 01 00 00 00 00 00 68 91 08 34 35 33 50 33 33 33 33 22 16
10-02-09 16:07:58>解析：地址:00 00 00 00 00 01 控制码:91 长度:08 数据标识:1D 00 02 01 数据:00 00 00 00
10-02-09 16:08:02>发送:68 01 00 00 00 00 00 68 11 04 34 36 33 50 D3 16
10-02-09 16:08:03>接收：68 01 00 00 00 00 00 68 91 08 34 36 33 50 33 33 33 33 23 16
10-02-09 16:08:03>解析：地址:00 00 00 00 00 01 控制码:91 长度:08 数据标识:1D 00 03 01 数据:00 00 00 00
10-02-09 16:08:09>发送:68 01 00 00 00 00 00 68 11 04 34 34 33 50 D1 16
10-02-09 16:08:10>接收：68 01 00 00 00 00 00 68 91 0A 34 34 33 50 56 38 49 3C 35 43 E2 16
10-02-09 16:08:10>解析：地址:00 00 00 00 00 01 控制码:91 长度:0A 数据标识:1D 00 01 01 数据:10 02 09 16 05 23
10-02-09 16:08:17>发送:68 01 00 00 00 00 00 68 1C 10 35 33 33 33 33 33 33 33 4D 33 48 43 49 3C 35 43 9F 16
10-02-09 16:08:17>接收：68 01 00 00 00 00 00 68 9C 00 6D 16
10-02-09 16:08:17>解析：地址:00 00 00 00 00 01 控制码:9C 长度:00 数据标识: 数据:
10-02-09 16:08:43>发送:68 01 00 00 00 00 00 68 1C 10 35 33 33 33 33 33 33 33 6E 33 48 43 49 3C 35 43 C0 16
10-02-09 16:08:44>接收：68 01 00 00 00 00 00 68 9C 00 6D 16
10-02-09 16:08:44>解析：地址:00 00 00 00 00 01 控制码:9C 长度:00 数据标识: 数据:
10-02-09 16:08:50>发送:68 01 00 00 00 00 00 68 1C 10 35 33 33 33 33 33 33 33 4D 33 48 43 49 3C 35 43 9F 16
10-02-09 16:08:51>接收：68 01 00 00 00 00 00 68 9C 00 6D 16
10-02-09 16:08:51>解析：地址:00 00 00 00 00 01 控制码:9C 长度:00 数据标识: 数据:
10-02-09 16:08:58>发送:68 01 00 00 00 00 00 68 11 04 34 34 33 50 D1 16
10-02-09 16:08:59>接收：68 01 00 00 00 00 00 68 91 0A 34 34 33 50 56 38 49 3C 35 43 E2 16
10-02-09 16:08:59>解析：地址:00 00 00 00 00 01 控制码:91 长度:0A 数据标识:1D 00 01 01 数据:10 02 09 16 05 23
10-02-09 16:09:07>发送:68 01 00 00 00 00 00 68 11 04 34 34 33 51 D2 16
10-02-09 16:09:08>接收：68 01 00 00 00 00 00 68 91 0A 34 34 33 51 33 33 33 33 33 33 8A 16
10-02-09 16:09:08>解析：地址:00 00 00 00 00 01 控制码:91 长度:0A 数据标识:1E 00 01 01 数据:00 00 00 00 00 00
10-02-09 16:09:41>发送:68 01 00 00 00 00 00 68 1C 10 35 33 33 33 33 33 33 33 6D 33 68 44 49 3C 35 43 E0 16
10-02-09 16:09:42>接收：68 01 00 00 00 00 00 68 9C 00 6D 16
10-02-09 16:09:42>解析：地址:00 00 00 00 00 01 控制码:9C 长度:00 数据标识: 数据:
10-02-09 16:09:48>发送:68 01 00 00 00 00 00 68 11 04 34 34 33 51 D2 16
10-02-09 16:09:48>接收：68 01 00 00 00 00 00 68 91 0A 34 34 33 51 33 33 33 33 33 33 8A 16
10-02-09 16:09:48>解析：地址:00 00 00 00 00 01 控制码:91 长度:0A 数据标识:1E 00 01 01 数据:00 00 00 00 00 00
10-02-09 16:09:58>发送:68 01 00 00 00 00 00 68 11 04 34 34 33 50 D1 16
10-02-09 16:09:59>接收：68 01 00 00 00 00 00 68 91 0A 34 34 33 50 56 38 49 3C 35 43 E2 16
10-02-09 16:09:59>解析：地址:00 00 00 00 00 01 控制码:91 长度:0A 数据标识:1D 00 01 01 数据:10 02 09 16 05 23
10-02-09 16:10:04>发送:68 01 00 00 00 00 00 68 11 04 35 34 33 50 D2 16
10-02-09 16:10:05>接收：68 01 00 00 00 00 00 68 91 0A 35 34 33 50 33 33 33 33 33 33 8A 16
10-02-09 16:10:05>解析：地址:00 00 00 00 00 01 控制码:91 长度:0A 数据标识:1D 00 01 02 数据:00 00 00 00 00 00
10-02-09 16:11:02>接收：34 08 00 00 00 00 30 02 FC
10-02-09 16:11:39>发送:68 01 00 00 00 00 00 68 1C 10 35 33 33 33 33 33 33 33 4D 33 6A 46 49 3C 35 43 C4 16
10-02-09 16:11:39>接收：68 01 00 00 00 00 00 68 9C 00 6D 16
10-02-09 16:11:39>解析：地址:00 00 00 00 00 01 控制码:9C 长度:00 数据标识: 数据:
10-02-09 16:12:03>发送:68 01 00 00 00 00 00 68 1C 10 35 33 33 33 33 33 33 33 4E 33 6A 46 49 3C 35 43 C5 16
10-02-09 16:12:03>接收：68 01 00 00 00 00 00 68 9C 00 6D 16
10-02-09 16:12:03>解析：地址:00 00 00 00 00 01 控制码:9C 长度:00 数据标识: 数据:
10-02-09 16:16:02>发送:68 01 00 00 00 00 00 68 11 04 35 34 33 50 D2 16
10-02-09 16:16:02>接收：68 01 00 00 00 00 00 68 91 0A 35 34 33 50 33 33 33 33 33 33 8A 16
10-02-09 16:16:02>解析：地址:00 00 00 00 00 01 控制码:91 长度:0A 数据标识:1D 00 01 02 数据:00 00 00 00 00 00
10-02-09 16:16:11>发送:68 01 00 00 00 00 00 68 11 04 34 34 33 50 D1 16
10-02-09 16:16:11>接收：68 01 00 00 00 00 00 68 91 0A 34 34 33 50 64 44 49 3C 35 43 FC 16
10-02-09 16:16:11>解析：地址:00 00 00 00 00 01 控制码:91 长度:0A 数据标识:1D 00 01 01 数据:10 02 09 16 11 31
10-02-09 16:16:31>发送:68 01 00 00 00 00 00 68 11 04 34 34 33 51 D2 16
10-02-09 16:16:31>接收：68 01 00 00 00 00 00 68 91 0A 34 34 33 51 88 44 49 3C 35 43 21 16
10-02-09 16:16:31>解析：地址:00 00 00 00 00 01 控制码:91 长度:0A 数据标识:1E 00 01 01 数据:10 02 09 16 11 55
10-02-09 16:17:03>发送:68 01 00 00 00 00 00 68 1C 10 35 33 33 33 33 33 33 33 5D 33 8A 4B 49 3C 35 43 F9 16
10-02-09 16:17:03>接收：68 01 00 00 00 00 00 68 9C 00 6D 16
10-02-09 16:17:03>解析：地址:00 00 00 00 00 01 控制码:9C 长度:00 数据标识: 数据:
10-02-09 16:17:15>发送:68 01 00 00 00 00 00 68 1C 10 35 33 33 33 33 33 33 33 5E 33 8A 4B 49 3C 35 43 FA 16
10-02-09 16:17:16>接收：68 01 00 00 00 00 00 68 9C 00 6D 16
10-02-09 16:17:16>解析：地址:00 00 00 00 00 01 控制码:9C 长度:00 数据标识: 数据:
10-02-09 16:17:25>发送:68 01 00 00 00 00 00 68 1C 10 35 33 33 33 33 33 33 33 4D 33 8A 4B 49 3C 35 43 E9 16
10-02-09 16:17:25>接收：68 01 00 00 00 00 00 68 9C 00 6D 16
10-02-09 16:17:25>解析：地址:00 00 00 00 00 01 控制码:9C 长度:00 数据标识: 数据:
10-02-09 16:17:37>发送:68 01 00 00 00 00 00 68 1C 10 35 33 33 33 33 33 33 33 6D 33 8A 4B 49 3C 35 43 09 16
10-02-09 16:17:37>接收：68 01 00 00 00 00 00 68 9C 00 6D 16
10-02-09 16:17:37>解析：地址:00 00 00 00 00 01 控制码:9C 长度:00 数据标识: 数据:
10-02-09 16:18:27>发送:68 01 00 00 00 00 00 68 11 04 33 33 34 33 B3 16
10-02-09 16:18:27>接收：68 01 00 00 00 00 00 68 91 08 33 33 34 33 33 33 33 33 03 16
10-02-09 16:18:27>解析：地址:00 00 00 00 00 01 控制码:91 长度:08 数据标识:00 01 00 00 数据:00 00 00 00
10-02-09 16:18:31>发送:68 01 00 00 00 00 00 68 11 04 34 34 33 51 D2 16
10-02-09 16:18:31>接收：68 01 00 00 00 00 00 68 91 0A 34 34 33 51 5B 4A 49 3C 35 43 FA 16
10-02-09 16:18:31>解析：地址:00 00 00 00 00 01 控制码:91 长度:0A 数据标识:1E 00 01 01 数据:10 02 09 16 17 28
10-02-09 16:18:52>发送:68 01 00 00 00 00 00 68 11 04 35 34 33 51 D3 16
10-02-09 16:18:53>接收：68 01 00 00 00 00 00 68 91 0A 35 34 33 51 88 44 49 3C 35 43 22 16
10-02-09 16:18:53>解析：地址:00 00 00 00 00 01 控制码:91 长度:0A 数据标识:1E 00 01 02 数据:10 02 09 16 11 55
10-02-09 16:19:11>发送:68 01 00 00 00 00 00 68 1C 10 35 33 33 33 33 33 33 33 4D 33 3C 54 49 3C 35 43 A4 16
10-02-09 16:19:11>接收：68 01 00 00 00 00 00 68 DC 01 34 E2 16
10-02-09 16:19:11>解析：地址:00 00 00 00 00 01 控制码:DC 长度:01 数据标识: 数据:01
10-02-09 16:23:58>发送:68 01 00 00 00 00 00 68 1C 10 35 33 33 33 33 33 33 33 5E 33 3C 54 49 3C 35 43 B5 16
10-02-09 16:23:59>接收：68 01 00 00 00 00 00 68 DC 01 34 E2 16
10-02-09 16:23:59>解析：地址:00 00 00 00 00 01 控制码:DC 长度:01 数据标识: 数据:01
10-02-09 16:24:01>发送:68 01 00 00 00 00 00 68 1C 10 35 33 33 33 33 33 33 33 5E 33 3C 54 49 3C 35 43 B5 16
10-02-09 16:24:02>接收：68 01 00 00 00 00 00 68 DC 01 34 E2 16
10-02-09 16:24:02>解析：地址:00 00 00 00 00 01 控制码:DC 长度:01 数据标识: 数据:01
10-02-09 16:24:14>发送:68 01 00 00 00 00 00 68 1C 10 35 33 33 33 33 33 33 33 5E 33 3C 59 49 3C 35 43 BA 16
10-02-09 16:24:14>接收：68 01 00 00 00 00 00 68 9C 00 6D 16
10-02-09 16:24:14>解析：地址:00 00 00 00 00 01 控制码:9C 长度:00 数据标识: 数据:
10-02-09 16:24:15>发送:68 01 00 00 00 00 00 68 1C 10 35 33 33 33 33 33 33 33 5E 33 3C 59 49 3C 35 43 BA 16
10-02-09 16:24:16>发送:68 01 00 00 00 00 00 68 1C 10 35 33 33 33 33 33 33 33 5E 33 3C 59 49 3C 35 43 BA 16
10-02-09 16:24:16>接收：68 01 00 00 00 00 00 68 9C 00 6D 16
10-02-09 16:24:16>解析：地址:00 00 00 00 00 01 控制码:9C 长度:00 数据标识: 数据:
10-02-09 16:24:16>接收：68 01 00 00 00 00 00 68 9C 00 6D 16
10-02-09 16:24:16>解析：地址:00 00 00 00 00 01 控制码:9C 长度:00 数据标识: 数据:
