10-03-11 08:35:35>发送:68 11 11 11 11 11 11 68 11 04 34 39 33 37 22 16
10-03-11 08:35:35>接收：68 11 11 11 11 11 11 68 91 05 34 39 33 37 34 D7 16
10-03-11 08:35:35>解析：地址:11 11 11 11 11 11 控制码:91 长度:05 数据标识:04 00 06 01 数据:01
10-03-11 08:36:06>发送:68 11 11 11 11 11 11 68 14 0D 34 39 33 37 37 44 44 44 33 33 33 33 37 34 16
10-03-11 08:36:07>接收：68 11 11 11 11 11 11 68 D4 01 37 42 16
10-03-11 08:36:07>解析：地址:11 11 11 11 11 11 控制码:D4 长度:01 数据标识: 数据:04
10-03-11 08:36:14>发送:68 11 11 11 11 11 11 68 14 0D 34 39 33 37 37 44 44 44 33 33 33 33 37 34 16
10-03-11 08:36:14>接收：68 11 11 11 11 11 11 68 94 00 CA 16
10-03-11 08:36:14>解析：地址:11 11 11 11 11 11 控制码:94 长度:00 数据标识: 数据:
10-03-11 08:36:52>发送:68 11 11 11 11 11 11 68 14 0D 34 39 33 37 37 44 44 44 33 33 33 33 38 35 16
10-03-11 08:36:53>接收：68 11 11 11 11 11 11 68 94 00 CA 16
10-03-11 08:36:53>解析：地址:11 11 11 11 11 11 控制码:94 长度:00 数据标识: 数据:
10-03-11 08:36:58>发送:68 11 11 11 11 11 11 68 11 04 33 33 34 33 18 16
10-03-11 08:36:58>接收：68 11 11 11 11 11 11 68 91 08 33 33 34 33 33 33 33 33 68 16
10-03-11 08:36:58>解析：地址:11 11 11 11 11 11 控制码:91 长度:08 数据标识:00 01 00 00 数据:00 00 00 00
10-03-11 08:37:04>发送:68 11 11 11 11 11 11 68 11 04 34 39 33 37 22 16
10-03-11 08:37:04>接收：68 11 11 11 11 11 11 68 91 05 34 39 33 37 38 DB 16
10-03-11 08:37:04>解析：地址:11 11 11 11 11 11 控制码:91 长度:05 数据标识:04 00 06 01 数据:05
10-03-11 08:37:59>发送:68 11 11 11 11 11 11 68 11 04 33 33 44 36 2B 16
10-03-11 08:37:59>接收：68 11 11 11 11 11 11 68 91 07 33 33 44 36 33 33 33 47 16
10-03-11 08:37:59>解析：地址:11 11 11 11 11 11 控制码:91 长度:07 数据标识:03 11 00 00 数据:00 00 00
10-03-11 08:38:15>发送:68 11 11 11 11 11 11 68 11 04 33 33 63 36 4A 16
10-03-11 08:38:16>接收：68 11 11 11 11 11 11 68 91 07 33 33 63 36 33 33 33 66 16
10-03-11 08:38:16>解析：地址:11 11 11 11 11 11 控制码:91 长度:07 数据标识:03 30 00 00 数据:00 00 00
10-03-11 08:38:24>发送:68 11 11 11 11 11 11 68 11 04 33 33 63 36 4A 16
10-03-11 08:38:25>接收：68 11 11 11 11 11 11 68 91 07 33 33 63 36 34 33 33 67 16
10-03-11 08:38:25>解析：地址:11 11 11 11 11 11 控制码:91 长度:07 数据标识:03 30 00 00 数据:00 00 01
10-03-11 08:38:30>发送:68 11 11 11 11 11 11 68 11 04 34 33 63 36 4B 16
10-03-11 08:38:31>接收：68 11 11 11 11 11 11 68 91 36 34 33 63 36 8C 88 37 37 36 43 33 33 33 33 33 33 33 33 33 33 33 33 33 33 33 33 33 33 33 33 33 33 33 33 33 33 33 33 34 39 33 37 34 39 33 37 32 32 32 32 32 32 32 32 CA 16
10-03-11 08:38:31>解析：地址:11 11 11 11 11 11 控制码:91 长度:36 数据标识:03 30 00 01 数据:FF FF FF FF FF FF FF FF 04 00 06 01 04 00 06 01 00 00 00 00 00 00 00 00 00 00 00 00 00 00 00 00 00 00 00 00 00 00 00 00 00 00 00 00 10 03 04 04 55 59
10-03-11 08:50:49>发送:68 11 11 11 11 11 11 68 1B 0C 35 33 33 33 33 33 33 33 32 32 32 32 BF 16
10-03-11 08:50:49>接收：68 11 11 11 11 11 11 68 DB 01 37 49 16
10-03-11 08:50:49>解析：地址:11 11 11 11 11 11 控制码:DB 长度:01 数据标识: 数据:04
10-03-11 08:51:15>发送:68 11 11 11 11 11 11 68 1B 0C 35 33 33 33 33 33 33 33 32 32 32 32 BF 16
10-03-11 08:51:18>接收：68 11 11 11 11 11 11 68 9B 00 D1 16
10-03-11 08:51:18>解析：地址:11 11 11 11 11 11 控制码:9B 长度:00 数据标识: 数据:
10-03-11 09:09:22>发送:68 11 11 11 11 11 11 68 14 0D 34 39 33 37 37 44 44 44 33 33 33 33 34 31 16
10-03-11 09:09:22>接收：68 11 11 11 11 11 11 68 94 00 CA 16
10-03-11 09:09:22>解析：地址:11 11 11 11 11 11 控制码:94 长度:00 数据标识: 数据:
10-03-11 09:09:40>发送:68 11 11 11 11 11 11 68 11 04 33 33 34 33 18 16
10-03-11 09:09:41>接收：68 11 11 11 11 11 11 68 91 08 33 33 34 33 83 33 33 33 B8 16
10-03-11 09:09:41>解析：地址:11 11 11 11 11 11 控制码:91 长度:08 数据标识:00 01 00 00 数据:00 00 00 50
10-03-11 09:09:54>发送:68 11 11 11 11 11 11 68 11 04 33 33 34 33 18 16
10-03-11 09:09:54>接收：68 11 11 11 11 11 11 68 91 08 33 33 34 33 84 33 33 33 B9 16
10-03-11 09:09:54>解析：地址:11 11 11 11 11 11 控制码:91 长度:08 数据标识:00 01 00 00 数据:00 00 00 51
10-03-11 09:10:02>发送:68 11 11 11 11 11 11 68 11 04 33 33 35 33 19 16
10-03-11 09:10:02>接收：68 11 11 11 11 11 11 68 91 08 33 33 35 33 A4 34 33 33 DB 16
10-03-11 09:10:02>解析：地址:11 11 11 11 11 11 控制码:91 长度:08 数据标识:00 02 00 00 数据:00 00 01 71
10-03-11 09:11:33>发送:68 11 11 11 11 11 11 68 14 0D 34 39 33 37 37 44 44 44 33 33 33 33 35 32 16
10-03-11 09:11:34>接收：68 11 11 11 11 11 11 68 94 00 CA 16
10-03-11 09:11:34>解析：地址:11 11 11 11 11 11 控制码:94 长度:00 数据标识: 数据:
10-03-11 09:12:59>发送:68 11 11 11 11 11 11 68 11 04 33 33 34 33 18 16
10-03-11 09:12:59>接收：68 11 11 11 11 11 11 68 91 08 33 33 34 33 9B 33 33 33 D0 16
10-03-11 09:12:59>解析：地址:11 11 11 11 11 11 控制码:91 长度:08 数据标识:00 01 00 00 数据:00 00 00 68
10-03-11 09:13:12>发送:68 11 11 11 11 11 11 68 11 04 33 33 33 33 17 16
10-03-11 09:13:13>接收：68 11 11 11 11 11 11 68 91 08 33 33 33 33 59 A5 C9 C7 29 16
10-03-11 09:13:13>解析：地址:11 11 11 11 11 11 控制码:91 长度:08 数据标识:00 00 00 00 数据:94 96 72 26
10-03-11 09:56:59>发送:68 11 11 11 11 11 11 68 14 0D 34 39 33 37 37 44 44 44 33 33 33 33 3B 38 16
10-03-11 09:57:00>接收：68 11 11 11 11 11 11 68 94 00 CA 16
10-03-11 09:57:00>解析：地址:11 11 11 11 11 11 控制码:94 长度:00 数据标识: 数据:
10-03-11 10:03:40>发送:68 11 11 11 11 11 11 68 14 0D 34 39 33 37 37 44 44 44 33 33 33 33 3D 3A 16
10-03-11 10:03:40>接收：68 11 11 11 11 11 11 68 D4 01 37 42 16
10-03-11 10:03:40>解析：地址:11 11 11 11 11 11 控制码:D4 长度:01 数据标识: 数据:04
10-03-11 10:03:45>发送:68 11 11 11 11 11 11 68 14 0D 34 39 33 37 37 44 44 44 33 33 33 33 3D 3A 16
10-03-11 10:03:46>接收：68 11 11 11 11 11 11 68 94 00 CA 16
10-03-11 10:03:46>解析：地址:11 11 11 11 11 11 控制码:94 长度:00 数据标识: 数据:
10-03-11 10:11:56>发送:68 11 11 11 11 11 11 68 14 2C 36 37 33 37 37 44 44 44 33 33 33 33 33 33 33 33 33 33 33 33 33 33 33 33 33 33 33 33 33 33 33 33 33 33 33 33 33 33 33 33 33 33 33 33 7C 16
10-03-11 10:11:56>接收：68 11 11 11 11 11 11 68 94 00 CA 16
10-03-11 10:11:56>解析：地址:11 11 11 11 11 11 控制码:94 长度:00 数据标识: 数据:
10-03-11 10:12:05>发送:68 11 11 11 11 11 11 68 11 04 36 37 33 37 22 16
10-03-11 10:12:05>接收：68 11 11 11 11 11 11 68 91 24 36 37 33 37 33 33 33 33 33 33 33 33 33 33 33 33 33 33 33 33 33 33 33 33 33 33 33 33 33 33 33 33 33 33 33 33 22 16
10-03-11 10:12:05>解析：地址:11 11 11 11 11 11 控制码:91 长度:24 数据标识:04 00 04 03 数据:00 00 00 00 00 00 00 00 00 00 00 00 00 00 00 00 00 00 00 00 00 00 00 00 00 00 00 00 00 00 00 00
10-03-11 10:12:39>发送:68 11 11 11 11 11 11 68 11 04 38 34 33 37 21 16
10-03-11 10:12:40>接收：68 11 11 11 11 11 11 68 91 06 38 34 33 37 83 33 59 16
10-03-11 10:12:40>解析：地址:11 11 11 11 11 11 控制码:91 长度:06 数据标识:04 00 01 05 数据:00 50
10-03-11 10:13:53>发送:68 11 11 11 11 11 11 68 14 0D 34 39 33 37 37 44 44 44 33 33 33 33 38 35 16
10-03-11 10:13:53>接收：68 11 11 11 11 11 11 68 94 00 CA 16
10-03-11 10:13:53>解析：地址:11 11 11 11 11 11 控制码:94 长度:00 数据标识: 数据:
10-03-11 16:31:41>发送:68 11 11 11 11 11 11 68 14 0D 34 39 33 37 37 44 44 44 33 33 33 33 3D 3A 16
10-03-11 16:31:42>接收：68 11 11 11 11 11 11 68 94 00 CA 16
10-03-11 16:31:42>解析：地址:11 11 11 11 11 11 控制码:94 长度:00 数据标识: 数据:
10-03-11 16:34:29>发送:68 11 11 11 11 11 11 68 14 0D 34 39 33 37 35 33 33 33 33 33 33 33 38 00 16
10-03-11 16:34:29>接收：68 11 11 11 11 11 11 68 94 00 CA 16
10-03-11 16:34:29>解析：地址:11 11 11 11 11 11 控制码:94 长度:00 数据标识: 数据:
