10-03-09 11:06:03>发送:68 11 11 11 11 11 11 68 03 20 32 33 33 3A 33 33 33 33 8F 3A 21 21 78 FD 20 CF FC 9C AC 12 B9 BB 42 46 34 33 33 33 33 33 33 33 51 16
10-03-09 11:06:04>接收：68 11 11 11 11 11 11 68 83 10 32 33 33 3A 49 69 96 CC 34 33 33 33 33 33 33 43 58 16
10-03-09 11:06:04>解析：地址:11 11 11 11 11 11 控制码:83 长度:10 数据标识:07 00 00 FF 数据:16 36 63 99 01 00 00 00 00 00 00 10
10-03-09 11:06:30>发送:68 11 11 11 11 11 11 68 11 04 34 35 33 37 1E 16
10-03-09 11:06:30>接收：68 11 11 11 11 11 11 68 91 05 34 35 33 37 44 E3 16
10-03-09 11:06:30>解析：地址:11 11 11 11 11 11 控制码:91 长度:05 数据标识:04 00 02 01 数据:11
10-03-09 11:06:54>发送:68 11 11 11 11 11 11 68 14 20 34 35 33 37 CB 44 44 44 33 33 33 33 B4 47 72 A2 7A D4 6E 53 74 3B C3 1C 14 6D 91 19 30 E0 21 F2 9A 16
10-03-09 11:06:54>接收：68 11 11 11 11 11 11 68 94 00 CA 16
10-03-09 11:06:54>解析：地址:11 11 11 11 11 11 控制码:94 长度:00 数据标识: 数据:
10-03-09 11:07:02>发送:68 11 11 11 11 11 11 68 11 04 34 35 33 37 1E 16
10-03-09 11:07:02>接收：68 11 11 11 11 11 11 68 91 05 34 35 33 37 35 D4 16
10-03-09 11:07:02>解析：地址:11 11 11 11 11 11 控制码:91 长度:05 数据标识:04 00 02 01 数据:02
10-03-09 11:07:23>发送:68 11 11 11 11 11 11 68 14 20 34 35 33 37 CB 44 44 44 33 33 33 33 E5 09 32 75 88 3B 35 C2 7F 40 AB BB 3E 39 73 F7 49 F5 3A 57 C4 16
10-03-09 11:07:24>接收：68 11 11 11 11 11 11 68 94 00 CA 16
10-03-09 11:07:24>解析：地址:11 11 11 11 11 11 控制码:94 长度:00 数据标识: 数据:
10-03-09 11:07:34>发送:68 11 11 11 11 11 11 68 14 20 34 35 33 37 CB 44 44 44 33 33 33 33 E5 09 32 75 88 3B 35 C2 7F 40 AB BB 3E 39 73 F7 49 F5 3A 57 C4 16
10-03-09 11:07:35>接收：68 11 11 11 11 11 11 68 94 00 CA 16
10-03-09 11:07:35>解析：地址:11 11 11 11 11 11 控制码:94 长度:00 数据标识: 数据:
10-03-09 11:07:41>发送:68 11 11 11 11 11 11 68 14 20 34 35 33 37 CB 44 44 44 33 33 33 33 E5 09 32 75 88 3B 35 C2 7F 40 AB BB 3E 39 73 F7 49 F5 3A 57 C4 16
10-03-09 11:07:42>接收：68 11 11 11 11 11 11 68 94 00 CA 16
10-03-09 11:07:42>解析：地址:11 11 11 11 11 11 控制码:94 长度:00 数据标识: 数据:
10-03-09 11:07:51>发送:68 11 11 11 11 11 11 68 11 04 34 35 33 37 1E 16
10-03-09 11:07:52>接收：68 11 11 11 11 11 11 68 91 05 34 35 33 37 44 E3 16
10-03-09 11:07:52>解析：地址:11 11 11 11 11 11 控制码:91 长度:05 数据标识:04 00 02 01 数据:11
10-03-09 11:08:07>发送:68 11 11 11 11 11 11 68 14 20 34 35 33 37 CB 44 44 44 33 33 33 33 B4 47 72 A2 7A D4 6E 53 74 3B C3 1C 14 6D 91 19 30 E0 21 F2 9A 16
10-03-09 11:08:08>接收：68 11 11 11 11 11 11 68 94 00 CA 16
10-03-09 11:08:08>解析：地址:11 11 11 11 11 11 控制码:94 长度:00 数据标识: 数据:
10-03-09 11:10:27>发送:68 11 11 11 11 11 11 68 11 04 34 35 33 37 1E 16
10-03-09 11:10:27>接收：68 11 11 11 11 11 11 68 91 05 34 35 33 37 35 D4 16
10-03-09 11:10:27>解析：地址:11 11 11 11 11 11 控制码:91 长度:05 数据标识:04 00 02 01 数据:02
10-03-09 11:10:44>发送:68 11 11 11 11 11 11 68 14 20 34 35 33 37 CB 44 44 44 33 33 33 33 E5 09 32 75 88 3B 35 C2 7F 40 AB BB 3E 39 73 F7 49 F5 3A 57 C4 16
10-03-09 11:10:44>接收：68 11 11 11 11 11 11 68 94 00 CA 16
10-03-09 11:10:44>解析：地址:11 11 11 11 11 11 控制码:94 长度:00 数据标识: 数据:
10-03-09 11:10:49>发送:68 11 11 11 11 11 11 68 11 04 33 33 34 33 18 16
10-03-09 11:10:49>接收：68 11 11 11 11 11 11 68 91 08 33 33 34 33 33 33 33 33 68 16
10-03-09 11:10:49>解析：地址:11 11 11 11 11 11 控制码:91 长度:08 数据标识:00 01 00 00 数据:00 00 00 00
10-03-09 11:10:53>发送:68 11 11 11 11 11 11 68 11 04 34 35 33 37 1E 16
10-03-09 11:10:53>接收：68 11 11 11 11 11 11 68 91 05 34 35 33 37 44 E3 16
10-03-09 11:10:53>解析：地址:11 11 11 11 11 11 控制码:91 长度:05 数据标识:04 00 02 01 数据:11
10-03-09 11:11:11>发送:68 11 11 11 11 11 11 68 14 20 34 35 33 37 CB 44 44 44 33 33 33 33 B4 47 72 A2 7A D4 6E 53 74 3B C3 1C 14 6D 91 19 30 E0 21 F2 9A 16
10-03-09 11:11:11>接收：68 11 11 11 11 11 11 68 94 00 CA 16
10-03-09 11:11:11>解析：地址:11 11 11 11 11 11 控制码:94 长度:00 数据标识: 数据:
10-03-09 11:12:07>发送:68 11 11 11 11 11 11 68 14 20 34 35 33 37 CB 44 44 44 33 33 33 33 E5 09 32 75 88 3B 35 C2 7F 40 AB BB 3E 39 73 F7 49 F5 3A 57 C4 16
10-03-09 11:12:08>接收：68 11 11 11 11 11 11 68 94 00 CA 16
10-03-09 11:12:08>解析：地址:11 11 11 11 11 11 控制码:94 长度:00 数据标识: 数据:
10-03-09 11:12:18>发送:68 11 11 11 11 11 11 68 11 04 34 35 33 37 1E 16
10-03-09 11:12:19>接收：68 11 11 11 11 11 11 68 91 05 34 35 33 37 44 E3 16
10-03-09 11:12:19>解析：地址:11 11 11 11 11 11 控制码:91 长度:05 数据标识:04 00 02 01 数据:11
10-03-09 11:42:02>发送:68 11 11 11 11 11 11 68 11 04 38 34 33 37 21 16
10-03-09 11:42:02>接收：68 11 11 11 11 11 11 68 91 06 38 34 33 37 83 33 59 16
10-03-09 11:42:02>解析：地址:11 11 11 11 11 11 控制码:91 长度:06 数据标识:04 00 01 05 数据:00 50
10-03-09 11:51:31>发送:68 11 11 11 11 11 11 68 03 20 32 33 33 3A 33 33 33 33 FF B6 FA 84 94 C8 27 C1 EF 7E 66 E6 B9 9E 4B 4A 34 33 33 33 33 33 33 33 AC 16
10-03-09 11:51:31>接收：68 11 11 11 11 11 11 68 C3 02 37 33 65 16
10-03-09 11:51:31>解析：地址:11 11 11 11 11 11 控制码:C3 长度:02 数据标识: 数据:00 04
10-03-09 11:51:47>发送:68 11 11 11 11 11 11 68 03 20 32 33 33 3A 33 33 33 33 08 0C BE 25 D9 1E B2 97 45 B5 25 A5 2F B1 EE 9D 34 33 33 33 33 33 33 33 F6 16
10-03-09 11:51:48>接收：68 11 11 11 11 11 11 68 83 10 32 33 33 3A 68 6B A0 F9 34 33 33 33 33 33 33 43 B0 16
10-03-09 11:51:48>解析：地址:11 11 11 11 11 11 控制码:83 长度:10 数据标识:07 00 00 FF 数据:35 38 6D C6 01 00 00 00 00 00 00 10
10-03-09 11:53:23>发送:68 11 11 11 11 11 11 68 14 2C 36 37 33 37 37 44 44 44 33 33 33 33 33 33 33 33 33 33 33 33 33 33 33 33 33 33 33 33 33 33 33 33 33 33 33 33 33 33 33 33 33 33 33 33 7C 16
10-03-09 11:53:23>接收：68 11 11 11 11 11 11 68 D4 01 37 42 16
10-03-09 11:53:23>解析：地址:11 11 11 11 11 11 控制码:D4 长度:01 数据标识: 数据:04
10-03-09 11:53:44>发送:68 11 11 11 11 11 11 68 14 2C 36 37 33 37 37 33 33 33 33 33 33 33 33 33 33 33 33 33 33 33 33 33 33 33 33 33 33 33 33 33 33 33 33 33 33 33 33 33 33 33 33 33 33 33 49 16
10-03-09 11:53:44>接收：68 11 11 11 11 11 11 68 D4 01 37 42 16
10-03-09 11:53:44>解析：地址:11 11 11 11 11 11 控制码:D4 长度:01 数据标识: 数据:04
10-03-09 11:53:54>发送:68 11 11 11 11 11 11 68 14 2C 36 37 33 37 35 33 33 33 33 33 33 33 33 33 33 33 33 33 33 33 33 33 33 33 33 33 33 33 33 33 33 33 33 33 33 33 33 33 33 33 33 33 33 33 47 16
10-03-09 11:53:55>接收：68 11 11 11 11 11 11 68 D4 01 37 42 16
10-03-09 11:53:55>解析：地址:11 11 11 11 11 11 控制码:D4 长度:01 数据标识: 数据:04
10-03-09 11:54:24>发送:68 11 11 11 11 11 11 68 14 2C 36 37 33 37 35 33 33 33 33 33 33 33 33 33 33 33 33 33 33 33 33 33 33 33 33 33 33 33 33 33 33 33 33 33 33 33 33 33 33 33 33 33 33 33 47 16
10-03-09 11:55:24>发送:68 11 11 11 11 11 11 68 14 2C 36 37 33 37 35 33 33 33 33 33 33 33 33 33 33 33 33 33 33 33 33 33 33 33 33 33 33 33 33 33 33 33 33 33 33 33 33 33 33 33 33 33 33 33 47 16
10-03-09 11:56:38>发送:68 11 11 11 11 11 11 68 11 04 34 39 33 37 22 16
10-03-09 11:56:38>接收：68 11 11 11 11 11 11 68 91 05 34 39 33 37 34 D7 16
10-03-09 11:56:38>解析：地址:11 11 11 11 11 11 控制码:91 长度:05 数据标识:04 00 06 01 数据:01
10-03-09 11:56:55>发送:68 11 11 11 11 11 11 68 14 0D 34 39 33 37 37 44 44 44 33 33 33 33 38 35 16
10-03-09 11:56:55>接收：68 11 11 11 11 11 11 68 94 00 CA 16
10-03-09 11:56:55>解析：地址:11 11 11 11 11 11 控制码:94 长度:00 数据标识: 数据:
10-03-09 11:57:12>发送:68 11 11 11 11 11 11 68 11 04 34 39 33 37 22 16
10-03-09 11:57:12>接收：68 11 11 11 11 11 11 68 91 05 34 39 33 37 38 DB 16
10-03-09 11:57:12>解析：地址:11 11 11 11 11 11 控制码:91 长度:05 数据标识:04 00 06 01 数据:05
10-03-09 11:58:42>发送:68 11 11 11 11 11 11 68 11 04 35 3C 33 37 26 16
10-03-09 11:58:43>接收：68 11 11 11 11 11 11 68 91 05 35 3C 33 37 B6 5D 16
10-03-09 11:58:43>解析：地址:11 11 11 11 11 11 控制码:91 长度:05 数据标识:04 00 09 02 数据:83
10-03-09 11:58:57>发送:68 11 11 11 11 11 11 68 14 0D 35 3C 33 37 37 44 44 44 33 33 33 33 33 34 16
10-03-09 11:58:58>接收：68 11 11 11 11 11 11 68 94 00 CA 16
10-03-09 11:58:58>解析：地址:11 11 11 11 11 11 控制码:94 长度:00 数据标识: 数据:
10-03-09 11:59:03>发送:68 11 11 11 11 11 11 68 11 04 35 3C 33 37 26 16
10-03-09 11:59:04>接收：68 11 11 11 11 11 11 68 91 05 35 3C 33 37 33 DA 16
10-03-09 11:59:04>解析：地址:11 11 11 11 11 11 控制码:91 长度:05 数据标识:04 00 09 02 数据:00
10-03-09 11:59:15>发送:68 11 11 11 11 11 11 68 14 0D 35 3C 33 37 37 44 44 44 33 33 33 33 B6 B7 16
10-03-09 11:59:15>接收：68 11 11 11 11 11 11 68 94 00 CA 16
10-03-09 11:59:15>解析：地址:11 11 11 11 11 11 控制码:94 长度:00 数据标识: 数据:
10-03-09 11:59:19>发送:68 11 11 11 11 11 11 68 11 04 35 3C 33 37 26 16
10-03-09 11:59:19>接收：68 11 11 11 11 11 11 68 91 05 35 3C 33 37 B6 5D 16
10-03-09 11:59:19>解析：地址:11 11 11 11 11 11 控制码:91 长度:05 数据标识:04 00 09 02 数据:83
10-03-09 14:18:56>发送:68 11 11 11 11 11 11 68 03 20 32 33 33 3A 33 33 33 33 07 C2 38 91 2D D1 75 2F 94 6F B6 24 77 D9 9C A1 34 33 33 33 33 33 33 33 2E 16
10-03-09 14:18:57>接收：68 11 11 11 11 11 11 68 C3 02 37 33 65 16
10-03-09 14:18:57>解析：地址:11 11 11 11 11 11 控制码:C3 长度:02 数据标识: 数据:00 04
10-03-09 14:19:01>发送:68 11 11 11 11 11 11 68 03 20 32 33 33 3A 33 33 33 33 58 5B 16 04 88 D1 3B 55 DD 07 3D A2 28 4C F2 25 34 33 33 33 33 33 33 33 94 16
10-03-09 14:19:02>接收：68 11 11 11 11 11 11 68 83 10 32 33 33 3A 19 E3 DF C9 34 33 33 33 33 33 33 43 E8 16
10-03-09 14:19:02>解析：地址:11 11 11 11 11 11 控制码:83 长度:10 数据标识:07 00 00 FF 数据:E6 B0 AC 96 01 00 00 00 00 00 00 10
10-03-09 14:19:14>发送:68 11 11 11 11 11 11 68 03 20 32 33 33 3A 33 33 33 33 F0 A0 E8 A7 24 AB F5 96 6B BD 41 FC FE 18 3E 3E 34 33 33 33 33 33 33 33 00 16
10-03-09 14:19:15>接收：68 11 11 11 11 11 11 68 83 10 32 33 33 3A E5 B7 E8 F2 34 33 33 33 33 33 33 43 BA 16
10-03-09 14:19:15>解析：地址:11 11 11 11 11 11 控制码:83 长度:10 数据标识:07 00 00 FF 数据:B2 84 B5 BF 01 00 00 00 00 00 00 10
10-03-09 14:20:23>发送:68 11 11 11 11 11 11 68 11 04 34 35 33 37 1E 16
10-03-09 14:20:23>接收：68 11 11 11 11 11 11 68 91 05 34 35 33 37 44 E3 16
10-03-09 14:20:23>解析：地址:11 11 11 11 11 11 控制码:91 长度:05 数据标识:04 00 02 01 数据:11
10-03-09 14:20:43>发送:68 11 11 11 11 11 11 68 14 20 34 35 33 37 CB 44 44 44 33 33 33 33 B4 47 72 A2 7A D4 6E 53 74 3B C3 1C 14 6D 91 19 2E 64 AF C6 7E 16
10-03-09 14:20:44>接收：68 11 11 11 11 11 11 68 94 00 CA 16
10-03-09 14:20:44>解析：地址:11 11 11 11 11 11 控制码:94 长度:00 数据标识: 数据:
10-03-09 14:20:48>发送:68 11 11 11 11 11 11 68 11 04 34 35 33 37 1E 16
10-03-09 14:20:49>接收：68 11 11 11 11 11 11 68 91 05 34 35 33 37 44 E3 16
10-03-09 14:20:49>解析：地址:11 11 11 11 11 11 控制码:91 长度:05 数据标识:04 00 02 01 数据:11
10-03-09 14:20:59>发送:68 11 11 11 11 11 11 68 11 04 34 35 33 37 1E 16
10-03-09 14:21:00>接收：68 11 11 11 11 11 11 68 91 05 34 35 33 37 44 E3 16
10-03-09 14:21:00>解析：地址:11 11 11 11 11 11 控制码:91 长度:05 数据标识:04 00 02 01 数据:11
10-03-09 14:21:55>发送:68 11 11 11 11 11 11 68 14 20 34 35 33 37 CB 44 44 44 33 33 33 33 B4 47 72 A2 7A D4 6E 53 74 3B C3 1C 14 6D 91 19 2E 64 AF C6 7E 16
10-03-09 14:21:56>接收：68 11 11 11 11 11 11 68 94 00 CA 16
10-03-09 14:21:56>解析：地址:11 11 11 11 11 11 控制码:94 长度:00 数据标识: 数据:
10-03-09 14:22:02>发送:68 11 11 11 11 11 11 68 11 04 34 35 33 37 1E 16
10-03-09 14:22:03>接收：68 11 11 11 11 11 11 68 91 05 34 35 33 37 35 D4 16
10-03-09 14:22:03>解析：地址:11 11 11 11 11 11 控制码:91 长度:05 数据标识:04 00 02 01 数据:02
10-03-09 14:23:17>发送:68 11 11 11 11 11 11 68 14 20 34 35 33 37 CB 44 44 44 33 33 33 33 E5 09 32 75 88 3B 35 C2 7F 40 AB BB 3E 39 73 F7 66 41 F9 8C 21 16
10-03-09 14:23:18>接收：68 11 11 11 11 11 11 68 94 00 CA 16
10-03-09 14:23:18>解析：地址:11 11 11 11 11 11 控制码:94 长度:00 数据标识: 数据:
10-03-09 14:23:23>发送:68 11 11 11 11 11 11 68 11 04 34 35 33 37 1E 16
10-03-09 14:23:23>接收：68 11 11 11 11 11 11 68 91 05 34 35 33 37 44 E3 16
10-03-09 14:23:23>解析：地址:11 11 11 11 11 11 控制码:91 长度:05 数据标识:04 00 02 01 数据:11
10-03-09 14:23:37>发送:68 11 11 11 11 11 11 68 14 20 34 35 33 37 CB 44 44 44 33 33 33 33 B4 47 72 A2 7A D4 6E 53 74 3B C3 1C 14 6D 91 19 2E 64 AF C6 7E 16
10-03-09 14:23:38>接收：68 11 11 11 11 11 11 68 94 00 CA 16
10-03-09 14:23:38>解析：地址:11 11 11 11 11 11 控制码:94 长度:00 数据标识: 数据:
10-03-09 14:23:40>发送:68 11 11 11 11 11 11 68 11 04 33 33 34 33 18 16
10-03-09 14:23:41>接收：68 11 11 11 11 11 11 68 91 08 33 33 34 33 33 33 33 33 68 16
10-03-09 14:23:41>解析：地址:11 11 11 11 11 11 控制码:91 长度:08 数据标识:00 01 00 00 数据:00 00 00 00
10-03-09 14:23:45>发送:68 11 11 11 11 11 11 68 11 04 34 35 33 37 1E 16
10-03-09 14:23:45>接收：68 11 11 11 11 11 11 68 91 05 34 35 33 37 35 D4 16
10-03-09 14:23:45>解析：地址:11 11 11 11 11 11 控制码:91 长度:05 数据标识:04 00 02 01 数据:02
10-03-09 14:24:23>发送:68 11 11 11 11 11 11 68 11 04 33 33 34 33 18 16
10-03-09 14:24:23>接收：68 11 11 11 11 11 11 68 91 08 33 33 34 33 33 33 33 33 68 16
10-03-09 14:24:23>解析：地址:11 11 11 11 11 11 控制码:91 长度:08 数据标识:00 01 00 00 数据:00 00 00 00
10-03-09 14:24:27>发送:68 11 11 11 11 11 11 68 11 04 34 35 33 37 1E 16
10-03-09 14:24:27>接收：68 11 11 11 11 11 11 68 91 05 34 35 33 37 35 D4 16
10-03-09 14:24:27>解析：地址:11 11 11 11 11 11 控制码:91 长度:05 数据标识:04 00 02 01 数据:02
10-03-09 14:24:43>发送:68 11 11 11 11 11 11 68 14 20 34 35 33 37 CB 44 44 44 33 33 33 33 E5 09 32 75 88 3B 35 C2 7F 40 AB BB 3E 39 73 F7 66 41 F9 8C 21 16
10-03-09 14:24:43>接收：68 11 11 11 11 11 11 68 D4 02 37 33 76 16
10-03-09 14:24:43>解析：地址:11 11 11 11 11 11 控制码:D4 长度:02 数据标识: 数据:00 04
10-03-09 14:24:53>发送:68 11 11 11 11 11 11 68 14 20 34 35 33 37 CB 44 44 44 33 33 33 33 E5 09 32 75 88 3B 35 C2 7F 40 AB BB 3E 39 73 F7 66 41 F9 8C 21 16
10-03-09 14:24:54>接收：68 11 11 11 11 11 11 68 94 00 CA 16
10-03-09 14:24:54>解析：地址:11 11 11 11 11 11 控制码:94 长度:00 数据标识: 数据:
10-03-09 14:25:15>发送:68 11 11 11 11 11 11 68 11 04 34 35 33 37 1E 16
10-03-09 14:25:15>接收：68 11 11 11 11 11 11 68 91 05 34 35 33 37 44 E3 16
10-03-09 14:25:15>解析：地址:11 11 11 11 11 11 控制码:91 长度:05 数据标识:04 00 02 01 数据:11
10-03-09 14:25:28>发送:68 11 11 11 11 11 11 68 14 20 34 35 33 37 CB 44 44 44 33 33 33 33 B4 47 72 A2 7A D4 6E 53 74 3B C3 1C 14 6D 91 19 2E 64 AF C6 7E 16
10-03-09 14:25:29>接收：68 11 11 11 11 11 11 68 94 00 CA 16
10-03-09 14:25:29>解析：地址:11 11 11 11 11 11 控制码:94 长度:00 数据标识: 数据:
10-03-09 14:25:36>发送:68 11 11 11 11 11 11 68 11 04 34 35 33 37 1E 16
10-03-09 14:25:36>接收：68 11 11 11 11 11 11 68 91 05 34 35 33 37 35 D4 16
10-03-09 14:25:36>解析：地址:11 11 11 11 11 11 控制码:91 长度:05 数据标识:04 00 02 01 数据:02
