10-04-14 14:49:12>发送:68 AA AA AA AA AA AA 68 13 00 DF 16
10-04-14 14:49:30>发送:68 AA AA AA AA AA AA 68 13 00 DF 16
10-04-14 14:49:30>接收：68 11 11 11 11 11 11 68 93 06 44 44 44 44 44 44 67 16
10-04-14 14:49:30>解析：地址:11 11 11 11 11 11 控制码:93 长度:06 数据标识: 数据:11 11 11 11 11 11
10-04-14 14:50:06>发送:68 11 11 11 11 11 11 68 11 04 34 36 33 37 1F 16
10-04-14 14:50:07>接收：68 11 11 11 11 11 11 68 91 05 34 36 33 37 38 D8 16
10-04-14 14:50:07>解析：地址:11 11 11 11 11 11 控制码:91 长度:05 数据标识:04 00 03 01 数据:05
10-04-14 14:52:53>发送:68 11 11 11 11 11 11 68 14 10 34 34 33 37 37 44 44 44 33 33 33 33 36 47 37 43 F2 16
10-04-14 14:52:53>接收：68 11 11 11 11 11 11 68 D4 01 37 42 16
10-04-14 14:52:53>解析：地址:11 11 11 11 11 11 控制码:D4 长度:01 数据标识: 数据:04
10-04-14 14:53:07>发送:68 11 11 11 11 11 11 68 14 10 34 34 33 37 35 33 33 33 33 33 33 33 36 47 37 43 BD 16
10-04-14 14:53:07>接收：68 11 11 11 11 11 11 68 D4 01 37 42 16
10-04-14 14:53:07>解析：地址:11 11 11 11 11 11 控制码:D4 长度:01 数据标识: 数据:04
10-04-14 14:53:19>发送:68 11 11 11 11 11 11 68 14 10 34 34 33 37 35 33 33 33 33 33 33 33 36 47 37 43 BD 16
10-04-14 14:53:20>接收：68 11 11 11 11 11 11 68 D4 01 37 42 16
10-04-14 14:53:20>解析：地址:11 11 11 11 11 11 控制码:D4 长度:01 数据标识: 数据:04
10-04-14 14:55:01>发送:68 11 11 11 11 11 11 68 14 10 34 34 33 37 35 44 44 44 33 33 33 33 36 47 37 43 F0 16
10-04-14 14:55:01>接收：68 11 11 11 11 11 11 68 D4 01 37 42 16
10-04-14 14:55:01>解析：地址:11 11 11 11 11 11 控制码:D4 长度:01 数据标识: 数据:04
10-04-14 14:55:16>发送:68 11 11 11 11 11 11 68 14 10 34 34 33 37 35 33 33 33 33 33 33 33 36 47 37 43 BD 16
10-04-14 14:55:16>接收：68 11 11 11 11 11 11 68 D4 01 37 42 16
10-04-14 14:55:16>解析：地址:11 11 11 11 11 11 控制码:D4 长度:01 数据标识: 数据:04
10-04-14 14:55:31>发送:68 11 11 11 11 11 11 68 14 10 34 34 33 37 37 44 44 44 33 33 33 33 36 47 37 43 F2 16
10-04-14 14:55:31>接收：68 11 11 11 11 11 11 68 D4 01 37 42 16
10-04-14 14:55:31>解析：地址:11 11 11 11 11 11 控制码:D4 长度:01 数据标识: 数据:04
10-04-14 14:57:08>发送:68 11 11 11 11 11 11 68 03 20 32 33 33 3A 33 33 33 33 E4 0D EC C4 CF 36 CC 2B A1 73 3F 00 B7 03 E2 51 34 33 33 33 33 33 33 33 6D 16
10-04-14 14:57:09>接收：68 11 11 11 11 11 11 68 83 10 32 33 33 3A 65 43 4C 1D 34 33 33 33 33 33 33 43 55 16
10-04-14 14:57:09>解析：地址:11 11 11 11 11 11 控制码:83 长度:10 数据标识:07 00 00 FF 数据:32 10 19 EA 01 00 00 00 00 00 00 10
