10-03-15 10:14:08>发送:68 11 11 11 11 11 11 68 1B 0C 35 33 33 33 33 33 33 33 32 32 32 32 BF 16
10-03-15 10:14:11>接收：68 11 11 11 11 11 11 68 9B 00 D1 16
10-03-15 10:14:11>解析：地址:11 11 11 11 11 11 控制码:9B 长度:00 数据标识: 数据:
10-03-15 10:14:55>发送:68 11 11 11 11 11 11 68 11 04 33 33 34 33 18 16
10-03-15 10:14:55>接收：68 11 11 11 11 11 11 68 91 08 33 33 34 33 33 33 33 33 68 16
10-03-15 10:14:55>解析：地址:11 11 11 11 11 11 控制码:91 长度:08 数据标识:00 01 00 00 数据:00 00 00 00
10-03-15 10:15:03>发送:68 11 11 11 11 11 11 68 11 04 33 34 63 36 4B 16
10-03-15 10:15:03>接收：68 11 11 11 11 11 11 68 91 07 33 34 63 36 33 33 33 67 16
10-03-15 10:15:03>解析：地址:11 11 11 11 11 11 控制码:91 长度:07 数据标识:03 30 01 00 数据:00 00 00
10-03-15 10:15:11>发送:68 11 11 11 11 11 11 68 11 04 33 36 63 36 4D 16
10-03-15 10:15:11>接收：68 11 11 11 11 11 11 68 91 07 33 36 63 36 34 33 33 6A 16
10-03-15 10:15:11>解析：地址:11 11 11 11 11 11 控制码:91 长度:07 数据标识:03 30 03 00 数据:00 00 01
10-03-15 10:15:15>发送:68 11 11 11 11 11 11 68 11 04 34 36 63 36 4E 16
10-03-15 10:15:15>接收：68 11 11 11 11 11 11 68 91 12 34 36 63 36 3A 47 43 48 36 43 33 33 33 33 32 32 32 32 F5 16
10-03-15 10:15:15>解析：地址:11 11 11 11 11 11 控制码:91 长度:12 数据标识:03 30 03 01 数据:FF FF FF FF 00 00 00 00 10 03 15 10 14 07
10-03-15 11:49:27>发送:68 11 11 11 11 11 11 68 1A 08 35 33 33 33 33 33 33 33 F2 16
10-03-15 11:49:31>接收：68 11 11 11 11 11 11 68 9A 00 D0 16
10-03-15 11:49:31>解析：地址:11 11 11 11 11 11 控制码:9A 长度:00 数据标识: 数据:
10-03-15 11:50:25>发送:68 11 11 11 11 11 11 68 11 04 33 34 63 36 4B 16
10-03-15 11:50:25>接收：68 11 11 11 11 11 11 68 91 07 33 34 63 36 34 33 33 68 16
10-03-15 11:50:25>解析：地址:11 11 11 11 11 11 控制码:91 长度:07 数据标识:03 30 01 00 数据:00 00 01
10-03-15 11:55:36>发送:68 11 11 11 11 11 11 68 11 04 33 33 63 36 4A 16
10-03-15 11:55:36>接收：68 11 11 11 11 11 11 68 91 07 33 33 63 36 33 33 33 66 16
10-03-15 11:55:36>解析：地址:11 11 11 11 11 11 控制码:91 长度:07 数据标识:03 30 00 00 数据:00 00 00
10-03-15 11:55:50>发送:68 11 11 11 11 11 11 68 11 04 34 33 63 36 4B 16
10-03-15 11:55:50>接收：68 11 11 11 11 11 11 68 91 36 34 33 63 36 33 33 33 33 33 33 33 33 33 33 33 33 33 33 33 33 33 33 33 33 33 33 33 33 33 33 33 33 33 33 33 33 33 33 33 33 33 33 33 33 33 33 33 33 33 33 33 33 33 33 F3 16
10-03-15 11:55:50>解析：地址:11 11 11 11 11 11 控制码:91 长度:36 数据标识:03 30 00 01 数据:00 00 00 00 00 00 00 00 00 00 00 00 00 00 00 00 00 00 00 00 00 00 00 00 00 00 00 00 00 00 00 00 00 00 00 00 00 00 00 00 00 00 00 00 00 00 00 00 00 00
10-03-15 11:57:09>发送:68 11 11 11 11 11 11 68 14 0D 36 36 33 37 37 33 33 33 33 33 33 33 36 FF 16
10-03-15 11:57:10>接收：68 11 11 11 11 11 11 68 D4 01 37 42 16
10-03-15 11:57:10>解析：地址:11 11 11 11 11 11 控制码:D4 长度:01 数据标识: 数据:04
10-03-15 11:57:19>发送:68 11 11 11 11 11 11 68 14 0D 36 36 33 37 37 44 44 44 33 33 33 33 36 32 16
10-03-15 11:57:20>接收：68 11 11 11 11 11 11 68 94 00 CA 16
10-03-15 11:57:20>解析：地址:11 11 11 11 11 11 控制码:94 长度:00 数据标识: 数据:
10-03-15 11:57:34>发送:68 11 11 11 11 11 11 68 14 0D 36 36 33 37 37 33 33 33 33 33 33 33 35 FE 16
10-03-15 11:57:35>接收：68 11 11 11 11 11 11 68 D4 01 37 42 16
10-03-15 11:57:35>解析：地址:11 11 11 11 11 11 控制码:D4 长度:01 数据标识: 数据:04
10-03-15 11:57:41>发送:68 11 11 11 11 11 11 68 14 0D 36 36 33 37 37 44 44 44 33 33 33 33 35 31 16
10-03-15 11:57:41>接收：68 11 11 11 11 11 11 68 94 00 CA 16
10-03-15 11:57:41>解析：地址:11 11 11 11 11 11 控制码:94 长度:00 数据标识: 数据:
10-03-15 11:58:02>发送:68 11 11 11 11 11 11 68 11 04 33 33 63 36 4A 16
10-03-15 11:58:02>接收：68 11 11 11 11 11 11 68 91 07 33 33 63 36 34 33 33 67 16
10-03-15 11:58:02>解析：地址:11 11 11 11 11 11 控制码:91 长度:07 数据标识:03 30 00 00 数据:00 00 01
10-03-15 11:58:06>发送:68 11 11 11 11 11 11 68 11 04 34 33 63 36 4B 16
10-03-15 11:58:06>接收：68 11 11 11 11 11 11 68 91 36 34 33 63 36 7C 8A 44 48 36 43 33 33 33 33 36 36 33 37 36 36 33 37 32 32 32 32 32 32 32 32 32 32 32 32 32 32 32 32 32 32 32 32 32 32 32 32 32 32 32 32 32 32 32 32 C0 16
10-03-15 11:58:06>解析：地址:11 11 11 11 11 11 控制码:91 长度:36 数据标识:03 30 00 01 数据:FF FF FF FF FF FF FF FF FF FF FF FF FF FF FF FF FF FF FF FF FF FF FF FF FF FF FF FF FF FF FF FF 04 00 03 03 04 00 03 03 00 00 00 00 10 03 15 11 57 49
10-03-15 13:43:08>发送:68 11 11 11 11 11 11 68 11 04 33 33 33 33 17 16
10-03-15 13:43:09>接收：49 AF AF AF AF AF EF D2 F7 E6 E6 E6 E6 F4 3A
10-03-15 13:43:15>接收：01
10-03-15 13:43:15>接收：00 00 04 00 00 00 00 04 00 04 00 84 E8 AD 00 00 7F
