10-03-04 10:40:26>发送:68 11 11 11 11 11 11 68 11 04 34 39 33 37 22 16
10-03-04 10:40:27>接收：68 11 11 11 11 11 11 68 91 05 34 39 33 37 34 D7 16
10-03-04 10:40:27>解析：地址:11 11 11 11 11 11 控制码:91 长度:05 数据标识:04 00 06 01 数据:01
10-03-04 10:40:40>发送:68 11 11 11 11 11 11 68 11 04 34 39 33 37 22 16
10-03-04 10:40:41>接收：68 11 11 11 11 11 11 68 91 05 34 39 33 37 34 D7 16
10-03-04 10:40:41>解析：地址:11 11 11 11 11 11 控制码:91 长度:05 数据标识:04 00 06 01 数据:01
10-03-04 10:41:03>发送:68 11 11 11 11 11 11 68 11 04 35 39 33 37 23 16
10-03-04 10:41:04>接收：68 11 11 11 11 11 11 68 D1 01 35 3D 16
10-03-04 10:41:04>解析：地址:11 11 11 11 11 11 控制码:D1 长度:01 数据标识: 数据:02
10-03-04 10:41:11>发送:68 11 11 11 11 11 11 68 11 04 36 39 33 37 24 16
10-03-04 10:41:11>接收：68 11 11 11 11 11 11 68 D1 01 35 3D 16
10-03-04 10:41:11>解析：地址:11 11 11 11 11 11 控制码:D1 长度:01 数据标识: 数据:02
10-03-04 10:41:20>发送:68 11 11 11 11 11 11 68 11 04 34 39 33 37 22 16
10-03-04 10:41:21>接收：68 11 11 11 11 11 11 68 91 05 34 39 33 37 34 D7 16
10-03-04 10:41:21>解析：地址:11 11 11 11 11 11 控制码:91 长度:05 数据标识:04 00 06 01 数据:01
10-03-04 15:11:51>发送:68 11 11 11 11 11 11 68 11 04 34 39 33 37 22 16
10-03-04 15:12:07>发送:68 11 11 11 11 11 11 68 11 04 34 39 33 37 22 16
10-03-04 15:12:28>发送:68 AA AA AA AA AA AA 68 13 00 DF 16
10-03-04 15:12:28>接收：68 11 11 11 11 11 11 68 93 06 44 44 44 44 44 44 67 16
10-03-04 15:12:28>解析：地址:11 11 11 11 11 11 控制码:93 长度:06 数据标识: 数据:11 11 11 11 11 11
10-03-04 15:12:57>发送:68 11 11 11 11 11 11 68 11 04 34 3E 33 37 27 16
10-03-04 15:12:57>接收：68 11 11 11 11 11 11 68 91 06 34 3E 33 37 33 37 13 16
10-03-04 15:12:57>解析：地址:11 11 11 11 11 11 控制码:91 长度:06 数据标识:04 00 0B 01 数据:04 00
10-03-04 15:13:13>发送:68 11 11 11 11 11 11 68 11 04 34 39 33 37 22 16
10-03-04 15:13:14>接收：68 11 11 11 11 11 11 68 91 05 34 39 33 37 34 D7 16
10-03-04 15:13:14>解析：地址:11 11 11 11 11 11 控制码:91 长度:05 数据标识:04 00 06 01 数据:01
10-03-04 15:28:01>发送:68 11 11 11 11 11 11 68 11 04 36 3E 33 37 29 16
10-03-04 15:58:14>发送:68 11 11 11 11 11 11 68 1B 0C 35 44 44 44 33 33 33 33 32 32 32 32 F2 16
10-03-04 15:58:14>接收：68 11 11 11 11 11 11 68 DB 01 37 49 16
10-03-04 15:58:14>解析：地址:11 11 11 11 11 11 控制码:DB 长度:01 数据标识: 数据:04
10-03-04 15:58:29>发送:68 11 11 11 11 11 11 68 1B 0C 35 33 33 33 33 33 33 33 32 32 32 32 BF 16
10-03-04 16:04:48>发送:68 11 11 11 11 11 11 68 1B 0C 35 33 33 33 33 33 33 33 32 32 32 32 BF 16
10-03-04 16:05:12>发送:68 11 11 11 11 11 11 68 1B 0C 35 33 33 33 33 33 33 33 32 32 32 32 BF 16
10-03-04 16:07:15>发送:68 11 11 11 11 11 11 68 14 0E 34 3E 33 37 37 44 44 44 33 33 33 33 45 4A 92 16
10-03-04 16:07:15>接收：68 11 11 11 11 11 11 68 94 00 CA 16
10-03-04 16:07:15>解析：地址:11 11 11 11 11 11 控制码:94 长度:00 数据标识: 数据:
10-03-04 16:08:28>发送:68 11 11 11 11 11 11 68 1B 0C 35 44 44 44 33 33 33 33 32 32 32 32 F2 16
10-03-04 16:08:28>接收：68 11 11 11 11 11 11 68 DB 01 37 49 16
10-03-04 16:08:28>解析：地址:11 11 11 11 11 11 控制码:DB 长度:01 数据标识: 数据:04
10-03-04 16:08:35>发送:68 11 11 11 11 11 11 68 1B 0C 35 33 33 33 33 33 33 33 32 32 32 32 BF 16
10-03-04 16:08:35>接收：68 11 11 11 11 11 11 68 9B 00 D1 16
10-03-04 16:08:35>解析：地址:11 11 11 11 11 11 控制码:9B 长度:00 数据标识: 数据:
10-03-04 16:09:01>发送:68 11 11 11 11 11 11 68 1A 08 35 44 44 44 33 33 33 33 25 16
10-03-04 16:09:01>接收：68 11 11 11 11 11 11 68 DA 01 37 48 16
10-03-04 16:09:01>解析：地址:11 11 11 11 11 11 控制码:DA 长度:01 数据标识: 数据:04
10-03-04 16:09:07>发送:68 11 11 11 11 11 11 68 1A 08 35 33 33 33 33 33 33 33 F2 16
10-03-04 16:10:19>发送:68 11 11 11 11 11 11 68 1A 08 35 44 44 44 33 33 33 33 25 16
10-03-04 16:10:19>接收：68 11 11 11 11 11 11 68 DA 01 37 48 16
10-03-04 16:10:19>解析：地址:11 11 11 11 11 11 控制码:DA 长度:01 数据标识: 数据:04
10-03-04 16:10:25>发送:68 11 11 11 11 11 11 68 1A 08 35 33 33 33 33 33 33 33 F2 16
10-03-04 16:10:25>接收：68 11 11 11 11 11 11 68 9A 00 D0 16
10-03-04 16:10:25>解析：地址:11 11 11 11 11 11 控制码:9A 长度:00 数据标识: 数据:
10-03-04 16:10:37>发送:68 11 11 11 11 11 11 68 1B 0C 35 44 44 44 33 33 33 33 32 32 32 32 F2 16
10-03-04 16:10:38>接收：68 11 11 11 11 11 11 68 DB 01 37 49 16
10-03-04 16:10:38>解析：地址:11 11 11 11 11 11 控制码:DB 长度:01 数据标识: 数据:04
10-03-04 16:10:47>发送:68 11 11 11 11 11 11 68 1B 0C 35 33 33 33 33 33 33 33 32 32 32 32 BF 16
10-03-04 16:10:47>接收：68 11 11 11 11 11 11 68 9B 00 D1 16
10-03-04 16:10:47>解析：地址:11 11 11 11 11 11 控制码:9B 长度:00 数据标识: 数据:
10-03-04 16:10:54>发送:68 11 11 11 11 11 11 68 1B 0C 35 33 33 33 33 33 33 33 32 32 32 32 BF 16
10-03-04 16:10:55>接收：68 11 11 11 11 11 11 68 9B 00 D1 16
10-03-04 16:10:55>解析：地址:11 11 11 11 11 11 控制码:9B 长度:00 数据标识: 数据:
10-03-04 16:24:04>发送:68 11 11 11 11 11 11 68 1B 0C 35 44 44 44 33 33 33 33 32 32 32 32 F2 16
10-03-04 16:24:05>接收：68 11 11 11 11 11 11 68 DB 01 37 49 16
10-03-04 16:24:05>解析：地址:11 11 11 11 11 11 控制码:DB 长度:01 数据标识: 数据:04
10-03-04 16:24:10>发送:68 11 11 11 11 11 11 68 1B 0C 35 33 33 33 33 33 33 33 32 32 32 32 BF 16
10-03-04 16:24:13>接收：68 11 11 11 11 11 11 68 9B 00 D1 16
10-03-04 16:24:13>解析：地址:11 11 11 11 11 11 控制码:9B 长度:00 数据标识: 数据:
10-03-04 16:24:17>发送:68 11 11 11 11 11 11 68 1A 08 35 44 44 44 33 33 33 33 25 16
10-03-04 16:24:17>接收：68 11 11 11 11 11 11 68 DA 01 37 48 16
10-03-04 16:24:17>解析：地址:11 11 11 11 11 11 控制码:DA 长度:01 数据标识: 数据:04
10-03-04 16:24:22>发送:68 11 11 11 11 11 11 68 1A 08 35 33 33 33 33 33 33 33 F2 16
10-03-04 16:24:45>发送:68 11 11 11 11 11 11 68 1A 08 35 44 44 44 33 33 33 33 25 16
10-03-04 16:24:45>接收：68 11 11 11 11 11 11 68 DA 01 37 48 16
10-03-04 16:24:45>解析：地址:11 11 11 11 11 11 控制码:DA 长度:01 数据标识: 数据:04
10-03-04 16:24:51>发送:68 11 11 11 11 11 11 68 1A 08 35 33 33 33 33 33 33 33 F2 16
10-03-04 16:25:13>发送:68 11 11 11 11 11 11 68 1B 0C 35 44 44 44 33 33 33 33 32 32 32 32 F2 16
10-03-04 16:25:13>接收：68 11 11 11 11 11 11 68 DB 01 37 49 16
10-03-04 16:25:13>解析：地址:11 11 11 11 11 11 控制码:DB 长度:01 数据标识: 数据:04
10-03-04 16:25:26>发送:68 11 11 11 11 11 11 68 1B 0C 35 33 33 33 33 33 33 33 32 32 32 32 BF 16
10-03-04 16:25:30>接收：68 11 11 11 11 11 11 68 9B 00 D1 16
10-03-04 16:25:30>解析：地址:11 11 11 11 11 11 控制码:9B 长度:00 数据标识: 数据:
10-03-04 16:25:32>发送:68 11 11 11 11 11 11 68 1A 08 35 33 33 33 33 33 33 33 F2 16
10-03-04 16:27:54>发送:68 11 11 11 11 11 11 68 1B 0C 35 33 33 33 33 33 33 33 32 32 32 32 BF 16
10-03-04 16:27:57>接收：68 11 11 11 11 11 11 68 9B 00 D1 16
10-03-04 16:27:57>解析：地址:11 11 11 11 11 11 控制码:9B 长度:00 数据标识: 数据:
10-03-04 16:28:00>发送:68 11 11 11 11 11 11 68 1A 08 35 33 33 33 33 33 33 33 F2 16
10-03-04 16:29:26>发送:68 11 11 11 11 11 11 68 1A 08 35 33 33 33 33 33 33 33 F2 16
10-03-04 16:32:58>发送:68 11 11 11 11 11 11 68 1B 0C 35 33 33 33 33 33 33 33 32 32 32 32 BF 16
10-03-04 16:33:01>接收：68 11 11 11 11 11 11 68 9B 00 D1 16
10-03-04 16:33:01>解析：地址:11 11 11 11 11 11 控制码:9B 长度:00 数据标识: 数据:
10-03-04 16:33:04>发送:68 11 11 11 11 11 11 68 1A 08 35 33 33 33 33 33 33 33 F2 16
10-03-04 16:35:18>发送:68 11 11 11 11 11 11 68 1B 0C 35 33 33 33 33 33 33 33 32 32 32 32 BF 16
10-03-04 16:35:22>接收：68 11 11 11 11 11 11 68 9B 00 D1 16
10-03-04 16:35:22>解析：地址:11 11 11 11 11 11 控制码:9B 长度:00 数据标识: 数据:
10-03-04 16:35:24>发送:68 11 11 11 11 11 11 68 1A 08 35 33 33 33 33 33 33 33 F2 16
10-03-04 16:37:32>发送:68 11 11 11 11 11 11 68 1B 0C 35 33 33 33 33 33 33 33 32 32 32 32 BF 16
10-03-04 16:37:35>接收：68 11 11 11 11 11 11 68 9B 00 D1 16
10-03-04 16:37:35>解析：地址:11 11 11 11 11 11 控制码:9B 长度:00 数据标识: 数据:
10-03-04 16:37:38>发送:68 11 11 11 11 11 11 68 1A 08 35 33 33 33 33 33 33 33 F2 16
10-03-04 16:41:37>发送:68 11 11 11 11 11 11 68 1B 0C 35 33 33 33 33 33 33 33 32 32 32 32 BF 16
10-03-04 16:41:41>接收：68 11 11 11 11 11 11 68 9B 00 D1 16
10-03-04 16:41:41>解析：地址:11 11 11 11 11 11 控制码:9B 长度:00 数据标识: 数据:
10-03-04 16:41:44>发送:68 11 11 11 11 11 11 68 1A 08 35 33 33 33 33 33 33 33 F2 16
10-03-04 16:41:44>接收：68 11 11 11 11 11 11 68 9A 00 D0 16
10-03-04 16:41:44>解析：地址:11 11 11 11 11 11 控制码:9A 长度:00 数据标识: 数据:
10-03-04 16:43:29>发送:68 11 11 11 11 11 11 68 1B 0C 35 33 33 33 33 33 33 33 32 32 32 32 BF 16
10-03-04 16:43:33>接收：68 11 11 11 11 11 11 68 9B 00 D1 16
10-03-04 16:43:33>解析：地址:11 11 11 11 11 11 控制码:9B 长度:00 数据标识: 数据:
10-03-04 16:43:35>发送:68 11 11 11 11 11 11 68 1A 08 35 33 33 33 33 33 33 33 F2 16
10-03-04 16:43:36>接收：68 11 11 11 11 11 11 68 9A 00 D0 16
10-03-04 16:43:36>解析：地址:11 11 11 11 11 11 控制码:9A 长度:00 数据标识: 数据:
10-03-04 16:43:38>发送:68 11 11 11 11 11 11 68 1A 08 35 33 33 33 33 33 33 33 F2 16
10-03-04 16:43:39>接收：68 11 11 11 11 11 11 68 9A 00 D0 16
10-03-04 16:43:39>解析：地址:11 11 11 11 11 11 控制码:9A 长度:00 数据标识: 数据:
10-03-04 16:47:34>发送:68 11 11 11 11 11 11 68 1A 08 35 33 33 33 33 33 33 33 F2 16
10-03-04 16:47:38>接收：68 11 11 11 11 11 11 68 9A 00 D0 16
10-03-04 16:47:38>解析：地址:11 11 11 11 11 11 控制码:9A 长度:00 数据标识: 数据:
10-03-04 16:47:41>发送:68 11 11 11 11 11 11 68 1A 08 35 33 33 33 33 33 33 33 F2 16
10-03-04 16:47:45>接收：68 11 11 11 11 11 11 68 9A 00 D0 16
10-03-04 16:47:45>解析：地址:11 11 11 11 11 11 控制码:9A 长度:00 数据标识: 数据:
10-03-04 16:47:47>发送:68 11 11 11 11 11 11 68 1B 0C 35 33 33 33 33 33 33 33 32 32 32 32 BF 16
10-03-04 16:47:50>接收：68 11 11 11 11 11 11 68 9B 00 D1 16
10-03-04 16:47:50>解析：地址:11 11 11 11 11 11 控制码:9B 长度:00 数据标识: 数据:
10-03-04 16:47:53>发送:68 11 11 11 11 11 11 68 1B 0C 35 33 33 33 33 33 33 33 32 32 32 32 BF 16
10-03-04 16:48:06>发送:68 11 11 11 11 11 11 68 1A 08 35 33 33 33 33 33 33 33 F2 16
10-03-04 16:48:10>接收：68 11 11 11 11 11 11 68 9A 00 D0 16
10-03-04 16:48:10>解析：地址:11 11 11 11 11 11 控制码:9A 长度:00 数据标识: 数据:
10-03-04 16:50:08>发送:68 11 11 11 11 11 11 68 14 0F 35 34 33 37 37 33 33 33 AB 89 67 45 78 7C 49 19 16
10-03-04 16:50:08>接收：68 11 11 11 11 11 11 68 D4 01 37 42 16
10-03-04 16:50:08>解析：地址:11 11 11 11 11 11 控制码:D4 长度:01 数据标识: 数据:04
10-03-04 16:51:42>发送:68 11 11 11 11 11 11 68 11 04 33 33 44 36 2B 16
10-03-04 16:51:42>接收：68 11 11 11 11 11 11 68 91 07 33 33 44 36 33 33 33 47 16
10-03-04 16:51:42>解析：地址:11 11 11 11 11 11 控制码:91 长度:07 数据标识:03 11 00 00 数据:00 00 00
10-03-04 16:51:48>发送:68 11 11 11 11 11 11 68 1B 0C 35 33 33 33 33 33 33 33 32 32 32 32 BF 16
10-03-04 16:51:51>接收：68 11 11 11 11 11 11 68 9B 00 D1 16
10-03-04 16:51:51>解析：地址:11 11 11 11 11 11 控制码:9B 长度:00 数据标识: 数据:
10-03-04 16:51:53>发送:68 11 11 11 11 11 11 68 1A 08 35 33 33 33 33 33 33 33 F2 16
10-03-04 16:51:57>接收：68 11 11 11 11 11 11 68 9A 00 D0 16
10-03-04 16:51:57>解析：地址:11 11 11 11 11 11 控制码:9A 长度:00 数据标识: 数据:
10-03-04 16:53:02>发送:68 11 11 11 11 11 11 68 1C 10 35 33 33 33 33 33 33 33 4D 33 33 88 49 37 36 43 30 16
10-03-04 16:53:03>接收：68 11 11 11 11 11 11 68 9C 00 D2 16
10-03-04 16:53:03>解析：地址:11 11 11 11 11 11 控制码:9C 长度:00 数据标识: 数据:
10-03-04 16:53:08>发送:68 11 11 11 11 11 11 68 1C 10 35 33 33 33 33 33 33 33 6D 33 33 88 49 37 36 43 50 16
10-03-04 16:53:09>接收：68 11 11 11 11 11 11 68 9C 00 D2 16
10-03-04 16:53:09>解析：地址:11 11 11 11 11 11 控制码:9C 长度:00 数据标识: 数据:
10-03-04 16:53:11>发送:68 11 11 11 11 11 11 68 1C 10 35 33 33 33 33 33 33 33 6E 33 33 88 49 37 36 43 51 16
10-03-04 16:53:12>接收：68 11 11 11 11 11 11 68 9C 00 D2 16
10-03-04 16:53:12>解析：地址:11 11 11 11 11 11 控制码:9C 长度:00 数据标识: 数据:
10-03-04 16:53:30>发送:68 11 11 11 11 11 11 68 11 04 34 33 33 50 35 16
10-03-04 16:53:30>接收：68 11 11 11 11 11 11 68 91 07 34 33 33 50 34 33 33 52 16
10-03-04 16:53:30>解析：地址:11 11 11 11 11 11 控制码:91 长度:07 数据标识:1D 00 00 01 数据:00 00 01
10-03-04 16:53:58>发送:68 11 11 11 11 11 11 68 11 04 34 33 33 50 35 16
10-03-04 16:53:58>接收：68 11 11 11 11 11 11 68 91 07 34 33 33 50 33 33 33 51 16
10-03-04 16:53:58>解析：地址:11 11 11 11 11 11 控制码:91 长度:07 数据标识:1D 00 00 01 数据:00 00 00
10-03-04 16:54:00>发送:68 11 11 11 11 11 11 68 11 04 34 33 33 50 35 16
10-03-04 16:54:00>接收：68 11 11 11 11 11 11 68 91 07 34 33 33 50 33 33 33 51 16
10-03-04 16:54:00>解析：地址:11 11 11 11 11 11 控制码:91 长度:07 数据标识:1D 00 00 01 数据:00 00 00
10-03-04 16:54:01>发送:68 11 11 11 11 11 11 68 11 04 34 33 33 50 35 16
10-03-04 16:54:01>接收：68 11 11 11 11 11 11 68 91 07 34 33 33 50 33 33 33 51 16
10-03-04 16:54:01>解析：地址:11 11 11 11 11 11 控制码:91 长度:07 数据标识:1D 00 00 01 数据:00 00 00
10-03-04 16:54:02>发送:68 11 11 11 11 11 11 68 11 04 34 33 33 50 35 16
10-03-04 16:54:03>接收：68 11 11 11 11 11 11 68 91 07 34 33 33 50 33 33 33 51 16
10-03-04 16:54:03>解析：地址:11 11 11 11 11 11 控制码:91 长度:07 数据标识:1D 00 00 01 数据:00 00 00
10-03-04 16:54:03>发送:68 11 11 11 11 11 11 68 11 04 34 33 33 50 35 16
10-03-04 16:54:03>接收：68 11 11 11 11 11 11 68 91 07 34 33 33 50 33 33 33 51 16
10-03-04 16:54:03>解析：地址:11 11 11 11 11 11 控制码:91 长度:07 数据标识:1D 00 00 01 数据:00 00 00
10-03-04 16:54:04>发送:68 11 11 11 11 11 11 68 11 04 34 33 33 50 35 16
10-03-04 16:54:04>接收：68 11 11 11 11 11 11 68 91 07 34 33 33 50 33 33 33 51 16
10-03-04 16:54:04>解析：地址:11 11 11 11 11 11 控制码:91 长度:07 数据标识:1D 00 00 01 数据:00 00 00
10-03-04 16:54:04>发送:68 11 11 11 11 11 11 68 11 04 34 33 33 50 35 16
10-03-04 16:54:05>接收：68 11 11 11 11 11 11 68 91 07 34 33 33 50 33 33 33 51 16
10-03-04 16:54:05>解析：地址:11 11 11 11 11 11 控制码:91 长度:07 数据标识:1D 00 00 01 数据:00 00 00
10-03-04 16:54:05>发送:68 11 11 11 11 11 11 68 11 04 34 33 33 50 35 16
10-03-04 16:54:06>接收：68 11 11 11 11 11 11 68 91 07 34 33 33 50 33 33 33 51 16
10-03-04 16:54:06>解析：地址:11 11 11 11 11 11 控制码:91 长度:07 数据标识:1D 00 00 01 数据:00 00 00
10-03-04 16:54:06>发送:68 11 11 11 11 11 11 68 11 04 34 33 33 50 35 16
10-03-04 16:54:07>接收：68 11 11 11 11 11 11 68 91 07 34 33 33 50 33 33 33 51 16
10-03-04 16:54:07>解析：地址:11 11 11 11 11 11 控制码:91 长度:07 数据标识:1D 00 00 01 数据:00 00 00
10-03-04 16:54:07>发送:68 11 11 11 11 11 11 68 11 04 34 33 33 50 35 16
10-03-04 16:54:08>接收：68 11 11 11 11 11 11 68 91 07 34 33 33 50 33 33 33 51 16
10-03-04 16:54:08>解析：地址:11 11 11 11 11 11 控制码:91 长度:07 数据标识:1D 00 00 01 数据:00 00 00
10-03-04 16:54:53>发送:68 11 11 11 11 11 11 68 1C 10 35 33 33 33 AB 89 67 45 4D 33 77 89 49 37 36 43 89 16
10-03-04 16:55:02>发送:68 11 11 11 11 11 11 68 1C 10 35 33 33 33 AB 89 67 45 4D 33 77 89 49 37 36 43 89 16
10-03-04 16:55:02>接收：68 11 11 11 11 11 11 68 9C 00 D2 16
10-03-04 16:55:02>解析：地址:11 11 11 11 11 11 控制码:9C 长度:00 数据标识: 数据:
10-03-04 16:55:06>发送:68 11 11 11 11 11 11 68 1C 10 35 33 33 33 AB 89 67 45 6D 33 77 89 49 37 36 43 A9 16
10-03-04 16:55:06>接收：68 11 11 11 11 11 11 68 9C 00 D2 16
10-03-04 16:55:06>解析：地址:11 11 11 11 11 11 控制码:9C 长度:00 数据标识: 数据:
10-03-04 16:55:08>发送:68 11 11 11 11 11 11 68 1C 10 35 33 33 33 AB 89 67 45 6E 33 77 89 49 37 36 43 AA 16
10-03-04 16:55:09>接收：68 11 11 11 11 11 11 68 9C 00 D2 16
10-03-04 16:55:09>解析：地址:11 11 11 11 11 11 控制码:9C 长度:00 数据标识: 数据:
10-03-04 16:55:14>发送:68 11 11 11 11 11 11 68 11 04 34 33 33 50 35 16
10-03-04 16:55:14>接收：68 11 11 11 11 11 11 68 91 07 34 33 33 50 34 33 33 52 16
10-03-04 16:55:14>解析：地址:11 11 11 11 11 11 控制码:91 长度:07 数据标识:1D 00 00 01 数据:00 00 01
10-03-04 16:55:21>发送:68 11 11 11 11 11 11 68 11 04 34 33 33 51 36 16
10-03-04 16:55:21>接收：68 11 11 11 11 11 11 68 91 07 34 33 33 51 33 33 33 52 16
10-03-04 16:55:21>解析：地址:11 11 11 11 11 11 控制码:91 长度:07 数据标识:1E 00 00 01 数据:00 00 00
10-03-04 16:55:23>发送:68 11 11 11 11 11 11 68 11 04 34 33 33 51 36 16
10-03-04 16:55:24>接收：68 11 11 11 11 11 11 68 91 07 34 33 33 51 33 33 33 52 16
10-03-04 16:55:24>解析：地址:11 11 11 11 11 11 控制码:91 长度:07 数据标识:1E 00 00 01 数据:00 00 00
10-03-04 16:55:34>发送:68 11 11 11 11 11 11 68 11 04 34 33 33 51 36 16
10-03-04 16:55:35>接收：68 11 11 11 11 11 11 68 91 07 34 33 33 51 33 33 33 52 16
10-03-04 16:55:35>解析：地址:11 11 11 11 11 11 控制码:91 长度:07 数据标识:1E 00 00 01 数据:00 00 00
10-03-04 16:55:40>发送:68 11 11 11 11 11 11 68 1C 10 35 33 33 33 33 33 33 33 6D 33 6A 8A 49 37 36 43 89 16
10-03-04 16:55:40>接收：68 11 11 11 11 11 11 68 9C 00 D2 16
10-03-04 16:55:40>解析：地址:11 11 11 11 11 11 控制码:9C 长度:00 数据标识: 数据:
10-03-04 16:55:44>发送:68 11 11 11 11 11 11 68 1C 10 35 33 33 33 33 33 33 33 6E 33 6A 8A 49 37 36 43 8A 16
10-03-04 16:55:44>接收：68 11 11 11 11 11 11 68 9C 00 D2 16
10-03-04 16:55:44>解析：地址:11 11 11 11 11 11 控制码:9C 长度:00 数据标识: 数据:
10-03-04 16:55:46>发送:68 11 11 11 11 11 11 68 1C 10 35 33 33 33 33 33 33 33 4D 33 6A 8A 49 37 36 43 69 16
10-03-04 16:55:47>接收：68 11 11 11 11 11 11 68 9C 00 D2 16
10-03-04 16:55:47>解析：地址:11 11 11 11 11 11 控制码:9C 长度:00 数据标识: 数据:
10-03-04 16:55:53>发送:68 11 11 11 11 11 11 68 11 04 34 33 33 51 36 16
10-03-04 16:55:53>接收：68 11 11 11 11 11 11 68 91 07 34 33 33 51 33 33 33 52 16
10-03-04 16:55:53>解析：地址:11 11 11 11 11 11 控制码:91 长度:07 数据标识:1E 00 00 01 数据:00 00 00
10-03-04 16:55:54>发送:68 11 11 11 11 11 11 68 11 04 34 33 33 51 36 16
10-03-04 16:55:54>接收：68 11 11 11 11 11 11 68 91 07 34 33 33 51 33 33 33 52 16
10-03-04 16:55:54>解析：地址:11 11 11 11 11 11 控制码:91 长度:07 数据标识:1E 00 00 01 数据:00 00 00
10-03-04 16:55:55>发送:68 11 11 11 11 11 11 68 11 04 34 33 33 51 36 16
10-03-04 16:55:55>接收：68 11 11 11 11 11 11 68 91 07 34 33 33 51 33 33 33 52 16
10-03-04 16:55:55>解析：地址:11 11 11 11 11 11 控制码:91 长度:07 数据标识:1E 00 00 01 数据:00 00 00
10-03-04 16:55:56>发送:68 11 11 11 11 11 11 68 11 04 34 33 33 51 36 16
10-03-04 16:55:56>接收：68 11 11 11 11 11 11 68 91 07 34 33 33 51 33 33 33 52 16
10-03-04 16:55:56>解析：地址:11 11 11 11 11 11 控制码:91 长度:07 数据标识:1E 00 00 01 数据:00 00 00
10-03-04 16:56:02>发送:68 11 11 11 11 11 11 68 11 04 34 33 33 50 35 16
10-03-04 16:56:03>接收：68 11 11 11 11 11 11 68 91 07 34 33 33 50 35 33 33 53 16
10-03-04 16:56:03>解析：地址:11 11 11 11 11 11 控制码:91 长度:07 数据标识:1D 00 00 01 数据:00 00 02
10-03-04 16:56:14>发送:68 11 11 11 11 11 11 68 11 04 34 33 33 51 36 16
10-03-04 16:56:14>接收：68 11 11 11 11 11 11 68 91 07 34 33 33 51 33 33 33 52 16
10-03-04 16:56:14>解析：地址:11 11 11 11 11 11 控制码:91 长度:07 数据标识:1E 00 00 01 数据:00 00 00
10-03-04 16:56:15>发送:68 11 11 11 11 11 11 68 11 04 34 33 33 51 36 16
10-03-04 16:56:15>接收：68 11 11 11 11 11 11 68 91 07 34 33 33 51 33 33 33 52 16
10-03-04 16:56:15>解析：地址:11 11 11 11 11 11 控制码:91 长度:07 数据标识:1E 00 00 01 数据:00 00 00
10-03-04 16:56:39>发送:68 11 11 11 11 11 11 68 1C 10 35 33 33 33 33 33 33 33 6E 33 58 8B 49 37 36 43 79 16
10-03-04 16:56:40>接收：68 11 11 11 11 11 11 68 9C 00 D2 16
10-03-04 16:56:40>解析：地址:11 11 11 11 11 11 控制码:9C 长度:00 数据标识: 数据:
10-03-04 16:56:44>发送:68 11 11 11 11 11 11 68 1C 10 35 33 33 33 33 33 33 33 4D 33 58 8B 49 37 36 43 58 16
10-03-04 16:56:45>接收：68 11 11 11 11 11 11 68 9C 00 D2 16
10-03-04 16:56:45>解析：地址:11 11 11 11 11 11 控制码:9C 长度:00 数据标识: 数据:
10-03-04 16:56:46>发送:68 11 11 11 11 11 11 68 1C 10 35 33 33 33 33 33 33 33 6D 33 58 8B 49 37 36 43 78 16
10-03-04 16:56:47>接收：68 11 11 11 11 11 11 68 9C 00 D2 16
10-03-04 16:56:47>解析：地址:11 11 11 11 11 11 控制码:9C 长度:00 数据标识: 数据:
10-03-04 16:56:49>发送:68 11 11 11 11 11 11 68 1C 10 35 33 33 33 33 33 33 33 6E 33 58 8B 49 37 36 43 79 16
10-03-04 16:56:49>接收：68 11 11 11 11 11 11 68 9C 00 D2 16
10-03-04 16:56:49>解析：地址:11 11 11 11 11 11 控制码:9C 长度:00 数据标识: 数据:
10-03-04 16:57:01>发送:68 11 11 11 11 11 11 68 11 04 34 33 33 51 36 16
10-03-04 16:57:02>接收：68 11 11 11 11 11 11 68 91 07 34 33 33 51 33 33 33 52 16
10-03-04 16:57:02>解析：地址:11 11 11 11 11 11 控制码:91 长度:07 数据标识:1E 00 00 01 数据:00 00 00
10-03-04 16:57:03>发送:68 11 11 11 11 11 11 68 11 04 34 33 33 51 36 16
10-03-04 16:57:03>接收：68 11 11 11 11 11 11 68 91 07 34 33 33 51 33 33 33 52 16
10-03-04 16:57:03>解析：地址:11 11 11 11 11 11 控制码:91 长度:07 数据标识:1E 00 00 01 数据:00 00 00
10-03-04 16:57:08>发送:68 11 11 11 11 11 11 68 11 04 34 35 33 51 38 16
10-03-04 16:57:08>接收：68 11 11 11 11 11 11 68 91 08 34 35 33 51 33 33 33 33 88 16
10-03-04 16:57:08>解析：地址:11 11 11 11 11 11 控制码:91 长度:08 数据标识:1E 00 02 01 数据:00 00 00 00
10-03-04 16:57:43>发送:68 11 11 11 11 11 11 68 11 04 34 33 33 50 35 16
10-03-04 16:57:43>接收：68 11 11 11 11 11 11 68 91 07 34 33 33 50 34 33 33 52 16
10-03-04 16:57:43>解析：地址:11 11 11 11 11 11 控制码:91 长度:07 数据标识:1D 00 00 01 数据:00 00 01
10-03-04 16:57:54>发送:68 11 11 11 11 11 11 68 1A 08 35 33 33 33 33 33 33 33 F2 16
10-03-04 16:57:58>接收：68 11 11 11 11 11 11 68 9A 00 D0 16
10-03-04 16:57:58>解析：地址:11 11 11 11 11 11 控制码:9A 长度:00 数据标识: 数据:
10-03-04 16:58:03>发送:68 11 11 11 11 11 11 68 11 04 34 33 33 50 35 16
10-03-04 16:58:03>接收：68 11 11 11 11 11 11 68 91 07 34 33 33 50 33 33 33 51 16
10-03-04 16:58:03>解析：地址:11 11 11 11 11 11 控制码:91 长度:07 数据标识:1D 00 00 01 数据:00 00 00
10-03-04 16:58:27>发送:68 11 11 11 11 11 11 68 14 0F 35 34 33 37 37 33 33 33 33 33 33 33 33 8B 49 CF 16
10-03-04 16:58:28>接收：68 11 11 11 11 11 11 68 D4 01 37 42 16
10-03-04 16:58:28>解析：地址:11 11 11 11 11 11 控制码:D4 长度:01 数据标识: 数据:04
10-03-04 16:58:35>发送:68 11 11 11 11 11 11 68 14 0F 35 34 33 37 35 33 33 33 33 33 33 33 33 8B 49 CD 16
10-03-04 16:58:36>接收：68 11 11 11 11 11 11 68 94 00 CA 16
10-03-04 16:58:36>解析：地址:11 11 11 11 11 11 控制码:94 长度:00 数据标识: 数据:
10-03-04 16:58:37>发送:68 11 11 11 11 11 11 68 14 0F 35 34 33 37 35 33 33 33 33 33 33 33 33 8B 49 CD 16
10-03-04 16:58:38>接收：68 11 11 11 11 11 11 68 94 00 CA 16
10-03-04 16:58:38>解析：地址:11 11 11 11 11 11 控制码:94 长度:00 数据标识: 数据:
10-03-04 16:58:39>发送:68 11 11 11 11 11 11 68 14 0F 35 34 33 37 35 33 33 33 33 33 33 33 33 8B 49 CD 16
10-03-04 16:58:39>接收：68 11 11 11 11 11 11 68 94 00 CA 16
10-03-04 16:58:39>解析：地址:11 11 11 11 11 11 控制码:94 长度:00 数据标识: 数据:
10-03-04 16:58:39>发送:68 11 11 11 11 11 11 68 14 0F 35 34 33 37 35 33 33 33 33 33 33 33 33 8B 49 CD 16
10-03-04 16:58:40>接收：68 11 11 11 11 11 11 68 94 00 CA 16
10-03-04 16:58:40>解析：地址:11 11 11 11 11 11 控制码:94 长度:00 数据标识: 数据:
10-03-04 16:58:43>发送:68 11 11 11 11 11 11 68 14 0F 35 34 33 37 35 33 33 33 AB 89 67 45 33 8B 49 E1 16
10-03-04 16:58:44>接收：68 11 11 11 11 11 11 68 94 00 CA 16
10-03-04 16:58:44>解析：地址:11 11 11 11 11 11 控制码:94 长度:00 数据标识: 数据:
10-03-04 16:58:45>发送:68 11 11 11 11 11 11 68 14 0F 35 34 33 37 35 33 33 33 AB 89 67 45 33 8B 49 E1 16
10-03-04 16:58:45>接收：68 11 11 11 11 11 11 68 94 00 CA 16
10-03-04 16:58:45>解析：地址:11 11 11 11 11 11 控制码:94 长度:00 数据标识: 数据:
10-03-04 16:58:46>发送:68 11 11 11 11 11 11 68 14 0F 35 34 33 37 35 33 33 33 AB 89 67 45 33 8B 49 E1 16
10-03-04 16:58:46>接收：68 11 11 11 11 11 11 68 94 00 CA 16
10-03-04 16:58:46>解析：地址:11 11 11 11 11 11 控制码:94 长度:00 数据标识: 数据:
10-03-04 16:59:16>发送:68 11 11 11 11 11 11 68 11 04 33 37 63 36 4E 16
10-03-04 16:59:16>接收：68 11 11 11 11 11 11 68 91 07 33 37 63 36 3A 33 33 71 16
10-03-04 16:59:16>解析：地址:11 11 11 11 11 11 控制码:91 长度:07 数据标识:03 30 04 00 数据:00 00 07
10-03-04 16:59:19>发送:68 11 11 11 11 11 11 68 11 04 34 37 63 36 4F 16
10-03-04 16:59:20>接收：68 11 11 11 11 11 11 68 91 14 34 37 63 36 AB 89 67 45 33 8B 49 37 36 43 33 8B 49 37 36 43 2D 16
10-03-04 16:59:20>解析：地址:11 11 11 11 11 11 控制码:91 长度:14 数据标识:03 30 04 01 数据:10 03 04 16 58 00 10 03 04 16 58 00 12 34 56 78
10-03-04 16:59:25>发送:68 11 11 11 11 11 11 68 11 04 35 37 63 36 50 16
10-03-04 16:59:25>接收：68 11 11 11 11 11 11 68 91 14 35 37 63 36 AB 89 67 45 33 8B 49 37 36 43 33 8B 49 37 36 43 2E 16
10-03-04 16:59:25>解析：地址:11 11 11 11 11 11 控制码:91 长度:14 数据标识:03 30 04 02 数据:10 03 04 16 58 00 10 03 04 16 58 00 12 34 56 78
10-03-04 16:59:28>发送:68 11 11 11 11 11 11 68 11 04 36 37 63 36 51 16
10-03-04 16:59:28>接收：68 11 11 11 11 11 11 68 91 14 36 37 63 36 AB 89 67 45 36 8B 49 37 36 43 33 8B 49 37 36 43 32 16
10-03-04 16:59:28>解析：地址:11 11 11 11 11 11 控制码:91 长度:14 数据标识:03 30 04 03 数据:10 03 04 16 58 00 10 03 04 16 58 03 12 34 56 78
10-03-04 16:59:32>发送:68 11 11 11 11 11 11 68 11 04 37 37 63 36 52 16
10-03-04 16:59:32>接收：68 11 11 11 11 11 11 68 91 14 37 37 63 36 33 33 33 33 33 8B 49 37 36 43 33 8B 49 37 36 43 1C 16
10-03-04 16:59:32>解析：地址:11 11 11 11 11 11 控制码:91 长度:14 数据标识:03 30 04 04 数据:10 03 04 16 58 00 10 03 04 16 58 00 00 00 00 00
10-03-04 17:01:06>发送:68 11 11 11 11 11 11 68 1C 10 35 33 33 33 33 33 33 33 4D 33 34 36 4A 37 36 43 E0 16
10-03-04 17:01:13>发送:68 11 11 11 11 11 11 68 1C 10 35 33 33 33 33 33 33 33 6D 33 43 36 4A 37 36 43 0F 16
10-03-04 17:01:14>接收：68 11 11 11 11 11 11 68 9C 00 D2 16
10-03-04 17:01:14>解析：地址:11 11 11 11 11 11 控制码:9C 长度:00 数据标识: 数据:
10-03-04 17:01:17>发送:68 11 11 11 11 11 11 68 1C 10 35 33 33 33 33 33 33 33 6E 33 43 36 4A 37 36 43 10 16
10-03-04 17:01:17>接收：68 11 11 11 11 11 11 68 9C 00 D2 16
10-03-04 17:01:17>解析：地址:11 11 11 11 11 11 控制码:9C 长度:00 数据标识: 数据:
10-03-04 17:01:23>发送:68 11 11 11 11 11 11 68 1C 10 35 33 33 33 33 33 33 33 4D 33 43 36 4A 37 36 43 EF 16
10-03-04 17:01:23>接收：68 11 11 11 11 11 11 68 9C 00 D2 16
10-03-04 17:01:23>解析：地址:11 11 11 11 11 11 控制码:9C 长度:00 数据标识: 数据:
10-03-04 17:01:37>发送:68 11 11 11 11 11 11 68 11 04 34 33 33 51 36 16
10-03-04 17:01:37>接收：68 11 11 11 11 11 11 68 91 07 34 33 33 51 33 33 33 52 16
10-03-04 17:01:37>解析：地址:11 11 11 11 11 11 控制码:91 长度:07 数据标识:1E 00 00 01 数据:00 00 00
10-03-04 17:01:44>发送:68 11 11 11 11 11 11 68 11 04 34 33 33 50 35 16
10-03-04 17:01:44>接收：68 11 11 11 11 11 11 68 91 07 34 33 33 50 34 33 33 52 16
10-03-04 17:01:44>解析：地址:11 11 11 11 11 11 控制码:91 长度:07 数据标识:1D 00 00 01 数据:00 00 01
10-03-04 17:02:55>发送:68 11 11 11 11 11 11 68 11 04 34 33 33 51 36 16
10-03-04 17:02:55>接收：68 11 11 11 11 11 11 68 91 07 34 33 33 51 33 33 33 52 16
10-03-04 17:02:55>解析：地址:11 11 11 11 11 11 控制码:91 长度:07 数据标识:1E 00 00 01 数据:00 00 00
10-03-04 17:03:40>发送:68 11 11 11 11 11 11 68 11 04 34 34 33 51 37 16
10-03-04 17:03:40>接收：68 11 11 11 11 11 11 68 91 0A 34 34 33 51 33 33 33 33 33 33 EF 16
10-03-04 17:03:40>解析：地址:11 11 11 11 11 11 控制码:91 长度:0A 数据标识:1E 00 01 01 数据:00 00 00 00 00 00
10-03-04 17:04:16>发送:68 11 11 11 11 11 11 68 1C 10 35 33 33 33 33 33 33 33 4E 33 8B 38 4A 37 36 43 3A 16
10-03-04 17:04:17>接收：68 11 11 11 11 11 11 68 9C 00 D2 16
10-03-04 17:04:17>解析：地址:11 11 11 11 11 11 控制码:9C 长度:00 数据标识: 数据:
10-03-04 17:04:48>发送:68 11 11 11 11 11 11 68 11 04 34 33 33 51 36 16
10-03-04 17:04:48>接收：68 11 11 11 11 11 11 68 91 07 34 33 33 51 34 33 33 53 16
10-03-04 17:04:48>解析：地址:11 11 11 11 11 11 控制码:91 长度:07 数据标识:1E 00 00 01 数据:00 00 01
10-03-04 17:05:13>发送:68 11 11 11 11 11 11 68 1C 10 35 33 33 33 33 33 33 33 4D 33 3A 3A 4A 37 36 43 EA 16
10-03-04 17:05:13>接收：68 11 11 11 11 11 11 68 9C 00 D2 16
10-03-04 17:05:13>解析：地址:11 11 11 11 11 11 控制码:9C 长度:00 数据标识: 数据:
10-03-04 17:05:39>发送:68 11 11 11 11 11 11 68 11 04 34 33 33 50 35 16
10-03-04 17:05:40>接收：68 11 11 11 11 11 11 68 91 07 34 33 33 50 35 33 33 53 16
10-03-04 17:05:40>解析：地址:11 11 11 11 11 11 控制码:91 长度:07 数据标识:1D 00 00 01 数据:00 00 02
10-03-04 17:06:13>发送:68 11 11 11 11 11 11 68 11 04 34 34 33 50 36 16
10-03-04 17:06:13>接收：68 11 11 11 11 11 11 68 91 0A 34 34 33 50 59 37 4A 37 36 43 46 16
10-03-04 17:06:13>解析：地址:11 11 11 11 11 11 控制码:91 长度:0A 数据标识:1D 00 01 01 数据:10 03 04 17 04 26
