10-03-29 10:10:00>发送:68 11 11 11 11 11 11 68 03 20 32 33 33 3A 33 33 33 33 28 EC 9B C2 FC BE A1 96 B6 9C 79 8F F6 F6 AB 08 34 33 33 33 33 33 33 33 EB 16
10-03-29 10:10:00>接收：68 11 11 11 11 11 11 68 C3 02 3B 33 69 16
10-03-29 10:10:00>解析：地址:11 11 11 11 11 11 控制码:C3 长度:02 数据标识: 数据:00 08
10-03-29 10:10:06>发送:68 11 11 11 11 11 11 68 03 20 32 33 33 3A 33 33 33 33 21 D0 4C 70 25 E7 95 83 E1 7A 01 75 73 99 EC 81 34 33 33 33 33 33 33 33 AB 16
10-03-29 10:10:06>接收：68 11 11 11 11 11 11 68 83 10 32 33 33 3A 2B 26 71 F2 34 33 33 33 33 33 33 43 F8 16
10-03-29 10:10:06>解析：地址:11 11 11 11 11 11 控制码:83 长度:10 数据标识:07 00 00 FF 数据:F8 F3 3E BF 01 00 00 00 00 00 00 10
10-03-29 10:10:11>发送:68 11 11 11 11 11 11 68 03 20 32 33 33 3A 33 33 33 33 30 5C EC 23 BE B0 1A F3 5B 7A 1D 1A 08 CB CD 19 34 33 33 33 33 33 33 33 6B 16
10-03-29 10:10:12>接收：68 11 11 11 11 11 11 68 C3 02 3B 33 69 16
10-03-29 10:10:12>解析：地址:11 11 11 11 11 11 控制码:C3 长度:02 数据标识: 数据:00 08
10-03-29 10:10:15>发送:68 11 11 11 11 11 11 68 03 20 32 33 33 3A 33 33 33 33 68 6E 6E 73 C2 2F 6B 3B DB 80 09 D8 30 59 55 03 34 33 33 33 33 33 33 33 FB 16
10-03-29 10:10:15>接收：68 11 11 11 11 11 11 68 C3 02 37 33 65 16
10-03-29 10:10:15>解析：地址:11 11 11 11 11 11 控制码:C3 长度:02 数据标识: 数据:00 04
10-03-29 10:10:17>发送:68 11 11 11 11 11 11 68 03 20 32 33 33 3A 33 33 33 33 86 EA 02 A0 20 13 DC 27 12 78 6A 4F 9A 35 41 91 34 33 33 33 33 33 33 33 BC 16
10-03-29 10:10:17>接收：68 11 11 11 11 11 11 68 C3 02 37 33 65 16
10-03-29 10:10:17>解析：地址:11 11 11 11 11 11 控制码:C3 长度:02 数据标识: 数据:00 04
10-03-29 10:10:19>发送:68 11 11 11 11 11 11 68 03 20 32 33 33 3A 33 33 33 33 22 73 BE 28 F8 75 C1 EE A8 E4 87 0C 90 A1 34 74 34 33 33 33 33 33 33 33 1F 16
10-03-29 10:10:19>接收：68 11 11 11 11 11 11 68 83 10 32 33 33 3A BD 48 C8 2E 34 33 33 33 33 33 33 43 3F 16
10-03-29 10:10:19>解析：地址:11 11 11 11 11 11 控制码:83 长度:10 数据标识:07 00 00 FF 数据:8A 15 95 FB 01 00 00 00 00 00 00 10
10-03-29 10:10:21>发送:68 11 11 11 11 11 11 68 03 20 32 33 33 3A 33 33 33 33 D9 55 C9 9E 50 10 8F 7A 05 56 15 35 48 C9 50 C4 34 33 33 33 33 33 33 33 58 16
10-03-29 10:10:22>接收：68 11 11 11 11 11 11 68 C3 02 37 33 65 16
10-03-29 10:10:22>解析：地址:11 11 11 11 11 11 控制码:C3 长度:02 数据标识: 数据:00 04
10-03-29 10:10:24>发送:68 11 11 11 11 11 11 68 03 20 32 33 33 3A 33 33 33 33 C6 ED 54 3B D7 6D 27 B2 4D BC 20 F3 DA D8 71 05 34 33 33 33 33 33 33 33 33 16
10-03-29 10:10:25>接收：68 11 11 11 11 11 11 68 C3 02 37 33 65 16
10-03-29 10:10:25>解析：地址:11 11 11 11 11 11 控制码:C3 长度:02 数据标识: 数据:00 04
10-03-29 10:10:27>发送:68 11 11 11 11 11 11 68 03 20 32 33 33 3A 33 33 33 33 4D 18 FE 7B 21 5B 89 B5 52 7A 2B 81 F5 A9 6B 59 34 33 33 33 33 33 33 33 02 16
10-03-29 10:10:28>接收：68 11 11 11 11 11 11 68 83 10 32 33 33 3A E2 8C DD 26 34 33 33 33 33 33 33 43 B5 16
10-03-29 10:10:28>解析：地址:11 11 11 11 11 11 控制码:83 长度:10 数据标识:07 00 00 FF 数据:AF 59 AA F3 01 00 00 00 00 00 00 10
10-03-29 10:10:30>发送:68 11 11 11 11 11 11 68 03 20 32 33 33 3A 33 33 33 33 A4 CF 54 8C AA 73 80 FC 60 E8 76 05 22 2D D4 0E 34 33 33 33 33 33 33 33 70 16
10-03-29 10:10:31>接收：68 11 11 11 11 11 11 68 83 10 32 33 33 3A F1 B4 15 91 34 33 33 33 33 33 33 43 8F 16
10-03-29 10:10:31>解析：地址:11 11 11 11 11 11 控制码:83 长度:10 数据标识:07 00 00 FF 数据:BE 81 E2 5E 01 00 00 00 00 00 00 10
10-03-29 10:10:33>发送:68 11 11 11 11 11 11 68 03 20 32 33 33 3A 33 33 33 33 A7 D9 DF 2C 33 71 55 6C A7 79 B2 D2 2C 23 1C FF 34 33 33 33 33 33 33 33 8E 16
10-03-29 10:10:33>接收：68 11 11 11 11 11 11 68 C3 02 3B 33 69 16
10-03-29 10:10:33>解析：地址:11 11 11 11 11 11 控制码:C3 长度:02 数据标识: 数据:00 08
10-03-29 10:10:34>发送:68 11 11 11 11 11 11 68 03 20 32 33 33 3A 33 33 33 33 36 AA 77 07 BF 36 96 09 65 04 FB 8D 97 EB 3A 80 34 33 33 33 33 33 33 33 AF 16
10-03-29 10:10:35>接收：68 11 11 11 11 11 11 68 C3 02 37 33 65 16
10-03-29 10:10:35>解析：地址:11 11 11 11 11 11 控制码:C3 长度:02 数据标识: 数据:00 04
10-03-29 10:10:36>发送:68 11 11 11 11 11 11 68 03 20 32 33 33 3A 33 33 33 33 AC 67 E6 00 8F F0 D6 37 19 C5 22 A3 EB 5C 16 EE 34 33 33 33 33 33 33 33 03 16
10-03-29 10:10:37>接收：68 11 11 11 11 11 11 68 83 10 32 33 33 3A F4 24 9E 9B 34 33 33 33 33 33 33 43 95 16
10-03-29 10:10:37>解析：地址:11 11 11 11 11 11 控制码:83 长度:10 数据标识:07 00 00 FF 数据:C1 F1 6B 68 01 00 00 00 00 00 00 10
10-03-29 10:10:38>发送:68 11 11 11 11 11 11 68 03 20 32 33 33 3A 33 33 33 33 52 6F FD D7 73 AD 42 34 90 63 EC B6 1D 8C 2C 94 34 33 33 33 33 33 33 33 B9 16
10-03-29 10:10:39>接收：68 11 11 11 11 11 11 68 83 10 32 33 33 3A 08 EF A2 DA 34 33 33 33 33 33 33 43 B7 16
10-03-29 10:10:39>解析：地址:11 11 11 11 11 11 控制码:83 长度:10 数据标识:07 00 00 FF 数据:D5 BC 6F A7 01 00 00 00 00 00 00 10
10-03-29 10:10:40>发送:68 11 11 11 11 11 11 68 03 20 32 33 33 3A 33 33 33 33 22 44 63 01 2E 77 37 6F 95 8C 89 A0 CF E6 CB 39 34 33 33 33 33 33 33 33 A8 16
10-03-29 10:10:41>接收：68 11 11 11 11 11 11 68 83 10 32 33 33 3A DF EF 86 05 34 33 33 33 33 33 33 43 9D 16
10-03-29 10:10:41>解析：地址:11 11 11 11 11 11 控制码:83 长度:10 数据标识:07 00 00 FF 数据:AC BC 53 D2 01 00 00 00 00 00 00 10
10-03-29 10:10:42>发送:68 11 11 11 11 11 11 68 03 20 32 33 33 3A 33 33 33 33 75 E0 D7 7F E0 55 EA FD 07 06 E0 0E 07 D4 46 76 34 33 33 33 33 33 33 33 E9 16
10-03-29 10:10:43>接收：68 11 11 11 11 11 11 68 C3 02 3B 33 69 16
10-03-29 10:10:43>解析：地址:11 11 11 11 11 11 控制码:C3 长度:02 数据标识: 数据:00 08
10-03-29 10:10:44>发送:68 11 11 11 11 11 11 68 03 20 32 33 33 3A 33 33 33 33 E1 57 08 22 28 94 20 78 15 52 E3 B4 84 73 86 73 34 33 33 33 33 33 33 33 34 16
10-03-29 10:10:45>接收：68 11 11 11 11 11 11 68 C3 02 37 33 65 16
10-03-29 10:10:45>解析：地址:11 11 11 11 11 11 控制码:C3 长度:02 数据标识: 数据:00 04
10-03-29 10:10:46>发送:68 11 11 11 11 11 11 68 03 20 32 33 33 3A 33 33 33 33 B8 74 01 4E F8 02 E3 B2 B7 45 E6 CF 65 7F A4 07 34 33 33 33 33 33 33 33 DA 16
10-03-29 10:10:47>接收：68 11 11 11 11 11 11 68 C3 02 3B 33 69 16
10-03-29 10:10:47>解析：地址:11 11 11 11 11 11 控制码:C3 长度:02 数据标识: 数据:00 08
10-03-29 10:11:08>发送:68 11 11 11 11 11 11 68 03 20 32 33 33 3A 33 33 33 33 2E B9 A1 57 B3 25 72 89 C6 1A 6F A4 7E 85 EC 49 34 33 33 33 33 33 33 33 6D 16
10-03-29 10:11:08>接收：68 11 11 11 11 11 11 68 C3 02 37 33 65 16
10-03-29 10:11:08>解析：地址:11 11 11 11 11 11 控制码:C3 长度:02 数据标识: 数据:00 04
10-03-29 10:11:11>发送:68 11 11 11 11 11 11 68 03 20 32 33 33 3A 33 33 33 33 E5 83 BA 87 00 33 A8 AF A1 39 9A 0F A8 B8 F7 6F 34 33 33 33 33 33 33 33 0C 16
10-03-29 10:11:12>接收：68 11 11 11 11 11 11 68 83 10 32 33 33 3A 91 A0 F4 0A 34 33 33 33 33 33 33 43 73 16
10-03-29 10:11:12>解析：地址:11 11 11 11 11 11 控制码:83 长度:10 数据标识:07 00 00 FF 数据:5E 6D C1 D7 01 00 00 00 00 00 00 10
10-03-29 10:11:13>发送:68 11 11 11 11 11 11 68 03 20 32 33 33 3A 33 33 33 33 DB 2C F6 15 A7 C5 48 31 9F B1 52 FF D7 18 B8 E2 34 33 33 33 33 33 33 33 B1 16
10-03-29 10:11:14>接收：68 11 11 11 11 11 11 68 83 10 32 33 33 3A 5C 25 55 0F 34 33 33 33 33 33 33 43 29 16
10-03-29 10:11:14>解析：地址:11 11 11 11 11 11 控制码:83 长度:10 数据标识:07 00 00 FF 数据:29 F2 22 DC 01 00 00 00 00 00 00 10
10-03-29 10:11:15>发送:68 11 11 11 11 11 11 68 03 20 32 33 33 3A 33 33 33 33 68 EE F1 01 7F E5 EB 67 55 D9 87 B1 E1 6F 68 25 34 33 33 33 33 33 33 33 D1 16
10-03-29 10:11:16>接收：68 11 11 11 11 11 11 68 83 10 32 33 33 3A 2F 82 53 E4 34 33 33 33 33 33 33 43 2C 16
10-03-29 10:11:16>解析：地址:11 11 11 11 11 11 控制码:83 长度:10 数据标识:07 00 00 FF 数据:FC 4F 20 B1 01 00 00 00 00 00 00 10
10-03-29 10:11:17>发送:68 11 11 11 11 11 11 68 03 20 32 33 33 3A 33 33 33 33 81 C8 AB 46 03 C6 33 CE D6 A8 D4 43 29 60 F5 9A 34 33 33 33 33 33 33 33 41 16
10-03-29 10:11:18>接收：68 11 11 11 11 11 11 68 83 10 32 33 33 3A 6E 75 EF 38 34 33 33 33 33 33 33 43 4E 16
10-03-29 10:11:18>解析：地址:11 11 11 11 11 11 控制码:83 长度:10 数据标识:07 00 00 FF 数据:3B 42 BC 05 01 00 00 00 00 00 00 10
10-03-29 10:56:55>发送:68 11 11 11 11 11 11 68 03 20 32 33 33 3A 33 33 33 33 58 54 97 E3 9F E7 A3 A9 91 B7 65 F4 E1 7D 86 9F 34 33 33 33 33 33 33 33 AC 16
10-03-29 10:57:06>发送:68 11 11 11 11 11 11 68 03 20 32 33 33 3A 33 33 33 33 96 80 A7 06 09 47 53 B6 E4 24 8F DC 95 3C C8 63 34 33 33 33 33 33 33 33 1B 16
10-03-29 10:57:25>发送:68 11 11 11 11 11 11 68 03 20 32 33 33 3A 33 33 33 33 9D BE BB 93 52 7B A9 C5 02 BA 94 E6 6D 7B B3 A3 34 33 33 33 33 33 33 33 E8 16
10-03-29 10:57:32>发送:68 AA AA AA AA AA AA 68 13 00 DF 16
10-03-29 10:57:54>发送:68 AA AA AA AA AA AA 68 13 00 DF 16
10-03-29 10:57:54>接收：68 11 11 11 11 11 11 68 93 06 44 44 44 44 44 44 67 16
10-03-29 10:57:54>解析：地址:11 11 11 11 11 11 控制码:93 长度:06 数据标识: 数据:11 11 11 11 11 11
10-03-29 10:57:58>发送:68 11 11 11 11 11 11 68 03 20 32 33 33 3A 33 33 33 33 C2 42 F8 7F A7 E9 5C A0 53 1D 75 86 74 AB 00 C8 34 33 33 33 33 33 33 33 E9 16
10-03-29 10:57:59>接收：68 11 11 11 11 11 11 68 83 10 32 33 33 3A EA 18 E6 F5 34 33 33 33 33 33 33 43 21 16
10-03-29 10:57:59>解析：地址:11 11 11 11 11 11 控制码:83 长度:10 数据标识:07 00 00 FF 数据:B7 E5 B3 C2 01 00 00 00 00 00 00 10
10-03-29 10:58:01>发送:68 11 11 11 11 11 11 68 03 20 32 33 33 3A 33 33 33 33 12 29 36 48 75 CD B9 86 37 9F 3D 48 35 93 04 1F 34 33 33 33 33 33 33 33 10 16
10-03-29 10:58:02>接收：68 11 11 11 11 11 11 68 83 10 32 33 33 3A 11 24 FE 4D 34 33 33 33 33 33 33 43 C4 16
10-03-29 10:58:02>解析：地址:11 11 11 11 11 11 控制码:83 长度:10 数据标识:07 00 00 FF 数据:DE F1 CB 1A 01 00 00 00 00 00 00 10
10-03-29 10:58:03>发送:68 11 11 11 11 11 11 68 03 20 32 33 33 3A 33 33 33 33 50 01 C1 4F 12 A3 EE EA 21 D9 65 B4 FD 04 D8 01 34 33 33 33 33 33 33 33 6B 16
10-03-29 10:58:04>接收：68 11 11 11 11 11 11 68 83 10 32 33 33 3A D9 23 9A A0 34 33 33 33 33 33 33 43 7A 16
10-03-29 10:58:04>解析：地址:11 11 11 11 11 11 控制码:83 长度:10 数据标识:07 00 00 FF 数据:A6 F0 67 6D 01 00 00 00 00 00 00 10
10-03-29 10:58:06>发送:68 11 11 11 11 11 11 68 03 20 32 33 33 3A 33 33 33 33 13 EB D2 2E 86 94 38 E0 CB C7 67 84 20 95 69 EF 34 33 33 33 33 33 33 33 4A 16
10-03-29 10:58:07>接收：68 11 11 11 11 11 11 68 83 10 32 33 33 3A 6C 43 D5 47 34 33 33 33 33 33 33 43 0F 16
10-03-29 10:58:07>解析：地址:11 11 11 11 11 11 控制码:83 长度:10 数据标识:07 00 00 FF 数据:39 10 A2 14 01 00 00 00 00 00 00 10
10-03-29 10:58:12>发送:68 11 11 11 11 11 11 68 03 20 32 33 33 3A 33 33 33 33 C0 44 11 28 D9 40 89 FD EA 69 DC 9E C8 6E 17 4C 34 33 33 33 33 33 33 33 D2 16
10-03-29 10:58:13>接收：68 11 11 11 11 11 11 68 83 10 32 33 33 3A F4 81 58 B7 34 33 33 33 33 33 33 43 C8 16
10-03-29 10:58:13>解析：地址:11 11 11 11 11 11 控制码:83 长度:10 数据标识:07 00 00 FF 数据:C1 4E 25 84 01 00 00 00 00 00 00 10
10-03-29 10:58:15>发送:68 11 11 11 11 11 11 68 03 20 32 33 33 3A 33 33 33 33 48 B3 D1 F1 E4 35 B4 53 C6 36 4C 4B F2 B2 38 E9 34 33 33 33 33 33 33 33 C5 16
10-03-29 10:58:16>接收：68 11 11 11 11 11 11 68 83 10 32 33 33 3A 04 E8 68 5C 34 33 33 33 33 33 33 43 F4 16
10-03-29 10:58:16>解析：地址:11 11 11 11 11 11 控制码:83 长度:10 数据标识:07 00 00 FF 数据:D1 B5 35 29 01 00 00 00 00 00 00 10
10-03-29 11:04:15>发送:68 11 11 11 11 11 11 68 14 10 34 34 33 37 37 44 44 44 33 33 33 33 34 5C 36 43 04 16
10-03-29 11:04:16>接收：68 11 11 11 11 11 11 68 D4 01 37 42 16
10-03-29 11:04:16>解析：地址:11 11 11 11 11 11 控制码:D4 长度:01 数据标识: 数据:04
10-03-29 11:09:29>发送:68 11 11 11 11 11 11 68 14 20 34 33 36 37 CB 44 44 44 33 33 33 33 CC B5 09 24 54 F6 6E 05 76 C7 21 7D 51 06 11 3D 36 D6 0A 2A CC 16
10-03-29 11:09:30>接收：68 11 11 11 11 11 11 68 D4 01 35 40 16
10-03-29 11:09:30>解析：地址:11 11 11 11 11 11 控制码:D4 长度:01 数据标识: 数据:02
10-03-29 11:09:54>发送:68 11 11 11 11 11 11 68 14 10 34 33 36 37 35 33 33 33 33 33 33 33 34 5C 36 43 D1 16
10-03-29 11:09:55>接收：68 11 11 11 11 11 11 68 D4 01 37 42 16
10-03-29 11:09:55>解析：地址:11 11 11 11 11 11 控制码:D4 长度:01 数据标识: 数据:04
10-03-29 11:10:00>发送:68 11 11 11 11 11 11 68 14 10 34 33 36 37 35 33 33 33 33 33 33 33 34 5C 36 43 D1 16
10-03-29 11:10:00>接收：68 11 11 11 11 11 11 68 D4 01 37 42 16
10-03-29 11:10:00>解析：地址:11 11 11 11 11 11 控制码:D4 长度:01 数据标识: 数据:04
10-03-29 11:10:04>发送:68 11 11 11 11 11 11 68 14 10 34 33 36 37 35 33 33 33 33 33 33 33 34 5C 36 43 D1 16
10-03-29 11:10:04>接收：68 11 11 11 11 11 11 68 D4 01 37 42 16
10-03-29 11:10:04>解析：地址:11 11 11 11 11 11 控制码:D4 长度:01 数据标识: 数据:04
10-03-29 11:10:15>发送:68 11 11 11 11 11 11 68 14 10 34 33 36 37 37 44 44 44 33 33 33 33 34 5C 36 43 06 16
10-03-29 11:10:16>接收：68 11 11 11 11 11 11 68 D4 01 37 42 16
10-03-29 11:10:16>解析：地址:11 11 11 11 11 11 控制码:D4 长度:01 数据标识: 数据:04
10-03-29 11:11:10>发送:68 11 11 11 11 11 11 68 14 10 34 33 36 37 35 33 33 33 33 33 33 33 34 5C 36 43 D1 16
10-03-29 11:11:11>接收：68 11 11 11 11 11 11 68 D4 01 37 42 16
10-03-29 11:11:11>解析：地址:11 11 11 11 11 11 控制码:D4 长度:01 数据标识: 数据:04
10-03-29 11:12:04>发送:68 11 11 11 11 11 11 68 14 20 34 33 36 37 CB 33 33 33 33 33 33 33 CC B5 09 24 54 F6 6E 05 76 C7 21 7D 51 06 11 3D 36 D6 0A 2A 99 16
10-03-29 11:12:04>接收：68 11 11 11 11 11 11 68 D4 01 35 40 16
10-03-29 11:12:04>解析：地址:11 11 11 11 11 11 控制码:D4 长度:01 数据标识: 数据:02
10-03-29 11:13:04>发送:68 11 11 11 11 11 11 68 14 20 38 35 33 37 CB 44 44 44 33 33 33 33 62 12 7E 9E 9B 07 46 A2 92 AA 81 D0 C4 07 32 C1 81 F9 23 44 EA 16
10-03-29 11:13:05>接收：68 11 11 11 11 11 11 68 94 00 CA 16
10-03-29 11:13:05>解析：地址:11 11 11 11 11 11 控制码:94 长度:00 数据标识: 数据:
10-03-29 11:13:43>发送:68 11 11 11 11 11 11 68 14 20 34 33 36 37 CB 44 44 44 33 33 33 33 CC B5 09 24 54 F6 6E 05 76 C7 21 7D 51 06 11 3D 36 D6 0A 2A CC 16
10-03-29 11:13:44>接收：68 11 11 11 11 11 11 68 94 00 CA 16
10-03-29 11:13:44>解析：地址:11 11 11 11 11 11 控制码:94 长度:00 数据标识: 数据:
10-03-29 11:13:49>发送:68 11 11 11 11 11 11 68 14 20 34 33 36 37 CB 44 44 44 33 33 33 33 CC B5 09 24 54 F6 6E 05 76 C7 21 7D 51 06 11 3D 36 D6 0A 2A CC 16
10-03-29 11:13:50>接收：68 11 11 11 11 11 11 68 94 00 CA 16
10-03-29 11:13:50>解析：地址:11 11 11 11 11 11 控制码:94 长度:00 数据标识: 数据:
10-03-29 11:13:55>发送:68 11 11 11 11 11 11 68 14 20 34 33 36 37 CB 44 44 44 33 33 33 33 CC B5 09 24 54 F6 6E 05 76 C7 21 7D 51 06 11 3D 36 D6 0A 2A CC 16
10-03-29 11:13:56>接收：68 11 11 11 11 11 11 68 94 00 CA 16
10-03-29 11:13:56>解析：地址:11 11 11 11 11 11 控制码:94 长度:00 数据标识: 数据:
10-03-29 11:14:32>发送:68 11 11 11 11 11 11 68 03 20 32 33 33 3A 33 33 33 33 A8 AB F8 1E BE 54 DB A4 CA F0 69 9E 1D 19 0B AF 34 33 33 33 33 33 33 33 3B 16
10-03-29 11:14:33>接收：68 11 11 11 11 11 11 68 83 10 32 33 33 3A 51 1E 9E 6D 34 33 33 33 33 33 33 43 BE 16
10-03-29 11:14:33>解析：地址:11 11 11 11 11 11 控制码:83 长度:10 数据标识:07 00 00 FF 数据:1E EB 6B 3A 01 00 00 00 00 00 00 10
10-03-29 11:14:35>发送:68 11 11 11 11 11 11 68 03 20 32 33 33 3A 33 33 33 33 9F 3E ED 1C D5 30 18 11 6B 8B 0C 2D D0 45 3E 98 34 33 33 33 33 33 33 33 BE 16
10-03-29 11:14:35>接收：68 11 11 11 11 11 11 68 83 10 32 33 33 3A 2B 60 A5 1D 34 33 33 33 33 33 33 43 91 16
10-03-29 11:14:35>解析：地址:11 11 11 11 11 11 控制码:83 长度:10 数据标识:07 00 00 FF 数据:F8 2D 72 EA 01 00 00 00 00 00 00 10
10-03-29 11:14:36>发送:68 11 11 11 11 11 11 68 03 20 32 33 33 3A 33 33 33 33 41 B1 EE 45 16 60 66 B9 67 7E 23 2C BF 58 3F A2 34 33 33 33 33 33 33 33 76 16
10-03-29 11:14:37>接收：68 11 11 11 11 11 11 68 83 10 32 33 33 3A 2F F7 E4 F3 34 33 33 33 33 33 33 43 41 16
10-03-29 11:14:37>解析：地址:11 11 11 11 11 11 控制码:83 长度:10 数据标识:07 00 00 FF 数据:FC C4 B1 C0 01 00 00 00 00 00 00 10
10-03-29 11:14:38>发送:68 11 11 11 11 11 11 68 03 20 32 33 33 3A 33 33 33 33 34 10 6C C0 3E EE 9F 30 C7 4F FE 0A D3 1F 97 40 34 33 33 33 33 33 33 33 E2 16
10-03-29 11:14:39>接收：68 11 11 11 11 11 11 68 83 10 32 33 33 3A 0C 2C 28 6B 34 33 33 33 33 33 33 43 0F 16
10-03-29 11:14:39>解析：地址:11 11 11 11 11 11 控制码:83 长度:10 数据标识:07 00 00 FF 数据:D9 F9 F5 38 01 00 00 00 00 00 00 10
10-03-29 11:14:40>发送:68 11 11 11 11 11 11 68 03 20 32 33 33 3A 33 33 33 33 60 F9 AD 92 1B FF 69 FE 66 74 CD 5A 6A 4F 3B 48 34 33 33 33 33 33 33 33 E6 16
10-03-29 11:14:40>接收：68 11 11 11 11 11 11 68 83 10 32 33 33 3A F3 C9 8B 9E 34 33 33 33 33 33 33 43 29 16
10-03-29 11:14:40>解析：地址:11 11 11 11 11 11 控制码:83 长度:10 数据标识:07 00 00 FF 数据:C0 96 58 6B 01 00 00 00 00 00 00 10
