10-03-05 15:23:51>发送:68 11 11 11 11 11 11 68 11 04 34 33 33 50 35 16
10-03-05 15:23:51>接收：68 11 11 11 11 11 11 68 91 07 34 33 33 50 3B 35 33 5B 16
10-03-05 15:23:51>解析：地址:11 11 11 11 11 11 控制码:91 长度:07 数据标识:1D 00 00 01 数据:00 02 08
10-03-05 15:24:33>发送:68 11 11 11 11 11 11 68 1A 08 35 33 33 33 33 33 33 33 F2 16
10-03-05 15:24:49>发送:68 AA AA AA AA AA AA 68 13 00 DF 16
10-03-05 15:25:32>发送:68 AA AA AA AA AA AA 68 13 00 DF 16
10-03-05 15:27:08>发送:68 AA AA AA AA AA AA 68 13 00 DF 16
10-03-05 15:27:08>接收：68 11 11 11 11 11 11 68 93 06 44 44 44 44 44 44 67 16
10-03-05 15:27:08>解析：地址:11 11 11 11 11 11 控制码:93 长度:06 数据标识: 数据:11 11 11 11 11 11
10-03-05 15:27:14>发送:68 11 11 11 11 11 11 68 1A 08 35 33 33 33 33 33 33 33 F2 16
10-03-05 15:30:32>发送:68 11 11 11 11 11 11 68 1A 08 35 33 33 33 33 33 33 33 F2 16
10-03-05 15:31:27>发送:68 11 11 11 11 11 11 68 11 04 33 36 63 36 4D 16
10-03-05 15:31:27>接收：68 11 11 11 11 11 11 68 91 07 33 36 63 36 33 33 33 69 16
10-03-05 15:31:27>解析：地址:11 11 11 11 11 11 控制码:91 长度:07 数据标识:03 30 03 00 数据:00 00 00
10-03-05 15:31:31>发送:68 11 11 11 11 11 11 68 11 04 33 36 63 36 4D 16
10-03-05 15:31:31>接收：68 11 11 11 11 11 11 68 91 07 33 36 63 36 33 33 33 69 16
10-03-05 15:31:31>解析：地址:11 11 11 11 11 11 控制码:91 长度:07 数据标识:03 30 03 00 数据:00 00 00
10-03-05 15:31:35>发送:68 11 11 11 11 11 11 68 11 04 33 36 63 36 4D 16
10-03-05 15:31:35>接收：68 11 11 11 11 11 11 68 91 07 33 36 63 36 33 33 33 69 16
10-03-05 15:31:35>解析：地址:11 11 11 11 11 11 控制码:91 长度:07 数据标识:03 30 03 00 数据:00 00 00
10-03-05 15:31:48>发送:68 11 11 11 11 11 11 68 1B 0C 35 33 33 33 33 33 33 33 32 32 32 32 BF 16
10-03-05 15:31:51>接收：68 11 11 11 11 11 11 68 9B 00 D1 16
10-03-05 15:31:51>解析：地址:11 11 11 11 11 11 控制码:9B 长度:00 数据标识: 数据:
10-03-05 15:31:57>发送:68 11 11 11 11 11 11 68 11 04 33 36 63 36 4D 16
10-03-05 15:31:57>接收：68 11 11 11 11 11 11 68 91 07 33 36 63 36 34 33 33 6A 16
10-03-05 15:31:57>解析：地址:11 11 11 11 11 11 控制码:91 长度:07 数据标识:03 30 03 00 数据:00 00 01
10-03-05 15:32:02>发送:68 11 11 11 11 11 11 68 1A 08 35 33 33 33 33 33 33 33 F2 16
10-03-05 15:32:22>发送:68 11 11 11 11 11 11 68 11 04 33 36 63 36 4D 16
10-03-05 15:32:32>发送:68 11 11 11 11 11 11 68 11 04 33 36 63 36 4D 16
10-03-05 15:33:09>发送:68 11 11 11 11 11 11 68 11 04 33 36 63 36 4D 16
10-03-05 15:33:10>接收：68 11 11 11 11 11 11 68 91 07 33 36 63 36 33 33 33 69 16
10-03-05 15:33:10>解析：地址:11 11 11 11 11 11 控制码:91 长度:07 数据标识:03 30 03 00 数据:00 00 00
10-03-05 15:33:11>发送:68 11 11 11 11 11 11 68 11 04 33 36 63 36 4D 16
10-03-05 15:33:11>接收：68 11 11 11 11 11 11 68 91 07 33 36 63 36 33 33 33 69 16
10-03-05 15:33:11>解析：地址:11 11 11 11 11 11 控制码:91 长度:07 数据标识:03 30 03 00 数据:00 00 00
10-03-05 15:33:14>发送:68 11 11 11 11 11 11 68 1B 0C 35 33 33 33 33 33 33 33 32 32 32 32 BF 16
10-03-05 15:33:18>接收：68 11 11 11 11 11 11 68 9B 00 D1 16
10-03-05 15:33:18>解析：地址:11 11 11 11 11 11 控制码:9B 长度:00 数据标识: 数据:
10-03-05 15:33:21>发送:68 11 11 11 11 11 11 68 11 04 33 36 63 36 4D 16
10-03-05 15:33:22>接收：68 11 11 11 11 11 11 68 91 07 33 36 63 36 34 33 33 6A 16
10-03-05 15:33:22>解析：地址:11 11 11 11 11 11 控制码:91 长度:07 数据标识:03 30 03 00 数据:00 00 01
10-03-05 15:33:38>发送:68 11 11 11 11 11 11 68 1A 08 35 33 33 33 33 33 33 33 F2 16
10-03-05 15:34:13>发送:68 11 11 11 11 11 11 68 11 04 33 36 63 36 4D 16
10-03-05 15:34:13>接收：68 11 11 11 11 11 11 68 91 07 33 36 63 36 33 33 33 69 16
10-03-05 15:34:13>解析：地址:11 11 11 11 11 11 控制码:91 长度:07 数据标识:03 30 03 00 数据:00 00 00
10-03-05 15:34:14>发送:68 11 11 11 11 11 11 68 11 04 33 36 63 36 4D 16
10-03-05 15:34:14>接收：68 11 11 11 11 11 11 68 91 07 33 36 63 36 33 33 33 69 16
10-03-05 15:34:14>解析：地址:11 11 11 11 11 11 控制码:91 长度:07 数据标识:03 30 03 00 数据:00 00 00
10-03-05 15:34:14>发送:68 11 11 11 11 11 11 68 11 04 33 36 63 36 4D 16
10-03-05 15:34:15>接收：68 11 11 11 11 11 11 68 91 07 33 36 63 36 33 33 33 69 16
10-03-05 15:34:15>解析：地址:11 11 11 11 11 11 控制码:91 长度:07 数据标识:03 30 03 00 数据:00 00 00
10-03-05 15:34:15>发送:68 11 11 11 11 11 11 68 11 04 33 36 63 36 4D 16
10-03-05 15:34:15>接收：68 11 11 11 11 11 11 68 91 07 33 36 63 36 33 33 33 69 16
10-03-05 15:34:15>解析：地址:11 11 11 11 11 11 控制码:91 长度:07 数据标识:03 30 03 00 数据:00 00 00
10-03-05 15:34:16>发送:68 11 11 11 11 11 11 68 11 04 33 36 63 36 4D 16
10-03-05 15:34:16>接收：68 11 11 11 11 11 11 68 91 07 33 36 63 36 33 33 33 69 16
10-03-05 15:34:16>解析：地址:11 11 11 11 11 11 控制码:91 长度:07 数据标识:03 30 03 00 数据:00 00 00
10-03-05 15:37:12>发送:68 AA AA AA AA AA AA 68 13 00 DF 16
10-03-05 15:37:13>接收：68 11 11 11 11 11 11 68 93 06 44 44 44 44 44 44 67 16
10-03-05 15:37:13>解析：地址:11 11 11 11 11 11 控制码:93 长度:06 数据标识: 数据:11 11 11 11 11 11
10-03-05 15:37:24>发送:68 AA AA AA AA AA AA 68 13 00 DF 16
10-03-05 15:37:24>接收：68 11 11 11 11 11 11 68 93 06 44 44 44 44 44 44 67 16
10-03-05 15:37:24>解析：地址:11 11 11 11 11 11 控制码:93 长度:06 数据标识: 数据:11 11 11 11 11 11
10-03-05 15:37:29>发送:68 AA AA AA AA AA AA 68 15 06 34 33 33 33 33 33 1A 16
10-03-05 15:37:29>接收：68 01 00 00 00 00 00 68 95 00 66 16
10-03-05 15:37:29>解析：地址:00 00 00 00 00 01 控制码:95 长度:00 数据标识: 数据:
10-03-05 15:37:37>发送:68 AA AA AA AA AA AA 68 13 00 DF 16
10-03-05 15:37:37>接收：68 01 00 00 00 00 00 68 93 06 34 33 33 33 33 33 9D 16
10-03-05 15:37:37>解析：地址:00 00 00 00 00 01 控制码:93 长度:06 数据标识: 数据:01 00 00 00 00 00
10-03-05 15:38:25>发送:68 AA AA AA AA AA AA 68 15 06 44 44 44 44 44 44 7F 16
10-03-05 15:38:26>接收：68 11 11 11 11 11 11 68 95 00 CB 16
10-03-05 15:38:26>解析：地址:11 11 11 11 11 11 控制码:95 长度:00 数据标识: 数据:
10-03-05 15:38:31>发送:68 AA AA AA AA AA AA 68 13 00 DF 16
10-03-05 15:38:32>接收：68 11 11 11 11 11 11 68 93 06 44 44 44 44 44 44 67 16
10-03-05 15:38:32>解析：地址:11 11 11 11 11 11 控制码:93 长度:06 数据标识: 数据:11 11 11 11 11 11
10-03-05 15:38:52>发送:68 11 11 11 11 11 11 68 17 01 43 91 16
10-03-05 15:38:52>接收：68 11 11 11 11 11 11 68 97 01 43 11 16
10-03-05 15:38:52>解析：地址:11 11 11 11 11 11 控制码:97 长度:01 数据标识: 数据:10
10-03-05 15:39:12>发送:68 AA AA AA AA AA AA 68 13 00 DF 16
10-03-05 15:39:28>发送:68 AA AA AA AA AA AA 68 13 00 DF 16
10-03-05 15:39:28>接收：68 11 11 11 11 11 11 68 93 06 44 44 44 44 44 44 67 16
10-03-05 15:39:28>解析：地址:11 11 11 11 11 11 控制码:93 长度:06 数据标识: 数据:11 11 11 11 11 11
10-03-05 15:39:44>发送:68 11 11 11 11 11 11 68 17 01 3B 89 16
10-03-05 15:39:45>接收：68 11 11 11 11 11 11 68 97 01 3B 09 16
10-03-05 15:39:45>解析：地址:11 11 11 11 11 11 控制码:97 长度:01 数据标识: 数据:08
10-03-05 15:39:55>发送:68 AA AA AA AA AA AA 68 13 00 DF 16
10-03-05 15:39:55>接收：68 11 11 11 11 11 11 68 93 06 44 44 44 44 44 44 67 16
10-03-05 15:39:55>解析：地址:11 11 11 11 11 11 控制码:93 长度:06 数据标识: 数据:11 11 11 11 11 11
10-03-05 15:40:45>发送:68 11 11 11 11 11 11 68 18 0C 36 3F 33 37 35 33 33 33 35 33 33 43 E5 16
10-03-05 15:40:45>接收：68 11 11 11 11 11 11 68 98 04 35 33 33 43 B0 16
10-03-05 15:40:45>解析：地址:11 11 11 11 11 11 控制码:98 长度:04 数据标识: 数据:02 00 00 10
10-03-05 15:43:33>发送:68 11 11 11 11 11 11 68 14 0E 35 3E 33 37 35 33 33 43 33 33 33 33 54 45 78 16
10-03-05 15:43:33>接收：68 11 11 11 11 11 11 68 94 00 CA 16
10-03-05 15:43:33>解析：地址:11 11 11 11 11 11 控制码:94 长度:00 数据标识: 数据:
10-03-05 15:43:42>发送:68 11 11 11 11 11 11 68 11 04 35 3E 33 37 28 16
10-03-05 15:43:42>接收：68 11 11 11 11 11 11 68 91 06 35 3E 33 37 54 45 43 16
10-03-05 15:43:42>解析：地址:11 11 11 11 11 11 控制码:91 长度:06 数据标识:04 00 0B 02 数据:12 21
10-03-05 15:44:17>发送:68 11 11 11 11 11 11 68 14 0E 35 3E 33 37 35 33 33 43 33 33 33 33 CC CC 77 16
10-03-05 15:44:18>接收：68 11 11 11 11 11 11 68 94 00 CA 16
10-03-05 15:44:18>解析：地址:11 11 11 11 11 11 控制码:94 长度:00 数据标识: 数据:
10-03-05 15:44:42>发送:68 11 11 11 11 11 11 68 11 04 34 3E 33 37 27 16
10-03-05 15:44:43>接收：68 11 11 11 11 11 11 68 91 06 34 3E 33 37 45 4A 38 16
10-03-05 15:44:43>解析：地址:11 11 11 11 11 11 控制码:91 长度:06 数据标识:04 00 0B 01 数据:17 12
10-03-05 15:46:27>发送:68 11 11 11 11 11 11 68 18 0C 36 3F 33 37 35 33 33 43 35 33 33 33 E5 16
10-03-05 15:46:27>接收：68 11 11 11 11 11 11 68 98 04 35 33 33 33 A0 16
10-03-05 15:46:27>解析：地址:11 11 11 11 11 11 控制码:98 长度:04 数据标识: 数据:02 00 00 00
10-03-05 15:46:41>发送:68 11 11 11 11 11 11 68 1B 0C 35 33 33 33 33 33 33 33 32 32 32 32 BF 16
10-03-05 15:46:44>接收：68 11 11 11 11 11 11 68 9B 00 D1 16
10-03-05 15:46:44>解析：地址:11 11 11 11 11 11 控制码:9B 长度:00 数据标识: 数据:
10-03-05 15:46:53>发送:68 11 11 11 11 11 11 68 1A 08 35 33 33 33 33 33 33 33 F2 16
10-03-05 16:01:22>发送:68 11 11 11 11 11 11 68 1C 10 35 33 33 33 33 33 33 33 4D 33 49 36 49 38 36 43 F5 16
10-03-05 16:02:02>发送:68 11 11 11 11 11 11 68 1C 10 35 33 33 33 33 33 33 33 4D 33 49 36 49 38 36 43 F5 16
10-03-05 16:02:09>发送:68 AA AA AA AA AA AA 68 13 00 DF 16
10-03-05 16:05:02>发送:68 AA AA AA AA AA AA 68 13 00 DF 16
10-03-05 16:05:03>接收：68 11 11 11 11 11 11 68 93 06 44 44 44 44 44 44 67 16
10-03-05 16:05:03>解析：地址:11 11 11 11 11 11 控制码:93 长度:06 数据标识: 数据:11 11 11 11 11 11
10-03-05 16:05:08>发送:68 11 11 11 11 11 11 68 1C 10 35 33 33 33 33 33 33 33 4D 33 39 3A 49 38 36 43 E9 16
10-03-05 16:05:09>接收：68 11 11 11 11 11 11 68 9C 00 D2 16
10-03-05 16:05:09>解析：地址:11 11 11 11 11 11 控制码:9C 长度:00 数据标识: 数据:
10-03-05 16:14:32>发送:68 11 11 11 11 11 11 68 1C 10 35 33 33 33 33 33 33 33 4D 33 63 49 49 38 36 43 22 16
10-03-05 16:14:33>接收：68 11 11 11 11 11 11 68 9C 00 D2 16
10-03-05 16:14:33>解析：地址:11 11 11 11 11 11 控制码:9C 长度:00 数据标识: 数据:
10-03-05 16:24:21>发送:68 99 99 99 99 99 99 68 08 06 85 56 49 38 36 43 49 16
10-03-05 16:24:52>发送:68 11 11 11 11 11 11 68 1C 10 35 33 33 33 33 33 33 33 4E 33 6C 59 49 38 36 43 3C 16
10-03-05 16:24:53>接收：68 11 11 11 11 11 11 68 9C 00 D2 16
10-03-05 16:24:53>解析：地址:11 11 11 11 11 11 控制码:9C 长度:00 数据标识: 数据:
10-03-05 16:25:28>发送:68 99 99 99 99 99 99 68 08 06 56 58 49 38 36 43 1C 16
10-03-05 16:25:44>发送:68 AA AA AA AA AA AA 68 13 00 DF 16
10-03-05 16:25:45>接收：68 11 11 11 11 11 11 68 93 06 44 44 44 44 44 44 67 16
10-03-05 16:25:45>解析：地址:11 11 11 11 11 11 控制码:93 长度:06 数据标识: 数据:11 11 11 11 11 11
10-03-05 16:27:02>发送:68 99 99 99 99 99 99 68 08 06 7B 63 49 38 36 43 4C 16
10-03-05 16:27:11>发送:68 99 99 99 99 99 99 68 08 06 7B 63 49 38 36 43 4C 16
10-03-05 16:28:04>发送:68 99 99 99 99 99 99 68 08 06 7B 63 49 38 36 43 4C 16
10-03-05 16:28:15>发送:68 99 99 99 99 99 99 68 08 06 7B 63 49 38 36 43 4C 16
10-03-05 16:28:44>发送:68 99 99 99 99 99 99 68 08 06 7B 63 49 38 36 43 4C 16
10-03-05 16:28:53>发送:68 99 99 99 99 99 99 68 08 06 7B 63 49 38 36 43 4C 16
10-03-05 16:29:06>发送:68 99 99 99 99 99 99 68 08 06 7B 58 49 38 36 43 41 16
10-03-05 16:29:10>发送:68 99 99 99 99 99 99 68 08 06 7B 58 49 38 36 43 41 16
10-03-05 16:29:18>发送:68 AA AA AA AA AA AA 68 13 00 DF 16
10-03-05 16:29:19>接收：68 11 11 11 11 11 11 68 93 06 44 44 44 44 44 44 67 16
10-03-05 16:29:19>解析：地址:11 11 11 11 11 11 控制码:93 长度:06 数据标识: 数据:11 11 11 11 11 11
10-03-05 16:33:59>发送:68 99 99 99 99 99 99 68 08 06 78 6A 49 38 36 43 50 16
10-03-05 16:34:57>发送:68 99 99 99 99 99 99 68 08 06 78 8B 49 38 36 43 71 16
10-03-05 16:35:01>发送:68 99 99 99 99 99 99 68 08 06 78 8B 49 38 36 43 71 16
10-03-05 16:37:56>发送:68 11 11 11 11 11 11 68 11 04 41 37 33 37 2D 16
10-03-05 16:37:56>接收：68 11 11 11 11 11 11 68 91 0A 41 37 33 37 44 44 44 44 44 44 4B 16
10-03-05 16:37:56>解析：地址:11 11 11 11 11 11 控制码:91 长度:0A 数据标识:04 00 04 0E 数据:11 11 11 11 11 11
10-03-05 16:38:24>发送:68 11 11 11 11 11 11 68 14 0F 41 37 33 37 35 33 33 33 33 33 33 33 89 67 45 0A 16
10-03-05 16:38:24>接收：68 11 11 11 11 11 11 68 D4 01 35 40 16
10-03-05 16:38:24>解析：地址:11 11 11 11 11 11 控制码:D4 长度:01 数据标识: 数据:02
10-03-05 16:38:34>发送:68 11 11 11 11 11 11 68 14 0F 41 37 33 37 35 33 33 33 33 33 33 33 89 67 45 0A 16
10-03-05 16:38:35>接收：68 11 11 11 11 11 11 68 D4 01 35 40 16
10-03-05 16:38:35>解析：地址:11 11 11 11 11 11 控制码:D4 长度:01 数据标识: 数据:02
10-03-05 16:38:45>发送:68 11 11 11 11 11 11 68 14 0F 41 37 33 37 35 33 33 33 33 33 33 33 89 67 45 0A 16
10-03-05 16:38:46>接收：68 11 11 11 11 11 11 68 D4 01 35 40 16
10-03-05 16:38:46>解析：地址:11 11 11 11 11 11 控制码:D4 长度:01 数据标识: 数据:02
10-03-05 16:38:53>发送:68 11 11 11 11 11 11 68 11 04 41 37 33 37 2D 16
10-03-05 16:38:54>接收：68 11 11 11 11 11 11 68 91 0A 41 37 33 37 44 44 44 44 44 44 4B 16
10-03-05 16:38:54>解析：地址:11 11 11 11 11 11 控制码:91 长度:0A 数据标识:04 00 04 0E 数据:11 11 11 11 11 11
10-03-05 16:40:11>发送:68 11 11 11 11 11 11 68 14 12 41 37 33 37 37 44 44 44 33 33 33 33 54 76 98 89 67 45 A4 16
10-03-05 16:40:11>接收：68 11 11 11 11 11 11 68 D4 01 35 40 16
10-03-05 16:40:11>解析：地址:11 11 11 11 11 11 控制码:D4 长度:01 数据标识: 数据:02
10-03-05 16:40:17>发送:68 11 11 11 11 11 11 68 14 12 41 37 33 37 37 44 44 44 33 33 33 33 54 76 98 89 67 45 A4 16
10-03-05 16:40:17>接收：68 11 11 11 11 11 11 68 D4 01 35 40 16
10-03-05 16:40:17>解析：地址:11 11 11 11 11 11 控制码:D4 长度:01 数据标识: 数据:02
10-03-05 16:40:47>发送:68 11 11 11 11 11 11 68 14 12 41 37 33 37 37 44 44 44 33 33 33 33 54 76 98 89 67 45 A4 16
10-03-05 16:40:47>接收：68 11 11 11 11 11 11 68 D4 01 35 40 16
10-03-05 16:40:47>解析：地址:11 11 11 11 11 11 控制码:D4 长度:01 数据标识: 数据:02
10-03-05 16:40:56>发送:68 11 11 11 11 11 11 68 11 04 41 37 33 37 2D 16
10-03-05 16:40:57>接收：68 11 11 11 11 11 11 68 91 0A 41 37 33 37 44 44 44 44 44 44 4B 16
10-03-05 16:40:57>解析：地址:11 11 11 11 11 11 控制码:91 长度:0A 数据标识:04 00 04 0E 数据:11 11 11 11 11 11
10-03-05 16:44:46>发送:68 11 11 11 11 11 11 68 11 04 34 34 B3 37 9D 16
10-03-05 16:44:46>接收：68 11 11 11 11 11 11 68 D1 01 35 3D 16
10-03-05 16:44:46>解析：地址:11 11 11 11 11 11 控制码:D1 长度:01 数据标识: 数据:02
10-03-05 16:44:52>发送:68 11 11 11 11 11 11 68 11 04 36 34 B3 37 9F 16
10-03-05 16:44:52>接收：68 11 11 11 11 11 11 68 D1 01 35 3D 16
10-03-05 16:44:52>解析：地址:11 11 11 11 11 11 控制码:D1 长度:01 数据标识: 数据:02
10-03-05 16:45:01>发送:68 11 11 11 11 11 11 68 11 04 34 34 36 37 20 16
10-03-05 16:45:01>接收：68 11 11 11 11 11 11 68 D1 01 35 3D 16
10-03-05 16:45:01>解析：地址:11 11 11 11 11 11 控制码:D1 长度:01 数据标识: 数据:02
10-03-05 16:45:08>发送:68 11 11 11 11 11 11 68 11 04 33 34 34 37 1D 16
10-03-05 16:45:09>接收：68 11 11 11 11 11 11 68 D1 01 35 3D 16
10-03-05 16:45:09>解析：地址:11 11 11 11 11 11 控制码:D1 长度:01 数据标识: 数据:02
10-03-05 16:45:40>发送:68 11 11 11 11 11 11 68 11 04 33 33 34 33 18 16
10-03-05 16:45:40>接收：68 11 11 11 11 11 11 68 91 08 33 33 34 33 33 33 33 33 68 16
10-03-05 16:45:40>解析：地址:11 11 11 11 11 11 控制码:91 长度:08 数据标识:00 01 00 00 数据:00 00 00 00
10-03-05 16:45:42>发送:68 11 11 11 11 11 11 68 11 04 34 35 33 37 1E 16
10-03-05 16:45:42>接收：68 11 11 11 11 11 11 68 91 05 34 35 33 37 35 D4 16
10-03-05 16:45:42>解析：地址:11 11 11 11 11 11 控制码:91 长度:05 数据标识:04 00 02 01 数据:02
10-03-05 16:45:47>发送:68 11 11 11 11 11 11 68 11 04 35 35 33 37 1F 16
10-03-05 16:45:47>接收：68 11 11 11 11 11 11 68 91 05 35 35 33 37 35 D5 16
10-03-05 16:45:47>解析：地址:11 11 11 11 11 11 控制码:91 长度:05 数据标识:04 00 02 02 数据:02
10-03-05 16:45:50>发送:68 11 11 11 11 11 11 68 11 04 36 35 33 37 20 16
10-03-05 16:45:50>接收：68 11 11 11 11 11 11 68 91 05 36 35 33 37 3B DC 16
10-03-05 16:45:50>解析：地址:11 11 11 11 11 11 控制码:91 长度:05 数据标识:04 00 02 03 数据:08
10-03-05 16:45:54>发送:68 11 11 11 11 11 11 68 11 04 37 35 33 37 21 16
10-03-05 16:45:54>接收：68 11 11 11 11 11 11 68 91 05 37 35 33 37 37 D9 16
10-03-05 16:45:54>解析：地址:11 11 11 11 11 11 控制码:91 长度:05 数据标识:04 00 02 04 数据:04
10-03-05 16:45:57>发送:68 11 11 11 11 11 11 68 11 04 38 35 33 37 22 16
10-03-05 16:45:58>接收：68 11 11 11 11 11 11 68 91 06 38 35 33 37 33 33 0A 16
10-03-05 16:45:58>解析：地址:11 11 11 11 11 11 控制码:91 长度:06 数据标识:04 00 02 05 数据:00 00
10-03-05 16:46:14>发送:68 11 11 11 11 11 11 68 14 0D 34 35 33 37 37 44 44 44 33 33 33 33 37 30 16
10-03-05 16:46:15>接收：68 11 11 11 11 11 11 68 94 00 CA 16
10-03-05 16:46:15>解析：地址:11 11 11 11 11 11 控制码:94 长度:00 数据标识: 数据:
10-03-05 16:46:21>发送:68 11 11 11 11 11 11 68 14 0D 35 35 33 37 37 44 44 44 33 33 33 33 37 31 16
10-03-05 16:46:22>接收：68 11 11 11 11 11 11 68 94 00 CA 16
10-03-05 16:46:22>解析：地址:11 11 11 11 11 11 控制码:94 长度:00 数据标识: 数据:
10-03-05 16:46:26>发送:68 11 11 11 11 11 11 68 14 0D 36 35 33 37 37 44 44 44 33 33 33 33 37 32 16
10-03-05 16:46:26>接收：68 11 11 11 11 11 11 68 94 00 CA 16
10-03-05 16:46:26>解析：地址:11 11 11 11 11 11 控制码:94 长度:00 数据标识: 数据:
10-03-05 16:50:56>发送:68 11 11 11 11 11 11 68 14 0D 36 35 33 37 37 44 44 44 33 33 33 33 37 32 16
10-03-05 16:50:56>接收：68 11 11 11 11 11 11 68 94 00 CA 16
10-03-05 16:50:56>解析：地址:11 11 11 11 11 11 控制码:94 长度:00 数据标识: 数据:
10-03-05 16:51:04>发送:68 11 11 11 11 11 11 68 14 0D 37 35 33 37 37 44 44 44 33 33 33 33 36 32 16
10-03-05 16:51:04>接收：68 11 11 11 11 11 11 68 94 00 CA 16
10-03-05 16:51:04>解析：地址:11 11 11 11 11 11 控制码:94 长度:00 数据标识: 数据:
10-03-05 16:51:10>发送:68 11 11 11 11 11 11 68 14 0D 38 35 33 37 37 44 44 44 33 33 33 33 36 33 16
10-03-05 16:51:10>接收：68 11 11 11 11 11 11 68 94 00 CA 16
10-03-05 16:51:10>解析：地址:11 11 11 11 11 11 控制码:94 长度:00 数据标识: 数据:
10-03-05 16:51:21>发送:68 11 11 11 11 11 11 68 11 04 34 35 33 37 1E 16
10-03-05 16:51:21>接收：68 11 11 11 11 11 11 68 91 05 34 35 33 37 37 D6 16
10-03-05 16:51:21>解析：地址:11 11 11 11 11 11 控制码:91 长度:05 数据标识:04 00 02 01 数据:04
10-03-05 16:51:24>发送:68 11 11 11 11 11 11 68 11 04 35 35 33 37 1F 16
10-03-05 16:51:24>接收：68 11 11 11 11 11 11 68 91 05 35 35 33 37 37 D7 16
10-03-05 16:51:24>解析：地址:11 11 11 11 11 11 控制码:91 长度:05 数据标识:04 00 02 02 数据:04
10-03-05 16:51:27>发送:68 11 11 11 11 11 11 68 11 04 36 35 33 37 20 16
10-03-05 16:51:27>接收：68 11 11 11 11 11 11 68 91 05 36 35 33 37 37 D8 16
10-03-05 16:51:27>解析：地址:11 11 11 11 11 11 控制码:91 长度:05 数据标识:04 00 02 03 数据:04
10-03-05 16:51:30>发送:68 11 11 11 11 11 11 68 11 04 37 35 33 37 21 16
10-03-05 16:51:31>接收：68 11 11 11 11 11 11 68 91 05 37 35 33 37 36 D8 16
10-03-05 16:51:31>解析：地址:11 11 11 11 11 11 控制码:91 长度:05 数据标识:04 00 02 04 数据:03
10-03-05 16:51:34>发送:68 11 11 11 11 11 11 68 11 04 38 35 33 37 22 16
10-03-05 16:51:34>接收：68 11 11 11 11 11 11 68 91 06 38 35 33 37 36 33 0D 16
10-03-05 16:51:34>解析：地址:11 11 11 11 11 11 控制码:91 长度:06 数据标识:04 00 02 05 数据:00 03
10-03-05 16:51:43>发送:68 11 11 11 11 11 11 68 14 0D 34 35 33 37 37 44 44 44 33 33 33 33 35 2E 16
10-03-05 16:51:43>接收：68 11 11 11 11 11 11 68 94 00 CA 16
10-03-05 16:51:43>解析：地址:11 11 11 11 11 11 控制码:94 长度:00 数据标识: 数据:
10-03-05 16:51:49>发送:68 11 11 11 11 11 11 68 14 0D 35 35 33 37 37 44 44 44 33 33 33 33 35 2F 16
10-03-05 16:51:49>接收：68 11 11 11 11 11 11 68 94 00 CA 16
10-03-05 16:51:49>解析：地址:11 11 11 11 11 11 控制码:94 长度:00 数据标识: 数据:
10-03-05 16:52:02>发送:68 11 11 11 11 11 11 68 14 0D 36 35 33 37 37 44 44 44 33 33 33 33 3B 36 16
10-03-05 16:52:02>接收：68 11 11 11 11 11 11 68 94 00 CA 16
10-03-05 16:52:02>解析：地址:11 11 11 11 11 11 控制码:94 长度:00 数据标识: 数据:
10-03-05 16:52:08>发送:68 11 11 11 11 11 11 68 14 0D 37 35 33 37 37 44 44 44 33 33 33 33 37 33 16
10-03-05 16:52:08>接收：68 11 11 11 11 11 11 68 94 00 CA 16
10-03-05 16:52:08>解析：地址:11 11 11 11 11 11 控制码:94 长度:00 数据标识: 数据:
10-03-05 16:52:15>发送:68 11 11 11 11 11 11 68 14 0D 38 35 33 37 37 44 44 44 33 33 33 33 33 30 16
10-03-05 16:52:15>接收：68 11 11 11 11 11 11 68 94 00 CA 16
10-03-05 16:52:15>解析：地址:11 11 11 11 11 11 控制码:94 长度:00 数据标识: 数据:
10-03-05 16:52:41>发送:68 11 11 11 11 11 11 68 14 12 41 37 33 37 37 44 44 44 33 33 33 33 54 76 98 89 67 45 A4 16
10-03-05 16:52:41>接收：68 11 11 11 11 11 11 68 94 00 CA 16
10-03-05 16:52:41>解析：地址:11 11 11 11 11 11 控制码:94 长度:00 数据标识: 数据:
10-03-05 16:52:48>发送:68 11 11 11 11 11 11 68 11 04 41 37 33 37 2D 16
10-03-05 16:52:49>接收：68 11 11 11 11 11 11 68 91 0A 41 37 33 37 54 76 98 89 67 45 4A 16
10-03-05 16:52:49>解析：地址:11 11 11 11 11 11 控制码:91 长度:0A 数据标识:04 00 04 0E 数据:12 34 56 65 43 21
10-03-05 17:02:52>发送:68 11 11 11 11 11 11 68 14 12 41 37 33 37 37 44 44 44 33 33 33 33 67 C3 AB 89 67 45 17 16
10-03-05 17:02:53>接收：68 11 11 11 11 11 11 68 94 00 CA 16
10-03-05 17:02:53>解析：地址:11 11 11 11 11 11 控制码:94 长度:00 数据标识: 数据:
10-03-05 17:02:59>发送:68 11 11 11 11 11 11 68 11 04 41 37 33 37 2D 16
10-03-05 17:02:59>接收：68 11 11 11 11 11 11 68 91 0A 41 37 33 37 67 C3 AB 89 67 45 BD 16
10-03-05 17:02:59>解析：地址:11 11 11 11 11 11 控制码:91 长度:0A 数据标识:04 00 04 0E 数据:12 34 56 78 90 34
10-03-05 17:04:11>发送:68 11 11 11 11 11 11 68 11 04 34 36 33 37 1F 16
10-03-05 17:04:12>接收：68 11 11 11 11 11 11 68 91 05 34 36 33 37 38 D8 16
10-03-05 17:04:12>解析：地址:11 11 11 11 11 11 控制码:91 长度:05 数据标识:04 00 03 01 数据:05
10-03-05 17:04:31>发送:68 11 11 11 11 11 11 68 14 0D 34 36 33 37 37 44 44 44 33 33 33 33 37 31 16
10-03-05 17:04:31>接收：68 11 11 11 11 11 11 68 94 00 CA 16
10-03-05 17:04:31>解析：地址:11 11 11 11 11 11 控制码:94 长度:00 数据标识: 数据:
10-03-05 17:04:34>发送:68 11 11 11 11 11 11 68 11 04 33 33 34 33 18 16
10-03-05 17:04:35>接收：68 11 11 11 11 11 11 68 91 08 33 33 34 33 33 33 33 33 68 16
10-03-05 17:04:35>解析：地址:11 11 11 11 11 11 控制码:91 长度:08 数据标识:00 01 00 00 数据:00 00 00 00
10-03-05 17:04:40>发送:68 11 11 11 11 11 11 68 11 04 34 36 33 37 1F 16
10-03-05 17:04:40>接收：68 11 11 11 11 11 11 68 91 05 34 36 33 37 37 D7 16
10-03-05 17:04:40>解析：地址:11 11 11 11 11 11 控制码:91 长度:05 数据标识:04 00 03 01 数据:04
10-03-05 17:04:49>发送:68 11 11 11 11 11 11 68 14 0D 34 36 33 37 37 44 44 44 33 33 33 33 38 32 16
10-03-05 17:04:49>接收：68 11 11 11 11 11 11 68 94 00 CA 16
10-03-05 17:04:49>解析：地址:11 11 11 11 11 11 控制码:94 长度:00 数据标识: 数据:
10-03-05 17:05:06>发送:68 11 11 11 11 11 11 68 14 0D 35 36 33 37 37 44 44 44 33 33 33 33 43 3E 16
10-03-05 17:05:06>接收：68 11 11 11 11 11 11 68 94 00 CA 16
10-03-05 17:05:06>解析：地址:11 11 11 11 11 11 控制码:94 长度:00 数据标识: 数据:
10-03-05 17:06:13>发送:68 11 11 11 11 11 11 68 11 04 35 36 33 37 20 16
10-03-05 17:06:13>接收：68 11 11 11 11 11 11 68 91 05 35 36 33 37 49 EA 16
10-03-05 17:06:13>解析：地址:11 11 11 11 11 11 控制码:91 长度:05 数据标识:04 00 03 02 数据:16
10-03-05 17:12:56>发送:68 11 11 11 11 11 11 68 14 0D 35 36 33 37 37 44 44 44 33 33 33 33 43 3E 16
10-03-05 17:12:56>接收：68 11 11 11 11 11 11 68 94 00 CA 16
10-03-05 17:12:56>解析：地址:11 11 11 11 11 11 控制码:94 长度:00 数据标识: 数据:
10-03-05 17:20:58>发送:68 11 11 11 11 11 11 68 11 04 34 36 33 37 1F 16
10-03-05 17:20:59>接收：68 11 11 11 11 11 11 68 91 05 34 36 33 37 38 D8 16
10-03-05 17:20:59>解析：地址:11 11 11 11 11 11 控制码:91 长度:05 数据标识:04 00 03 01 数据:05
10-03-05 17:21:09>发送:68 11 11 11 11 11 11 68 14 0D 34 36 33 37 37 44 44 44 33 33 33 33 43 3D 16
10-03-05 17:21:09>接收：68 11 11 11 11 11 11 68 94 00 CA 16
10-03-05 17:21:09>解析：地址:11 11 11 11 11 11 控制码:94 长度:00 数据标识: 数据:
10-03-05 17:21:17>发送:68 11 11 11 11 11 11 68 11 04 34 36 33 37 1F 16
10-03-05 17:21:18>接收：68 11 11 11 11 11 11 68 91 05 34 36 33 37 49 E9 16
10-03-05 17:21:18>解析：地址:11 11 11 11 11 11 控制码:91 长度:05 数据标识:04 00 03 01 数据:16
