17-05-08 10:28:25>发送:68 AA AA AA AA AA AA 68 13 00 DF 16
17-05-08 10:28:25>接收：FE FE 68 96 36 83 85 00 01 68 93 06 C9 69 B6 B8 33 34 45 16
17-05-08 10:28:25>解析：地址:01 00 85 83 36 96 控制码:93 长度:06 数据标识: 数据:96 36 83 85 00 01
17-05-08 10:28:49>发送:68 99 99 99 99 99 99 68 08 06 78 5B 43 3B 38 4A 47 16
17-05-08 10:30:35>发送:68 96 36 83 85 00 01 68 14 0F 35 34 33 37 37 44 44 44 33 33 33 33 33 63 56 56 16
17-05-08 10:30:36>接收：FE FE 68 96 36 83 85 00 01 68 94 00 39 16
17-05-08 10:30:36>解析：地址:01 00 85 83 36 96 控制码:94 长度:00 数据标识: 数据:
17-05-08 10:30:52>发送:68 96 36 83 85 00 01 68 11 04 35 34 33 37 8D 16
17-05-08 10:30:52>接收：FE FE 68 96 36 83 85 00 01 68 91 07 35 34 33 37 49 63 56 12 16
17-05-08 10:30:52>解析：地址:01 00 85 83 36 96 控制码:91 长度:07 数据标识:04 00 01 02 数据:23 30 16
17-05-08 10:31:31>发送:68 AA AA AA AA AA AA 68 13 00 DF 16
17-05-08 10:31:40>发送:68 AA AA AA AA AA AA 68 13 00 DF 16
17-05-08 10:32:01>发送:68 AA AA AA AA AA AA 68 13 00 DF 16
17-05-08 10:32:01>接收：FE FE FE FE 68 05 06 48 92 00 01 68 93 06 38 39 7B C5 33 34 67 16
17-05-08 10:32:01>解析：地址:01 00 92 48 06 05 控制码:93 长度:06 数据标识: 数据:05 06 48 92 00 01
17-05-08 10:32:46>发送:68 05 06 48 92 00 01 68 14 0F 35 34 33 37 37 44 44 44 33 33 33 33 33 65 56 69 16
17-05-08 10:32:47>接收：FE FE FE FE 68 05 06 48 92 00 01 68 94 00 4A 16
17-05-08 10:32:47>解析：地址:01 00 92 48 06 05 控制码:94 长度:00 数据标识: 数据:
17-05-08 10:32:51>发送:68 05 06 48 92 00 01 68 11 04 33 33 34 33 98 16
17-05-08 10:32:51>接收：FE FE FE FE 68 05 06 48 92 00 01 68 91 08 33 33 34 33 93 68 77 35 C3 16
17-05-08 10:32:51>解析：地址:01 00 92 48 06 05 控制码:91 长度:08 数据标识:00 01 00 00 数据:02 44 35 60
