17-12-09 11:48:57>发送:68 AA AA AA AA AA AA 68 13 00 DF 16
17-12-09 11:48:59>接收：68 55 18 14 00 91 01 68 93 06 88 4B 47 33 C4 34 C1 16
17-12-09 11:48:59>解析：地址:01 91 00 14 18 55 控制码:93 长度:06 数据标识: 数据:55 18 14 00 91 01
17-12-09 11:49:59>发送:68 55 18 14 00 91 01 68 11 04 33 33 34 33 C5 16
17-12-09 11:50:16>发送:68 55 18 14 00 91 01 68 11 04 33 33 34 33 C5 16
17-12-09 11:50:17>接收：68 55 18 14 00 91 01 68 91 08 33 33 34 33 74 33 33 33 56 16
17-12-09 11:50:17>解析：地址:01 91 00 14 18 55 控制码:91 长度:08 数据标识:00 01 00 00 数据:00 00 00 41
17-12-09 11:50:40>发送:68 55 18 14 00 91 01 68 11 04 33 35 34 33 C7 16
17-12-09 11:50:40>接收：68 55 18 14 00 91 01 68 91 08 33 35 34 33 66 33 33 33 4A 16
17-12-09 11:50:40>解析：地址:01 91 00 14 18 55 控制码:91 长度:08 数据标识:00 01 02 00 数据:00 00 00 33
17-12-09 11:50:45>发送:68 55 18 14 00 91 01 68 11 04 33 35 34 33 C7 16
17-12-09 11:50:46>接收：68 55 18 14 00 91 01 68 91 08 33 35 34 33 66 33 33 33 4A 16
17-12-09 11:50:46>解析：地址:01 91 00 14 18 55 控制码:91 长度:08 数据标识:00 01 02 00 数据:00 00 00 33
17-12-09 11:50:49>发送:68 55 18 14 00 91 01 68 11 04 33 36 34 33 C8 16
17-12-09 11:50:50>接收：68 55 18 14 00 91 01 68 91 08 33 36 34 33 3B 33 33 33 20 16
17-12-09 11:50:50>解析：地址:01 91 00 14 18 55 控制码:91 长度:08 数据标识:00 01 03 00 数据:00 00 00 08
17-12-09 11:51:09>发送:68 55 18 14 00 91 01 68 11 04 33 33 35 33 C6 16
17-12-09 11:51:09>接收：68 55 18 14 00 91 01 68 91 08 33 33 35 33 33 33 33 33 16 16
17-12-09 11:51:09>解析：地址:01 91 00 14 18 55 控制码:91 长度:08 数据标识:00 02 00 00 数据:00 00 00 00
17-12-09 11:51:53>发送:68 55 18 14 00 91 01 68 11 04 33 33 36 33 C7 16
17-12-09 11:51:53>接收：68 55 18 14 00 91 01 68 91 08 33 33 36 33 53 33 33 33 37 16
17-12-09 11:51:53>解析：地址:01 91 00 14 18 55 控制码:91 长度:08 数据标识:00 03 00 00 数据:00 00 00 20
17-12-09 11:52:14>发送:68 55 18 14 00 91 01 68 11 04 33 35 36 33 C9 16
17-12-09 11:52:14>接收：68 55 18 14 00 91 01 68 91 08 33 35 36 33 48 33 33 33 2E 16
17-12-09 11:52:14>解析：地址:01 91 00 14 18 55 控制码:91 长度:08 数据标识:00 03 02 00 数据:00 00 00 15
