18-05-16 13:39:22>发送:68 01 00 00 00 00 00 68 11 04 33 33 33 33 B2 16
18-05-16 13:39:28>发送:68 01 00 00 00 00 00 68 11 04 33 33 33 33 B2 16
18-05-16 13:40:17>发送:68 01 00 00 00 00 00 68 11 04 33 33 33 33 B2 16
18-05-16 13:40:19>发送:68 01 00 00 00 00 00 68 11 04 33 33 33 33 B2 16
18-05-16 13:40:34>发送:68 00 00 00 00 00 00 68 11 04 33 33 33 33 B1 16
18-05-16 13:40:35>接收：68 76 37 21 00 00 00 68 91 08 33 33 33 33 95 33 33 33 31 16
18-05-16 13:40:35>解析：地址:00 00 00 21 37 76 控制码:91 长度:08 数据标识:00 00 00 00 数据:00 00 00 62
18-05-16 13:40:42>发送:68 00 00 00 00 00 00 68 11 04 33 33 33 33 B1 16
18-05-16 13:40:43>接收：68 76 37 21 00 00 00 68 91 08 33 33 33 33 95 33 33 33 31 16
18-05-16 13:40:43>解析：地址:00 00 00 21 37 76 控制码:91 长度:08 数据标识:00 00 00 00 数据:00 00 00 62
18-05-16 13:40:44>发送:68 00 00 00 00 00 00 68 11 04 33 33 33 33 B1 16
18-05-16 13:40:45>接收：68 76 37 21 00 00 00 68 91 08 33 33 33 33 95 33 33 33 31 16
18-05-16 13:40:45>解析：地址:00 00 00 21 37 76 控制码:91 长度:08 数据标识:00 00 00 00 数据:00 00 00 62
18-05-16 13:40:45>发送:68 00 00 00 00 00 00 68 11 04 33 33 33 33 B1 16
18-05-16 13:40:46>接收：68 76 37 21 00 00 00 68 91 08 33 33 33 33 95 33 33 33 31 16
18-05-16 13:40:46>解析：地址:00 00 00 21 37 76 控制码:91 长度:08 数据标识:00 00 00 00 数据:00 00 00 62
18-05-16 13:40:46>发送:68 00 00 00 00 00 00 68 11 04 33 33 33 33 B1 16
18-05-16 13:40:47>接收：68 76 37 21 00 00 00 68 91 08 33 33 33 33 95 33 33 33 31 16
18-05-16 13:40:47>解析：地址:00 00 00 21 37 76 控制码:91 长度:08 数据标识:00 00 00 00 数据:00 00 00 62
18-05-16 13:40:47>发送:68 00 00 00 00 00 00 68 11 04 33 33 33 33 B1 16
18-05-16 13:40:48>接收：68 76 37 21 00 00 00 68 91 08 33 33 33 33 95 33 33 33 31 16
18-05-16 13:40:48>解析：地址:00 00 00 21 37 76 控制码:91 长度:08 数据标识:00 00 00 00 数据:00 00 00 62
18-05-16 13:41:17>发送:68 00 00 00 00 00 00 68 11 04 33 33 33 33 B1 16
18-05-16 13:41:18>接收：68 76 37 21 00 00 00 68 91 08 33 33 33 33 95 33 33 33 31 16
18-05-16 13:41:18>解析：地址:00 00 00 21 37 76 控制码:91 长度:08 数据标识:00 00 00 00 数据:00 00 00 62
18-05-16 14:01:24>发送:68 AA AA AA AA AA AA 68 11 04 33 33 33 33 AD 16
18-05-16 14:01:24>接收：68 76 37 21 00 00 00 68 91 08 33 33 33 33 95 33 33 33 31 16
18-05-16 14:01:24>解析：地址:00 00 00 21 37 76 控制码:91 长度:08 数据标识:00 00 00 00 数据:00 00 00 62
