18-10-25 10:27:07>接收：FE
18-10-25 10:27:54>发送:68 01 00 00 00 00 00 68 11 04 34 33 34 33 B4 16
18-10-25 10:27:57>发送:68 01 00 00 00 00 00 68 11 04 34 33 34 33 B4 16
18-10-25 10:27:58>发送:68 01 00 00 00 00 00 68 11 04 34 33 34 33 B4 16
18-10-25 10:28:11>发送:68 79 55 37 03 00 00 68 11 04 34 33 34 33 BB 16
18-10-25 10:28:11>接收：FE FE FE FE 68 79 55 37 03 00 00 68 91 08 34 33 34 33 33 33 33 33 0B 16
18-10-25 10:28:11>解析：地址:00 00 03 37 55 79 控制码:91 长度:08 数据标识:00 01 00 01 数据:00 00 00 00
18-10-25 10:28:31>发送:68 90 61 83 90 00 00 68 11 04 34 33 34 33 B7 16
18-10-25 10:28:32>接收：68 90 61 83 90 00 00 68 91 08 34 33 34 33 A7 75 35 33 BF 16
18-10-25 10:28:32>解析：地址:00 00 90 83 61 90 控制码:91 长度:08 数据标识:00 01 00 01 数据:00 02 42 74
18-10-25 10:28:33>发送:68 90 61 83 90 00 00 68 11 04 34 33 34 33 B7 16
18-10-25 10:28:34>接收：68 90 61 83 90 00 00 68 91 08 34 33 34 33 A7 75 35 33 BF 16
18-10-25 10:28:34>解析：地址:00 00 90 83 61 90 控制码:91 长度:08 数据标识:00 01 00 01 数据:00 02 42 74
18-10-25 10:28:35>发送:68 90 61 83 90 00 00 68 11 04 34 33 34 33 B7 16
18-10-25 10:28:35>接收：68 90 61 83 90 00 00 68 91 08 34 33 34 33 A7 75 35 33 BF 16
18-10-25 10:28:35>解析：地址:00 00 90 83 61 90 控制码:91 长度:08 数据标识:00 01 00 01 数据:00 02 42 74
18-10-25 10:28:38>发送:68 90 61 83 90 00 00 68 11 04 34 33 34 33 B7 16
18-10-25 10:28:38>接收：68 90 61 83 90 00 00 68 91 08 34 33 34 33 A7 75 35 33 BF 16
18-10-25 10:28:38>解析：地址:00 00 90 83 61 90 控制码:91 长度:08 数据标识:00 01 00 01 数据:00 02 42 74
18-10-25 10:32:18>发送:68 90 61 83 90 00 00 68 11 04 34 34 39 38 C2 16
18-10-25 10:32:18>接收：68 90 61 83 90 00 00 68 91 18 34 34 39 38 A7 75 35 33 33 33 33 33 33 33 33 33 A5 47 35 33 35 5B 33 33 BC 16
18-10-25 10:32:18>解析：地址:00 00 90 83 61 90 控制码:91 长度:18 数据标识:05 06 01 01 数据:00 00 28 02 00 02 14 72 00 00 00 00 00 00 00 00 00 02 42 74
